<?xml version="1.0" encoding="UTF-8"?>
<testsuites>
  <testsuite name="" tests="2921" assertions="12047" failures="4" errors="0" time="773.861218">
    <testsuite name="Tests_Actions" file="C:\svn\wordpress-develop\tests\phpunit\tests\actions.php" tests="17" assertions="73" failures="0" errors="0" time="0.918255">
      <testcase name="test_simple_action" class="Tests_Actions" file="C:\svn\wordpress-develop\tests\phpunit\tests\actions.php" line="10" assertions="3" time="0.133950"/>
      <testcase name="test_remove_action" class="Tests_Actions" file="C:\svn\wordpress-develop\tests\phpunit\tests\actions.php" line="27" assertions="4" time="0.047051"/>
      <testcase name="test_has_action" class="Tests_Actions" file="C:\svn\wordpress-develop\tests\phpunit\tests\actions.php" line="46" assertions="6" time="0.046136"/>
      <testcase name="test_multiple_actions" class="Tests_Actions" file="C:\svn\wordpress-develop\tests\phpunit\tests\actions.php" line="61" assertions="2" time="0.043992"/>
      <testcase name="test_action_args_1" class="Tests_Actions" file="C:\svn\wordpress-develop\tests\phpunit\tests\actions.php" line="77" assertions="2" time="0.046118"/>
      <testcase name="test_action_args_2" class="Tests_Actions" file="C:\svn\wordpress-develop\tests\phpunit\tests\actions.php" line="92" assertions="4" time="0.048405"/>
      <testcase name="test_action_priority" class="Tests_Actions" file="C:\svn\wordpress-develop\tests\phpunit\tests\actions.php" line="117" assertions="2" time="0.050427"/>
      <testcase name="test_did_action" class="Tests_Actions" file="C:\svn\wordpress-develop\tests\phpunit\tests\actions.php" line="146" assertions="4" time="0.045805"/>
      <testcase name="test_all_action" class="Tests_Actions" file="C:\svn\wordpress-develop\tests\phpunit\tests\actions.php" line="166" assertions="4" time="0.059659"/>
      <testcase name="test_remove_all_action" class="Tests_Actions" file="C:\svn\wordpress-develop\tests\phpunit\tests\actions.php" line="190" assertions="6" time="0.049199"/>
      <testcase name="test_action_ref_array" class="Tests_Actions" file="C:\svn\wordpress-develop\tests\phpunit\tests\actions.php" line="210" assertions="2" time="0.043757"/>
      <testcase name="test_action_keyed_array" class="Tests_Actions" file="C:\svn\wordpress-develop\tests\phpunit\tests\actions.php" line="229" assertions="2" time="0.042773"/>
      <testcase name="test_action_self_removal" class="Tests_Actions" file="C:\svn\wordpress-develop\tests\phpunit\tests\actions.php" line="250" assertions="1" time="0.044523"/>
      <testcase name="test_current_action" class="Tests_Actions" file="C:\svn\wordpress-develop\tests\phpunit\tests\actions.php" line="265" assertions="1" time="0.076241"/>
      <testcase name="test_doing_filter" class="Tests_Actions" file="C:\svn\wordpress-develop\tests\phpunit\tests\actions.php" line="276" assertions="5" time="0.050853"/>
      <testcase name="test_doing_action" class="Tests_Actions" file="C:\svn\wordpress-develop\tests\phpunit\tests\actions.php" line="295" assertions="5" time="0.042200"/>
      <testcase name="test_doing_filter_real" class="Tests_Actions" file="C:\svn\wordpress-develop\tests\phpunit\tests\actions.php" line="314" assertions="20" time="0.047167"/>
    </testsuite>
    <testsuite name="Tests_Actions_Callbacks" file="C:\svn\wordpress-develop\tests\phpunit\tests\actions\callbacks.php" tests="1" assertions="3" failures="0" errors="0" time="0.045543">
      <testcase name="test_callback_representations" class="Tests_Actions_Callbacks" file="C:\svn\wordpress-develop\tests\phpunit\tests\actions\callbacks.php" line="11" assertions="3" time="0.045543"/>
    </testsuite>
    <testsuite name="Tests_Admin_includesFile" file="C:\svn\wordpress-develop\tests\phpunit\tests\admin\includesFile.php" tests="1" assertions="4" failures="0" errors="0" time="0.169963">
      <testcase name="test_get_home_path" class="Tests_Admin_includesFile" file="C:\svn\wordpress-develop\tests\phpunit\tests\admin\includesFile.php" line="16" assertions="4" time="0.169963"/>
    </testsuite>
    <testsuite name="Tests_Admin_includesMisc" file="C:\svn\wordpress-develop\tests\phpunit\tests\admin\includesMisc.php" tests="1" assertions="6" failures="0" errors="0" time="0.058178">
      <testcase name="test_shorten_url" class="Tests_Admin_includesMisc" file="C:\svn\wordpress-develop\tests\phpunit\tests\admin\includesMisc.php" line="7" assertions="6" time="0.058178"/>
    </testsuite>
    <testsuite name="Tests_Admin_includesPlugin" file="C:\svn\wordpress-develop\tests\phpunit\tests\admin\includesPlugin.php" tests="6" assertions="31" failures="0" errors="0" time="0.872919">
      <testcase name="test_get_plugin_data" class="Tests_Admin_includesPlugin" file="C:\svn\wordpress-develop\tests\phpunit\tests\admin\includesPlugin.php" line="7" assertions="19" time="0.064537"/>
      <testcase name="test_menu_page_url" class="Tests_Admin_includesPlugin" file="C:\svn\wordpress-develop\tests\phpunit\tests\admin\includesPlugin.php" line="30" assertions="8" time="0.485545"/>
      <testcase name="test_is_plugin_active_true" class="Tests_Admin_includesPlugin" file="C:\svn\wordpress-develop\tests\phpunit\tests\admin\includesPlugin.php" line="80" assertions="1" time="0.106529"/>
      <testcase name="test_is_plugin_active_false" class="Tests_Admin_includesPlugin" file="C:\svn\wordpress-develop\tests\phpunit\tests\admin\includesPlugin.php" line="86" assertions="1" time="0.054013"/>
      <testcase name="test_is_plugin_inactive_true" class="Tests_Admin_includesPlugin" file="C:\svn\wordpress-develop\tests\phpunit\tests\admin\includesPlugin.php" line="92" assertions="1" time="0.043327"/>
      <testcase name="test_is_plugin_inactive_false" class="Tests_Admin_includesPlugin" file="C:\svn\wordpress-develop\tests\phpunit\tests\admin\includesPlugin.php" line="98" assertions="1" time="0.118968"/>
    </testsuite>
    <testsuite name="Tests_Admin_includesPost" file="C:\svn\wordpress-develop\tests\phpunit\tests\admin\includesPost.php" tests="4" assertions="30" failures="0" errors="0" time="3.525881">
      <testcase name="test__wp_translate_postdata_cap_checks_contributor" class="Tests_Admin_includesPost" file="C:\svn\wordpress-develop\tests\phpunit\tests\admin\includesPost.php" line="13" assertions="12" time="0.586385"/>
      <testcase name="test__wp_translate_postdata_cap_checks_editor" class="Tests_Admin_includesPost" file="C:\svn\wordpress-develop\tests\phpunit\tests\admin\includesPost.php" line="66" assertions="12" time="1.459612"/>
      <testcase name="test_edit_post_auto_draft" class="Tests_Admin_includesPost" file="C:\svn\wordpress-develop\tests\phpunit\tests\admin\includesPost.php" line="124" assertions="2" time="0.441141"/>
      <testcase name="test_bulk_edit_posts_stomping" class="Tests_Admin_includesPost" file="C:\svn\wordpress-develop\tests\phpunit\tests\admin\includesPost.php" line="142" assertions="4" time="1.038743"/>
    </testsuite>
    <testsuite name="Tests_Admin_includesScreen" file="C:\svn\wordpress-develop\tests\phpunit\tests\admin\includesScreen.php" tests="9" assertions="300" failures="0" errors="0" time="0.173718">
      <testcase name="test_set_current_screen_with_hook_suffix" class="Tests_Admin_includesScreen" file="C:\svn\wordpress-develop\tests\phpunit\tests\admin\includesScreen.php" line="45" assertions="254" time="0.100396"/>
      <testcase name="test_post_type_as_hookname" class="Tests_Admin_includesScreen" file="C:\svn\wordpress-develop\tests\phpunit\tests\admin\includesScreen.php" line="94" assertions="3" time="0.005918"/>
      <testcase name="test_post_type_with_special_suffix_as_hookname" class="Tests_Admin_includesScreen" file="C:\svn\wordpress-develop\tests\phpunit\tests\admin\includesScreen.php" line="101" assertions="6" time="0.011232"/>
      <testcase name="test_taxonomy_with_special_suffix_as_hookname" class="Tests_Admin_includesScreen" file="C:\svn\wordpress-develop\tests\phpunit\tests\admin\includesScreen.php" line="114" assertions="3" time="0.008629"/>
      <testcase name="test_post_type_with_edit_prefix" class="Tests_Admin_includesScreen" file="C:\svn\wordpress-develop\tests\phpunit\tests\admin\includesScreen.php" line="122" assertions="6" time="0.011293"/>
      <testcase name="test_post_type_edit_collisions" class="Tests_Admin_includesScreen" file="C:\svn\wordpress-develop\tests\phpunit\tests\admin\includesScreen.php" line="135" assertions="4" time="0.012257"/>
      <testcase name="test_help_tabs" class="Tests_Admin_includesScreen" file="C:\svn\wordpress-develop\tests\phpunit\tests\admin\includesScreen.php" line="155" assertions="4" time="0.011435"/>
      <testcase name="test_options" class="Tests_Admin_includesScreen" file="C:\svn\wordpress-develop\tests\phpunit\tests\admin\includesScreen.php" line="181" assertions="4" time="0.006964"/>
      <testcase name="test_in_admin" class="Tests_Admin_includesScreen" file="C:\svn\wordpress-develop\tests\phpunit\tests\admin\includesScreen.php" line="204" assertions="16" time="0.005594"/>
    </testsuite>
    <testsuite name="Tests_Admin_includesTemplate" file="C:\svn\wordpress-develop\tests\phpunit\tests\admin\includesTemplate.php" tests="2" assertions="26" failures="0" errors="0" time="0.112839">
      <testcase name="test_equal" class="Tests_Admin_includesTemplate" file="C:\svn\wordpress-develop\tests\phpunit\tests\admin\includesTemplate.php" line="6" assertions="20" time="0.063692"/>
      <testcase name="test_notequal" class="Tests_Admin_includesTemplate" file="C:\svn\wordpress-develop\tests\phpunit\tests\admin\includesTemplate.php" line="38" assertions="6" time="0.049147"/>
    </testsuite>
    <testsuite name="Tests_Admin_includesTheme" file="C:\svn\wordpress-develop\tests\phpunit\tests\admin\includesTheme.php" tests="1" assertions="10" failures="0" errors="0" time="0.608732">
      <testcase name="test_page_templates" class="Tests_Admin_includesTheme" file="C:\svn\wordpress-develop\tests\phpunit\tests\admin\includesTheme.php" line="45" assertions="10" time="0.608732"/>
    </testsuite>
    <testsuite name="Tests_AdminBar" file="C:\svn\wordpress-develop\tests\phpunit\tests\adminbar.php" tests="2" assertions="4" failures="0" errors="0" time="0.596791">
      <testcase name="test_content_post_type" class="Tests_AdminBar" file="C:\svn\wordpress-develop\tests\phpunit\tests\adminbar.php" line="29" assertions="2" time="0.285899"/>
      <testcase name="test_merging_existing_meta_values" class="Tests_AdminBar" file="C:\svn\wordpress-develop\tests\phpunit\tests\adminbar.php" line="46" assertions="2" time="0.310892"/>
    </testsuite>
    <testsuite name="Tests_Attachment_Slashes" file="C:\svn\wordpress-develop\tests\phpunit\tests\attachment\slashes.php" tests="1" assertions="6" failures="0" errors="0" time="0.316459">
      <testcase name="test_wp_insert_attachment" class="Tests_Attachment_Slashes" file="C:\svn\wordpress-develop\tests\phpunit\tests\attachment\slashes.php" line="35" assertions="6" time="0.316459"/>
    </testsuite>
    <testsuite name="Tests_Auth" file="C:\svn\wordpress-develop\tests\phpunit\tests\auth.php" tests="8" assertions="34" failures="0" errors="0" time="5.824570">
      <testcase name="test_auth_cookie_valid" class="Tests_Auth" file="C:\svn\wordpress-develop\tests\phpunit\tests\auth.php" line="17" assertions="1" time="0.362902"/>
      <testcase name="test_auth_cookie_invalid" class="Tests_Auth" file="C:\svn\wordpress-develop\tests\phpunit\tests\auth.php" line="22" assertions="3" time="0.792383"/>
      <testcase name="test_auth_cookie_scheme" class="Tests_Auth" file="C:\svn\wordpress-develop\tests\phpunit\tests\auth.php" line="38" assertions="2" time="0.356625"/>
      <testcase name="test_password_trimming" class="Tests_Auth" file="C:\svn\wordpress-develop\tests\phpunit\tests\auth.php" line="51" assertions="8" time="1.225728"/>
      <testcase name="test_wp_hash_password_trimming" class="Tests_Auth" file="C:\svn\wordpress-develop\tests\phpunit\tests\auth.php" line="78" assertions="5" time="1.169711"/>
      <testcase name="test_wp_verify_nonce_with_empty_arg" class="Tests_Auth" file="C:\svn\wordpress-develop\tests\phpunit\tests\auth.php" line="99" assertions="2" time="0.260733"/>
      <testcase name="test_wp_verify_nonce_with_integer_arg" class="Tests_Auth" file="C:\svn\wordpress-develop\tests\phpunit\tests\auth.php" line="107" assertions="1" time="0.322465"/>
      <testcase name="test_password_length_limit" class="Tests_Auth" file="C:\svn\wordpress-develop\tests\phpunit\tests\auth.php" line="111" assertions="12" time="1.334023"/>
    </testsuite>
    <testsuite name="Tests_Basic" file="C:\svn\wordpress-develop\tests\phpunit\tests\basic.php" tests="16" assertions="19" failures="0" errors="0" time="0.832824">
      <testcase name="test_true" class="Tests_Basic" file="C:\svn\wordpress-develop\tests\phpunit\tests\basic.php" line="20" assertions="1" time="0.042135"/>
      <testcase name="test_readme" class="Tests_Basic" file="C:\svn\wordpress-develop\tests\phpunit\tests\basic.php" line="24" assertions="1" time="0.043901"/>
      <testcase name="test_license" class="Tests_Basic" file="C:\svn\wordpress-develop\tests\phpunit\tests\basic.php" line="31" assertions="1" time="0.044005"/>
      <testcase name="test_package_json" class="Tests_Basic" file="C:\svn\wordpress-develop\tests\phpunit\tests\basic.php" line="38" assertions="1" time="0.095920"/>
      <testcase name="test_globals" class="Tests_Basic" file="C:\svn\wordpress-develop\tests\phpunit\tests\basic.php" line="50" assertions="2" time="0.049861"/>
      <testcase name="test_globals_bar" class="Tests_Basic" file="C:\svn\wordpress-develop\tests\phpunit\tests\basic.php" line="64" assertions="1" time="0.047792"/>
      <testcase name="test_strip_ws" class="Tests_Basic" file="C:\svn\wordpress-develop\tests\phpunit\tests\basic.php" line="72" assertions="4" time="0.046141"/>
      <testcase name="test_mask_input_value" class="Tests_Basic" file="C:\svn\wordpress-develop\tests\phpunit\tests\basic.php" line="99" assertions="1" time="0.046262"/>
      <testcase name="test_setting_nonexistent_arrays" class="Tests_Basic" file="C:\svn\wordpress-develop\tests\phpunit\tests\basic.php" line="116" assertions="0" time="0.042599"/>
      <testcase name="test_magic_getter" class="Tests_Basic" file="C:\svn\wordpress-develop\tests\phpunit\tests\basic.php" line="125" assertions="1" time="0.042444"/>
      <testcase name="test_subclass_magic_getter" class="Tests_Basic" file="C:\svn\wordpress-develop\tests\phpunit\tests\basic.php" line="131" assertions="1" time="0.051838"/>
      <testcase name="test_call_method" class="Tests_Basic" file="C:\svn\wordpress-develop\tests\phpunit\tests\basic.php" line="137" assertions="1" time="0.052484"/>
      <testcase name="test_subclass_call_method" class="Tests_Basic" file="C:\svn\wordpress-develop\tests\phpunit\tests\basic.php" line="143" assertions="1" time="0.052108"/>
      <testcase name="test_subclass_isset" class="Tests_Basic" file="C:\svn\wordpress-develop\tests\phpunit\tests\basic.php" line="149" assertions="1" time="0.080120"/>
      <testcase name="test_subclass_unset" class="Tests_Basic" file="C:\svn\wordpress-develop\tests\phpunit\tests\basic.php" line="155" assertions="1" time="0.051502"/>
      <testcase name="test_switch_order" class="Tests_Basic" file="C:\svn\wordpress-develop\tests\phpunit\tests\basic.php" line="163" assertions="1" time="0.043712"/>
    </testsuite>
    <testsuite name="Tests_Cache" file="C:\svn\wordpress-develop\tests\phpunit\tests\cache.php" tests="18" assertions="66" failures="0" errors="0" time="0.892403">
      <testcase name="test_miss" class="Tests_Cache" file="C:\svn\wordpress-develop\tests\phpunit\tests\cache.php" line="27" assertions="1" time="0.051912"/>
      <testcase name="test_add_get" class="Tests_Cache" file="C:\svn\wordpress-develop\tests\phpunit\tests\cache.php" line="31" assertions="1" time="0.044552"/>
      <testcase name="test_add_get_0" class="Tests_Cache" file="C:\svn\wordpress-develop\tests\phpunit\tests\cache.php" line="39" assertions="1" time="0.043866"/>
      <testcase name="test_add_get_null" class="Tests_Cache" file="C:\svn\wordpress-develop\tests\phpunit\tests\cache.php" line="48" assertions="2" time="0.044582"/>
      <testcase name="test_add" class="Tests_Cache" file="C:\svn\wordpress-develop\tests\phpunit\tests\cache.php" line="57" assertions="4" time="0.044061"/>
      <testcase name="test_replace" class="Tests_Cache" file="C:\svn\wordpress-develop\tests\phpunit\tests\cache.php" line="70" assertions="6" time="0.044686"/>
      <testcase name="test_set" class="Tests_Cache" file="C:\svn\wordpress-develop\tests\phpunit\tests\cache.php" line="84" assertions="4" time="0.045261"/>
      <testcase name="test_flush" class="Tests_Cache" file="C:\svn\wordpress-develop\tests\phpunit\tests\cache.php" line="97" assertions="2" time="0.043726"/>
      <testcase name="test_object_refs" class="Tests_Cache" file="C:\svn\wordpress-develop\tests\phpunit\tests\cache.php" line="115" assertions="4" time="0.045487"/>
      <testcase name="test_incr" class="Tests_Cache" file="C:\svn\wordpress-develop\tests\phpunit\tests\cache.php" line="137" assertions="3" time="0.053225"/>
      <testcase name="test_wp_cache_incr" class="Tests_Cache" file="C:\svn\wordpress-develop\tests\phpunit\tests\cache.php" line="150" assertions="3" time="0.044083"/>
      <testcase name="test_decr" class="Tests_Cache" file="C:\svn\wordpress-develop\tests\phpunit\tests\cache.php" line="163" assertions="4" time="0.054589"/>
      <testcase name="test_wp_cache_decr" class="Tests_Cache" file="C:\svn\wordpress-develop\tests\phpunit\tests\cache.php" line="183" assertions="4" time="0.046589"/>
      <testcase name="test_delete" class="Tests_Cache" file="C:\svn\wordpress-develop\tests\phpunit\tests\cache.php" line="200" assertions="5" time="0.088778"/>
      <testcase name="test_wp_cache_delete" class="Tests_Cache" file="C:\svn\wordpress-develop\tests\phpunit\tests\cache.php" line="215" assertions="5" time="0.044060"/>
      <testcase name="test_switch_to_blog" class="Tests_Cache" file="C:\svn\wordpress-develop\tests\phpunit\tests\cache.php" line="234" assertions="12" time="0.050677"/>
      <testcase name="test_wp_cache_init" class="Tests_Cache" file="C:\svn\wordpress-develop\tests\phpunit\tests\cache.php" line="279" assertions="1" time="0.057596"/>
      <testcase name="test_wp_cache_replace" class="Tests_Cache" file="C:\svn\wordpress-develop\tests\phpunit\tests\cache.php" line="287" assertions="4" time="0.044673"/>
    </testsuite>
    <testsuite name="Tests_Canonical" file="C:\svn\wordpress-develop\tests\phpunit\tests\canonical.php" tests="52" assertions="61" failures="0" errors="0" time="12.791705">
      <testsuite name="Tests_Canonical::test" tests="52" assertions="61" failures="0" errors="0" time="12.791705">
        <testcase name="test with data set #0" assertions="1" time="1.501185"/>
        <testcase name="test with data set #1" assertions="1" time="0.189774"/>
        <testcase name="test with data set #2" assertions="1" time="0.188017"/>
        <testcase name="test with data set #3" assertions="2" time="0.294804"/>
        <testcase name="test with data set #4" assertions="2" time="0.282163"/>
        <testcase name="test with data set #5" assertions="2" time="0.288866"/>
        <testcase name="test with data set #6" assertions="2" time="0.277291"/>
        <testcase name="test with data set #7" assertions="3" time="0.225426"/>
        <testcase name="test with data set #8" assertions="3" time="0.206568"/>
        <testcase name="test with data set #9" assertions="1" time="0.186191"/>
        <testcase name="test with data set #11" assertions="1" time="0.213439"/>
        <testcase name="test with data set #12" assertions="1" time="0.190392"/>
        <testcase name="test with data set #13" assertions="1" time="0.184354"/>
        <testcase name="test with data set #14" assertions="1" time="0.188421"/>
        <testcase name="test with data set #15" assertions="1" time="0.240562"/>
        <testcase name="test with data set #16" assertions="1" time="0.176646"/>
        <testcase name="test with data set #17" assertions="1" time="0.185828"/>
        <testcase name="test with data set #18" assertions="1" time="0.220002"/>
        <testcase name="test with data set #19" assertions="1" time="0.198059"/>
        <testcase name="test with data set #20" assertions="1" time="0.244356"/>
        <testcase name="test with data set #21" assertions="1" time="0.205141"/>
        <testcase name="test with data set #22" assertions="1" time="0.381714"/>
        <testcase name="test with data set #23" assertions="2" time="0.234699"/>
        <testcase name="test with data set #24" assertions="1" time="0.221262"/>
        <testcase name="test with data set #25" assertions="1" time="0.185445"/>
        <testcase name="test with data set #26" assertions="1" time="0.196550"/>
        <testcase name="test with data set #27" assertions="1" time="0.175573"/>
        <testcase name="test with data set #28" assertions="1" time="0.177034"/>
        <testcase name="test with data set #29" assertions="1" time="0.197116"/>
        <testcase name="test with data set #30" assertions="1" time="0.217572"/>
        <testcase name="test with data set #31" assertions="1" time="0.202460"/>
        <testcase name="test with data set #32" assertions="1" time="0.201617"/>
        <testcase name="test with data set #33" assertions="1" time="0.192760"/>
        <testcase name="test with data set #34" assertions="1" time="0.218628"/>
        <testcase name="test with data set #35" assertions="1" time="0.226189"/>
        <testcase name="test with data set #36" assertions="1" time="0.173956"/>
        <testcase name="test with data set #37" assertions="1" time="0.207291"/>
        <testcase name="test with data set #38" assertions="1" time="0.209702"/>
        <testcase name="test with data set #39" assertions="1" time="0.215320"/>
        <testcase name="test with data set #40" assertions="1" time="0.515334"/>
        <testcase name="test with data set #41" assertions="1" time="0.198400"/>
        <testcase name="test with data set #42" assertions="1" time="0.191804"/>
        <testcase name="test with data set #43" assertions="1" time="0.196676"/>
        <testcase name="test with data set #44" assertions="1" time="0.198990"/>
        <testcase name="test with data set #45" assertions="1" time="0.202387"/>
        <testcase name="test with data set #46" assertions="1" time="0.223267"/>
        <testcase name="test with data set #47" assertions="1" time="0.233000"/>
        <testcase name="test with data set #48" assertions="1" time="0.201784"/>
        <testcase name="test with data set #49" assertions="1" time="0.216047"/>
        <testcase name="test with data set #50" assertions="1" time="0.230962"/>
        <testcase name="test with data set #51" assertions="1" time="0.238013"/>
        <testcase name="test with data set #52" assertions="1" time="0.222669"/>
      </testsuite>
    </testsuite>
    <testsuite name="Tests_Canonical_CustomRules" file="C:\svn\wordpress-develop\tests\phpunit\tests\canonical\customRules.php" tests="2" assertions="4" failures="0" errors="0" time="0.528136">
      <testsuite name="Tests_Canonical_CustomRules::test" tests="2" assertions="4" failures="0" errors="0" time="0.528136">
        <testcase name="test with data set #0" assertions="2" time="0.285536"/>
        <testcase name="test with data set #1" assertions="2" time="0.242600"/>
      </testsuite>
    </testsuite>
    <testsuite name="Tests_Canonical_HTTPS" file="C:\svn\wordpress-develop\tests\phpunit\tests\canonical\https.php" tests="3" assertions="3" failures="0" errors="0" time="0.593250">
      <testcase name="test_http_request_with_http_home" class="Tests_Canonical_HTTPS" file="C:\svn\wordpress-develop\tests\phpunit\tests\canonical\https.php" line="30" assertions="1" time="0.196499"/>
      <testcase name="test_https_request_with_http_home" class="Tests_Canonical_HTTPS" file="C:\svn\wordpress-develop\tests\phpunit\tests\canonical\https.php" line="41" assertions="1" time="0.197694"/>
      <testcase name="test_https_request_with_https_home" class="Tests_Canonical_HTTPS" file="C:\svn\wordpress-develop\tests\phpunit\tests\canonical\https.php" line="52" assertions="1" time="0.199057"/>
    </testsuite>
    <testsuite name="Tests_Canonical_NoRewrite" file="C:\svn\wordpress-develop\tests\phpunit\tests\canonical\noRewrite.php" tests="9" assertions="13" failures="0" errors="0" time="1.798903">
      <testsuite name="Tests_Canonical_NoRewrite::test" tests="9" assertions="13" failures="0" errors="0" time="1.798903">
        <testcase name="test with data set #0" assertions="1" time="0.208266"/>
        <testcase name="test with data set #1" assertions="1" time="0.183059"/>
        <testcase name="test with data set #2" assertions="1" time="0.186316"/>
        <testcase name="test with data set #3" assertions="3" time="0.222216"/>
        <testcase name="test with data set #4" assertions="3" time="0.228561"/>
        <testcase name="test with data set #5" assertions="1" time="0.178250"/>
        <testcase name="test with data set #6" assertions="1" time="0.184614"/>
        <testcase name="test with data set #7" assertions="1" time="0.218484"/>
        <testcase name="test with data set #8" assertions="1" time="0.189137"/>
      </testsuite>
    </testsuite>
    <testsuite name="Tests_Canonical_PageOnFront" file="C:\svn\wordpress-develop\tests\phpunit\tests\canonical\pageOnFront.php" tests="3" assertions="3" failures="0" errors="0" time="1.182442">
      <testsuite name="Tests_Canonical_PageOnFront::test" tests="3" assertions="3" failures="0" errors="0" time="1.182442">
        <testcase name="test with data set #0" assertions="1" time="0.372893"/>
        <testcase name="test with data set #1" assertions="1" time="0.405201"/>
        <testcase name="test with data set #2" assertions="1" time="0.404348"/>
      </testsuite>
    </testsuite>
    <testsuite name="Tests_Category" file="C:\svn\wordpress-develop\tests\phpunit\tests\category.php" tests="6" assertions="41" failures="0" errors="0" time="1.950188">
      <testcase name="test_get_all_category_ids" class="Tests_Category" file="C:\svn\wordpress-develop\tests\phpunit\tests\category.php" line="23" assertions="1" time="0.876806"/>
      <testcase name="test_get_category_by_slug" class="Tests_Category" file="C:\svn\wordpress-develop\tests\phpunit\tests\category.php" line="41" assertions="3" time="0.161644"/>
      <testcase name="test__make_cat_compat" class="Tests_Category" file="C:\svn\wordpress-develop\tests\phpunit\tests\category.php" line="71" assertions="24" time="0.211058"/>
      <testcase name="test_get_cat_name" class="Tests_Category" file="C:\svn\wordpress-develop\tests\phpunit\tests\category.php" line="148" assertions="3" time="0.150705"/>
      <testcase name="test_get_cat_ID" class="Tests_Category" file="C:\svn\wordpress-develop\tests\phpunit\tests\category.php" line="168" assertions="3" time="0.144775"/>
      <testcase name="test_get_category_by_path" class="Tests_Category" file="C:\svn\wordpress-develop\tests\phpunit\tests\category.php" line="188" assertions="7" time="0.405200"/>
    </testsuite>
    <testsuite name="Tests_Comment" file="C:\svn\wordpress-develop\tests\phpunit\tests\comment.php" tests="3" assertions="5" failures="0" errors="0" time="0.748079">
      <testcase name="test_wp_update_comment" class="Tests_Comment" file="C:\svn\wordpress-develop\tests\phpunit\tests\comment.php" line="7" assertions="3" time="0.300280"/>
      <testcase name="test_get_approved_comments" class="Tests_Comment" file="C:\svn\wordpress-develop\tests\phpunit\tests\comment.php" line="18" assertions="1" time="0.286530"/>
      <testcase name="test_get_approved_comments_with_post_id_0_should_return_empty_array" class="Tests_Comment" file="C:\svn\wordpress-develop\tests\phpunit\tests\comment.php" line="37" assertions="1" time="0.161269"/>
    </testsuite>
    <testsuite name="Tests_Comment_DateQuery" file="C:\svn\wordpress-develop\tests\phpunit\tests\comment\dateQuery.php" tests="1" assertions="1" failures="0" errors="0" time="0.368237">
      <testcase name="test_year" class="Tests_Comment_DateQuery" file="C:\svn\wordpress-develop\tests\phpunit\tests\comment\dateQuery.php" line="59" assertions="1" time="0.368237"/>
    </testsuite>
    <testsuite name="Tests_Comment_GetCommentsPagesCount" file="C:\svn\wordpress-develop\tests\phpunit\tests\comment\getCommentsPagesCount.php" tests="6" assertions="33" failures="0" errors="0" time="2.500195">
      <testcase name="test_empty" class="Tests_Comment_GetCommentsPagesCount" file="C:\svn\wordpress-develop\tests\phpunit\tests\comment\getCommentsPagesCount.php" line="39" assertions="7" time="0.247213"/>
      <testcase name="test_threaded_comments" class="Tests_Comment_GetCommentsPagesCount" file="C:\svn\wordpress-develop\tests\phpunit\tests\comment\getCommentsPagesCount.php" line="61" assertions="3" time="0.510128"/>
      <testcase name="test_option_page_comments" class="Tests_Comment_GetCommentsPagesCount" file="C:\svn\wordpress-develop\tests\phpunit\tests\comment\getCommentsPagesCount.php" line="76" assertions="5" time="0.459873"/>
      <testcase name="test_option_thread_comments" class="Tests_Comment_GetCommentsPagesCount" file="C:\svn\wordpress-develop\tests\phpunit\tests\comment\getCommentsPagesCount.php" line="98" assertions="8" time="0.544587"/>
      <testcase name="test_wp_query_comments_per_page" class="Tests_Comment_GetCommentsPagesCount" file="C:\svn\wordpress-develop\tests\phpunit\tests\comment\getCommentsPagesCount.php" line="124" assertions="7" time="0.638029"/>
      <testcase name="test_max_num_comment_pages" class="Tests_Comment_GetCommentsPagesCount" file="C:\svn\wordpress-develop\tests\phpunit\tests\comment\getCommentsPagesCount.php" line="156" assertions="3" time="0.100365"/>
    </testsuite>
    <testsuite name="Tests_Comment_Query" file="C:\svn\wordpress-develop\tests\phpunit\tests\comment\query.php" tests="62" assertions="198" failures="0" errors="0" time="19.085451">
      <testcase name="test_query" class="Tests_Comment_Query" file="C:\svn\wordpress-develop\tests\phpunit\tests\comment\query.php" line="18" assertions="2" time="0.236279"/>
      <testcase name="test_query_post_id_0" class="Tests_Comment_Query" file="C:\svn\wordpress-develop\tests\phpunit\tests\comment\query.php" line="33" assertions="2" time="0.174023"/>
      <testcase name="test_query_type_empty_string" class="Tests_Comment_Query" file="C:\svn\wordpress-develop\tests\phpunit\tests\comment\query.php" line="48" assertions="4" time="0.255093"/>
      <testcase name="test_query_type_comment" class="Tests_Comment_Query" file="C:\svn\wordpress-develop\tests\phpunit\tests\comment\query.php" line="69" assertions="2" time="0.284271"/>
      <testcase name="test_query_type_pingback" class="Tests_Comment_Query" file="C:\svn\wordpress-develop\tests\phpunit\tests\comment\query.php" line="85" assertions="2" time="0.242244"/>
      <testcase name="test_query_type_trackback" class="Tests_Comment_Query" file="C:\svn\wordpress-develop\tests\phpunit\tests\comment\query.php" line="101" assertions="2" time="0.228067"/>
      <testcase name="test_query_type_pings" class="Tests_Comment_Query" file="C:\svn\wordpress-develop\tests\phpunit\tests\comment\query.php" line="120" assertions="2" time="0.286015"/>
      <testcase name="test_type_array_comments_and_custom" class="Tests_Comment_Query" file="C:\svn\wordpress-develop\tests\phpunit\tests\comment\query.php" line="140" assertions="2" time="0.252979"/>
      <testcase name="test_type_not__in_array_custom" class="Tests_Comment_Query" file="C:\svn\wordpress-develop\tests\phpunit\tests\comment\query.php" line="160" assertions="2" time="0.252489"/>
      <testcase name="test_type__in_array_and_not_type_array_custom" class="Tests_Comment_Query" file="C:\svn\wordpress-develop\tests\phpunit\tests\comment\query.php" line="180" assertions="2" time="0.253290"/>
      <testcase name="test_type_array_and_type__not_in_array_custom" class="Tests_Comment_Query" file="C:\svn\wordpress-develop\tests\phpunit\tests\comment\query.php" line="201" assertions="2" time="0.274095"/>
      <testcase name="test_type__not_in_custom" class="Tests_Comment_Query" file="C:\svn\wordpress-develop\tests\phpunit\tests\comment\query.php" line="222" assertions="2" time="0.264436"/>
      <testcase name="test_type_array_comments_and_pings" class="Tests_Comment_Query" file="C:\svn\wordpress-develop\tests\phpunit\tests\comment\query.php" line="242" assertions="2" time="0.310607"/>
      <testcase name="test_type_array_comment_pings" class="Tests_Comment_Query" file="C:\svn\wordpress-develop\tests\phpunit\tests\comment\query.php" line="261" assertions="2" time="0.217290"/>
      <testcase name="test_type_array_pingback" class="Tests_Comment_Query" file="C:\svn\wordpress-develop\tests\phpunit\tests\comment\query.php" line="278" assertions="1" time="0.518589"/>
      <testcase name="test_type_array_custom_pingpack" class="Tests_Comment_Query" file="C:\svn\wordpress-develop\tests\phpunit\tests\comment\query.php" line="295" assertions="1" time="0.231141"/>
      <testcase name="test_type_array_pings" class="Tests_Comment_Query" file="C:\svn\wordpress-develop\tests\phpunit\tests\comment\query.php" line="312" assertions="2" time="0.416638"/>
      <testcase name="test_type_status_approved_array_comment_pings" class="Tests_Comment_Query" file="C:\svn\wordpress-develop\tests\phpunit\tests\comment\query.php" line="329" assertions="2" time="0.231175"/>
      <testcase name="test_type_array_trackback" class="Tests_Comment_Query" file="C:\svn\wordpress-develop\tests\phpunit\tests\comment\query.php" line="348" assertions="1" time="0.275698"/>
      <testcase name="test_type_array_custom_trackback" class="Tests_Comment_Query" file="C:\svn\wordpress-develop\tests\phpunit\tests\comment\query.php" line="365" assertions="1" time="0.208317"/>
      <testcase name="test_type_array_pings_approved" class="Tests_Comment_Query" file="C:\svn\wordpress-develop\tests\phpunit\tests\comment\query.php" line="382" assertions="2" time="0.241397"/>
      <testcase name="test_status_empty_string" class="Tests_Comment_Query" file="C:\svn\wordpress-develop\tests\phpunit\tests\comment\query.php" line="401" assertions="2" time="0.185808"/>
      <testcase name="test_status_hold" class="Tests_Comment_Query" file="C:\svn\wordpress-develop\tests\phpunit\tests\comment\query.php" line="418" assertions="1" time="0.220590"/>
      <testcase name="test_status_approve" class="Tests_Comment_Query" file="C:\svn\wordpress-develop\tests\phpunit\tests\comment\query.php" line="434" assertions="1" time="0.195984"/>
      <testcase name="test_status_custom" class="Tests_Comment_Query" file="C:\svn\wordpress-develop\tests\phpunit\tests\comment\query.php" line="447" assertions="1" time="0.196663"/>
      <testcase name="test_status_all" class="Tests_Comment_Query" file="C:\svn\wordpress-develop\tests\phpunit\tests\comment\query.php" line="461" assertions="2" time="0.198185"/>
      <testcase name="test_status_default_to_all" class="Tests_Comment_Query" file="C:\svn\wordpress-develop\tests\phpunit\tests\comment\query.php" line="475" assertions="2" time="0.185634"/>
      <testcase name="test_status_comma_any" class="Tests_Comment_Query" file="C:\svn\wordpress-develop\tests\phpunit\tests\comment\query.php" line="491" assertions="2" time="0.198344"/>
      <testcase name="test_status_comma_separated" class="Tests_Comment_Query" file="C:\svn\wordpress-develop\tests\phpunit\tests\comment\query.php" line="508" assertions="2" time="0.196642"/>
      <testcase name="test_status_array" class="Tests_Comment_Query" file="C:\svn\wordpress-develop\tests\phpunit\tests\comment\query.php" line="525" assertions="2" time="0.198367"/>
      <testcase name="test_get_comments_for_post" class="Tests_Comment_Query" file="C:\svn\wordpress-develop\tests\phpunit\tests\comment\query.php" line="539" assertions="66" time="0.983866"/>
      <testcase name="test_orderby_meta" class="Tests_Comment_Query" file="C:\svn\wordpress-develop\tests\phpunit\tests\comment\query.php" line="584" assertions="20" time="0.763058"/>
      <testcase name="test_get_comments_by_user" class="Tests_Comment_Query" file="C:\svn\wordpress-develop\tests\phpunit\tests\comment\query.php" line="638" assertions="7" time="1.316224"/>
      <testcase name="test_fields_ids_query" class="Tests_Comment_Query" file="C:\svn\wordpress-develop\tests\phpunit\tests\comment\query.php" line="670" assertions="6" time="0.281610"/>
      <testcase name="test_fields_comment__in" class="Tests_Comment_Query" file="C:\svn\wordpress-develop\tests\phpunit\tests\comment\query.php" line="688" assertions="2" time="1.105305"/>
      <testcase name="test_fields_comment__not_in" class="Tests_Comment_Query" file="C:\svn\wordpress-develop\tests\phpunit\tests\comment\query.php" line="704" assertions="2" time="0.230466"/>
      <testcase name="test_fields_post__in" class="Tests_Comment_Query" file="C:\svn\wordpress-develop\tests\phpunit\tests\comment\query.php" line="720" assertions="2" time="0.431656"/>
      <testcase name="test_fields_post__not_in" class="Tests_Comment_Query" file="C:\svn\wordpress-develop\tests\phpunit\tests\comment\query.php" line="740" assertions="2" time="0.428221"/>
      <testcase name="test_fields_post_author__in" class="Tests_Comment_Query" file="C:\svn\wordpress-develop\tests\phpunit\tests\comment\query.php" line="760" assertions="2" time="0.418668"/>
      <testcase name="test_fields_post_author__not_in" class="Tests_Comment_Query" file="C:\svn\wordpress-develop\tests\phpunit\tests\comment\query.php" line="783" assertions="2" time="0.430297"/>
      <testcase name="test_fields_author__in" class="Tests_Comment_Query" file="C:\svn\wordpress-develop\tests\phpunit\tests\comment\query.php" line="806" assertions="2" time="0.515717"/>
      <testcase name="test_fields_author__not_in" class="Tests_Comment_Query" file="C:\svn\wordpress-develop\tests\phpunit\tests\comment\query.php" line="828" assertions="2" time="0.517978"/>
      <testcase name="test_get_comments_with_status_all" class="Tests_Comment_Query" file="C:\svn\wordpress-develop\tests\phpunit\tests\comment\query.php" line="850" assertions="2" time="0.230788"/>
      <testcase name="test_get_comments_with_include_unapproved_user_id" class="Tests_Comment_Query" file="C:\svn\wordpress-develop\tests\phpunit\tests\comment\query.php" line="863" assertions="2" time="0.246275"/>
      <testcase name="test_get_comments_with_include_unapproved_user_id_array" class="Tests_Comment_Query" file="C:\svn\wordpress-develop\tests\phpunit\tests\comment\query.php" line="881" assertions="2" time="0.261788"/>
      <testcase name="test_get_comments_with_include_unapproved_user_id_comma_separated" class="Tests_Comment_Query" file="C:\svn\wordpress-develop\tests\phpunit\tests\comment\query.php" line="900" assertions="2" time="0.241465"/>
      <testcase name="test_get_comments_with_include_unapproved_author_email" class="Tests_Comment_Query" file="C:\svn\wordpress-develop\tests\phpunit\tests\comment\query.php" line="919" assertions="2" time="0.317645"/>
      <testcase name="test_get_comments_with_include_unapproved_mixed_array" class="Tests_Comment_Query" file="C:\svn\wordpress-develop\tests\phpunit\tests\comment\query.php" line="937" assertions="2" time="0.265462"/>
      <testcase name="test_get_comments_with_include_unapproved_mixed_comma_separated" class="Tests_Comment_Query" file="C:\svn\wordpress-develop\tests\phpunit\tests\comment\query.php" line="956" assertions="2" time="0.309393"/>
      <testcase name="test_search" class="Tests_Comment_Query" file="C:\svn\wordpress-develop\tests\phpunit\tests\comment\query.php" line="972" assertions="2" time="0.238798"/>
      <testcase name="test_orderby_default" class="Tests_Comment_Query" file="C:\svn\wordpress-develop\tests\phpunit\tests\comment\query.php" line="989" assertions="1" time="0.161075"/>
      <testcase name="test_orderby_single" class="Tests_Comment_Query" file="C:\svn\wordpress-develop\tests\phpunit\tests\comment\query.php" line="996" assertions="1" time="0.164433"/>
      <testcase name="test_orderby_single_invalid" class="Tests_Comment_Query" file="C:\svn\wordpress-develop\tests\phpunit\tests\comment\query.php" line="1005" assertions="1" time="0.165988"/>
      <testcase name="test_orderby_comma_separated" class="Tests_Comment_Query" file="C:\svn\wordpress-develop\tests\phpunit\tests\comment\query.php" line="1014" assertions="1" time="0.186832"/>
      <testcase name="test_orderby_array" class="Tests_Comment_Query" file="C:\svn\wordpress-develop\tests\phpunit\tests\comment\query.php" line="1023" assertions="1" time="0.160319"/>
      <testcase name="test_orderby_array_contains_invalid_item" class="Tests_Comment_Query" file="C:\svn\wordpress-develop\tests\phpunit\tests\comment\query.php" line="1032" assertions="1" time="0.200729"/>
      <testcase name="test_orderby_array_contains_all_invalid_items" class="Tests_Comment_Query" file="C:\svn\wordpress-develop\tests\phpunit\tests\comment\query.php" line="1041" assertions="1" time="0.171829"/>
      <testcase name="test_orderby_none" class="Tests_Comment_Query" file="C:\svn\wordpress-develop\tests\phpunit\tests\comment\query.php" line="1053" assertions="1" time="0.156771"/>
      <testcase name="test_orderby_empty_array" class="Tests_Comment_Query" file="C:\svn\wordpress-develop\tests\phpunit\tests\comment\query.php" line="1065" assertions="1" time="0.159740"/>
      <testcase name="test_orderby_false" class="Tests_Comment_Query" file="C:\svn\wordpress-develop\tests\phpunit\tests\comment\query.php" line="1077" assertions="1" time="0.156571"/>
      <testcase name="test_count" class="Tests_Comment_Query" file="C:\svn\wordpress-develop\tests\phpunit\tests\comment\query.php" line="1086" assertions="1" time="0.216028"/>
      <testcase name="test_count_with_meta_query" class="Tests_Comment_Query" file="C:\svn\wordpress-develop\tests\phpunit\tests\comment\query.php" line="1101" assertions="1" time="0.220107"/>
    </testsuite>
    <testsuite name="Tests_Comment_Slashes" file="C:\svn\wordpress-develop\tests\phpunit\tests\comment\slashes.php" tests="4" assertions="16" failures="0" errors="0" time="1.873215">
      <testcase name="test_wp_new_comment" class="Tests_Comment_Slashes" file="C:\svn\wordpress-develop\tests\phpunit\tests\comment\slashes.php" line="38" assertions="4" time="0.455385"/>
      <testcase name="test_edit_comment" class="Tests_Comment_Slashes" file="C:\svn\wordpress-develop\tests\phpunit\tests\comment\slashes.php" line="78" assertions="4" time="0.472094"/>
      <testcase name="test_wp_insert_comment" class="Tests_Comment_Slashes" file="C:\svn\wordpress-develop\tests\phpunit\tests\comment\slashes.php" line="121" assertions="4" time="0.396518"/>
      <testcase name="test_wp_update_comment" class="Tests_Comment_Slashes" file="C:\svn\wordpress-develop\tests\phpunit\tests\comment\slashes.php" line="149" assertions="4" time="0.549218"/>
    </testsuite>
    <testsuite name="Tests_Comment_Template" file="C:\svn\wordpress-develop\tests\phpunit\tests\comment\template.php" tests="2" assertions="7" failures="0" errors="0" time="0.797101">
      <testcase name="test_get_comments_number" class="Tests_Comment_Template" file="C:\svn\wordpress-develop\tests\phpunit\tests\comment\template.php" line="7" assertions="5" time="0.351414"/>
      <testcase name="test_get_comments_number_without_arg" class="Tests_Comment_Template" file="C:\svn\wordpress-develop\tests\phpunit\tests\comment\template.php" line="20" assertions="2" time="0.445687"/>
    </testsuite>
    <testsuite name="Tests_Comment_Walker" file="C:\svn\wordpress-develop\tests\phpunit\tests\comment\walker.php" tests="1" assertions="8" failures="0" errors="0" time="0.667662">
      <testcase name="test_has_children" class="Tests_Comment_Walker" file="C:\svn\wordpress-develop\tests\phpunit\tests\comment\walker.php" line="17" assertions="8" time="0.667662"/>
    </testsuite>
    <testsuite name="Tests_Compat" file="C:\svn\wordpress-develop\tests\phpunit\tests\compat.php" tests="5" assertions="12" failures="0" errors="0" time="0.259618">
      <testcase name="test_mb_substr" class="Tests_Compat" file="C:\svn\wordpress-develop\tests\phpunit\tests\compat.php" line="7" assertions="4" time="0.053760"/>
      <testcase name="test_hash_hmac_simple" class="Tests_Compat" file="C:\svn\wordpress-develop\tests\phpunit\tests\compat.php" line="14" assertions="2" time="0.055663"/>
      <testcase name="test_hash_hmac_padding" class="Tests_Compat" file="C:\svn\wordpress-develop\tests\phpunit\tests\compat.php" line="19" assertions="2" time="0.046441"/>
      <testcase name="test_hash_hmac_output" class="Tests_Compat" file="C:\svn\wordpress-develop\tests\phpunit\tests\compat.php" line="24" assertions="2" time="0.048285"/>
      <testcase name="test_json_encode_decode" class="Tests_Compat" file="C:\svn\wordpress-develop\tests\phpunit\tests\compat.php" line="29" assertions="2" time="0.055469"/>
    </testsuite>
    <testsuite name="Tests_Cron" file="C:\svn\wordpress-develop\tests\phpunit\tests\cron.php" tests="12" assertions="36" failures="0" errors="0" time="1.390853">
      <testcase name="test_wp_get_schedule_empty" class="Tests_Cron" file="C:\svn\wordpress-develop\tests\phpunit\tests\cron.php" line="21" assertions="1" time="0.082895"/>
      <testcase name="test_schedule_event_single" class="Tests_Cron" file="C:\svn\wordpress-develop\tests\phpunit\tests\cron.php" line="27" assertions="2" time="0.095468"/>
      <testcase name="test_schedule_event_single_args" class="Tests_Cron" file="C:\svn\wordpress-develop\tests\phpunit\tests\cron.php" line="40" assertions="4" time="0.097964"/>
      <testcase name="test_schedule_event" class="Tests_Cron" file="C:\svn\wordpress-develop\tests\phpunit\tests\cron.php" line="57" assertions="2" time="0.098037"/>
      <testcase name="test_schedule_event_args" class="Tests_Cron" file="C:\svn\wordpress-develop\tests\phpunit\tests\cron.php" line="70" assertions="4" time="0.097581"/>
      <testcase name="test_unschedule_event" class="Tests_Cron" file="C:\svn\wordpress-develop\tests\phpunit\tests\cron.php" line="88" assertions="2" time="0.095659"/>
      <testcase name="test_clear_schedule" class="Tests_Cron" file="C:\svn\wordpress-develop\tests\phpunit\tests\cron.php" line="101" assertions="5" time="0.181530"/>
      <testcase name="test_clear_schedule_multiple_args" class="Tests_Cron" file="C:\svn\wordpress-develop\tests\phpunit\tests\cron.php" line="127" assertions="5" time="0.136150"/>
      <testcase name="test_clear_schedule_new_args" class="Tests_Cron" file="C:\svn\wordpress-develop\tests\phpunit\tests\cron.php" line="156" assertions="6" time="0.152077"/>
      <testcase name="test_duplicate_event" class="Tests_Cron" file="C:\svn\wordpress-develop\tests\phpunit\tests\cron.php" line="195" assertions="1" time="0.116727"/>
      <testcase name="test_not_duplicate_event" class="Tests_Cron" file="C:\svn\wordpress-develop\tests\phpunit\tests\cron.php" line="214" assertions="2" time="0.117974"/>
      <testcase name="test_not_duplicate_event_reversed" class="Tests_Cron" file="C:\svn\wordpress-develop\tests\phpunit\tests\cron.php" line="233" assertions="2" time="0.118791"/>
    </testsuite>
    <testsuite name="Tests_WP_Date_Query" file="C:\svn\wordpress-develop\tests\phpunit\tests\date\query.php" tests="71" assertions="751" failures="0" errors="0" time="3.706018">
      <testcase name="test_construct_date_query_empty" class="Tests_WP_Date_Query" file="C:\svn\wordpress-develop\tests\phpunit\tests\date\query.php" line="20" assertions="4" time="0.044990"/>
      <testcase name="test_construct_date_query_non_array" class="Tests_WP_Date_Query" file="C:\svn\wordpress-develop\tests\phpunit\tests\date\query.php" line="28" assertions="4" time="0.044978"/>
      <testcase name="test_construct_relation_or_lowercase" class="Tests_WP_Date_Query" file="C:\svn\wordpress-develop\tests\phpunit\tests\date\query.php" line="36" assertions="1" time="0.055505"/>
      <testcase name="test_construct_relation_invalid" class="Tests_WP_Date_Query" file="C:\svn\wordpress-develop\tests\phpunit\tests\date\query.php" line="44" assertions="1" time="0.044971"/>
      <testcase name="test_construct_query_not_an_array_of_arrays" class="Tests_WP_Date_Query" file="C:\svn\wordpress-develop\tests\phpunit\tests\date\query.php" line="52" assertions="1" time="0.056103"/>
      <testcase name="test_construct_query_contains_non_arrays" class="Tests_WP_Date_Query" file="C:\svn\wordpress-develop\tests\phpunit\tests\date\query.php" line="78" assertions="1" time="0.054328"/>
      <testcase name="test_get_compare_empty" class="Tests_WP_Date_Query" file="C:\svn\wordpress-develop\tests\phpunit\tests\date\query.php" line="108" assertions="1" time="0.046776"/>
      <testcase name="test_get_compare_equals" class="Tests_WP_Date_Query" file="C:\svn\wordpress-develop\tests\phpunit\tests\date\query.php" line="113" assertions="1" time="0.046906"/>
      <testcase name="test_get_compare_not_equals" class="Tests_WP_Date_Query" file="C:\svn\wordpress-develop\tests\phpunit\tests\date\query.php" line="122" assertions="1" time="0.047264"/>
      <testcase name="test_get_compare_greater_than" class="Tests_WP_Date_Query" file="C:\svn\wordpress-develop\tests\phpunit\tests\date\query.php" line="131" assertions="1" time="0.046956"/>
      <testcase name="test_get_compare_greater_than_or_equal_to" class="Tests_WP_Date_Query" file="C:\svn\wordpress-develop\tests\phpunit\tests\date\query.php" line="140" assertions="1" time="0.056495"/>
      <testcase name="test_get_compare_less_than" class="Tests_WP_Date_Query" file="C:\svn\wordpress-develop\tests\phpunit\tests\date\query.php" line="149" assertions="1" time="0.046783"/>
      <testcase name="test_get_compare_less_than_or_equal_to" class="Tests_WP_Date_Query" file="C:\svn\wordpress-develop\tests\phpunit\tests\date\query.php" line="158" assertions="1" time="0.056435"/>
      <testcase name="test_get_compare_in" class="Tests_WP_Date_Query" file="C:\svn\wordpress-develop\tests\phpunit\tests\date\query.php" line="167" assertions="1" time="0.048163"/>
      <testcase name="test_get_compare_not_in" class="Tests_WP_Date_Query" file="C:\svn\wordpress-develop\tests\phpunit\tests\date\query.php" line="176" assertions="1" time="0.048637"/>
      <testcase name="test_get_compare_between" class="Tests_WP_Date_Query" file="C:\svn\wordpress-develop\tests\phpunit\tests\date\query.php" line="185" assertions="1" time="0.050208"/>
      <testcase name="test_get_compare_not_between" class="Tests_WP_Date_Query" file="C:\svn\wordpress-develop\tests\phpunit\tests\date\query.php" line="194" assertions="1" time="0.059634"/>
      <testcase name="test_validate_column_post_date" class="Tests_WP_Date_Query" file="C:\svn\wordpress-develop\tests\phpunit\tests\date\query.php" line="203" assertions="1" time="0.048569"/>
      <testcase name="test_validate_column_post_date_gmt" class="Tests_WP_Date_Query" file="C:\svn\wordpress-develop\tests\phpunit\tests\date\query.php" line="210" assertions="1" time="0.051060"/>
      <testcase name="test_validate_column_post_modified" class="Tests_WP_Date_Query" file="C:\svn\wordpress-develop\tests\phpunit\tests\date\query.php" line="217" assertions="1" time="0.047845"/>
      <testcase name="test_validate_column_post_modified_gmt" class="Tests_WP_Date_Query" file="C:\svn\wordpress-develop\tests\phpunit\tests\date\query.php" line="224" assertions="1" time="0.046899"/>
      <testcase name="test_validate_column_comment_date" class="Tests_WP_Date_Query" file="C:\svn\wordpress-develop\tests\phpunit\tests\date\query.php" line="231" assertions="1" time="0.046889"/>
      <testcase name="test_validate_column_comment_date_gmt" class="Tests_WP_Date_Query" file="C:\svn\wordpress-develop\tests\phpunit\tests\date\query.php" line="238" assertions="1" time="0.049154"/>
      <testcase name="test_validate_column_invalid" class="Tests_WP_Date_Query" file="C:\svn\wordpress-develop\tests\phpunit\tests\date\query.php" line="245" assertions="1" time="0.047883"/>
      <testcase name="test_validate_column_with_date_query_valid_columns_filter" class="Tests_WP_Date_Query" file="C:\svn\wordpress-develop\tests\phpunit\tests\date\query.php" line="255" assertions="1" time="0.046676"/>
      <testcase name="test_validate_column_prefixed_column_name" class="Tests_WP_Date_Query" file="C:\svn\wordpress-develop\tests\phpunit\tests\date\query.php" line="268" assertions="1" time="0.050253"/>
      <testcase name="test_validate_column_prefixed_column_name_with_illegal_characters" class="Tests_WP_Date_Query" file="C:\svn\wordpress-develop\tests\phpunit\tests\date\query.php" line="277" assertions="1" time="0.054457"/>
      <testcase name="test_build_value_value_null" class="Tests_WP_Date_Query" file="C:\svn\wordpress-develop\tests\phpunit\tests\date\query.php" line="283" assertions="1" time="0.063967"/>
      <testcase name="test_build_value_compare_in" class="Tests_WP_Date_Query" file="C:\svn\wordpress-develop\tests\phpunit\tests\date\query.php" line="293" assertions="4" time="0.049720"/>
      <testcase name="test_build_value_compare_not_in" class="Tests_WP_Date_Query" file="C:\svn\wordpress-develop\tests\phpunit\tests\date\query.php" line="316" assertions="4" time="0.047862"/>
      <testcase name="test_build_value_compare_between_single_integer" class="Tests_WP_Date_Query" file="C:\svn\wordpress-develop\tests\phpunit\tests\date\query.php" line="336" assertions="1" time="0.047777"/>
      <testcase name="test_build_value_compare_between_single_non_numeric" class="Tests_WP_Date_Query" file="C:\svn\wordpress-develop\tests\phpunit\tests\date\query.php" line="346" assertions="1" time="0.045142"/>
      <testcase name="test_build_value_compare_between_array_with_other_than_two_items" class="Tests_WP_Date_Query" file="C:\svn\wordpress-develop\tests\phpunit\tests\date\query.php" line="356" assertions="1" time="0.045156"/>
      <testcase name="test_build_value_compare_between_incorrect_array_key" class="Tests_WP_Date_Query" file="C:\svn\wordpress-develop\tests\phpunit\tests\date\query.php" line="366" assertions="1" time="0.047019"/>
      <testcase name="test_build_value_compare_between_array_contains_non_numeric" class="Tests_WP_Date_Query" file="C:\svn\wordpress-develop\tests\phpunit\tests\date\query.php" line="380" assertions="1" time="0.054346"/>
      <testcase name="test_build_value_compare_between" class="Tests_WP_Date_Query" file="C:\svn\wordpress-develop\tests\phpunit\tests\date\query.php" line="387" assertions="1" time="0.046464"/>
      <testcase name="test_build_value_compare_not_between_single_integer" class="Tests_WP_Date_Query" file="C:\svn\wordpress-develop\tests\phpunit\tests\date\query.php" line="394" assertions="1" time="0.045870"/>
      <testcase name="test_build_value_compare_not_between_single_non_numeric" class="Tests_WP_Date_Query" file="C:\svn\wordpress-develop\tests\phpunit\tests\date\query.php" line="404" assertions="1" time="0.044943"/>
      <testcase name="test_build_value_compare_not_between_array_with_other_than_two_items" class="Tests_WP_Date_Query" file="C:\svn\wordpress-develop\tests\phpunit\tests\date\query.php" line="414" assertions="1" time="0.043946"/>
      <testcase name="test_build_value_compare_not_between_incorrect_array_key" class="Tests_WP_Date_Query" file="C:\svn\wordpress-develop\tests\phpunit\tests\date\query.php" line="424" assertions="1" time="0.044287"/>
      <testcase name="test_build_value_compare_not_between_array_contains_non_numeric" class="Tests_WP_Date_Query" file="C:\svn\wordpress-develop\tests\phpunit\tests\date\query.php" line="438" assertions="1" time="0.045706"/>
      <testcase name="test_build_value_compare_not_between" class="Tests_WP_Date_Query" file="C:\svn\wordpress-develop\tests\phpunit\tests\date\query.php" line="445" assertions="1" time="0.045028"/>
      <testcase name="test_build_value_compare_default_value_integer" class="Tests_WP_Date_Query" file="C:\svn\wordpress-develop\tests\phpunit\tests\date\query.php" line="452" assertions="1" time="0.054641"/>
      <testcase name="test_build_value_compare_default_value_non_numeric" class="Tests_WP_Date_Query" file="C:\svn\wordpress-develop\tests\phpunit\tests\date\query.php" line="462" assertions="1" time="0.045579"/>
      <testcase name="test_build_mysql_datetime_datetime_non_array" class="Tests_WP_Date_Query" file="C:\svn\wordpress-develop\tests\phpunit\tests\date\query.php" line="469" assertions="1" time="0.047782"/>
      <testcase name="test_build_mysql_datetime_default_to_max_true" class="Tests_WP_Date_Query" file="C:\svn\wordpress-develop\tests\phpunit\tests\date\query.php" line="478" assertions="1" time="0.048324"/>
      <testcase name="test_build_mysql_datetime_default_to_max_false" class="Tests_WP_Date_Query" file="C:\svn\wordpress-develop\tests\phpunit\tests\date\query.php" line="487" assertions="1" time="0.051141"/>
      <testcase name="test_build_mysql_datetime_default_to_max_default_to_false" class="Tests_WP_Date_Query" file="C:\svn\wordpress-develop\tests\phpunit\tests\date\query.php" line="496" assertions="1" time="0.047158"/>
      <testcase name="test_build_time_query_insufficient_time_values" class="Tests_WP_Date_Query" file="C:\svn\wordpress-develop\tests\phpunit\tests\date\query.php" line="505" assertions="1" time="0.056054"/>
      <testcase name="test_build_time_query_compare_in" class="Tests_WP_Date_Query" file="C:\svn\wordpress-develop\tests\phpunit\tests\date\query.php" line="511" assertions="3" time="0.045812"/>
      <testcase name="test_build_time_query_compare_not_in" class="Tests_WP_Date_Query" file="C:\svn\wordpress-develop\tests\phpunit\tests\date\query.php" line="527" assertions="3" time="0.046000"/>
      <testcase name="test_build_time_query_compare_between" class="Tests_WP_Date_Query" file="C:\svn\wordpress-develop\tests\phpunit\tests\date\query.php" line="543" assertions="3" time="0.045427"/>
      <testcase name="test_build_time_query_compare_not_between" class="Tests_WP_Date_Query" file="C:\svn\wordpress-develop\tests\phpunit\tests\date\query.php" line="559" assertions="3" time="0.046458"/>
      <testcase name="test_build_time_query_hour_only" class="Tests_WP_Date_Query" file="C:\svn\wordpress-develop\tests\phpunit\tests\date\query.php" line="575" assertions="1" time="0.044894"/>
      <testcase name="test_build_time_query_minute_only" class="Tests_WP_Date_Query" file="C:\svn\wordpress-develop\tests\phpunit\tests\date\query.php" line="582" assertions="1" time="0.044897"/>
      <testcase name="test_build_time_query_second_only" class="Tests_WP_Date_Query" file="C:\svn\wordpress-develop\tests\phpunit\tests\date\query.php" line="589" assertions="1" time="0.044617"/>
      <testcase name="test_build_time_query_hour_and_second" class="Tests_WP_Date_Query" file="C:\svn\wordpress-develop\tests\phpunit\tests\date\query.php" line="596" assertions="1" time="0.044800"/>
      <testcase name="test_build_time_query_hour_minute" class="Tests_WP_Date_Query" file="C:\svn\wordpress-develop\tests\phpunit\tests\date\query.php" line="603" assertions="1" time="0.056271"/>
      <testcase name="test_build_time_query_hour_minute_second" class="Tests_WP_Date_Query" file="C:\svn\wordpress-develop\tests\phpunit\tests\date\query.php" line="613" assertions="1" time="0.045608"/>
      <testcase name="test_build_time_query_minute_second" class="Tests_WP_Date_Query" file="C:\svn\wordpress-develop\tests\phpunit\tests\date\query.php" line="623" assertions="1" time="0.046549"/>
      <testcase name="test_validate_date_query_before_after" class="Tests_WP_Date_Query" file="C:\svn\wordpress-develop\tests\phpunit\tests\date\query.php" line="637" assertions="14" time="0.062305"/>
      <testcase name="test_validate_date_query_before_after_with_month" class="Tests_WP_Date_Query" file="C:\svn\wordpress-develop\tests\phpunit\tests\date\query.php" line="684" assertions="4" time="0.051291"/>
      <testcase name="test_validate_date_values_week" class="Tests_WP_Date_Query" file="C:\svn\wordpress-develop\tests\phpunit\tests\date\query.php" line="730" assertions="60" time="0.077092"/>
      <testcase name="test_validate_date_values_month" class="Tests_WP_Date_Query" file="C:\svn\wordpress-develop\tests\phpunit\tests\date\query.php" line="783" assertions="16" time="0.061951"/>
      <testcase name="test_validate_date_values_day" class="Tests_WP_Date_Query" file="C:\svn\wordpress-develop\tests\phpunit\tests\date\query.php" line="801" assertions="37" time="0.060853"/>
      <testcase name="test_validate_date_values_hour" class="Tests_WP_Date_Query" file="C:\svn\wordpress-develop\tests\phpunit\tests\date\query.php" line="858" assertions="27" time="0.056950"/>
      <testcase name="test_validate_date_values_minute" class="Tests_WP_Date_Query" file="C:\svn\wordpress-develop\tests\phpunit\tests\date\query.php" line="876" assertions="62" time="0.074215"/>
      <testcase name="test_validate_date_values_second" class="Tests_WP_Date_Query" file="C:\svn\wordpress-develop\tests\phpunit\tests\date\query.php" line="894" assertions="62" time="0.064782"/>
      <testcase name="test_validate_date_values_day_of_week" class="Tests_WP_Date_Query" file="C:\svn\wordpress-develop\tests\phpunit\tests\date\query.php" line="913" assertions="10" time="0.052321"/>
      <testcase name="test_validate_date_values_day_of_week_iso" class="Tests_WP_Date_Query" file="C:\svn\wordpress-develop\tests\phpunit\tests\date\query.php" line="931" assertions="10" time="0.050859"/>
      <testcase name="test_validate_date_values_day_of_year" class="Tests_WP_Date_Query" file="C:\svn\wordpress-develop\tests\phpunit\tests\date\query.php" line="949" assertions="369" time="0.169337"/>
    </testsuite>
    <testsuite name="Tests_DB" file="C:\svn\wordpress-develop\tests\phpunit\tests\db.php" tests="120" assertions="161" failures="0" errors="0" time="6.463944">
      <testcase name="test_db_reconnect" class="Tests_DB" file="C:\svn\wordpress-develop\tests\phpunit\tests\db.php" line="57" assertions="2" time="0.062604"/>
      <testcase name="test_locale_floats" class="Tests_DB" file="C:\svn\wordpress-develop\tests\phpunit\tests\db.php" line="80" assertions="2" time="0.096542"/>
      <testcase name="test_esc_like" class="Tests_DB" file="C:\svn\wordpress-develop\tests\phpunit\tests\db.php" line="124" assertions="5" time="0.050630"/>
      <testsuite name="Tests_DB::test_like_query" tests="10" assertions="10" failures="0" errors="0" time="0.536348">
        <testcase name="test_like_query with data set #0" assertions="1" time="0.056702"/>
        <testcase name="test_like_query with data set #1" assertions="1" time="0.054165"/>
        <testcase name="test_like_query with data set #2" assertions="1" time="0.059089"/>
        <testcase name="test_like_query with data set #3" assertions="1" time="0.057040"/>
        <testcase name="test_like_query with data set #4" assertions="1" time="0.057135"/>
        <testcase name="test_like_query with data set #5" assertions="1" time="0.059236"/>
        <testcase name="test_like_query with data set #6" assertions="1" time="0.048760"/>
        <testcase name="test_like_query with data set #7" assertions="1" time="0.048285"/>
        <testcase name="test_like_query with data set #8" assertions="1" time="0.048274"/>
        <testcase name="test_like_query with data set #9" assertions="1" time="0.047662"/>
      </testsuite>
      <testcase name="test_wpdb_supposedly_protected_properties" class="Tests_DB" file="C:\svn\wordpress-develop\tests\phpunit\tests\db.php" line="223" assertions="5" time="0.047770"/>
      <testcase name="test_wpdb_actually_protected_properties" class="Tests_DB" file="C:\svn\wordpress-develop\tests\phpunit\tests\db.php" line="239" assertions="2" time="0.047497"/>
      <testcase name="test_wpdb_nonexistent_properties" class="Tests_DB" file="C:\svn\wordpress-develop\tests\phpunit\tests\db.php" line="254" assertions="4" time="0.047131"/>
      <testcase name="test_double_escaped_placeholders" class="Tests_DB" file="C:\svn\wordpress-develop\tests\phpunit\tests\db.php" line="269" assertions="1" time="0.046961"/>
      <testcase name="test_set_sql_mode" class="Tests_DB" file="C:\svn\wordpress-develop\tests\phpunit\tests\db.php" line="279" assertions="2" time="0.050550"/>
      <testcase name="test_set_incompatible_sql_mode" class="Tests_DB" file="C:\svn\wordpress-develop\tests\phpunit\tests\db.php" line="298" assertions="1" time="0.049371"/>
      <testcase name="test_set_allowed_incompatible_sql_mode" class="Tests_DB" file="C:\svn\wordpress-develop\tests\phpunit\tests\db.php" line="315" assertions="3" time="0.060897"/>
      <testcase name="test_prepare_without_arguments" class="Tests_DB" file="C:\svn\wordpress-develop\tests\phpunit\tests\db.php" line="348" assertions="1" time="0.046041"/>
      <testcase name="test_db_version" class="Tests_DB" file="C:\svn\wordpress-develop\tests\phpunit\tests\db.php" line="356" assertions="1" time="0.045481"/>
      <testcase name="test_get_caller" class="Tests_DB" file="C:\svn\wordpress-develop\tests\phpunit\tests\db.php" line="362" assertions="1" time="0.046684"/>
      <testcase name="test_has_cap" class="Tests_DB" file="C:\svn\wordpress-develop\tests\phpunit\tests\db.php" line="370" assertions="8" time="0.048926"/>
      <testcase name="test_supports_collation" class="Tests_DB" file="C:\svn\wordpress-develop\tests\phpunit\tests\db.php" line="391" assertions="1" time="0.044548"/>
      <testcase name="test_check_database_version" class="Tests_DB" file="C:\svn\wordpress-develop\tests\phpunit\tests\db.php" line="396" assertions="1" time="0.044439"/>
      <testcase name="test_bail" class="Tests_DB" file="C:\svn\wordpress-develop\tests\phpunit\tests\db.php" line="404" assertions="1" time="0.047146"/>
      <testcase name="test_timers" class="Tests_DB" file="C:\svn\wordpress-develop\tests\phpunit\tests\db.php" line="409" assertions="2" time="0.047301"/>
      <testcase name="test_get_col_info" class="Tests_DB" file="C:\svn\wordpress-develop\tests\phpunit\tests\db.php" line="420" assertions="3" time="0.050738"/>
      <testcase name="test_query_and_delete" class="Tests_DB" file="C:\svn\wordpress-develop\tests\phpunit\tests\db.php" line="430" assertions="3" time="0.095523"/>
      <testcase name="test_get_row" class="Tests_DB" file="C:\svn\wordpress-develop\tests\phpunit\tests\db.php" line="439" assertions="4" time="0.110439"/>
      <testcase name="test_replace" class="Tests_DB" file="C:\svn\wordpress-develop\tests\phpunit\tests\db.php" line="450" assertions="6" time="0.091968"/>
      <testcase name="test_empty_where_on_update" class="Tests_DB" file="C:\svn\wordpress-develop\tests\phpunit\tests\db.php" line="472" assertions="4" time="0.050836"/>
      <testcase name="test_mysqli_flush_sync" class="Tests_DB" file="C:\svn\wordpress-develop\tests\phpunit\tests\db.php" line="494" assertions="2" time="0.290842"/>
      <testsuite name="Tests_DB::test_get_table_from_query" tests="76" assertions="76" failures="0" errors="0" time="3.782339">
        <testcase name="test_get_table_from_query with data set #0" assertions="1" time="0.046711"/>
        <testcase name="test_get_table_from_query with data set #1" assertions="1" time="0.053983"/>
        <testcase name="test_get_table_from_query with data set #2" assertions="1" time="0.045599"/>
        <testcase name="test_get_table_from_query with data set #3" assertions="1" time="0.046266"/>
        <testcase name="test_get_table_from_query with data set #4" assertions="1" time="0.044993"/>
        <testcase name="test_get_table_from_query with data set #5" assertions="1" time="0.046006"/>
        <testcase name="test_get_table_from_query with data set #6" assertions="1" time="0.047729"/>
        <testcase name="test_get_table_from_query with data set #7" assertions="1" time="0.046522"/>
        <testcase name="test_get_table_from_query with data set #8" assertions="1" time="0.046296"/>
        <testcase name="test_get_table_from_query with data set #9" assertions="1" time="0.055072"/>
        <testcase name="test_get_table_from_query with data set #10" assertions="1" time="0.046556"/>
        <testcase name="test_get_table_from_query with data set #11" assertions="1" time="0.046415"/>
        <testcase name="test_get_table_from_query with data set #12" assertions="1" time="0.055114"/>
        <testcase name="test_get_table_from_query with data set #13" assertions="1" time="0.055996"/>
        <testcase name="test_get_table_from_query with data set #14" assertions="1" time="0.045076"/>
        <testcase name="test_get_table_from_query with data set #15" assertions="1" time="0.045668"/>
        <testcase name="test_get_table_from_query with data set #16" assertions="1" time="0.045349"/>
        <testcase name="test_get_table_from_query with data set #17" assertions="1" time="0.047203"/>
        <testcase name="test_get_table_from_query with data set #18" assertions="1" time="0.047615"/>
        <testcase name="test_get_table_from_query with data set #19" assertions="1" time="0.047490"/>
        <testcase name="test_get_table_from_query with data set #20" assertions="1" time="0.045481"/>
        <testcase name="test_get_table_from_query with data set #21" assertions="1" time="0.046606"/>
        <testcase name="test_get_table_from_query with data set #22" assertions="1" time="0.046850"/>
        <testcase name="test_get_table_from_query with data set #23" assertions="1" time="0.046403"/>
        <testcase name="test_get_table_from_query with data set #24" assertions="1" time="0.055320"/>
        <testcase name="test_get_table_from_query with data set #25" assertions="1" time="0.055536"/>
        <testcase name="test_get_table_from_query with data set #26" assertions="1" time="0.045765"/>
        <testcase name="test_get_table_from_query with data set #27" assertions="1" time="0.049546"/>
        <testcase name="test_get_table_from_query with data set #28" assertions="1" time="0.046953"/>
        <testcase name="test_get_table_from_query with data set #29" assertions="1" time="0.045331"/>
        <testcase name="test_get_table_from_query with data set #30" assertions="1" time="0.045234"/>
        <testcase name="test_get_table_from_query with data set #31" assertions="1" time="0.045315"/>
        <testcase name="test_get_table_from_query with data set #32" assertions="1" time="0.055314"/>
        <testcase name="test_get_table_from_query with data set #33" assertions="1" time="0.045604"/>
        <testcase name="test_get_table_from_query with data set #34" assertions="1" time="0.056393"/>
        <testcase name="test_get_table_from_query with data set #35" assertions="1" time="0.047264"/>
        <testcase name="test_get_table_from_query with data set #36" assertions="1" time="0.045855"/>
        <testcase name="test_get_table_from_query with data set #37" assertions="1" time="0.045024"/>
        <testcase name="test_get_table_from_query with data set #38" assertions="1" time="0.045516"/>
        <testcase name="test_get_table_from_query with data set #39" assertions="1" time="0.045703"/>
        <testcase name="test_get_table_from_query with data set #40" assertions="1" time="0.045932"/>
        <testcase name="test_get_table_from_query with data set #41" assertions="1" time="0.046169"/>
        <testcase name="test_get_table_from_query with data set #42" assertions="1" time="0.045845"/>
        <testcase name="test_get_table_from_query with data set #43" assertions="1" time="0.046417"/>
        <testcase name="test_get_table_from_query with data set #44" assertions="1" time="0.045388"/>
        <testcase name="test_get_table_from_query with data set #45" assertions="1" time="0.045423"/>
        <testcase name="test_get_table_from_query with data set #46" assertions="1" time="0.046143"/>
        <testcase name="test_get_table_from_query with data set #47" assertions="1" time="0.047434"/>
        <testcase name="test_get_table_from_query with data set #48" assertions="1" time="0.045366"/>
        <testcase name="test_get_table_from_query with data set #49" assertions="1" time="0.045274"/>
        <testcase name="test_get_table_from_query with data set #50" assertions="1" time="0.045479"/>
        <testcase name="test_get_table_from_query with data set #51" assertions="1" time="0.111039"/>
        <testcase name="test_get_table_from_query with data set #52" assertions="1" time="0.055183"/>
        <testcase name="test_get_table_from_query with data set #53" assertions="1" time="0.046216"/>
        <testcase name="test_get_table_from_query with data set #54" assertions="1" time="0.046313"/>
        <testcase name="test_get_table_from_query with data set #55" assertions="1" time="0.046163"/>
        <testcase name="test_get_table_from_query with data set #56" assertions="1" time="0.045547"/>
        <testcase name="test_get_table_from_query with data set #57" assertions="1" time="0.046069"/>
        <testcase name="test_get_table_from_query with data set #58" assertions="1" time="0.045871"/>
        <testcase name="test_get_table_from_query with data set #59" assertions="1" time="0.045468"/>
        <testcase name="test_get_table_from_query with data set #60" assertions="1" time="0.056581"/>
        <testcase name="test_get_table_from_query with data set #61" assertions="1" time="0.066740"/>
        <testcase name="test_get_table_from_query with data set #62" assertions="1" time="0.059930"/>
        <testcase name="test_get_table_from_query with data set #63" assertions="1" time="0.062503"/>
        <testcase name="test_get_table_from_query with data set #64" assertions="1" time="0.059026"/>
        <testcase name="test_get_table_from_query with data set #65" assertions="1" time="0.054157"/>
        <testcase name="test_get_table_from_query with data set #66" assertions="1" time="0.056383"/>
        <testcase name="test_get_table_from_query with data set #67" assertions="1" time="0.054687"/>
        <testcase name="test_get_table_from_query with data set #68" assertions="1" time="0.054361"/>
        <testcase name="test_get_table_from_query with data set #69" assertions="1" time="0.054219"/>
        <testcase name="test_get_table_from_query with data set #70" assertions="1" time="0.045252"/>
        <testcase name="test_get_table_from_query with data set #71" assertions="1" time="0.045097"/>
        <testcase name="test_get_table_from_query with data set #72" assertions="1" time="0.055189"/>
        <testcase name="test_get_table_from_query with data set #73" assertions="1" time="0.047587"/>
        <testcase name="test_get_table_from_query with data set #74" assertions="1" time="0.047657"/>
        <testcase name="test_get_table_from_query with data set #75" assertions="1" time="0.047559"/>
      </testsuite>
      <testsuite name="Tests_DB::test_get_table_from_query_false" tests="1" assertions="1" failures="0" errors="0" time="0.045854">
        <testcase name="test_get_table_from_query_false with data set #0" assertions="1" time="0.045854"/>
      </testsuite>
      <testsuite name="Tests_DB::test_process_field_formats" tests="5" assertions="5" failures="0" errors="0" time="0.248440">
        <testcase name="test_process_field_formats with data set #0" assertions="1" time="0.046433"/>
        <testcase name="test_process_field_formats with data set #1" assertions="1" time="0.056442"/>
        <testcase name="test_process_field_formats with data set #2" assertions="1" time="0.045951"/>
        <testcase name="test_process_field_formats with data set #3" assertions="1" time="0.054844"/>
        <testcase name="test_process_field_formats with data set #4" assertions="1" time="0.044770"/>
      </testsuite>
      <testcase name="test_process_fields" class="Tests_DB" file="C:\svn\wordpress-develop\tests\phpunit\tests\db.php" line="730" assertions="1" time="0.067187"/>
      <testcase name="test_process_fields_on_nonexistent_table" class="Tests_DB" file="C:\svn\wordpress-develop\tests\phpunit\tests\db.php" line="749" assertions="1" time="0.062741"/>
      <testcase name="test_pre_get_table_charset_filter" class="Tests_DB" file="C:\svn\wordpress-develop\tests\phpunit\tests\db.php" line="759" assertions="1" time="0.054617"/>
      <testcase name="test_pre_get_col_charset_filter" class="Tests_DB" file="C:\svn\wordpress-develop\tests\phpunit\tests\db.php" line="773" assertions="1" time="0.045552"/>
    </testsuite>
    <testsuite name="Tests_DB_Charset" file="C:\svn\wordpress-develop\tests\phpunit\tests\db\charset.php" tests="45" assertions="61" failures="0" errors="0" time="8.959005">
      <testsuite name="Tests_DB_Charset::test_strip_invalid_text" tests="10" assertions="10" failures="0" errors="0" time="0.505792">
        <testcase name="test_strip_invalid_text with data set #0" assertions="1" time="0.043565"/>
        <testcase name="test_strip_invalid_text with data set #1" assertions="1" time="0.053492"/>
        <testcase name="test_strip_invalid_text with data set #2" assertions="1" time="0.045744"/>
        <testcase name="test_strip_invalid_text with data set #3" assertions="1" time="0.054772"/>
        <testcase name="test_strip_invalid_text with data set #4" assertions="1" time="0.045312"/>
        <testcase name="test_strip_invalid_text with data set #5" assertions="1" time="0.078831"/>
        <testcase name="test_strip_invalid_text with data set #6" assertions="1" time="0.046195"/>
        <testcase name="test_strip_invalid_text with data set #7" assertions="1" time="0.043941"/>
        <testcase name="test_strip_invalid_text with data set #8" assertions="1" time="0.044369"/>
        <testcase name="test_strip_invalid_text with data set #9" assertions="1" time="0.049571"/>
      </testsuite>
      <testcase name="test_process_fields_failure" class="Tests_DB_Charset" file="C:\svn\wordpress-develop\tests\phpunit\tests\db\charset.php" line="133" assertions="1" time="0.056661"/>
      <testsuite name="Tests_DB_Charset::test_process_field_charsets" tests="3" assertions="3" failures="0" errors="0" time="0.132633">
        <testcase name="test_process_field_charsets with data set #0" assertions="1" time="0.044085"/>
        <testcase name="test_process_field_charsets with data set #1" assertions="1" time="0.044357"/>
        <testcase name="test_process_field_charsets with data set #2" assertions="1" time="0.044191"/>
      </testsuite>
      <testcase name="test_process_field_charsets_on_nonexistent_table" class="Tests_DB_Charset" file="C:\svn\wordpress-develop\tests\phpunit\tests\db\charset.php" line="193" assertions="1" time="0.052919"/>
      <testcase name="test_check_ascii" class="Tests_DB_Charset" file="C:\svn\wordpress-develop\tests\phpunit\tests\db\charset.php" line="203" assertions="1" time="0.044183"/>
      <testcase name="test_check_ascii_false" class="Tests_DB_Charset" file="C:\svn\wordpress-develop\tests\phpunit\tests\db\charset.php" line="211" assertions="1" time="0.053834"/>
      <testcase name="test_strip_invalid_text_for_column" class="Tests_DB_Charset" file="C:\svn\wordpress-develop\tests\phpunit\tests\db\charset.php" line="218" assertions="1" time="0.067149"/>
      <testsuite name="Tests_DB_Charset::test_get_table_charset" tests="8" assertions="8" failures="0" errors="0" time="2.294304">
        <testcase name="test_get_table_charset with data set #0" assertions="1" time="0.235752"/>
        <testcase name="test_get_table_charset with data set #1" assertions="1" time="0.252306"/>
        <testcase name="test_get_table_charset with data set #2" assertions="1" time="0.234185"/>
        <testcase name="test_get_table_charset with data set #3" assertions="1" time="0.254218"/>
        <testcase name="test_get_table_charset with data set #4" assertions="1" time="0.424030"/>
        <testcase name="test_get_table_charset with data set #5" assertions="1" time="0.303196"/>
        <testcase name="test_get_table_charset with data set #6" assertions="1" time="0.285262"/>
        <testcase name="test_get_table_charset with data set #7" assertions="1" time="0.305355"/>
      </testsuite>
      <testsuite name="Tests_DB_Charset::test_get_column_charset" tests="8" assertions="16" failures="0" errors="0" time="2.159121">
        <testcase name="test_get_column_charset with data set #0" assertions="2" time="0.253908"/>
        <testcase name="test_get_column_charset with data set #1" assertions="2" time="0.283913"/>
        <testcase name="test_get_column_charset with data set #2" assertions="2" time="0.246161"/>
        <testcase name="test_get_column_charset with data set #3" assertions="2" time="0.258526"/>
        <testcase name="test_get_column_charset with data set #4" assertions="2" time="0.292756"/>
        <testcase name="test_get_column_charset with data set #5" assertions="2" time="0.278731"/>
        <testcase name="test_get_column_charset with data set #6" assertions="2" time="0.241779"/>
        <testcase name="test_get_column_charset with data set #7" assertions="2" time="0.303346"/>
      </testsuite>
      <testsuite name="Tests_DB_Charset::test_get_column_charset_non_mysql" tests="8" assertions="16" failures="0" errors="0" time="2.417336">
        <testcase name="test_get_column_charset_non_mysql with data set #0" assertions="2" time="0.395948"/>
        <testcase name="test_get_column_charset_non_mysql with data set #1" assertions="2" time="0.257568"/>
        <testcase name="test_get_column_charset_non_mysql with data set #2" assertions="2" time="0.309978"/>
        <testcase name="test_get_column_charset_non_mysql with data set #3" assertions="2" time="0.338496"/>
        <testcase name="test_get_column_charset_non_mysql with data set #4" assertions="2" time="0.212044"/>
        <testcase name="test_get_column_charset_non_mysql with data set #5" assertions="2" time="0.369818"/>
        <testcase name="test_get_column_charset_non_mysql with data set #6" assertions="2" time="0.268627"/>
        <testcase name="test_get_column_charset_non_mysql with data set #7" assertions="2" time="0.264857"/>
      </testsuite>
      <testsuite name="Tests_DB_Charset::test_strip_invalid_text_from_query" tests="2" assertions="2" failures="0" errors="0" time="1.127901">
        <testcase name="test_strip_invalid_text_from_query with data set #0" assertions="1" time="0.728037"/>
        <testcase name="test_strip_invalid_text_from_query with data set #1" assertions="1" time="0.399864"/>
      </testsuite>
      <testcase name="test_invalid_characters_in_query" class="Tests_DB_Charset" file="C:\svn\wordpress-develop\tests\phpunit\tests\db\charset.php" line="431" assertions="1" time="0.047172"/>
    </testsuite>
    <testsuite name="Tests_Dependencies" file="C:\svn\wordpress-develop\tests\phpunit\tests\dependencies.php" tests="7" assertions="56" failures="0" errors="0" time="0.340223">
      <testcase name="test_add" class="Tests_Dependencies" file="C:\svn\wordpress-develop\tests\phpunit\tests\dependencies.php" line="7" assertions="5" time="0.046128"/>
      <testcase name="test_remove" class="Tests_Dependencies" file="C:\svn\wordpress-develop\tests\phpunit\tests\dependencies.php" line="20" assertions="4" time="0.045305"/>
      <testcase name="test_enqueue" class="Tests_Dependencies" file="C:\svn\wordpress-develop\tests\phpunit\tests\dependencies.php" line="33" assertions="7" time="0.045479"/>
      <testcase name="test_dequeue" class="Tests_Dependencies" file="C:\svn\wordpress-develop\tests\phpunit\tests\dependencies.php" line="49" assertions="8" time="0.055755"/>
      <testcase name="test_enqueue_args" class="Tests_Dependencies" file="C:\svn\wordpress-develop\tests\phpunit\tests\dependencies.php" line="69" assertions="9" time="0.049836"/>
      <testcase name="test_dequeue_args" class="Tests_Dependencies" file="C:\svn\wordpress-develop\tests\phpunit\tests\dependencies.php" line="87" assertions="12" time="0.049789"/>
      <testcase name="test_query_and_registered_enqueued" class="Tests_Dependencies" file="C:\svn\wordpress-develop\tests\phpunit\tests\dependencies.php" line="114" assertions="11" time="0.047931"/>
    </testsuite>
    <testsuite name="Tests_Dependencies_jQuery" file="C:\svn\wordpress-develop\tests\phpunit\tests\dependencies\jquery.php" tests="5" assertions="39" failures="0" errors="0" time="0.349774">
      <testcase name="test_location_of_jquery" class="Tests_Dependencies_jQuery" file="C:\svn\wordpress-develop\tests\phpunit\tests\dependencies\jquery.php" line="9" assertions="9" time="0.103701"/>
      <testcase name="test_presence_of_jquery_no_conflict" class="Tests_Dependencies_jQuery" file="C:\svn\wordpress-develop\tests\phpunit\tests\dependencies\jquery.php" line="32" assertions="1" time="0.047379"/>
      <testcase name="test_dont_allow_deregister_core_scripts_in_admin" class="Tests_Dependencies_jQuery" file="C:\svn\wordpress-develop\tests\phpunit\tests\dependencies\jquery.php" line="44" assertions="26" time="0.102248"/>
      <testcase name="test_exclusion_of_sourcemaps" class="Tests_Dependencies_jQuery" file="C:\svn\wordpress-develop\tests\phpunit\tests\dependencies\jquery.php" line="68" assertions="1" time="0.047845"/>
      <testcase name="test_wp_script_is_dep_enqueued" class="Tests_Dependencies_jQuery" file="C:\svn\wordpress-develop\tests\phpunit\tests\dependencies\jquery.php" line="76" assertions="2" time="0.048601"/>
    </testsuite>
    <testsuite name="Tests_Dependencies_Scripts" file="C:\svn\wordpress-develop\tests\phpunit\tests\dependencies\scripts.php" tests="2" assertions="4" failures="0" errors="0" time="0.114195">
      <testcase name="test_wp_enqueue_script" class="Tests_Dependencies_Scripts" file="C:\svn\wordpress-develop\tests\phpunit\tests\dependencies\scripts.php" line="27" assertions="2" time="0.058733"/>
      <testcase name="test_protocols" class="Tests_Dependencies_Scripts" file="C:\svn\wordpress-develop\tests\phpunit\tests\dependencies\scripts.php" line="49" assertions="2" time="0.055462"/>
    </testsuite>
    <testsuite name="Tests_Dependencies_Styles" file="C:\svn\wordpress-develop\tests\phpunit\tests\dependencies\styles.php" tests="7" assertions="9" failures="0" errors="0" time="0.357946">
      <testcase name="test_wp_enqueue_style" class="Tests_Dependencies_Styles" file="C:\svn\wordpress-develop\tests\phpunit\tests\dependencies\styles.php" line="29" assertions="2" time="0.055806"/>
      <testcase name="test_protocols" class="Tests_Dependencies_Styles" file="C:\svn\wordpress-develop\tests\phpunit\tests\dependencies\styles.php" line="51" assertions="2" time="0.057643"/>
      <testcase name="test_inline_styles" class="Tests_Dependencies_Styles" file="C:\svn\wordpress-develop\tests\phpunit\tests\dependencies\styles.php" line="94" assertions="1" time="0.048552"/>
      <testcase name="test_inline_styles_concat" class="Tests_Dependencies_Styles" file="C:\svn\wordpress-develop\tests\phpunit\tests\dependencies\styles.php" line="117" assertions="1" time="0.048096"/>
      <testcase name="test_multiple_inline_styles" class="Tests_Dependencies_Styles" file="C:\svn\wordpress-develop\tests\phpunit\tests\dependencies\styles.php" line="145" assertions="1" time="0.050411"/>
      <testcase name="test_plugin_doing_inline_styles_wrong" class="Tests_Dependencies_Styles" file="C:\svn\wordpress-develop\tests\phpunit\tests\dependencies\styles.php" line="176" assertions="1" time="0.049051"/>
      <testcase name="test_unnecessary_style_tags" class="Tests_Dependencies_Styles" file="C:\svn\wordpress-develop\tests\phpunit\tests\dependencies\styles.php" line="199" assertions="1" time="0.048387"/>
    </testsuite>
    <testsuite name="Test_WP_Export_Functions" file="C:\svn\wordpress-develop\tests\phpunit\tests\export\functions.export.php" tests="0" assertions="0" failures="0" errors="0" time="0.000000"/>
    <testsuite name="Test_WP_Export_Writers" file="C:\svn\wordpress-develop\tests\phpunit\tests\export\writers.php" tests="0" assertions="0" failures="0" errors="0" time="0.000000"/>
    <testsuite name="Tests_Feed_RSS2" file="C:\svn\wordpress-develop\tests\phpunit\tests\feed\rss2.php" tests="3" assertions="131" failures="0" errors="0" time="7.177356">
      <testcase name="test_rss" class="Tests_Feed_RSS2" file="C:\svn\wordpress-develop\tests\phpunit\tests\feed\rss2.php" line="38" assertions="6" time="2.212477"/>
      <testcase name="test_channel" class="Tests_Feed_RSS2" file="C:\svn\wordpress-develop\tests\phpunit\tests\feed\rss2.php" line="58" assertions="5" time="2.140648"/>
      <testcase name="test_items" class="Tests_Feed_RSS2" file="C:\svn\wordpress-develop\tests\phpunit\tests\feed\rss2.php" line="84" assertions="120" time="2.824231"/>
    </testsuite>
    <testsuite name="Tests_File" file="C:\svn\wordpress-develop\tests\phpunit\tests\file.php" tests="8" assertions="21" failures="0" errors="0" time="0.509626">
      <testcase name="test_get_file_data" class="Tests_File" file="C:\svn\wordpress-develop\tests\phpunit\tests\file.php" line="19" assertions="6" time="0.061730"/>
      <testcase name="test_get_file_data_cr_line_endings" class="Tests_File" file="C:\svn\wordpress-develop\tests\phpunit\tests\file.php" line="48" assertions="3" time="0.055376"/>
      <testcase name="test_unique_filename_is_valid" class="Tests_File" file="C:\svn\wordpress-develop\tests\phpunit\tests\file.php" line="82" assertions="1" time="0.063618"/>
      <testcase name="test_unique_filename_is_unique" class="Tests_File" file="C:\svn\wordpress-develop\tests\phpunit\tests\file.php" line="91" assertions="3" time="0.058345"/>
      <testcase name="test_unique_filename_is_sanitized" class="Tests_File" file="C:\svn\wordpress-develop\tests\phpunit\tests\file.php" line="107" assertions="2" time="0.054299"/>
      <testcase name="test_unique_filename_with_slashes" class="Tests_File" file="C:\svn\wordpress-develop\tests\phpunit\tests\file.php" line="119" assertions="2" time="0.057835"/>
      <testcase name="test_unique_filename_multiple_ext" class="Tests_File" file="C:\svn\wordpress-develop\tests\phpunit\tests\file.php" line="132" assertions="2" time="0.092076"/>
      <testcase name="test_unique_filename_no_ext" class="Tests_File" file="C:\svn\wordpress-develop\tests\phpunit\tests\file.php" line="144" assertions="2" time="0.066347"/>
    </testsuite>
    <testsuite name="WP_Filesystem_find_folder_UnitTestCases" file="C:\svn\wordpress-develop\tests\phpunit\tests\filesystem\find_folder.php" tests="5" assertions="14" failures="0" errors="0" time="0.094762">
      <testcase name="test_ftp_has_root_access" class="WP_Filesystem_find_folder_UnitTestCases" file="C:\svn\wordpress-develop\tests\phpunit\tests\filesystem\find_folder.php" line="9" assertions="2" time="0.042619"/>
      <testcase name="test_sibling_wordpress_in_subdir" class="WP_Filesystem_find_folder_UnitTestCases" file="C:\svn\wordpress-develop\tests\phpunit\tests\filesystem\find_folder.php" line="26" assertions="2" time="0.014837"/>
      <testcase name="test_subdir_of_another" class="WP_Filesystem_find_folder_UnitTestCases" file="C:\svn\wordpress-develop\tests\phpunit\tests\filesystem\find_folder.php" line="54" assertions="2" time="0.012387"/>
      <testcase name="test_multiple_tokens_in_path1" class="WP_Filesystem_find_folder_UnitTestCases" file="C:\svn\wordpress-develop\tests\phpunit\tests\filesystem\find_folder.php" line="79" assertions="3" time="0.016051"/>
      <testcase name="test_is_MockFS_sane" class="WP_Filesystem_find_folder_UnitTestCases" file="C:\svn\wordpress-develop\tests\phpunit\tests\filesystem\find_folder.php" line="29" assertions="5" time="0.008868"/>
    </testsuite>
    <testsuite name="Tests_Filters" file="C:\svn\wordpress-develop\tests\phpunit\tests\filters.php" tests="13" assertions="59" failures="0" errors="0" time="0.735282">
      <testcase name="test_simple_filter" class="Tests_Filters" file="C:\svn\wordpress-develop\tests\phpunit\tests\filters.php" line="10" assertions="4" time="0.059595"/>
      <testcase name="test_remove_filter" class="Tests_Filters" file="C:\svn\wordpress-develop\tests\phpunit\tests\filters.php" line="28" assertions="6" time="0.054600"/>
      <testcase name="test_has_filter" class="Tests_Filters" file="C:\svn\wordpress-develop\tests\phpunit\tests\filters.php" line="48" assertions="6" time="0.053452"/>
      <testcase name="test_multiple_filters" class="Tests_Filters" file="C:\svn\wordpress-develop\tests\phpunit\tests\filters.php" line="63" assertions="3" time="0.059988"/>
      <testcase name="test_filter_args_1" class="Tests_Filters" file="C:\svn\wordpress-develop\tests\phpunit\tests\filters.php" line="80" assertions="3" time="0.059984"/>
      <testcase name="test_filter_args_2" class="Tests_Filters" file="C:\svn\wordpress-develop\tests\phpunit\tests\filters.php" line="95" assertions="5" time="0.065257"/>
      <testcase name="test_filter_priority" class="Tests_Filters" file="C:\svn\wordpress-develop\tests\phpunit\tests\filters.php" line="120" assertions="3" time="0.058637"/>
      <testcase name="test_all_filter" class="Tests_Filters" file="C:\svn\wordpress-develop\tests\phpunit\tests\filters.php" line="151" assertions="7" time="0.065254"/>
      <testcase name="test_remove_all_filter" class="Tests_Filters" file="C:\svn\wordpress-develop\tests\phpunit\tests\filters.php" line="175" assertions="10" time="0.056242"/>
      <testcase name="test_filter_ref_array" class="Tests_Filters" file="C:\svn\wordpress-develop\tests\phpunit\tests\filters.php" line="202" assertions="2" time="0.045991"/>
      <testcase name="test_filter_ref_array_result" class="Tests_Filters" file="C:\svn\wordpress-develop\tests\phpunit\tests\filters.php" line="221" assertions="5" time="0.047468"/>
      <testcase name="test_has_filter_after_remove_all_filters" class="Tests_Filters" file="C:\svn\wordpress-develop\tests\phpunit\tests\filters.php" line="256" assertions="4" time="0.048126"/>
      <testcase name="test_has_filter_doesnt_reset_wp_filter" class="Tests_Filters" file="C:\svn\wordpress-develop\tests\phpunit\tests\filters.php" line="282" assertions="1" time="0.060688"/>
    </testsuite>
    <testsuite name="Tests_Formatting_Autop" file="C:\svn\wordpress-develop\tests\phpunit\tests\formatting\Autop.php" tests="9" assertions="14" failures="0" errors="0" time="0.566413">
      <testcase name="test_first_post" class="Tests_Formatting_Autop" file="C:\svn\wordpress-develop\tests\phpunit\tests\formatting\Autop.php" line="8" assertions="1" time="0.059334"/>
      <testcase name="test_skip_pre_elements" class="Tests_Formatting_Autop" file="C:\svn\wordpress-develop\tests\phpunit\tests\formatting\Autop.php" line="70" assertions="3" time="0.151346"/>
      <testcase name="test_skip_input_elements" class="Tests_Formatting_Autop" file="C:\svn\wordpress-develop\tests\phpunit\tests\formatting\Autop.php" line="97" assertions="1" time="0.047782"/>
      <testcase name="test_source_track_elements" class="Tests_Formatting_Autop" file="C:\svn\wordpress-develop\tests\phpunit\tests\formatting\Autop.php" line="107" assertions="3" time="0.053816"/>
      <testcase name="test_param_embed_elements" class="Tests_Formatting_Autop" file="C:\svn\wordpress-develop\tests\phpunit\tests\formatting\Autop.php" line="193" assertions="2" time="0.061407"/>
      <testcase name="test_skip_select_option_elements" class="Tests_Formatting_Autop" file="C:\svn\wordpress-develop\tests\phpunit\tests\formatting\Autop.php" line="272" assertions="1" time="0.048226"/>
      <testcase name="test_that_wpautop_treats_block_level_elements_as_blocks" class="Tests_Formatting_Autop" file="C:\svn\wordpress-develop\tests\phpunit\tests\formatting\Autop.php" line="282" assertions="1" time="0.048260"/>
      <testcase name="test_that_wpautop_does_not_wrap_blockquotes_but_does_autop_their_contents" class="Tests_Formatting_Autop" file="C:\svn\wordpress-develop\tests\phpunit\tests\formatting\Autop.php" line="348" assertions="1" time="0.047259"/>
      <testcase name="test_that_wpautop_treats_inline_elements_as_inline" class="Tests_Formatting_Autop" file="C:\svn\wordpress-develop\tests\phpunit\tests\formatting\Autop.php" line="360" assertions="1" time="0.048983"/>
    </testsuite>
    <testsuite name="Tests_Formatting_CleanPre" file="C:\svn\wordpress-develop\tests\phpunit\tests\formatting\CleanPre.php" tests="4" assertions="4" failures="0" errors="0" time="0.207016">
      <testcase name="test_removes_self_closing_br_with_space" class="Tests_Formatting_CleanPre" file="C:\svn\wordpress-develop\tests\phpunit\tests\formatting\CleanPre.php" line="12" assertions="1" time="0.057396"/>
      <testcase name="test_removes_self_closing_br_without_space" class="Tests_Formatting_CleanPre" file="C:\svn\wordpress-develop\tests\phpunit\tests\formatting\CleanPre.php" line="19" assertions="1" time="0.055420"/>
      <testcase name="test_removes_html_br" class="Tests_Formatting_CleanPre" file="C:\svn\wordpress-develop\tests\phpunit\tests\formatting\CleanPre.php" line="29" assertions="1" time="0.045903"/>
      <testcase name="test_removes_p" class="Tests_Formatting_CleanPre" file="C:\svn\wordpress-develop\tests\phpunit\tests\formatting\CleanPre.php" line="35" assertions="1" time="0.048297"/>
    </testsuite>
    <testsuite name="Tests_Formatting_ConvertChars" file="C:\svn\wordpress-develop\tests\phpunit\tests\formatting\ConvertChars.php" tests="5" assertions="7" failures="0" errors="0" time="0.265563">
      <testcase name="test_replaces_windows1252_entities_with_unicode_ones" class="Tests_Formatting_ConvertChars" file="C:\svn\wordpress-develop\tests\phpunit\tests\formatting\ConvertChars.php" line="7" assertions="1" time="0.045580"/>
      <testcase name="test_replaces_latin_letter_z_with_caron" class="Tests_Formatting_ConvertChars" file="C:\svn\wordpress-develop\tests\phpunit\tests\formatting\ConvertChars.php" line="16" assertions="1" time="0.072515"/>
      <testcase name="test_converts_html_br_and_hr_to_the_xhtml_self_closing_variety" class="Tests_Formatting_ConvertChars" file="C:\svn\wordpress-develop\tests\phpunit\tests\formatting\ConvertChars.php" line="22" assertions="3" time="0.048006"/>
      <testcase name="test_escapes_lone_ampersands" class="Tests_Formatting_ConvertChars" file="C:\svn\wordpress-develop\tests\phpunit\tests\formatting\ConvertChars.php" line="33" assertions="1" time="0.044811"/>
      <testcase name="test_removes_category_and_title_metadata_tags" class="Tests_Formatting_ConvertChars" file="C:\svn\wordpress-develop\tests\phpunit\tests\formatting\ConvertChars.php" line="37" assertions="1" time="0.054651"/>
    </testsuite>
    <testsuite name="Tests_Formatting_EscAttr" file="C:\svn\wordpress-develop\tests\phpunit\tests\formatting\EscAttr.php" tests="2" assertions="7" failures="0" errors="0" time="0.113085">
      <testcase name="test_esc_attr_quotes" class="Tests_Formatting_EscAttr" file="C:\svn\wordpress-develop\tests\phpunit\tests\formatting\EscAttr.php" line="7" assertions="6" time="0.066739"/>
      <testcase name="test_esc_attr_amp" class="Tests_Formatting_EscAttr" file="C:\svn\wordpress-develop\tests\phpunit\tests\formatting\EscAttr.php" line="28" assertions="1" time="0.046346"/>
    </testsuite>
    <testsuite name="Tests_Formatting_EscHtml" file="C:\svn\wordpress-develop\tests\phpunit\tests\formatting\EscHtml.php" tests="4" assertions="6" failures="0" errors="0" time="0.200945">
      <testcase name="test_esc_html_basics" class="Tests_Formatting_EscHtml" file="C:\svn\wordpress-develop\tests\phpunit\tests\formatting\EscHtml.php" line="7" assertions="3" time="0.057875"/>
      <testcase name="test_escapes_ampersands" class="Tests_Formatting_EscHtml" file="C:\svn\wordpress-develop\tests\phpunit\tests\formatting\EscHtml.php" line="23" assertions="1" time="0.047334"/>
      <testcase name="test_escapes_greater_and_less_than" class="Tests_Formatting_EscHtml" file="C:\svn\wordpress-develop\tests\phpunit\tests\formatting\EscHtml.php" line="29" assertions="1" time="0.048451"/>
      <testcase name="test_ignores_existing_entities" class="Tests_Formatting_EscHtml" file="C:\svn\wordpress-develop\tests\phpunit\tests\formatting\EscHtml.php" line="35" assertions="1" time="0.047285"/>
    </testsuite>
    <testsuite name="Tests_Formatting_EscTextarea" file="C:\svn\wordpress-develop\tests\phpunit\tests\formatting\EscTextarea.php" tests="2" assertions="2" failures="0" errors="0" time="0.094866">
      <testcase name="test_esc_textarea_charset_iso_8859_1" class="Tests_Formatting_EscTextarea" file="C:\svn\wordpress-develop\tests\phpunit\tests\formatting\EscTextarea.php" line="16" assertions="1" time="0.048151"/>
      <testcase name="test_esc_textarea_charset_utf_8" class="Tests_Formatting_EscTextarea" file="C:\svn\wordpress-develop\tests\phpunit\tests\formatting\EscTextarea.php" line="30" assertions="1" time="0.046715"/>
    </testsuite>
    <testsuite name="Tests_Formatting_EscUrl" file="C:\svn\wordpress-develop\tests\phpunit\tests\formatting\EscUrl.php" tests="9" assertions="31" failures="0" errors="0" time="0.478449">
      <testcase name="test_spaces" class="Tests_Formatting_EscUrl" file="C:\svn\wordpress-develop\tests\phpunit\tests\formatting\EscUrl.php" line="7" assertions="2" time="0.056695"/>
      <testcase name="test_bad_characters" class="Tests_Formatting_EscUrl" file="C:\svn\wordpress-develop\tests\phpunit\tests\formatting\EscUrl.php" line="12" assertions="10" time="0.061773"/>
      <testcase name="test_relative" class="Tests_Formatting_EscUrl" file="C:\svn\wordpress-develop\tests\phpunit\tests\formatting\EscUrl.php" line="26" assertions="4" time="0.058124"/>
      <testcase name="test_protocol" class="Tests_Formatting_EscUrl" file="C:\svn\wordpress-develop\tests\phpunit\tests\formatting\EscUrl.php" line="33" assertions="2" time="0.047662"/>
      <testcase name="test_protocol_case" class="Tests_Formatting_EscUrl" file="C:\svn\wordpress-develop\tests\phpunit\tests\formatting\EscUrl.php" line="41" assertions="2" time="0.048076"/>
      <testcase name="test_display_extras" class="Tests_Formatting_EscUrl" file="C:\svn\wordpress-develop\tests\phpunit\tests\formatting\EscUrl.php" line="46" assertions="2" time="0.056167"/>
      <testcase name="test_non_ascii" class="Tests_Formatting_EscUrl" file="C:\svn\wordpress-develop\tests\phpunit\tests\formatting\EscUrl.php" line="51" assertions="3" time="0.048667"/>
      <testcase name="test_feed" class="Tests_Formatting_EscUrl" file="C:\svn\wordpress-develop\tests\phpunit\tests\formatting\EscUrl.php" line="57" assertions="5" time="0.056198"/>
      <testcase name="test_protocol_relative_with_colon" class="Tests_Formatting_EscUrl" file="C:\svn\wordpress-develop\tests\phpunit\tests\formatting\EscUrl.php" line="68" assertions="1" time="0.045087"/>
    </testsuite>
    <testsuite name="Tests_Formatting_GetUrlInContent" file="C:\svn\wordpress-develop\tests\phpunit\tests\formatting\GetUrlInContent.php" tests="6" assertions="6" failures="0" errors="0" time="0.292356">
      <testsuite name="Tests_Formatting_GetUrlInContent::test_get_url_in_content" tests="6" assertions="6" failures="0" errors="0" time="0.292356">
        <testcase name="test_get_url_in_content with data set #0" assertions="1" time="0.045593"/>
        <testcase name="test_get_url_in_content with data set #1" assertions="1" time="0.046526"/>
        <testcase name="test_get_url_in_content with data set #2" assertions="1" time="0.055600"/>
        <testcase name="test_get_url_in_content with data set #3" assertions="1" time="0.045440"/>
        <testcase name="test_get_url_in_content with data set #4" assertions="1" time="0.054036"/>
        <testcase name="test_get_url_in_content with data set #5" assertions="1" time="0.045161"/>
      </testsuite>
    </testsuite>
    <testsuite name="Tests_Formatting_HtmlExcerpt" file="C:\svn\wordpress-develop\tests\phpunit\tests\formatting\HtmlExcerpt.php" tests="3" assertions="6" failures="0" errors="0" time="0.149816">
      <testcase name="test_simple" class="Tests_Formatting_HtmlExcerpt" file="C:\svn\wordpress-develop\tests\phpunit\tests\formatting\HtmlExcerpt.php" line="7" assertions="1" time="0.046618"/>
      <testcase name="test_html" class="Tests_Formatting_HtmlExcerpt" file="C:\svn\wordpress-develop\tests\phpunit\tests\formatting\HtmlExcerpt.php" line="10" assertions="1" time="0.054397"/>
      <testcase name="test_entities" class="Tests_Formatting_HtmlExcerpt" file="C:\svn\wordpress-develop\tests\phpunit\tests\formatting\HtmlExcerpt.php" line="13" assertions="4" time="0.048801"/>
    </testsuite>
    <testsuite name="Tests_Formatting_IsEmail" file="C:\svn\wordpress-develop\tests\phpunit\tests\formatting\IsEmail.php" tests="2" assertions="9" failures="0" errors="0" time="0.105630">
      <testcase name="test_returns_the_email_address_if_it_is_valid" class="Tests_Formatting_IsEmail" file="C:\svn\wordpress-develop\tests\phpunit\tests\formatting\IsEmail.php" line="7" assertions="4" time="0.050048"/>
      <testcase name="test_returns_false_if_given_an_invalid_email_address" class="Tests_Formatting_IsEmail" file="C:\svn\wordpress-develop\tests\phpunit\tests\formatting\IsEmail.php" line="19" assertions="5" time="0.055582"/>
    </testsuite>
    <testsuite name="Tests_Formatting_JSEscape" file="C:\svn\wordpress-develop\tests\phpunit\tests\formatting\JSEscape.php" tests="7" assertions="7" failures="0" errors="0" time="0.417296">
      <testcase name="test_js_escape_simple" class="Tests_Formatting_JSEscape" file="C:\svn\wordpress-develop\tests\phpunit\tests\formatting\JSEscape.php" line="7" assertions="1" time="0.047177"/>
      <testcase name="test_js_escape_quotes" class="Tests_Formatting_JSEscape" file="C:\svn\wordpress-develop\tests\phpunit\tests\formatting\JSEscape.php" line="12" assertions="1" time="0.047473"/>
      <testcase name="test_js_escape_backslash" class="Tests_Formatting_JSEscape" file="C:\svn\wordpress-develop\tests\phpunit\tests\formatting\JSEscape.php" line="18" assertions="1" time="0.054516"/>
      <testcase name="test_js_escape_amp" class="Tests_Formatting_JSEscape" file="C:\svn\wordpress-develop\tests\phpunit\tests\formatting\JSEscape.php" line="25" assertions="1" time="0.055739"/>
      <testcase name="test_js_escape_quote_entity" class="Tests_Formatting_JSEscape" file="C:\svn\wordpress-develop\tests\phpunit\tests\formatting\JSEscape.php" line="30" assertions="1" time="0.045797"/>
      <testcase name="test_js_no_carriage_return" class="Tests_Formatting_JSEscape" file="C:\svn\wordpress-develop\tests\phpunit\tests\formatting\JSEscape.php" line="35" assertions="1" time="0.047428"/>
      <testcase name="test_js_escape_rn" class="Tests_Formatting_JSEscape" file="C:\svn\wordpress-develop\tests\phpunit\tests\formatting\JSEscape.php" line="41" assertions="1" time="0.119166"/>
    </testsuite>
    <testsuite name="Tests_Formatting_LikeEscape" file="C:\svn\wordpress-develop\tests\phpunit\tests\formatting\LikeEscape.php" tests="1" assertions="4" failures="0" errors="0" time="0.051842">
      <testcase name="test_like_escape" class="Tests_Formatting_LikeEscape" file="C:\svn\wordpress-develop\tests\phpunit\tests\formatting\LikeEscape.php" line="11" assertions="4" time="0.051842"/>
    </testsuite>
    <testsuite name="Tests_Formatting_LinksAddTarget" file="C:\svn\wordpress-develop\tests\phpunit\tests\formatting\LinksAddTarget.php" tests="9" assertions="9" failures="0" errors="0" time="0.445305">
      <testsuite name="Tests_Formatting_LinksAddTarget::test_normalize_whitespace" tests="9" assertions="9" failures="0" errors="0" time="0.445305">
        <testcase name="test_normalize_whitespace with data set #0" assertions="1" time="0.047501"/>
        <testcase name="test_normalize_whitespace with data set #1" assertions="1" time="0.047426"/>
        <testcase name="test_normalize_whitespace with data set #2" assertions="1" time="0.056234"/>
        <testcase name="test_normalize_whitespace with data set #3" assertions="1" time="0.046458"/>
        <testcase name="test_normalize_whitespace with data set #4" assertions="1" time="0.047395"/>
        <testcase name="test_normalize_whitespace with data set #5" assertions="1" time="0.055993"/>
        <testcase name="test_normalize_whitespace with data set #6" assertions="1" time="0.048888"/>
        <testcase name="test_normalize_whitespace with data set #7" assertions="1" time="0.047527"/>
        <testcase name="test_normalize_whitespace with data set #8" assertions="1" time="0.047883"/>
      </testsuite>
    </testsuite>
    <testsuite name="Tests_Formatting_MakeClickable" file="C:\svn\wordpress-develop\tests\phpunit\tests\formatting\MakeClickable.php" tests="19" assertions="90" failures="0" errors="0" time="1.084973">
      <testcase name="test_mailto_xss" class="Tests_Formatting_MakeClickable" file="C:\svn\wordpress-develop\tests\phpunit\tests\formatting\MakeClickable.php" line="7" assertions="1" time="0.047444"/>
      <testcase name="test_valid_mailto" class="Tests_Formatting_MakeClickable" file="C:\svn\wordpress-develop\tests\phpunit\tests\formatting\MakeClickable.php" line="12" assertions="5" time="0.054104"/>
      <testcase name="test_invalid_mailto" class="Tests_Formatting_MakeClickable" file="C:\svn\wordpress-develop\tests\phpunit\tests\formatting\MakeClickable.php" line="25" assertions="6" time="0.055241"/>
      <testcase name="test_strip_trailing_with_protocol" class="Tests_Formatting_MakeClickable" file="C:\svn\wordpress-develop\tests\phpunit\tests\formatting\MakeClickable.php" line="41" assertions="6" time="0.067926"/>
      <testcase name="test_strip_trailing_with_protocol_nothing_afterwards" class="Tests_Formatting_MakeClickable" file="C:\svn\wordpress-develop\tests\phpunit\tests\formatting\MakeClickable.php" line="66" assertions="7" time="0.060347"/>
      <testcase name="test_strip_trailing_without_protocol" class="Tests_Formatting_MakeClickable" file="C:\svn\wordpress-develop\tests\phpunit\tests\formatting\MakeClickable.php" line="93" assertions="6" time="0.055496"/>
      <testcase name="test_strip_trailing_without_protocol_nothing_afterwards" class="Tests_Formatting_MakeClickable" file="C:\svn\wordpress-develop\tests\phpunit\tests\formatting\MakeClickable.php" line="118" assertions="6" time="0.065541"/>
      <testcase name="test_iri" class="Tests_Formatting_MakeClickable" file="C:\svn\wordpress-develop\tests\phpunit\tests\formatting\MakeClickable.php" line="142" assertions="3" time="0.061803"/>
      <testcase name="test_brackets_in_urls" class="Tests_Formatting_MakeClickable" file="C:\svn\wordpress-develop\tests\phpunit\tests\formatting\MakeClickable.php" line="159" assertions="10" time="0.072485"/>
      <testcase name="test_real_world_examples" class="Tests_Formatting_MakeClickable" file="C:\svn\wordpress-develop\tests\phpunit\tests\formatting\MakeClickable.php" line="194" assertions="4" time="0.052064"/>
      <testcase name="test_twitter_hash_bang" class="Tests_Formatting_MakeClickable" file="C:\svn\wordpress-develop\tests\phpunit\tests\formatting\MakeClickable.php" line="213" assertions="3" time="0.049375"/>
      <testcase name="test_wrapped_in_angles" class="Tests_Formatting_MakeClickable" file="C:\svn\wordpress-develop\tests\phpunit\tests\formatting\MakeClickable.php" line="229" assertions="3" time="0.050391"/>
      <testcase name="test_preceded_by_punctuation" class="Tests_Formatting_MakeClickable" file="C:\svn\wordpress-develop\tests\phpunit\tests\formatting\MakeClickable.php" line="245" assertions="6" time="0.055160"/>
      <testcase name="test_dont_break_attributes" class="Tests_Formatting_MakeClickable" file="C:\svn\wordpress-develop\tests\phpunit\tests\formatting\MakeClickable.php" line="267" assertions="6" time="0.055423"/>
      <testcase name="test_no_links_inside_pre_or_code" class="Tests_Formatting_MakeClickable" file="C:\svn\wordpress-develop\tests\phpunit\tests\formatting\MakeClickable.php" line="294" assertions="13" time="0.081234"/>
      <testcase name="test_click_inside_html" class="Tests_Formatting_MakeClickable" file="C:\svn\wordpress-develop\tests\phpunit\tests\formatting\MakeClickable.php" line="334" assertions="2" time="0.049274"/>
      <testcase name="test_no_links_within_links" class="Tests_Formatting_MakeClickable" file="C:\svn\wordpress-develop\tests\phpunit\tests\formatting\MakeClickable.php" line="348" assertions="1" time="0.057781"/>
      <testcase name="test_no_segfault" class="Tests_Formatting_MakeClickable" file="C:\svn\wordpress-develop\tests\phpunit\tests\formatting\MakeClickable.php" line="361" assertions="1" time="0.047559"/>
      <testcase name="test_line_break_in_existing_clickable_link" class="Tests_Formatting_MakeClickable" file="C:\svn\wordpress-develop\tests\phpunit\tests\formatting\MakeClickable.php" line="370" assertions="1" time="0.046325"/>
    </testsuite>
    <testsuite name="Tests_Formatting_MapDeep" file="C:\svn\wordpress-develop\tests\phpunit\tests\formatting\MapDeep.php" tests="0" assertions="0" failures="0" errors="0" time="0.000000"/>
    <testsuite name="Tests_Formatting_NormalizeWhitespace" file="C:\svn\wordpress-develop\tests\phpunit\tests\formatting\NormalizeWhitespace.php" tests="7" assertions="7" failures="0" errors="0" time="0.348663">
      <testsuite name="Tests_Formatting_NormalizeWhitespace::test_normalize_whitespace" tests="7" assertions="7" failures="0" errors="0" time="0.348663">
        <testcase name="test_normalize_whitespace with data set #0" assertions="1" time="0.055768"/>
        <testcase name="test_normalize_whitespace with data set #1" assertions="1" time="0.054136"/>
        <testcase name="test_normalize_whitespace with data set #2" assertions="1" time="0.055198"/>
        <testcase name="test_normalize_whitespace with data set #3" assertions="1" time="0.047537"/>
        <testcase name="test_normalize_whitespace with data set #4" assertions="1" time="0.045087"/>
        <testcase name="test_normalize_whitespace with data set #5" assertions="1" time="0.045208"/>
        <testcase name="test_normalize_whitespace with data set #6" assertions="1" time="0.045729"/>
      </testsuite>
    </testsuite>
    <testsuite name="Tests_Formatting_RemoveAccents" file="C:\svn\wordpress-develop\tests\phpunit\tests\formatting\RemoveAccents.php" tests="10" assertions="20" failures="0" errors="0" time="0.645177">
      <testcase name="test_remove_accents_simple" class="Tests_Formatting_RemoveAccents" file="C:\svn\wordpress-develop\tests\phpunit\tests\formatting\RemoveAccents.php" line="7" assertions="1" time="0.044943"/>
      <testcase name="test_remove_accents_latin1_supplement" class="Tests_Formatting_RemoveAccents" file="C:\svn\wordpress-develop\tests\phpunit\tests\formatting\RemoveAccents.php" line="14" assertions="1" time="0.054487"/>
      <testcase name="test_remove_accents_latin_extended_a" class="Tests_Formatting_RemoveAccents" file="C:\svn\wordpress-develop\tests\phpunit\tests\formatting\RemoveAccents.php" line="21" assertions="1" time="0.055146"/>
      <testcase name="test_remove_accents_latin_extended_b" class="Tests_Formatting_RemoveAccents" file="C:\svn\wordpress-develop\tests\phpunit\tests\formatting\RemoveAccents.php" line="28" assertions="1" time="0.062690"/>
      <testcase name="test_remove_accents_euro_pound_signs" class="Tests_Formatting_RemoveAccents" file="C:\svn\wordpress-develop\tests\phpunit\tests\formatting\RemoveAccents.php" line="32" assertions="2" time="0.069410"/>
      <testcase name="test_remove_accents_iso8859" class="Tests_Formatting_RemoveAccents" file="C:\svn\wordpress-develop\tests\phpunit\tests\formatting\RemoveAccents.php" line="37" assertions="1" time="0.048763"/>
      <testcase name="test_remove_accents_vowels_diacritic" class="Tests_Formatting_RemoveAccents" file="C:\svn\wordpress-develop\tests\phpunit\tests\formatting\RemoveAccents.php" line="50" assertions="6" time="0.104013"/>
      <testcase name="test_remove_accents_hanyu_pinyin" class="Tests_Formatting_RemoveAccents" file="C:\svn\wordpress-develop\tests\phpunit\tests\formatting\RemoveAccents.php" line="69" assertions="5" time="0.086081"/>
      <testcase name="test_remove_accents_germanic_umlauts" class="Tests_Formatting_RemoveAccents" file="C:\svn\wordpress-develop\tests\phpunit\tests\formatting\RemoveAccents.php" line="90" assertions="1" time="0.064049"/>
      <testcase name="test_remove_danish_accents" class="Tests_Formatting_RemoveAccents" file="C:\svn\wordpress-develop\tests\phpunit\tests\formatting\RemoveAccents.php" line="105" assertions="1" time="0.055595"/>
    </testsuite>
    <testsuite name="Tests_Formatting_SanitizeFileName" file="C:\svn\wordpress-develop\tests\phpunit\tests\formatting\SanitizeFileName.php" tests="6" assertions="10" failures="0" errors="0" time="0.286817">
      <testcase name="test_munges_extensions" class="Tests_Formatting_SanitizeFileName" file="C:\svn\wordpress-develop\tests\phpunit\tests\formatting\SanitizeFileName.php" line="7" assertions="1" time="0.048695"/>
      <testcase name="test_removes_special_chars" class="Tests_Formatting_SanitizeFileName" file="C:\svn\wordpress-develop\tests\phpunit\tests\formatting\SanitizeFileName.php" line="13" assertions="1" time="0.047562"/>
      <testcase name="test_replace_spaces" class="Tests_Formatting_SanitizeFileName" file="C:\svn\wordpress-develop\tests\phpunit\tests\formatting\SanitizeFileName.php" line="27" assertions="4" time="0.050922"/>
      <testcase name="test_replaces_any_number_of_hyphens_with_one_hyphen" class="Tests_Formatting_SanitizeFileName" file="C:\svn\wordpress-develop\tests\phpunit\tests\formatting\SanitizeFileName.php" line="40" assertions="1" time="0.046390"/>
      <testcase name="test_trims_trailing_hyphens" class="Tests_Formatting_SanitizeFileName" file="C:\svn\wordpress-develop\tests\phpunit\tests\formatting\SanitizeFileName.php" line="44" assertions="1" time="0.045990"/>
      <testcase name="test_replaces_any_amount_of_whitespace_with_one_hyphen" class="Tests_Formatting_SanitizeFileName" file="C:\svn\wordpress-develop\tests\phpunit\tests\formatting\SanitizeFileName.php" line="48" assertions="2" time="0.047258"/>
    </testsuite>
    <testsuite name="Tests_Formatting_SanitizeMimeType" file="C:\svn\wordpress-develop\tests\phpunit\tests\formatting\SanitizeMimeType.php" tests="1" assertions="22" failures="0" errors="0" time="0.069332">
      <testcase name="test_sanitize_valid_mime_type" class="Tests_Formatting_SanitizeMimeType" file="C:\svn\wordpress-develop\tests\phpunit\tests\formatting\SanitizeMimeType.php" line="8" assertions="22" time="0.069332"/>
    </testsuite>
    <testsuite name="Tests_Formatting_SanitizePost" file="C:\svn\wordpress-develop\tests\phpunit\tests\formatting\SanitizePost.php" tests="1" assertions="5" failures="0" errors="0" time="0.193233">
      <testcase name="test_int_fields" class="Tests_Formatting_SanitizePost" file="C:\svn\wordpress-develop\tests\phpunit\tests\formatting\SanitizePost.php" line="11" assertions="5" time="0.193233"/>
    </testsuite>
    <testsuite name="Tests_Formatting_SanitizeTextField" file="C:\svn\wordpress-develop\tests\phpunit\tests\formatting\SanitizeTextField.php" tests="1" assertions="13" failures="0" errors="0" time="0.061365">
      <testcase name="test_sanitize_text_field" class="Tests_Formatting_SanitizeTextField" file="C:\svn\wordpress-develop\tests\phpunit\tests\formatting\SanitizeTextField.php" line="8" assertions="13" time="0.061365"/>
    </testsuite>
    <testsuite name="Tests_Formatting_SanitizeTitle" file="C:\svn\wordpress-develop\tests\phpunit\tests\formatting\SanitizeTitle.php" tests="2" assertions="2" failures="0" errors="0" time="0.094744">
      <testcase name="test_strips_html" class="Tests_Formatting_SanitizeTitle" file="C:\svn\wordpress-develop\tests\phpunit\tests\formatting\SanitizeTitle.php" line="7" assertions="1" time="0.048117"/>
      <testcase name="test_titles_sanitized_to_nothing_are_replaced_with_optional_fallback" class="Tests_Formatting_SanitizeTitle" file="C:\svn\wordpress-develop\tests\phpunit\tests\formatting\SanitizeTitle.php" line="13" assertions="1" time="0.046627"/>
    </testsuite>
    <testsuite name="Tests_Formatting_SanitizeTitleWithDashes" file="C:\svn\wordpress-develop\tests\phpunit\tests\formatting\SanitizeTitleWithDashes.php" tests="22" assertions="33" failures="0" errors="0" time="1.116096">
      <testcase name="test_strips_html" class="Tests_Formatting_SanitizeTitleWithDashes" file="C:\svn\wordpress-develop\tests\phpunit\tests\formatting\SanitizeTitleWithDashes.php" line="7" assertions="1" time="0.058708"/>
      <testcase name="test_strips_unencoded_percent_signs" class="Tests_Formatting_SanitizeTitleWithDashes" file="C:\svn\wordpress-develop\tests\phpunit\tests\formatting\SanitizeTitleWithDashes.php" line="13" assertions="1" time="0.046614"/>
      <testcase name="test_makes_title_lowercase" class="Tests_Formatting_SanitizeTitleWithDashes" file="C:\svn\wordpress-develop\tests\phpunit\tests\formatting\SanitizeTitleWithDashes.php" line="17" assertions="1" time="0.054426"/>
      <testcase name="test_replaces_any_amount_of_whitespace_with_one_hyphen" class="Tests_Formatting_SanitizeTitleWithDashes" file="C:\svn\wordpress-develop\tests\phpunit\tests\formatting\SanitizeTitleWithDashes.php" line="21" assertions="2" time="0.047385"/>
      <testcase name="test_replaces_any_number_of_hyphens_with_one_hyphen" class="Tests_Formatting_SanitizeTitleWithDashes" file="C:\svn\wordpress-develop\tests\phpunit\tests\formatting\SanitizeTitleWithDashes.php" line="26" assertions="1" time="0.049251"/>
      <testcase name="test_trims_trailing_hyphens" class="Tests_Formatting_SanitizeTitleWithDashes" file="C:\svn\wordpress-develop\tests\phpunit\tests\formatting\SanitizeTitleWithDashes.php" line="30" assertions="1" time="0.047298"/>
      <testcase name="test_handles_non_entity_ampersands" class="Tests_Formatting_SanitizeTitleWithDashes" file="C:\svn\wordpress-develop\tests\phpunit\tests\formatting\SanitizeTitleWithDashes.php" line="34" assertions="1" time="0.045853"/>
      <testcase name="test_strips_nbsp_ndash_and_amp" class="Tests_Formatting_SanitizeTitleWithDashes" file="C:\svn\wordpress-develop\tests\phpunit\tests\formatting\SanitizeTitleWithDashes.php" line="38" assertions="1" time="0.048133"/>
      <testcase name="test_strips_encoded_ampersand" class="Tests_Formatting_SanitizeTitleWithDashes" file="C:\svn\wordpress-develop\tests\phpunit\tests\formatting\SanitizeTitleWithDashes.php" line="42" assertions="1" time="0.045609"/>
      <testcase name="test_strips_url_encoded_ampersand" class="Tests_Formatting_SanitizeTitleWithDashes" file="C:\svn\wordpress-develop\tests\phpunit\tests\formatting\SanitizeTitleWithDashes.php" line="46" assertions="1" time="0.045983"/>
      <testcase name="test_strips_trademark_symbol" class="Tests_Formatting_SanitizeTitleWithDashes" file="C:\svn\wordpress-develop\tests\phpunit\tests\formatting\SanitizeTitleWithDashes.php" line="50" assertions="1" time="0.045892"/>
      <testcase name="test_strips_unencoded_ampersand_followed_by_encoded_ampersand" class="Tests_Formatting_SanitizeTitleWithDashes" file="C:\svn\wordpress-develop\tests\phpunit\tests\formatting\SanitizeTitleWithDashes.php" line="54" assertions="1" time="0.046468"/>
      <testcase name="test_strips_unencoded_ampersand_when_not_surrounded_by_spaces" class="Tests_Formatting_SanitizeTitleWithDashes" file="C:\svn\wordpress-develop\tests\phpunit\tests\formatting\SanitizeTitleWithDashes.php" line="58" assertions="1" time="0.055070"/>
      <testcase name="test_replaces_nbsp" class="Tests_Formatting_SanitizeTitleWithDashes" file="C:\svn\wordpress-develop\tests\phpunit\tests\formatting\SanitizeTitleWithDashes.php" line="62" assertions="1" time="0.048629"/>
      <testcase name="test_replaces_ndash_mdash" class="Tests_Formatting_SanitizeTitleWithDashes" file="C:\svn\wordpress-develop\tests\phpunit\tests\formatting\SanitizeTitleWithDashes.php" line="66" assertions="2" time="0.048825"/>
      <testcase name="test_replaces_iexcel_iquest" class="Tests_Formatting_SanitizeTitleWithDashes" file="C:\svn\wordpress-develop\tests\phpunit\tests\formatting\SanitizeTitleWithDashes.php" line="71" assertions="2" time="0.048055"/>
      <testcase name="test_replaces_angle_quotes" class="Tests_Formatting_SanitizeTitleWithDashes" file="C:\svn\wordpress-develop\tests\phpunit\tests\formatting\SanitizeTitleWithDashes.php" line="76" assertions="2" time="0.048567"/>
      <testcase name="test_replaces_curly_quotes" class="Tests_Formatting_SanitizeTitleWithDashes" file="C:\svn\wordpress-develop\tests\phpunit\tests\formatting\SanitizeTitleWithDashes.php" line="81" assertions="5" time="0.065166"/>
      <testcase name="test_replaces_copy_reg_deg_trade" class="Tests_Formatting_SanitizeTitleWithDashes" file="C:\svn\wordpress-develop\tests\phpunit\tests\formatting\SanitizeTitleWithDashes.php" line="89" assertions="4" time="0.053588"/>
      <testcase name="test_replaces_multiply_sign" class="Tests_Formatting_SanitizeTitleWithDashes" file="C:\svn\wordpress-develop\tests\phpunit\tests\formatting\SanitizeTitleWithDashes.php" line="99" assertions="1" time="0.055300"/>
      <testcase name="test_replaces_standalone_diacritic" class="Tests_Formatting_SanitizeTitleWithDashes" file="C:\svn\wordpress-develop\tests\phpunit\tests\formatting\SanitizeTitleWithDashes.php" line="106" assertions="1" time="0.055434"/>
      <testcase name="test_replaces_acute_accents" class="Tests_Formatting_SanitizeTitleWithDashes" file="C:\svn\wordpress-develop\tests\phpunit\tests\formatting\SanitizeTitleWithDashes.php" line="113" assertions="1" time="0.055841"/>
    </testsuite>
    <testsuite name="Tests_Formatting_SanitizeTrackbackUrls" file="C:\svn\wordpress-develop\tests\phpunit\tests\formatting\SanitizeTrackbackUrls.php" tests="8" assertions="8" failures="0" errors="0" time="0.400531">
      <testsuite name="Tests_Formatting_SanitizeTrackbackUrls::test_sanitize_trackback_urls_with_multiple_urls" tests="8" assertions="8" failures="0" errors="0" time="0.400531">
        <testcase name="test_sanitize_trackback_urls_with_multiple_urls with data set #0" assertions="1" time="0.057120"/>
        <testcase name="test_sanitize_trackback_urls_with_multiple_urls with data set #1" assertions="1" time="0.057354"/>
        <testcase name="test_sanitize_trackback_urls_with_multiple_urls with data set #2" assertions="1" time="0.047337"/>
        <testcase name="test_sanitize_trackback_urls_with_multiple_urls with data set #3" assertions="1" time="0.047930"/>
        <testcase name="test_sanitize_trackback_urls_with_multiple_urls with data set #4" assertions="1" time="0.047410"/>
        <testcase name="test_sanitize_trackback_urls_with_multiple_urls with data set #5" assertions="1" time="0.048408"/>
        <testcase name="test_sanitize_trackback_urls_with_multiple_urls with data set #6" assertions="1" time="0.047023"/>
        <testcase name="test_sanitize_trackback_urls_with_multiple_urls with data set #7" assertions="1" time="0.047949"/>
      </testsuite>
    </testsuite>
    <testsuite name="Tests_Formatting_SanitizeUser" file="C:\svn\wordpress-develop\tests\phpunit\tests\formatting\SanitizeUser.php" tests="5" assertions="5" failures="0" errors="0" time="0.265549">
      <testcase name="test_strips_html" class="Tests_Formatting_SanitizeUser" file="C:\svn\wordpress-develop\tests\phpunit\tests\formatting\SanitizeUser.php" line="7" assertions="1" time="0.047301"/>
      <testcase name="test_strips_encoded_ampersand" class="Tests_Formatting_SanitizeUser" file="C:\svn\wordpress-develop\tests\phpunit\tests\formatting\SanitizeUser.php" line="13" assertions="1" time="0.058569"/>
      <testcase name="test_strips_encoded_ampersand_when_followed_by_semicolon" class="Tests_Formatting_SanitizeUser" file="C:\svn\wordpress-develop\tests\phpunit\tests\formatting\SanitizeUser.php" line="24" assertions="1" time="0.055294"/>
      <testcase name="test_strips_percent_encoded_octets" class="Tests_Formatting_SanitizeUser" file="C:\svn\wordpress-develop\tests\phpunit\tests\formatting\SanitizeUser.php" line="35" assertions="1" time="0.048794"/>
      <testcase name="test_optional_strict_mode_reduces_to_safe_ascii_subset" class="Tests_Formatting_SanitizeUser" file="C:\svn\wordpress-develop\tests\phpunit\tests\formatting\SanitizeUser.php" line="39" assertions="1" time="0.055591"/>
    </testsuite>
    <testsuite name="Tests_Formatting_SeemsUtf8" file="C:\svn\wordpress-develop\tests\phpunit\tests\formatting\SeemsUtf8.php" tests="10" assertions="10" failures="0" errors="0" time="0.464365">
      <testsuite name="Tests_Formatting_SeemsUtf8::test_returns_true_for_utf8_strings" tests="5" assertions="5" failures="0" errors="0" time="0.228851">
        <testcase name="test_returns_true_for_utf8_strings with data set #0" assertions="1" time="0.045009"/>
        <testcase name="test_returns_true_for_utf8_strings with data set #1" assertions="1" time="0.045457"/>
        <testcase name="test_returns_true_for_utf8_strings with data set #2" assertions="1" time="0.046458"/>
        <testcase name="test_returns_true_for_utf8_strings with data set #3" assertions="1" time="0.045771"/>
        <testcase name="test_returns_true_for_utf8_strings with data set #4" assertions="1" time="0.046156"/>
      </testsuite>
      <testsuite name="Tests_Formatting_SeemsUtf8::test_returns_false_for_non_utf8_strings" tests="5" assertions="5" failures="0" errors="0" time="0.235514">
        <testcase name="test_returns_false_for_non_utf8_strings with data set #0" assertions="1" time="0.045687"/>
        <testcase name="test_returns_false_for_non_utf8_strings with data set #1" assertions="1" time="0.044970"/>
        <testcase name="test_returns_false_for_non_utf8_strings with data set #2" assertions="1" time="0.045684"/>
        <testcase name="test_returns_false_for_non_utf8_strings with data set #3" assertions="1" time="0.045343"/>
        <testcase name="test_returns_false_for_non_utf8_strings with data set #4" assertions="1" time="0.053830"/>
      </testsuite>
    </testsuite>
    <testsuite name="Tests_Formatting_Slashit" file="C:\svn\wordpress-develop\tests\phpunit\tests\formatting\Slashit.php" tests="9" assertions="12" failures="0" errors="0" time="0.455429">
      <testcase name="test_backslashes_middle_numbers" class="Tests_Formatting_Slashit" file="C:\svn\wordpress-develop\tests\phpunit\tests\formatting\Slashit.php" line="7" assertions="1" time="0.045949"/>
      <testcase name="test_backslashes_alphas" class="Tests_Formatting_Slashit" file="C:\svn\wordpress-develop\tests\phpunit\tests\formatting\Slashit.php" line="11" assertions="1" time="0.045972"/>
      <testcase name="test_double_backslashes_leading_numbers" class="Tests_Formatting_Slashit" file="C:\svn\wordpress-develop\tests\phpunit\tests\formatting\Slashit.php" line="15" assertions="1" time="0.047914"/>
      <testcase name="test_removes_trailing_slashes" class="Tests_Formatting_Slashit" file="C:\svn\wordpress-develop\tests\phpunit\tests\formatting\Slashit.php" line="19" assertions="2" time="0.056872"/>
      <testcase name="test_removes_trailing_backslashes" class="Tests_Formatting_Slashit" file="C:\svn\wordpress-develop\tests\phpunit\tests\formatting\Slashit.php" line="27" assertions="2" time="0.047078"/>
      <testcase name="test_removes_trailing_mixed_slashes" class="Tests_Formatting_Slashit" file="C:\svn\wordpress-develop\tests\phpunit\tests\formatting\Slashit.php" line="35" assertions="2" time="0.047449"/>
      <testcase name="test_adds_trailing_slash" class="Tests_Formatting_Slashit" file="C:\svn\wordpress-develop\tests\phpunit\tests\formatting\Slashit.php" line="40" assertions="1" time="0.055329"/>
      <testcase name="test_does_not_add_trailing_slash_if_one_exists" class="Tests_Formatting_Slashit" file="C:\svn\wordpress-develop\tests\phpunit\tests\formatting\Slashit.php" line="44" assertions="1" time="0.054397"/>
      <testcase name="test_converts_trailing_backslash_to_slash_if_one_exists" class="Tests_Formatting_Slashit" file="C:\svn\wordpress-develop\tests\phpunit\tests\formatting\Slashit.php" line="51" assertions="1" time="0.054469"/>
    </testsuite>
    <testsuite name="Tests_Formatting_Smilies" file="C:\svn\wordpress-develop\tests\phpunit\tests\formatting\Smilies.php" tests="24" assertions="59" failures="0" errors="0" time="2.978539">
      <testsuite name="Tests_Formatting_Smilies::test_convert_standard_smilies" tests="6" assertions="12" failures="0" errors="0" time="0.673890">
        <testcase name="test_convert_standard_smilies with data set #0" assertions="2" time="0.120583"/>
        <testcase name="test_convert_standard_smilies with data set #1" assertions="2" time="0.107395"/>
        <testcase name="test_convert_standard_smilies with data set #2" assertions="2" time="0.131236"/>
        <testcase name="test_convert_standard_smilies with data set #3" assertions="2" time="0.106585"/>
        <testcase name="test_convert_standard_smilies with data set #4" assertions="2" time="0.100327"/>
        <testcase name="test_convert_standard_smilies with data set #5" assertions="2" time="0.107764"/>
      </testsuite>
      <testsuite name="Tests_Formatting_Smilies::test_convert_custom_smilies" tests="3" assertions="6" failures="0" errors="0" time="0.695254">
        <testcase name="test_convert_custom_smilies with data set #0" assertions="2" time="0.491863"/>
        <testcase name="test_convert_custom_smilies with data set #1" assertions="2" time="0.103339"/>
        <testcase name="test_convert_custom_smilies with data set #2" assertions="2" time="0.100052"/>
      </testsuite>
      <testsuite name="Tests_Formatting_Smilies::test_ignore_smilies_in_tags" tests="5" assertions="5" failures="0" errors="0" time="0.505955">
        <testcase name="test_ignore_smilies_in_tags with data set #0" assertions="1" time="0.103960"/>
        <testcase name="test_ignore_smilies_in_tags with data set #1" assertions="1" time="0.110940"/>
        <testcase name="test_ignore_smilies_in_tags with data set #2" assertions="1" time="0.095271"/>
        <testcase name="test_ignore_smilies_in_tags with data set #3" assertions="1" time="0.100065"/>
        <testcase name="test_ignore_smilies_in_tags with data set #4" assertions="1" time="0.095719"/>
      </testsuite>
      <testsuite name="Tests_Formatting_Smilies::test_smilies_combinations" tests="6" assertions="12" failures="0" errors="0" time="0.641285">
        <testcase name="test_smilies_combinations with data set #0" assertions="2" time="0.108833"/>
        <testcase name="test_smilies_combinations with data set #1" assertions="2" time="0.095791"/>
        <testcase name="test_smilies_combinations with data set #2" assertions="2" time="0.099990"/>
        <testcase name="test_smilies_combinations with data set #3" assertions="2" time="0.106595"/>
        <testcase name="test_smilies_combinations with data set #4" assertions="2" time="0.120269"/>
        <testcase name="test_smilies_combinations with data set #5" assertions="2" time="0.109807"/>
      </testsuite>
      <testsuite name="Tests_Formatting_Smilies::test_single_smilies_in_wpsmiliestrans" tests="3" assertions="6" failures="0" errors="0" time="0.331455">
        <testcase name="test_single_smilies_in_wpsmiliestrans with data set #0" assertions="2" time="0.113894"/>
        <testcase name="test_single_smilies_in_wpsmiliestrans with data set #1" assertions="2" time="0.108465"/>
        <testcase name="test_single_smilies_in_wpsmiliestrans with data set #2" assertions="2" time="0.109096"/>
      </testsuite>
      <testcase name="test_spaces_around_smilies" class="Tests_Formatting_Smilies" file="C:\svn\wordpress-develop\tests\phpunit\tests\formatting\Smilies.php" line="284" assertions="18" time="0.130700"/>
    </testsuite>
    <testsuite name="Tests_Formatting_StripSlashesDeep" file="C:\svn\wordpress-develop\tests\phpunit\tests\formatting\StripSlashesDeep.php" tests="3" assertions="14" failures="0" errors="0" time="0.191647">
      <testcase name="test_preserves_original_datatype" class="Tests_Formatting_StripSlashesDeep" file="C:\svn\wordpress-develop\tests\phpunit\tests\formatting\StripSlashesDeep.php" line="10" assertions="7" time="0.074943"/>
      <testcase name="test_strips_slashes" class="Tests_Formatting_StripSlashesDeep" file="C:\svn\wordpress-develop\tests\phpunit\tests\formatting\StripSlashesDeep.php" line="27" assertions="5" time="0.060889"/>
      <testcase name="test_permits_escaped_slash" class="Tests_Formatting_StripSlashesDeep" file="C:\svn\wordpress-develop\tests\phpunit\tests\formatting\StripSlashesDeep.php" line="42" assertions="2" time="0.055815"/>
    </testsuite>
    <testsuite name="Tests_Formatting_UrlEncodedToEntities" file="C:\svn\wordpress-develop\tests\phpunit\tests\formatting\UrlEncodedToEntities.php" tests="5" assertions="5" failures="0" errors="0" time="0.247150">
      <testsuite name="Tests_Formatting_UrlEncodedToEntities::test_convert_urlencoded_to_entities" tests="5" assertions="5" failures="0" errors="0" time="0.247150">
        <testcase name="test_convert_urlencoded_to_entities with data set #0" assertions="1" time="0.047474"/>
        <testcase name="test_convert_urlencoded_to_entities with data set #1" assertions="1" time="0.045255"/>
        <testcase name="test_convert_urlencoded_to_entities with data set #2" assertions="1" time="0.054338"/>
        <testcase name="test_convert_urlencoded_to_entities with data set #3" assertions="1" time="0.055196"/>
        <testcase name="test_convert_urlencoded_to_entities with data set #4" assertions="1" time="0.044887"/>
      </testsuite>
    </testsuite>
    <testsuite name="Tests_Formatting_Utf8UriEncode" file="C:\svn\wordpress-develop\tests\phpunit\tests\formatting\Utf8UriEncode.php" tests="10" assertions="10" failures="0" errors="0" time="0.470082">
      <testsuite name="Tests_Formatting_Utf8UriEncode::test_percent_encodes_non_reserved_characters" tests="5" assertions="5" failures="0" errors="0" time="0.238941">
        <testcase name="test_percent_encodes_non_reserved_characters with data set #0" assertions="1" time="0.055104"/>
        <testcase name="test_percent_encodes_non_reserved_characters with data set #1" assertions="1" time="0.045974"/>
        <testcase name="test_percent_encodes_non_reserved_characters with data set #2" assertions="1" time="0.045956"/>
        <testcase name="test_percent_encodes_non_reserved_characters with data set #3" assertions="1" time="0.045049"/>
        <testcase name="test_percent_encodes_non_reserved_characters with data set #4" assertions="1" time="0.046858"/>
      </testsuite>
      <testsuite name="Tests_Formatting_Utf8UriEncode::test_output_is_not_longer_than_optional_length_argument" tests="5" assertions="5" failures="0" errors="0" time="0.231141">
        <testcase name="test_output_is_not_longer_than_optional_length_argument with data set #0" assertions="1" time="0.043986"/>
        <testcase name="test_output_is_not_longer_than_optional_length_argument with data set #1" assertions="1" time="0.044552"/>
        <testcase name="test_output_is_not_longer_than_optional_length_argument with data set #2" assertions="1" time="0.044364"/>
        <testcase name="test_output_is_not_longer_than_optional_length_argument with data set #3" assertions="1" time="0.044469"/>
        <testcase name="test_output_is_not_longer_than_optional_length_argument with data set #4" assertions="1" time="0.053770"/>
      </testsuite>
    </testsuite>
    <testsuite name="Tests_Formatting_WPSpecialchars" file="C:\svn\wordpress-develop\tests\phpunit\tests\formatting\WPSpecialchars.php" tests="4" assertions="269" failures="0" errors="0" time="0.659911">
      <testcase name="test_wp_specialchars_basics" class="Tests_Formatting_WPSpecialchars" file="C:\svn\wordpress-develop\tests\phpunit\tests\formatting\WPSpecialchars.php" line="7" assertions="2" time="0.046935"/>
      <testcase name="test_allowed_entity_names" class="Tests_Formatting_WPSpecialchars" file="C:\svn\wordpress-develop\tests\phpunit\tests\formatting\WPSpecialchars.php" line="15" assertions="253" time="0.504958"/>
      <testcase name="test_not_allowed_entity_names" class="Tests_Formatting_WPSpecialchars" file="C:\svn\wordpress-develop\tests\phpunit\tests\formatting\WPSpecialchars.php" line="25" assertions="10" time="0.058756"/>
      <testcase name="test_optionally_escapes_quotes" class="Tests_Formatting_WPSpecialchars" file="C:\svn\wordpress-develop\tests\phpunit\tests\formatting\WPSpecialchars.php" line="35" assertions="4" time="0.049262"/>
    </testsuite>
    <testsuite name="Tests_Formatting_WPStripAllTags" file="C:\svn\wordpress-develop\tests\phpunit\tests\formatting\WPStripAllTags.php" tests="1" assertions="6" failures="0" errors="0" time="0.050342">
      <testcase name="test_wp_strip_all_tags" class="Tests_Formatting_WPStripAllTags" file="C:\svn\wordpress-develop\tests\phpunit\tests\formatting\WPStripAllTags.php" line="9" assertions="6" time="0.050342"/>
    </testsuite>
    <testsuite name="Tests_Formatting_WPTexturize" file="C:\svn\wordpress-develop\tests\phpunit\tests\formatting\WPTexturize.php" tests="323" assertions="383" failures="0" errors="0" time="16.143053">
      <testcase name="test_dashes" class="Tests_Formatting_WPTexturize" file="C:\svn\wordpress-develop\tests\phpunit\tests\formatting\WPTexturize.php" line="7" assertions="2" time="0.058593"/>
      <testcase name="test_disable" class="Tests_Formatting_WPTexturize" file="C:\svn\wordpress-develop\tests\phpunit\tests\formatting\WPTexturize.php" line="12" assertions="11" time="0.062037"/>
      <testcase name="test_bracketed_quotes_1418" class="Tests_Formatting_WPTexturize" file="C:\svn\wordpress-develop\tests\phpunit\tests\formatting\WPTexturize.php" line="36" assertions="3" time="0.051424"/>
      <testcase name="test_bracketed_quotes_3810" class="Tests_Formatting_WPTexturize" file="C:\svn\wordpress-develop\tests\phpunit\tests\formatting\WPTexturize.php" line="43" assertions="1" time="0.044972"/>
      <testcase name="test_basic_quotes" class="Tests_Formatting_WPTexturize" file="C:\svn\wordpress-develop\tests\phpunit\tests\formatting\WPTexturize.php" line="48" assertions="11" time="0.060594"/>
      <testcase name="test_full_sentences_with_unmatched_single_quotes" class="Tests_Formatting_WPTexturize" file="C:\svn\wordpress-develop\tests\phpunit\tests\formatting\WPTexturize.php" line="71" assertions="1" time="0.045809"/>
      <testcase name="test_quotes" class="Tests_Formatting_WPTexturize" file="C:\svn\wordpress-develop\tests\phpunit\tests\formatting\WPTexturize.php" line="81" assertions="3" time="0.049657"/>
      <testcase name="test_quotes_before_s" class="Tests_Formatting_WPTexturize" file="C:\svn\wordpress-develop\tests\phpunit\tests\formatting\WPTexturize.php" line="100" assertions="5" time="0.051177"/>
      <testcase name="test_quotes_before_numbers" class="Tests_Formatting_WPTexturize" file="C:\svn\wordpress-develop\tests\phpunit\tests\formatting\WPTexturize.php" line="111" assertions="9" time="0.066623"/>
      <testcase name="test_quotes_after_numbers" class="Tests_Formatting_WPTexturize" file="C:\svn\wordpress-develop\tests\phpunit\tests\formatting\WPTexturize.php" line="124" assertions="1" time="0.045074"/>
      <testcase name="test_other_html" class="Tests_Formatting_WPTexturize" file="C:\svn\wordpress-develop\tests\phpunit\tests\formatting\WPTexturize.php" line="132" assertions="1" time="0.055444"/>
      <testcase name="test_x" class="Tests_Formatting_WPTexturize" file="C:\svn\wordpress-develop\tests\phpunit\tests\formatting\WPTexturize.php" line="138" assertions="1" time="0.045212"/>
      <testcase name="test_minutes_seconds" class="Tests_Formatting_WPTexturize" file="C:\svn\wordpress-develop\tests\phpunit\tests\formatting\WPTexturize.php" line="142" assertions="6" time="0.053423"/>
      <testcase name="test_wptexturize_quotes_around_numbers" class="Tests_Formatting_WPTexturize" file="C:\svn\wordpress-develop\tests\phpunit\tests\formatting\WPTexturize.php" line="156" assertions="4" time="0.052435"/>
      <testcase name="test_wptexturize_html_comments" class="Tests_Formatting_WPTexturize" file="C:\svn\wordpress-develop\tests\phpunit\tests\formatting\WPTexturize.php" line="166" assertions="3" time="0.049768"/>
      <testcase name="test_entity_quote_cuddling" class="Tests_Formatting_WPTexturize" file="C:\svn\wordpress-develop\tests\phpunit\tests\formatting\WPTexturize.php" line="176" assertions="1" time="0.054533"/>
      <testcase name="test_apostrophes_before_primes" class="Tests_Formatting_WPTexturize" file="C:\svn\wordpress-develop\tests\phpunit\tests\formatting\WPTexturize.php" line="184" assertions="1" time="0.046644"/>
      <testcase name="test_spaces_around_hyphens" class="Tests_Formatting_WPTexturize" file="C:\svn\wordpress-develop\tests\phpunit\tests\formatting\WPTexturize.php" line="191" assertions="14" time="0.064457"/>
      <testcase name="test_spaces_around_quotes_never" class="Tests_Formatting_WPTexturize" file="C:\svn\wordpress-develop\tests\phpunit\tests\formatting\WPTexturize.php" line="218" assertions="1" time="0.046601"/>
      <testsuite name="Tests_Formatting_WPTexturize::test_spaces_around_quotes" tests="9" assertions="9" failures="0" errors="0" time="0.438969">
        <testcase name="test_spaces_around_quotes with data set #0" assertions="1" time="0.046935"/>
        <testcase name="test_spaces_around_quotes with data set #1" assertions="1" time="0.046335"/>
        <testcase name="test_spaces_around_quotes with data set #2" assertions="1" time="0.046903"/>
        <testcase name="test_spaces_around_quotes with data set #3" assertions="1" time="0.046612"/>
        <testcase name="test_spaces_around_quotes with data set #4" assertions="1" time="0.054798"/>
        <testcase name="test_spaces_around_quotes with data set #5" assertions="1" time="0.047298"/>
        <testcase name="test_spaces_around_quotes with data set #6" assertions="1" time="0.047073"/>
        <testcase name="test_spaces_around_quotes with data set #7" assertions="1" time="0.048308"/>
        <testcase name="test_spaces_around_quotes with data set #8" assertions="1" time="0.054707"/>
      </testsuite>
      <testsuite name="Tests_Formatting_WPTexturize::test_apos_before_digits" tests="6" assertions="6" failures="0" errors="0" time="0.302580">
        <testcase name="test_apos_before_digits with data set #0" assertions="1" time="0.045896"/>
        <testcase name="test_apos_before_digits with data set #1" assertions="1" time="0.045622"/>
        <testcase name="test_apos_before_digits with data set #2" assertions="1" time="0.055647"/>
        <testcase name="test_apos_before_digits with data set #3" assertions="1" time="0.055723"/>
        <testcase name="test_apos_before_digits with data set #4" assertions="1" time="0.045646"/>
        <testcase name="test_apos_before_digits with data set #5" assertions="1" time="0.054046"/>
      </testsuite>
      <testsuite name="Tests_Formatting_WPTexturize::test_opening_single_quote" tests="28" assertions="28" failures="0" errors="0" time="1.395077">
        <testcase name="test_opening_single_quote with data set #0" assertions="1" time="0.045763"/>
        <testcase name="test_opening_single_quote with data set #1" assertions="1" time="0.045993"/>
        <testcase name="test_opening_single_quote with data set #2" assertions="1" time="0.047199"/>
        <testcase name="test_opening_single_quote with data set #3" assertions="1" time="0.045597"/>
        <testcase name="test_opening_single_quote with data set #4" assertions="1" time="0.045526"/>
        <testcase name="test_opening_single_quote with data set #5" assertions="1" time="0.045008"/>
        <testcase name="test_opening_single_quote with data set #6" assertions="1" time="0.046235"/>
        <testcase name="test_opening_single_quote with data set #7" assertions="1" time="0.045341"/>
        <testcase name="test_opening_single_quote with data set #8" assertions="1" time="0.046070"/>
        <testcase name="test_opening_single_quote with data set #9" assertions="1" time="0.054404"/>
        <testcase name="test_opening_single_quote with data set #10" assertions="1" time="0.054506"/>
        <testcase name="test_opening_single_quote with data set #11" assertions="1" time="0.045433"/>
        <testcase name="test_opening_single_quote with data set #12" assertions="1" time="0.045682"/>
        <testcase name="test_opening_single_quote with data set #13" assertions="1" time="0.045223"/>
        <testcase name="test_opening_single_quote with data set #14" assertions="1" time="0.045630"/>
        <testcase name="test_opening_single_quote with data set #15" assertions="1" time="0.045589"/>
        <testcase name="test_opening_single_quote with data set #16" assertions="1" time="0.045834"/>
        <testcase name="test_opening_single_quote with data set #17" assertions="1" time="0.046585"/>
        <testcase name="test_opening_single_quote with data set #18" assertions="1" time="0.046327"/>
        <testcase name="test_opening_single_quote with data set #19" assertions="1" time="0.045649"/>
        <testcase name="test_opening_single_quote with data set #20" assertions="1" time="0.045154"/>
        <testcase name="test_opening_single_quote with data set #21" assertions="1" time="0.045057"/>
        <testcase name="test_opening_single_quote with data set #22" assertions="1" time="0.046050"/>
        <testcase name="test_opening_single_quote with data set #23" assertions="1" time="0.045030"/>
        <testcase name="test_opening_single_quote with data set #24" assertions="1" time="0.045553"/>
        <testcase name="test_opening_single_quote with data set #25" assertions="1" time="0.056221"/>
        <testcase name="test_opening_single_quote with data set #26" assertions="1" time="0.131477"/>
        <testcase name="test_opening_single_quote with data set #27" assertions="1" time="0.046940"/>
      </testsuite>
      <testsuite name="Tests_Formatting_WPTexturize::test_double_prime" tests="4" assertions="4" failures="0" errors="0" time="0.186629">
        <testcase name="test_double_prime with data set #0" assertions="1" time="0.046494"/>
        <testcase name="test_double_prime with data set #1" assertions="1" time="0.046603"/>
        <testcase name="test_double_prime with data set #2" assertions="1" time="0.046513"/>
        <testcase name="test_double_prime with data set #3" assertions="1" time="0.047019"/>
      </testsuite>
      <testsuite name="Tests_Formatting_WPTexturize::test_single_prime" tests="4" assertions="4" failures="0" errors="0" time="0.188058">
        <testcase name="test_single_prime with data set #0" assertions="1" time="0.047719"/>
        <testcase name="test_single_prime with data set #1" assertions="1" time="0.046732"/>
        <testcase name="test_single_prime with data set #2" assertions="1" time="0.046598"/>
        <testcase name="test_single_prime with data set #3" assertions="1" time="0.047009"/>
      </testsuite>
      <testsuite name="Tests_Formatting_WPTexturize::test_contractions" tests="6" assertions="6" failures="0" errors="0" time="0.305677">
        <testcase name="test_contractions with data set #0" assertions="1" time="0.056140"/>
        <testcase name="test_contractions with data set #1" assertions="1" time="0.048637"/>
        <testcase name="test_contractions with data set #2" assertions="1" time="0.057327"/>
        <testcase name="test_contractions with data set #3" assertions="1" time="0.047305"/>
        <testcase name="test_contractions with data set #4" assertions="1" time="0.048474"/>
        <testcase name="test_contractions with data set #5" assertions="1" time="0.047794"/>
      </testsuite>
      <testsuite name="Tests_Formatting_WPTexturize::test_opening_quote" tests="15" assertions="15" failures="0" errors="0" time="0.745273">
        <testcase name="test_opening_quote with data set #0" assertions="1" time="0.056982"/>
        <testcase name="test_opening_quote with data set #1" assertions="1" time="0.056527"/>
        <testcase name="test_opening_quote with data set #2" assertions="1" time="0.046939"/>
        <testcase name="test_opening_quote with data set #3" assertions="1" time="0.046178"/>
        <testcase name="test_opening_quote with data set #4" assertions="1" time="0.046132"/>
        <testcase name="test_opening_quote with data set #5" assertions="1" time="0.047294"/>
        <testcase name="test_opening_quote with data set #6" assertions="1" time="0.047069"/>
        <testcase name="test_opening_quote with data set #7" assertions="1" time="0.045974"/>
        <testcase name="test_opening_quote with data set #8" assertions="1" time="0.048558"/>
        <testcase name="test_opening_quote with data set #9" assertions="1" time="0.055562"/>
        <testcase name="test_opening_quote with data set #10" assertions="1" time="0.045487"/>
        <testcase name="test_opening_quote with data set #11" assertions="1" time="0.046767"/>
        <testcase name="test_opening_quote with data set #12" assertions="1" time="0.054786"/>
        <testcase name="test_opening_quote with data set #13" assertions="1" time="0.055492"/>
        <testcase name="test_opening_quote with data set #14" assertions="1" time="0.045526"/>
      </testsuite>
      <testsuite name="Tests_Formatting_WPTexturize::test_closing_quote" tests="13" assertions="13" failures="0" errors="0" time="0.656799">
        <testcase name="test_closing_quote with data set #0" assertions="1" time="0.045597"/>
        <testcase name="test_closing_quote with data set #1" assertions="1" time="0.045469"/>
        <testcase name="test_closing_quote with data set #2" assertions="1" time="0.046063"/>
        <testcase name="test_closing_quote with data set #3" assertions="1" time="0.056960"/>
        <testcase name="test_closing_quote with data set #4" assertions="1" time="0.047032"/>
        <testcase name="test_closing_quote with data set #5" assertions="1" time="0.055405"/>
        <testcase name="test_closing_quote with data set #6" assertions="1" time="0.046827"/>
        <testcase name="test_closing_quote with data set #7" assertions="1" time="0.045311"/>
        <testcase name="test_closing_quote with data set #8" assertions="1" time="0.045016"/>
        <testcase name="test_closing_quote with data set #9" assertions="1" time="0.046052"/>
        <testcase name="test_closing_quote with data set #10" assertions="1" time="0.071768"/>
        <testcase name="test_closing_quote with data set #11" assertions="1" time="0.057758"/>
        <testcase name="test_closing_quote with data set #12" assertions="1" time="0.047541"/>
      </testsuite>
      <testsuite name="Tests_Formatting_WPTexturize::test_closing_single_quote" tests="14" assertions="14" failures="0" errors="0" time="0.707992">
        <testcase name="test_closing_single_quote with data set #0" assertions="1" time="0.055954"/>
        <testcase name="test_closing_single_quote with data set #1" assertions="1" time="0.055922"/>
        <testcase name="test_closing_single_quote with data set #2" assertions="1" time="0.055246"/>
        <testcase name="test_closing_single_quote with data set #3" assertions="1" time="0.054762"/>
        <testcase name="test_closing_single_quote with data set #4" assertions="1" time="0.048260"/>
        <testcase name="test_closing_single_quote with data set #5" assertions="1" time="0.045660"/>
        <testcase name="test_closing_single_quote with data set #6" assertions="1" time="0.054464"/>
        <testcase name="test_closing_single_quote with data set #7" assertions="1" time="0.046651"/>
        <testcase name="test_closing_single_quote with data set #8" assertions="1" time="0.045632"/>
        <testcase name="test_closing_single_quote with data set #9" assertions="1" time="0.045748"/>
        <testcase name="test_closing_single_quote with data set #10" assertions="1" time="0.045224"/>
        <testcase name="test_closing_single_quote with data set #11" assertions="1" time="0.045784"/>
        <testcase name="test_closing_single_quote with data set #12" assertions="1" time="0.054454"/>
        <testcase name="test_closing_single_quote with data set #13" assertions="1" time="0.054231"/>
      </testsuite>
      <testsuite name="Tests_Formatting_WPTexturize::test_multiplication" tests="8" assertions="8" failures="0" errors="0" time="0.431593">
        <testcase name="test_multiplication with data set #0" assertions="1" time="0.055137"/>
        <testcase name="test_multiplication with data set #1" assertions="1" time="0.045847"/>
        <testcase name="test_multiplication with data set #2" assertions="1" time="0.059029"/>
        <testcase name="test_multiplication with data set #3" assertions="1" time="0.050732"/>
        <testcase name="test_multiplication with data set #4" assertions="1" time="0.049483"/>
        <testcase name="test_multiplication with data set #5" assertions="1" time="0.052911"/>
        <testcase name="test_multiplication with data set #6" assertions="1" time="0.059173"/>
        <testcase name="test_multiplication with data set #7" assertions="1" time="0.059281"/>
      </testsuite>
      <testsuite name="Tests_Formatting_WPTexturize::test_ampersand" tests="12" assertions="12" failures="0" errors="0" time="0.575409">
        <testcase name="test_ampersand with data set #0" assertions="1" time="0.056158"/>
        <testcase name="test_ampersand with data set #1" assertions="1" time="0.046020"/>
        <testcase name="test_ampersand with data set #2" assertions="1" time="0.045536"/>
        <testcase name="test_ampersand with data set #3" assertions="1" time="0.054764"/>
        <testcase name="test_ampersand with data set #4" assertions="1" time="0.046157"/>
        <testcase name="test_ampersand with data set #5" assertions="1" time="0.045886"/>
        <testcase name="test_ampersand with data set #6" assertions="1" time="0.045015"/>
        <testcase name="test_ampersand with data set #7" assertions="1" time="0.045502"/>
        <testcase name="test_ampersand with data set #8" assertions="1" time="0.045094"/>
        <testcase name="test_ampersand with data set #9" assertions="1" time="0.054584"/>
        <testcase name="test_ampersand with data set #10" assertions="1" time="0.044978"/>
        <testcase name="test_ampersand with data set #11" assertions="1" time="0.045715"/>
      </testsuite>
      <testsuite name="Tests_Formatting_WPTexturize::test_cockney" tests="11" assertions="11" failures="0" errors="0" time="0.570234">
        <testcase name="test_cockney with data set #0" assertions="1" time="0.046347"/>
        <testcase name="test_cockney with data set #1" assertions="1" time="0.054184"/>
        <testcase name="test_cockney with data set #2" assertions="1" time="0.055059"/>
        <testcase name="test_cockney with data set #3" assertions="1" time="0.056758"/>
        <testcase name="test_cockney with data set #4" assertions="1" time="0.047165"/>
        <testcase name="test_cockney with data set #5" assertions="1" time="0.045650"/>
        <testcase name="test_cockney with data set #6" assertions="1" time="0.054540"/>
        <testcase name="test_cockney with data set #7" assertions="1" time="0.055266"/>
        <testcase name="test_cockney with data set #8" assertions="1" time="0.046128"/>
        <testcase name="test_cockney with data set #9" assertions="1" time="0.054692"/>
        <testcase name="test_cockney with data set #10" assertions="1" time="0.054445"/>
      </testsuite>
      <testsuite name="Tests_Formatting_WPTexturize::test_smart_dashes" tests="9" assertions="9" failures="0" errors="0" time="0.437818">
        <testcase name="test_smart_dashes with data set #0" assertions="1" time="0.054092"/>
        <testcase name="test_smart_dashes with data set #1" assertions="1" time="0.054515"/>
        <testcase name="test_smart_dashes with data set #2" assertions="1" time="0.045593"/>
        <testcase name="test_smart_dashes with data set #3" assertions="1" time="0.045882"/>
        <testcase name="test_smart_dashes with data set #4" assertions="1" time="0.046697"/>
        <testcase name="test_smart_dashes with data set #5" assertions="1" time="0.045456"/>
        <testcase name="test_smart_dashes with data set #6" assertions="1" time="0.045308"/>
        <testcase name="test_smart_dashes with data set #7" assertions="1" time="0.045229"/>
        <testcase name="test_smart_dashes with data set #8" assertions="1" time="0.055046"/>
      </testsuite>
      <testsuite name="Tests_Formatting_WPTexturize::test_misc_static_replacements" tests="10" assertions="10" failures="0" errors="0" time="0.480520">
        <testcase name="test_misc_static_replacements with data set #0" assertions="1" time="0.054983"/>
        <testcase name="test_misc_static_replacements with data set #1" assertions="1" time="0.045216"/>
        <testcase name="test_misc_static_replacements with data set #2" assertions="1" time="0.054288"/>
        <testcase name="test_misc_static_replacements with data set #3" assertions="1" time="0.044697"/>
        <testcase name="test_misc_static_replacements with data set #4" assertions="1" time="0.045388"/>
        <testcase name="test_misc_static_replacements with data set #5" assertions="1" time="0.045024"/>
        <testcase name="test_misc_static_replacements with data set #6" assertions="1" time="0.045242"/>
        <testcase name="test_misc_static_replacements with data set #7" assertions="1" time="0.045817"/>
        <testcase name="test_misc_static_replacements with data set #8" assertions="1" time="0.045373"/>
        <testcase name="test_misc_static_replacements with data set #9" assertions="1" time="0.054491"/>
      </testsuite>
      <testsuite name="Tests_Formatting_WPTexturize::test_quoted_numbers" tests="9" assertions="9" failures="0" errors="0" time="0.427867">
        <testcase name="test_quoted_numbers with data set #0" assertions="1" time="0.054547"/>
        <testcase name="test_quoted_numbers with data set #1" assertions="1" time="0.045344"/>
        <testcase name="test_quoted_numbers with data set #2" assertions="1" time="0.056068"/>
        <testcase name="test_quoted_numbers with data set #3" assertions="1" time="0.045109"/>
        <testcase name="test_quoted_numbers with data set #4" assertions="1" time="0.045138"/>
        <testcase name="test_quoted_numbers with data set #5" assertions="1" time="0.045707"/>
        <testcase name="test_quoted_numbers with data set #6" assertions="1" time="0.045676"/>
        <testcase name="test_quoted_numbers with data set #7" assertions="1" time="0.045191"/>
        <testcase name="test_quoted_numbers with data set #8" assertions="1" time="0.045087"/>
      </testsuite>
      <testsuite name="Tests_Formatting_WPTexturize::test_quotes_and_dashes" tests="12" assertions="12" failures="0" errors="0" time="0.554114">
        <testcase name="test_quotes_and_dashes with data set #0" assertions="1" time="0.045646"/>
        <testcase name="test_quotes_and_dashes with data set #1" assertions="1" time="0.045797"/>
        <testcase name="test_quotes_and_dashes with data set #2" assertions="1" time="0.045208"/>
        <testcase name="test_quotes_and_dashes with data set #3" assertions="1" time="0.054857"/>
        <testcase name="test_quotes_and_dashes with data set #4" assertions="1" time="0.045192"/>
        <testcase name="test_quotes_and_dashes with data set #5" assertions="1" time="0.045219"/>
        <testcase name="test_quotes_and_dashes with data set #6" assertions="1" time="0.045054"/>
        <testcase name="test_quotes_and_dashes with data set #7" assertions="1" time="0.046093"/>
        <testcase name="test_quotes_and_dashes with data set #8" assertions="1" time="0.045625"/>
        <testcase name="test_quotes_and_dashes with data set #9" assertions="1" time="0.045147"/>
        <testcase name="test_quotes_and_dashes with data set #10" assertions="1" time="0.045442"/>
        <testcase name="test_quotes_and_dashes with data set #11" assertions="1" time="0.044835"/>
      </testsuite>
      <testsuite name="Tests_Formatting_WPTexturize::test_tag_avoidance" tests="48" assertions="48" failures="0" errors="0" time="2.424814">
        <testcase name="test_tag_avoidance with data set #0" assertions="1" time="0.045587"/>
        <testcase name="test_tag_avoidance with data set #1" assertions="1" time="0.045276"/>
        <testcase name="test_tag_avoidance with data set #2" assertions="1" time="0.045865"/>
        <testcase name="test_tag_avoidance with data set #3" assertions="1" time="0.045829"/>
        <testcase name="test_tag_avoidance with data set #4" assertions="1" time="0.045487"/>
        <testcase name="test_tag_avoidance with data set #5" assertions="1" time="0.053756"/>
        <testcase name="test_tag_avoidance with data set #6" assertions="1" time="0.045293"/>
        <testcase name="test_tag_avoidance with data set #7" assertions="1" time="0.045005"/>
        <testcase name="test_tag_avoidance with data set #8" assertions="1" time="0.044836"/>
        <testcase name="test_tag_avoidance with data set #9" assertions="1" time="0.045412"/>
        <testcase name="test_tag_avoidance with data set #10" assertions="1" time="0.142107"/>
        <testcase name="test_tag_avoidance with data set #11" assertions="1" time="0.048863"/>
        <testcase name="test_tag_avoidance with data set #12" assertions="1" time="0.045996"/>
        <testcase name="test_tag_avoidance with data set #13" assertions="1" time="0.046153"/>
        <testcase name="test_tag_avoidance with data set #14" assertions="1" time="0.046625"/>
        <testcase name="test_tag_avoidance with data set #15" assertions="1" time="0.056644"/>
        <testcase name="test_tag_avoidance with data set #16" assertions="1" time="0.046997"/>
        <testcase name="test_tag_avoidance with data set #17" assertions="1" time="0.055811"/>
        <testcase name="test_tag_avoidance with data set #18" assertions="1" time="0.047124"/>
        <testcase name="test_tag_avoidance with data set #19" assertions="1" time="0.047336"/>
        <testcase name="test_tag_avoidance with data set #20" assertions="1" time="0.047908"/>
        <testcase name="test_tag_avoidance with data set #21" assertions="1" time="0.046973"/>
        <testcase name="test_tag_avoidance with data set #22" assertions="1" time="0.046165"/>
        <testcase name="test_tag_avoidance with data set #23" assertions="1" time="0.046252"/>
        <testcase name="test_tag_avoidance with data set #24" assertions="1" time="0.046704"/>
        <testcase name="test_tag_avoidance with data set #25" assertions="1" time="0.056746"/>
        <testcase name="test_tag_avoidance with data set #26" assertions="1" time="0.056034"/>
        <testcase name="test_tag_avoidance with data set #27" assertions="1" time="0.047263"/>
        <testcase name="test_tag_avoidance with data set #28" assertions="1" time="0.046788"/>
        <testcase name="test_tag_avoidance with data set #29" assertions="1" time="0.054310"/>
        <testcase name="test_tag_avoidance with data set #30" assertions="1" time="0.045587"/>
        <testcase name="test_tag_avoidance with data set #31" assertions="1" time="0.047348"/>
        <testcase name="test_tag_avoidance with data set #32" assertions="1" time="0.055235"/>
        <testcase name="test_tag_avoidance with data set #33" assertions="1" time="0.046108"/>
        <testcase name="test_tag_avoidance with data set #34" assertions="1" time="0.046864"/>
        <testcase name="test_tag_avoidance with data set #35" assertions="1" time="0.046584"/>
        <testcase name="test_tag_avoidance with data set #36" assertions="1" time="0.046342"/>
        <testcase name="test_tag_avoidance with data set #37" assertions="1" time="0.055130"/>
        <testcase name="test_tag_avoidance with data set #38" assertions="1" time="0.055148"/>
        <testcase name="test_tag_avoidance with data set #39" assertions="1" time="0.045278"/>
        <testcase name="test_tag_avoidance with data set #40" assertions="1" time="0.046074"/>
        <testcase name="test_tag_avoidance with data set #41" assertions="1" time="0.054494"/>
        <testcase name="test_tag_avoidance with data set #42" assertions="1" time="0.045588"/>
        <testcase name="test_tag_avoidance with data set #43" assertions="1" time="0.047728"/>
        <testcase name="test_tag_avoidance with data set #44" assertions="1" time="0.049206"/>
        <testcase name="test_tag_avoidance with data set #45" assertions="1" time="0.049690"/>
        <testcase name="test_tag_avoidance with data set #46" assertions="1" time="0.049858"/>
        <testcase name="test_tag_avoidance with data set #47" assertions="1" time="0.051407"/>
      </testsuite>
      <testsuite name="Tests_Formatting_WPTexturize::test_year_abbr" tests="18" assertions="18" failures="0" errors="0" time="0.875910">
        <testcase name="test_year_abbr with data set #0" assertions="1" time="0.047957"/>
        <testcase name="test_year_abbr with data set #1" assertions="1" time="0.045976"/>
        <testcase name="test_year_abbr with data set #2" assertions="1" time="0.045735"/>
        <testcase name="test_year_abbr with data set #3" assertions="1" time="0.045305"/>
        <testcase name="test_year_abbr with data set #4" assertions="1" time="0.045436"/>
        <testcase name="test_year_abbr with data set #5" assertions="1" time="0.054350"/>
        <testcase name="test_year_abbr with data set #6" assertions="1" time="0.046308"/>
        <testcase name="test_year_abbr with data set #7" assertions="1" time="0.045250"/>
        <testcase name="test_year_abbr with data set #8" assertions="1" time="0.045224"/>
        <testcase name="test_year_abbr with data set #9" assertions="1" time="0.046205"/>
        <testcase name="test_year_abbr with data set #10" assertions="1" time="0.053962"/>
        <testcase name="test_year_abbr with data set #11" assertions="1" time="0.055109"/>
        <testcase name="test_year_abbr with data set #12" assertions="1" time="0.045582"/>
        <testcase name="test_year_abbr with data set #13" assertions="1" time="0.054420"/>
        <testcase name="test_year_abbr with data set #14" assertions="1" time="0.054035"/>
        <testcase name="test_year_abbr with data set #15" assertions="1" time="0.045684"/>
        <testcase name="test_year_abbr with data set #16" assertions="1" time="0.044931"/>
        <testcase name="test_year_abbr with data set #17" assertions="1" time="0.054441"/>
      </testsuite>
      <testsuite name="Tests_Formatting_WPTexturize::test_translate" tests="44" assertions="44" failures="0" errors="0" time="2.265170">
        <testcase name="test_translate with data set #0" assertions="1" time="0.059254"/>
        <testcase name="test_translate with data set #1" assertions="1" time="0.050023"/>
        <testcase name="test_translate with data set #2" assertions="1" time="0.049667"/>
        <testcase name="test_translate with data set #3" assertions="1" time="0.052529"/>
        <testcase name="test_translate with data set #4" assertions="1" time="0.050261"/>
        <testcase name="test_translate with data set #5" assertions="1" time="0.058936"/>
        <testcase name="test_translate with data set #6" assertions="1" time="0.049845"/>
        <testcase name="test_translate with data set #7" assertions="1" time="0.049314"/>
        <testcase name="test_translate with data set #8" assertions="1" time="0.050219"/>
        <testcase name="test_translate with data set #9" assertions="1" time="0.051082"/>
        <testcase name="test_translate with data set #10" assertions="1" time="0.051253"/>
        <testcase name="test_translate with data set #11" assertions="1" time="0.052573"/>
        <testcase name="test_translate with data set #12" assertions="1" time="0.053777"/>
        <testcase name="test_translate with data set #13" assertions="1" time="0.051850"/>
        <testcase name="test_translate with data set #14" assertions="1" time="0.049647"/>
        <testcase name="test_translate with data set #15" assertions="1" time="0.050044"/>
        <testcase name="test_translate with data set #16" assertions="1" time="0.049655"/>
        <testcase name="test_translate with data set #17" assertions="1" time="0.050724"/>
        <testcase name="test_translate with data set #18" assertions="1" time="0.049550"/>
        <testcase name="test_translate with data set #19" assertions="1" time="0.050048"/>
        <testcase name="test_translate with data set #20" assertions="1" time="0.049616"/>
        <testcase name="test_translate with data set #21" assertions="1" time="0.050378"/>
        <testcase name="test_translate with data set #22" assertions="1" time="0.050360"/>
        <testcase name="test_translate with data set #23" assertions="1" time="0.051002"/>
        <testcase name="test_translate with data set #24" assertions="1" time="0.050764"/>
        <testcase name="test_translate with data set #25" assertions="1" time="0.051212"/>
        <testcase name="test_translate with data set #26" assertions="1" time="0.050248"/>
        <testcase name="test_translate with data set #27" assertions="1" time="0.050938"/>
        <testcase name="test_translate with data set #28" assertions="1" time="0.050832"/>
        <testcase name="test_translate with data set #29" assertions="1" time="0.050908"/>
        <testcase name="test_translate with data set #30" assertions="1" time="0.050851"/>
        <testcase name="test_translate with data set #31" assertions="1" time="0.051656"/>
        <testcase name="test_translate with data set #32" assertions="1" time="0.049774"/>
        <testcase name="test_translate with data set #33" assertions="1" time="0.072172"/>
        <testcase name="test_translate with data set #34" assertions="1" time="0.049320"/>
        <testcase name="test_translate with data set #35" assertions="1" time="0.049439"/>
        <testcase name="test_translate with data set #36" assertions="1" time="0.049587"/>
        <testcase name="test_translate with data set #37" assertions="1" time="0.049213"/>
        <testcase name="test_translate with data set #38" assertions="1" time="0.049834"/>
        <testcase name="test_translate with data set #39" assertions="1" time="0.049669"/>
        <testcase name="test_translate with data set #40" assertions="1" time="0.049417"/>
        <testcase name="test_translate with data set #41" assertions="1" time="0.049763"/>
        <testcase name="test_translate with data set #42" assertions="1" time="0.058508"/>
        <testcase name="test_translate with data set #43" assertions="1" time="0.049459"/>
      </testsuite>
      <testsuite name="Tests_Formatting_WPTexturize::test_element_stack" tests="9" assertions="9" failures="0" errors="0" time="0.429933">
        <testcase name="test_element_stack with data set #0" assertions="1" time="0.045217"/>
        <testcase name="test_element_stack with data set #1" assertions="1" time="0.044788"/>
        <testcase name="test_element_stack with data set #2" assertions="1" time="0.054560"/>
        <testcase name="test_element_stack with data set #3" assertions="1" time="0.045559"/>
        <testcase name="test_element_stack with data set #4" assertions="1" time="0.045983"/>
        <testcase name="test_element_stack with data set #5" assertions="1" time="0.054469"/>
        <testcase name="test_element_stack with data set #6" assertions="1" time="0.047554"/>
        <testcase name="test_element_stack with data set #7" assertions="1" time="0.046617"/>
        <testcase name="test_element_stack with data set #8" assertions="1" time="0.045186"/>
      </testsuite>
      <testsuite name="Tests_Formatting_WPTexturize::test_unregistered_shortcodes" tests="15" assertions="15" failures="0" errors="0" time="0.738140">
        <testcase name="test_unregistered_shortcodes with data set #0" assertions="1" time="0.054965"/>
        <testcase name="test_unregistered_shortcodes with data set #1" assertions="1" time="0.045082"/>
        <testcase name="test_unregistered_shortcodes with data set #2" assertions="1" time="0.045515"/>
        <testcase name="test_unregistered_shortcodes with data set #3" assertions="1" time="0.045897"/>
        <testcase name="test_unregistered_shortcodes with data set #4" assertions="1" time="0.054745"/>
        <testcase name="test_unregistered_shortcodes with data set #5" assertions="1" time="0.045479"/>
        <testcase name="test_unregistered_shortcodes with data set #6" assertions="1" time="0.045991"/>
        <testcase name="test_unregistered_shortcodes with data set #7" assertions="1" time="0.047673"/>
        <testcase name="test_unregistered_shortcodes with data set #8" assertions="1" time="0.047007"/>
        <testcase name="test_unregistered_shortcodes with data set #9" assertions="1" time="0.046915"/>
        <testcase name="test_unregistered_shortcodes with data set #10" assertions="1" time="0.055107"/>
        <testcase name="test_unregistered_shortcodes with data set #11" assertions="1" time="0.045697"/>
        <testcase name="test_unregistered_shortcodes with data set #12" assertions="1" time="0.055918"/>
        <testcase name="test_unregistered_shortcodes with data set #13" assertions="1" time="0.056431"/>
        <testcase name="test_unregistered_shortcodes with data set #14" assertions="1" time="0.045718"/>
      </testsuite>
    </testsuite>
    <testsuite name="Tests_Formatting_WPTrimWords" file="C:\svn\wordpress-develop\tests\phpunit\tests\formatting\WPTrimWords.php" tests="6" assertions="7" failures="0" errors="0" time="0.290119">
      <testcase name="test_trims_to_55_by_default" class="Tests_Formatting_WPTrimWords" file="C:\svn\wordpress-develop\tests\phpunit\tests\formatting\WPTrimWords.php" line="9" assertions="1" time="0.047489"/>
      <testcase name="test_trims_to_10" class="Tests_Formatting_WPTrimWords" file="C:\svn\wordpress-develop\tests\phpunit\tests\formatting\WPTrimWords.php" line="14" assertions="1" time="0.045525"/>
      <testcase name="test_trims_to_5_and_uses_custom_more" class="Tests_Formatting_WPTrimWords" file="C:\svn\wordpress-develop\tests\phpunit\tests\formatting\WPTrimWords.php" line="19" assertions="1" time="0.045821"/>
      <testcase name="test_strips_tags_before_trimming" class="Tests_Formatting_WPTrimWords" file="C:\svn\wordpress-develop\tests\phpunit\tests\formatting\WPTrimWords.php" line="24" assertions="1" time="0.046196"/>
      <testcase name="test_strips_script_and_style_content" class="Tests_Formatting_WPTrimWords" file="C:\svn\wordpress-develop\tests\phpunit\tests\formatting\WPTrimWords.php" line="31" assertions="2" time="0.056610"/>
      <testcase name="test_doesnt_trim_short_text" class="Tests_Formatting_WPTrimWords" file="C:\svn\wordpress-develop\tests\phpunit\tests\formatting\WPTrimWords.php" line="41" assertions="1" time="0.048477"/>
    </testsuite>
    <testsuite name="Tests_Formatting_WpHtmlEditPre" file="C:\svn\wordpress-develop\tests\phpunit\tests\formatting\WpHtmlEditPre.php" tests="2" assertions="2" failures="0" errors="0" time="0.091926">
      <testcase name="test_wp_htmledit_pre_charset_iso_8859_1" class="Tests_Formatting_WpHtmlEditPre" file="C:\svn\wordpress-develop\tests\phpunit\tests\formatting\WpHtmlEditPre.php" line="16" assertions="1" time="0.045843"/>
      <testcase name="test_wp_htmledit_pre_charset_utf_8" class="Tests_Formatting_WpHtmlEditPre" file="C:\svn\wordpress-develop\tests\phpunit\tests\formatting\WpHtmlEditPre.php" line="30" assertions="1" time="0.046083"/>
    </testsuite>
    <testsuite name="Tests_Formatting_WpRichEditPre" file="C:\svn\wordpress-develop\tests\phpunit\tests\formatting\WpRichEditPre.php" tests="2" assertions="2" failures="0" errors="0" time="0.093930">
      <testcase name="test_wp_richedit_pre_charset_iso_8859_1" class="Tests_Formatting_WpRichEditPre" file="C:\svn\wordpress-develop\tests\phpunit\tests\formatting\WpRichEditPre.php" line="16" assertions="1" time="0.047742"/>
      <testcase name="test_wp_richedit_pre_charset_utf_8" class="Tests_Formatting_WpRichEditPre" file="C:\svn\wordpress-develop\tests\phpunit\tests\formatting\WpRichEditPre.php" line="30" assertions="1" time="0.046188"/>
    </testsuite>
    <testsuite name="Tests_Formatting_WpTrimExcerpt" file="C:\svn\wordpress-develop\tests\phpunit\tests\formatting\WpTrimExcerpt.php" tests="2" assertions="2" failures="0" errors="0" time="2.556193">
      <testcase name="test_secondary_loop_respect_more" class="Tests_Formatting_WpTrimExcerpt" file="C:\svn\wordpress-develop\tests\phpunit\tests\formatting\WpTrimExcerpt.php" line="11" assertions="1" time="1.243424"/>
      <testcase name="test_secondary_loop_respect_nextpage" class="Tests_Formatting_WpTrimExcerpt" file="C:\svn\wordpress-develop\tests\phpunit\tests\formatting\WpTrimExcerpt.php" line="36" assertions="1" time="1.312769"/>
    </testsuite>
    <testsuite name="Tests_Formatting_Zeroise" file="C:\svn\wordpress-develop\tests\phpunit\tests\formatting\Zeroise.php" tests="2" assertions="2" failures="0" errors="0" time="0.097747">
      <testcase name="test_pads_with_leading_zeroes" class="Tests_Formatting_Zeroise" file="C:\svn\wordpress-develop\tests\phpunit\tests\formatting\Zeroise.php" line="7" assertions="1" time="0.049767"/>
      <testcase name="test_does_nothing_if_input_is_already_longer" class="Tests_Formatting_Zeroise" file="C:\svn\wordpress-develop\tests\phpunit\tests\formatting\Zeroise.php" line="11" assertions="1" time="0.047980"/>
    </testsuite>
    <testsuite name="Tests_Formatting_BalanceTags" file="C:\svn\wordpress-develop\tests\phpunit\tests\formatting\balanceTags.php" tests="46" assertions="76" failures="0" errors="0" time="2.321014">
      <testsuite name="Tests_Formatting_BalanceTags::test_selfcloses_unclosed_known_single_tags" tests="16" assertions="16" failures="0" errors="0" time="0.815072">
        <testcase name="test_selfcloses_unclosed_known_single_tags with data set #0" assertions="1" time="0.048961"/>
        <testcase name="test_selfcloses_unclosed_known_single_tags with data set #1" assertions="1" time="0.048159"/>
        <testcase name="test_selfcloses_unclosed_known_single_tags with data set #2" assertions="1" time="0.046919"/>
        <testcase name="test_selfcloses_unclosed_known_single_tags with data set #3" assertions="1" time="0.056275"/>
        <testcase name="test_selfcloses_unclosed_known_single_tags with data set #4" assertions="1" time="0.056611"/>
        <testcase name="test_selfcloses_unclosed_known_single_tags with data set #5" assertions="1" time="0.047705"/>
        <testcase name="test_selfcloses_unclosed_known_single_tags with data set #6" assertions="1" time="0.046873"/>
        <testcase name="test_selfcloses_unclosed_known_single_tags with data set #7" assertions="1" time="0.047365"/>
        <testcase name="test_selfcloses_unclosed_known_single_tags with data set #8" assertions="1" time="0.047084"/>
        <testcase name="test_selfcloses_unclosed_known_single_tags with data set #9" assertions="1" time="0.062212"/>
        <testcase name="test_selfcloses_unclosed_known_single_tags with data set #10" assertions="1" time="0.058091"/>
        <testcase name="test_selfcloses_unclosed_known_single_tags with data set #11" assertions="1" time="0.053052"/>
        <testcase name="test_selfcloses_unclosed_known_single_tags with data set #12" assertions="1" time="0.046958"/>
        <testcase name="test_selfcloses_unclosed_known_single_tags with data set #13" assertions="1" time="0.048255"/>
        <testcase name="test_selfcloses_unclosed_known_single_tags with data set #14" assertions="1" time="0.050395"/>
        <testcase name="test_selfcloses_unclosed_known_single_tags with data set #15" assertions="1" time="0.050157"/>
      </testsuite>
      <testsuite name="Tests_Formatting_BalanceTags::test_selfcloses_known_single_tags_having_closing_tag" tests="16" assertions="16" failures="0" errors="0" time="0.766165">
        <testcase name="test_selfcloses_known_single_tags_having_closing_tag with data set #0" assertions="1" time="0.049820"/>
        <testcase name="test_selfcloses_known_single_tags_having_closing_tag with data set #1" assertions="1" time="0.049290"/>
        <testcase name="test_selfcloses_known_single_tags_having_closing_tag with data set #2" assertions="1" time="0.048699"/>
        <testcase name="test_selfcloses_known_single_tags_having_closing_tag with data set #3" assertions="1" time="0.047730"/>
        <testcase name="test_selfcloses_known_single_tags_having_closing_tag with data set #4" assertions="1" time="0.046686"/>
        <testcase name="test_selfcloses_known_single_tags_having_closing_tag with data set #5" assertions="1" time="0.056339"/>
        <testcase name="test_selfcloses_known_single_tags_having_closing_tag with data set #6" assertions="1" time="0.046820"/>
        <testcase name="test_selfcloses_known_single_tags_having_closing_tag with data set #7" assertions="1" time="0.046203"/>
        <testcase name="test_selfcloses_known_single_tags_having_closing_tag with data set #8" assertions="1" time="0.046009"/>
        <testcase name="test_selfcloses_known_single_tags_having_closing_tag with data set #9" assertions="1" time="0.045917"/>
        <testcase name="test_selfcloses_known_single_tags_having_closing_tag with data set #10" assertions="1" time="0.046676"/>
        <testcase name="test_selfcloses_known_single_tags_having_closing_tag with data set #11" assertions="1" time="0.045858"/>
        <testcase name="test_selfcloses_known_single_tags_having_closing_tag with data set #12" assertions="1" time="0.046586"/>
        <testcase name="test_selfcloses_known_single_tags_having_closing_tag with data set #13" assertions="1" time="0.047820"/>
        <testcase name="test_selfcloses_known_single_tags_having_closing_tag with data set #14" assertions="1" time="0.047909"/>
        <testcase name="test_selfcloses_known_single_tags_having_closing_tag with data set #15" assertions="1" time="0.047803"/>
      </testsuite>
      <testcase name="test_closes_unknown_single_tags_with_closing_tag" class="Tests_Formatting_BalanceTags" file="C:\svn\wordpress-develop\tests\phpunit\tests\formatting\balanceTags.php" line="47" assertions="4" time="0.055413"/>
      <testcase name="test_closes_unclosed_single_tags_having_attributes" class="Tests_Formatting_BalanceTags" file="C:\svn\wordpress-develop\tests\phpunit\tests\formatting\balanceTags.php" line="67" assertions="2" time="0.053258"/>
      <testcase name="test_allows_validly_closed_single_tags" class="Tests_Formatting_BalanceTags" file="C:\svn\wordpress-develop\tests\phpunit\tests\formatting\balanceTags.php" line="82" assertions="4" time="0.053320"/>
      <testsuite name="Tests_Formatting_BalanceTags::test_balances_nestable_tags" tests="5" assertions="15" failures="0" errors="0" time="0.249405">
        <testcase name="test_balances_nestable_tags with data set #0" assertions="3" time="0.048790"/>
        <testcase name="test_balances_nestable_tags with data set #1" assertions="3" time="0.052843"/>
        <testcase name="test_balances_nestable_tags with data set #2" assertions="3" time="0.050093"/>
        <testcase name="test_balances_nestable_tags with data set #3" assertions="3" time="0.048833"/>
        <testcase name="test_balances_nestable_tags with data set #4" assertions="3" time="0.048846"/>
      </testsuite>
      <testcase name="test_allows_adjacent_nestable_tags" class="Tests_Formatting_BalanceTags" file="C:\svn\wordpress-develop\tests\phpunit\tests\formatting\balanceTags.php" line="115" assertions="5" time="0.061659"/>
      <testcase name="test_allows_immediately_nested_object_tags" class="Tests_Formatting_BalanceTags" file="C:\svn\wordpress-develop\tests\phpunit\tests\formatting\balanceTags.php" line="132" assertions="1" time="0.045658"/>
      <testcase name="test_balances_nested_non_nestable_tags" class="Tests_Formatting_BalanceTags" file="C:\svn\wordpress-develop\tests\phpunit\tests\formatting\balanceTags.php" line="137" assertions="2" time="0.048681"/>
      <testcase name="test_fixes_improper_closing_tag_sequence" class="Tests_Formatting_BalanceTags" file="C:\svn\wordpress-develop\tests\phpunit\tests\formatting\balanceTags.php" line="152" assertions="2" time="0.056629"/>
      <testcase name="test_adds_missing_closing_tags" class="Tests_Formatting_BalanceTags" file="C:\svn\wordpress-develop\tests\phpunit\tests\formatting\balanceTags.php" line="167" assertions="5" time="0.060877"/>
      <testcase name="test_removes_extraneous_closing_tags" class="Tests_Formatting_BalanceTags" file="C:\svn\wordpress-develop\tests\phpunit\tests\formatting\balanceTags.php" line="188" assertions="4" time="0.054877"/>
    </testsuite>
    <testsuite name="Tests_Formatting_Date" file="C:\svn\wordpress-develop\tests\phpunit\tests\formatting\date.php" tests="4" assertions="4" failures="0" errors="0" time="0.381770">
      <testcase name="test_get_date_from_gmt_outside_of_dst" class="Tests_Formatting_Date" file="C:\svn\wordpress-develop\tests\phpunit\tests\formatting\date.php" line="14" assertions="1" time="0.100878"/>
      <testcase name="test_get_date_from_gmt_during_dst" class="Tests_Formatting_Date" file="C:\svn\wordpress-develop\tests\phpunit\tests\formatting\date.php" line="25" assertions="1" time="0.085822"/>
      <testcase name="test_get_gmt_from_date_outside_of_dst" class="Tests_Formatting_Date" file="C:\svn\wordpress-develop\tests\phpunit\tests\formatting\date.php" line="35" assertions="1" time="0.098794"/>
      <testcase name="test_get_gmt_from_date_during_dst" class="Tests_Formatting_Date" file="C:\svn\wordpress-develop\tests\phpunit\tests\formatting\date.php" line="44" assertions="1" time="0.096276"/>
    </testsuite>
    <testsuite name="Tests_Formatting_Ent2NCR" file="C:\svn\wordpress-develop\tests\phpunit\tests\formatting\ent2ncr.php" tests="251" assertions="251" failures="0" errors="0" time="12.647557">
      <testsuite name="Tests_Formatting_Ent2NCR::test_converts_named_entities_to_numeric_character_references" tests="251" assertions="251" failures="0" errors="0" time="12.647557">
        <testcase name="test_converts_named_entities_to_numeric_character_references with data set #0" assertions="1" time="0.045969"/>
        <testcase name="test_converts_named_entities_to_numeric_character_references with data set #1" assertions="1" time="0.045515"/>
        <testcase name="test_converts_named_entities_to_numeric_character_references with data set #2" assertions="1" time="0.046591"/>
        <testcase name="test_converts_named_entities_to_numeric_character_references with data set #3" assertions="1" time="0.046249"/>
        <testcase name="test_converts_named_entities_to_numeric_character_references with data set #4" assertions="1" time="0.050379"/>
        <testcase name="test_converts_named_entities_to_numeric_character_references with data set #5" assertions="1" time="0.047854"/>
        <testcase name="test_converts_named_entities_to_numeric_character_references with data set #6" assertions="1" time="0.048898"/>
        <testcase name="test_converts_named_entities_to_numeric_character_references with data set #7" assertions="1" time="0.047652"/>
        <testcase name="test_converts_named_entities_to_numeric_character_references with data set #8" assertions="1" time="0.046416"/>
        <testcase name="test_converts_named_entities_to_numeric_character_references with data set #9" assertions="1" time="0.046385"/>
        <testcase name="test_converts_named_entities_to_numeric_character_references with data set #10" assertions="1" time="0.049578"/>
        <testcase name="test_converts_named_entities_to_numeric_character_references with data set #11" assertions="1" time="0.057765"/>
        <testcase name="test_converts_named_entities_to_numeric_character_references with data set #12" assertions="1" time="0.046718"/>
        <testcase name="test_converts_named_entities_to_numeric_character_references with data set #13" assertions="1" time="0.048102"/>
        <testcase name="test_converts_named_entities_to_numeric_character_references with data set #14" assertions="1" time="0.050368"/>
        <testcase name="test_converts_named_entities_to_numeric_character_references with data set #15" assertions="1" time="0.049577"/>
        <testcase name="test_converts_named_entities_to_numeric_character_references with data set #16" assertions="1" time="0.051868"/>
        <testcase name="test_converts_named_entities_to_numeric_character_references with data set #17" assertions="1" time="0.061885"/>
        <testcase name="test_converts_named_entities_to_numeric_character_references with data set #18" assertions="1" time="0.049248"/>
        <testcase name="test_converts_named_entities_to_numeric_character_references with data set #19" assertions="1" time="0.049260"/>
        <testcase name="test_converts_named_entities_to_numeric_character_references with data set #20" assertions="1" time="0.048495"/>
        <testcase name="test_converts_named_entities_to_numeric_character_references with data set #21" assertions="1" time="0.048132"/>
        <testcase name="test_converts_named_entities_to_numeric_character_references with data set #22" assertions="1" time="0.058399"/>
        <testcase name="test_converts_named_entities_to_numeric_character_references with data set #23" assertions="1" time="0.047630"/>
        <testcase name="test_converts_named_entities_to_numeric_character_references with data set #24" assertions="1" time="0.046687"/>
        <testcase name="test_converts_named_entities_to_numeric_character_references with data set #25" assertions="1" time="0.047972"/>
        <testcase name="test_converts_named_entities_to_numeric_character_references with data set #26" assertions="1" time="0.047730"/>
        <testcase name="test_converts_named_entities_to_numeric_character_references with data set #27" assertions="1" time="0.046112"/>
        <testcase name="test_converts_named_entities_to_numeric_character_references with data set #28" assertions="1" time="0.047689"/>
        <testcase name="test_converts_named_entities_to_numeric_character_references with data set #29" assertions="1" time="0.045977"/>
        <testcase name="test_converts_named_entities_to_numeric_character_references with data set #30" assertions="1" time="0.056295"/>
        <testcase name="test_converts_named_entities_to_numeric_character_references with data set #31" assertions="1" time="0.046669"/>
        <testcase name="test_converts_named_entities_to_numeric_character_references with data set #32" assertions="1" time="0.046522"/>
        <testcase name="test_converts_named_entities_to_numeric_character_references with data set #33" assertions="1" time="0.056227"/>
        <testcase name="test_converts_named_entities_to_numeric_character_references with data set #34" assertions="1" time="0.046940"/>
        <testcase name="test_converts_named_entities_to_numeric_character_references with data set #35" assertions="1" time="0.047580"/>
        <testcase name="test_converts_named_entities_to_numeric_character_references with data set #36" assertions="1" time="0.046993"/>
        <testcase name="test_converts_named_entities_to_numeric_character_references with data set #37" assertions="1" time="0.049106"/>
        <testcase name="test_converts_named_entities_to_numeric_character_references with data set #38" assertions="1" time="0.049992"/>
        <testcase name="test_converts_named_entities_to_numeric_character_references with data set #39" assertions="1" time="0.046977"/>
        <testcase name="test_converts_named_entities_to_numeric_character_references with data set #40" assertions="1" time="0.048061"/>
        <testcase name="test_converts_named_entities_to_numeric_character_references with data set #41" assertions="1" time="0.046837"/>
        <testcase name="test_converts_named_entities_to_numeric_character_references with data set #42" assertions="1" time="0.047945"/>
        <testcase name="test_converts_named_entities_to_numeric_character_references with data set #43" assertions="1" time="0.057126"/>
        <testcase name="test_converts_named_entities_to_numeric_character_references with data set #44" assertions="1" time="0.057582"/>
        <testcase name="test_converts_named_entities_to_numeric_character_references with data set #45" assertions="1" time="0.046101"/>
        <testcase name="test_converts_named_entities_to_numeric_character_references with data set #46" assertions="1" time="0.047206"/>
        <testcase name="test_converts_named_entities_to_numeric_character_references with data set #47" assertions="1" time="0.047268"/>
        <testcase name="test_converts_named_entities_to_numeric_character_references with data set #48" assertions="1" time="0.046439"/>
        <testcase name="test_converts_named_entities_to_numeric_character_references with data set #49" assertions="1" time="0.048265"/>
        <testcase name="test_converts_named_entities_to_numeric_character_references with data set #50" assertions="1" time="0.059763"/>
        <testcase name="test_converts_named_entities_to_numeric_character_references with data set #51" assertions="1" time="0.048149"/>
        <testcase name="test_converts_named_entities_to_numeric_character_references with data set #52" assertions="1" time="0.050468"/>
        <testcase name="test_converts_named_entities_to_numeric_character_references with data set #53" assertions="1" time="0.048673"/>
        <testcase name="test_converts_named_entities_to_numeric_character_references with data set #54" assertions="1" time="0.047352"/>
        <testcase name="test_converts_named_entities_to_numeric_character_references with data set #55" assertions="1" time="0.047596"/>
        <testcase name="test_converts_named_entities_to_numeric_character_references with data set #56" assertions="1" time="0.046505"/>
        <testcase name="test_converts_named_entities_to_numeric_character_references with data set #57" assertions="1" time="0.045524"/>
        <testcase name="test_converts_named_entities_to_numeric_character_references with data set #58" assertions="1" time="0.046548"/>
        <testcase name="test_converts_named_entities_to_numeric_character_references with data set #59" assertions="1" time="0.055486"/>
        <testcase name="test_converts_named_entities_to_numeric_character_references with data set #60" assertions="1" time="0.050387"/>
        <testcase name="test_converts_named_entities_to_numeric_character_references with data set #61" assertions="1" time="0.048841"/>
        <testcase name="test_converts_named_entities_to_numeric_character_references with data set #62" assertions="1" time="0.049229"/>
        <testcase name="test_converts_named_entities_to_numeric_character_references with data set #63" assertions="1" time="0.046892"/>
        <testcase name="test_converts_named_entities_to_numeric_character_references with data set #64" assertions="1" time="0.047840"/>
        <testcase name="test_converts_named_entities_to_numeric_character_references with data set #65" assertions="1" time="0.056600"/>
        <testcase name="test_converts_named_entities_to_numeric_character_references with data set #66" assertions="1" time="0.049774"/>
        <testcase name="test_converts_named_entities_to_numeric_character_references with data set #67" assertions="1" time="0.047186"/>
        <testcase name="test_converts_named_entities_to_numeric_character_references with data set #68" assertions="1" time="0.048263"/>
        <testcase name="test_converts_named_entities_to_numeric_character_references with data set #69" assertions="1" time="0.046421"/>
        <testcase name="test_converts_named_entities_to_numeric_character_references with data set #70" assertions="1" time="0.048488"/>
        <testcase name="test_converts_named_entities_to_numeric_character_references with data set #71" assertions="1" time="0.056190"/>
        <testcase name="test_converts_named_entities_to_numeric_character_references with data set #72" assertions="1" time="0.047344"/>
        <testcase name="test_converts_named_entities_to_numeric_character_references with data set #73" assertions="1" time="0.151693"/>
        <testcase name="test_converts_named_entities_to_numeric_character_references with data set #74" assertions="1" time="0.048237"/>
        <testcase name="test_converts_named_entities_to_numeric_character_references with data set #75" assertions="1" time="0.048064"/>
        <testcase name="test_converts_named_entities_to_numeric_character_references with data set #76" assertions="1" time="0.048619"/>
        <testcase name="test_converts_named_entities_to_numeric_character_references with data set #77" assertions="1" time="0.048643"/>
        <testcase name="test_converts_named_entities_to_numeric_character_references with data set #78" assertions="1" time="0.047785"/>
        <testcase name="test_converts_named_entities_to_numeric_character_references with data set #79" assertions="1" time="0.050132"/>
        <testcase name="test_converts_named_entities_to_numeric_character_references with data set #80" assertions="1" time="0.048249"/>
        <testcase name="test_converts_named_entities_to_numeric_character_references with data set #81" assertions="1" time="0.047825"/>
        <testcase name="test_converts_named_entities_to_numeric_character_references with data set #82" assertions="1" time="0.049431"/>
        <testcase name="test_converts_named_entities_to_numeric_character_references with data set #83" assertions="1" time="0.048763"/>
        <testcase name="test_converts_named_entities_to_numeric_character_references with data set #84" assertions="1" time="0.048117"/>
        <testcase name="test_converts_named_entities_to_numeric_character_references with data set #85" assertions="1" time="0.047995"/>
        <testcase name="test_converts_named_entities_to_numeric_character_references with data set #86" assertions="1" time="0.048125"/>
        <testcase name="test_converts_named_entities_to_numeric_character_references with data set #87" assertions="1" time="0.048276"/>
        <testcase name="test_converts_named_entities_to_numeric_character_references with data set #88" assertions="1" time="0.048053"/>
        <testcase name="test_converts_named_entities_to_numeric_character_references with data set #89" assertions="1" time="0.049420"/>
        <testcase name="test_converts_named_entities_to_numeric_character_references with data set #90" assertions="1" time="0.047364"/>
        <testcase name="test_converts_named_entities_to_numeric_character_references with data set #91" assertions="1" time="0.046853"/>
        <testcase name="test_converts_named_entities_to_numeric_character_references with data set #92" assertions="1" time="0.049001"/>
        <testcase name="test_converts_named_entities_to_numeric_character_references with data set #93" assertions="1" time="0.047584"/>
        <testcase name="test_converts_named_entities_to_numeric_character_references with data set #94" assertions="1" time="0.047922"/>
        <testcase name="test_converts_named_entities_to_numeric_character_references with data set #95" assertions="1" time="0.056721"/>
        <testcase name="test_converts_named_entities_to_numeric_character_references with data set #96" assertions="1" time="0.047428"/>
        <testcase name="test_converts_named_entities_to_numeric_character_references with data set #97" assertions="1" time="0.046403"/>
        <testcase name="test_converts_named_entities_to_numeric_character_references with data set #98" assertions="1" time="0.047352"/>
        <testcase name="test_converts_named_entities_to_numeric_character_references with data set #99" assertions="1" time="0.046866"/>
        <testcase name="test_converts_named_entities_to_numeric_character_references with data set #100" assertions="1" time="0.048008"/>
        <testcase name="test_converts_named_entities_to_numeric_character_references with data set #101" assertions="1" time="0.046731"/>
        <testcase name="test_converts_named_entities_to_numeric_character_references with data set #102" assertions="1" time="0.049346"/>
        <testcase name="test_converts_named_entities_to_numeric_character_references with data set #103" assertions="1" time="0.047222"/>
        <testcase name="test_converts_named_entities_to_numeric_character_references with data set #104" assertions="1" time="0.047285"/>
        <testcase name="test_converts_named_entities_to_numeric_character_references with data set #105" assertions="1" time="0.046872"/>
        <testcase name="test_converts_named_entities_to_numeric_character_references with data set #106" assertions="1" time="0.046026"/>
        <testcase name="test_converts_named_entities_to_numeric_character_references with data set #107" assertions="1" time="0.047616"/>
        <testcase name="test_converts_named_entities_to_numeric_character_references with data set #108" assertions="1" time="0.046366"/>
        <testcase name="test_converts_named_entities_to_numeric_character_references with data set #109" assertions="1" time="0.056728"/>
        <testcase name="test_converts_named_entities_to_numeric_character_references with data set #110" assertions="1" time="0.055479"/>
        <testcase name="test_converts_named_entities_to_numeric_character_references with data set #111" assertions="1" time="0.055155"/>
        <testcase name="test_converts_named_entities_to_numeric_character_references with data set #112" assertions="1" time="0.047975"/>
        <testcase name="test_converts_named_entities_to_numeric_character_references with data set #113" assertions="1" time="0.046615"/>
        <testcase name="test_converts_named_entities_to_numeric_character_references with data set #114" assertions="1" time="0.047616"/>
        <testcase name="test_converts_named_entities_to_numeric_character_references with data set #115" assertions="1" time="0.046638"/>
        <testcase name="test_converts_named_entities_to_numeric_character_references with data set #116" assertions="1" time="0.046066"/>
        <testcase name="test_converts_named_entities_to_numeric_character_references with data set #117" assertions="1" time="0.057009"/>
        <testcase name="test_converts_named_entities_to_numeric_character_references with data set #118" assertions="1" time="0.046946"/>
        <testcase name="test_converts_named_entities_to_numeric_character_references with data set #119" assertions="1" time="0.057301"/>
        <testcase name="test_converts_named_entities_to_numeric_character_references with data set #120" assertions="1" time="0.047512"/>
        <testcase name="test_converts_named_entities_to_numeric_character_references with data set #121" assertions="1" time="0.047256"/>
        <testcase name="test_converts_named_entities_to_numeric_character_references with data set #122" assertions="1" time="0.047270"/>
        <testcase name="test_converts_named_entities_to_numeric_character_references with data set #123" assertions="1" time="0.055771"/>
        <testcase name="test_converts_named_entities_to_numeric_character_references with data set #124" assertions="1" time="0.046525"/>
        <testcase name="test_converts_named_entities_to_numeric_character_references with data set #125" assertions="1" time="0.046566"/>
        <testcase name="test_converts_named_entities_to_numeric_character_references with data set #126" assertions="1" time="0.046934"/>
        <testcase name="test_converts_named_entities_to_numeric_character_references with data set #127" assertions="1" time="0.046556"/>
        <testcase name="test_converts_named_entities_to_numeric_character_references with data set #128" assertions="1" time="0.045974"/>
        <testcase name="test_converts_named_entities_to_numeric_character_references with data set #129" assertions="1" time="0.056006"/>
        <testcase name="test_converts_named_entities_to_numeric_character_references with data set #130" assertions="1" time="0.046440"/>
        <testcase name="test_converts_named_entities_to_numeric_character_references with data set #131" assertions="1" time="0.046881"/>
        <testcase name="test_converts_named_entities_to_numeric_character_references with data set #132" assertions="1" time="0.047145"/>
        <testcase name="test_converts_named_entities_to_numeric_character_references with data set #133" assertions="1" time="0.047092"/>
        <testcase name="test_converts_named_entities_to_numeric_character_references with data set #134" assertions="1" time="0.046430"/>
        <testcase name="test_converts_named_entities_to_numeric_character_references with data set #135" assertions="1" time="0.048081"/>
        <testcase name="test_converts_named_entities_to_numeric_character_references with data set #136" assertions="1" time="0.046036"/>
        <testcase name="test_converts_named_entities_to_numeric_character_references with data set #137" assertions="1" time="0.048222"/>
        <testcase name="test_converts_named_entities_to_numeric_character_references with data set #138" assertions="1" time="0.046494"/>
        <testcase name="test_converts_named_entities_to_numeric_character_references with data set #139" assertions="1" time="0.057799"/>
        <testcase name="test_converts_named_entities_to_numeric_character_references with data set #140" assertions="1" time="0.058333"/>
        <testcase name="test_converts_named_entities_to_numeric_character_references with data set #141" assertions="1" time="0.047452"/>
        <testcase name="test_converts_named_entities_to_numeric_character_references with data set #142" assertions="1" time="0.048816"/>
        <testcase name="test_converts_named_entities_to_numeric_character_references with data set #143" assertions="1" time="0.051448"/>
        <testcase name="test_converts_named_entities_to_numeric_character_references with data set #144" assertions="1" time="0.050293"/>
        <testcase name="test_converts_named_entities_to_numeric_character_references with data set #145" assertions="1" time="0.049802"/>
        <testcase name="test_converts_named_entities_to_numeric_character_references with data set #146" assertions="1" time="0.049974"/>
        <testcase name="test_converts_named_entities_to_numeric_character_references with data set #147" assertions="1" time="0.049710"/>
        <testcase name="test_converts_named_entities_to_numeric_character_references with data set #148" assertions="1" time="0.054471"/>
        <testcase name="test_converts_named_entities_to_numeric_character_references with data set #149" assertions="1" time="0.055599"/>
        <testcase name="test_converts_named_entities_to_numeric_character_references with data set #150" assertions="1" time="0.049310"/>
        <testcase name="test_converts_named_entities_to_numeric_character_references with data set #151" assertions="1" time="0.047158"/>
        <testcase name="test_converts_named_entities_to_numeric_character_references with data set #152" assertions="1" time="0.049947"/>
        <testcase name="test_converts_named_entities_to_numeric_character_references with data set #153" assertions="1" time="0.047732"/>
        <testcase name="test_converts_named_entities_to_numeric_character_references with data set #154" assertions="1" time="0.048391"/>
        <testcase name="test_converts_named_entities_to_numeric_character_references with data set #155" assertions="1" time="0.047018"/>
        <testcase name="test_converts_named_entities_to_numeric_character_references with data set #156" assertions="1" time="0.047193"/>
        <testcase name="test_converts_named_entities_to_numeric_character_references with data set #157" assertions="1" time="0.047043"/>
        <testcase name="test_converts_named_entities_to_numeric_character_references with data set #158" assertions="1" time="0.046921"/>
        <testcase name="test_converts_named_entities_to_numeric_character_references with data set #159" assertions="1" time="0.046269"/>
        <testcase name="test_converts_named_entities_to_numeric_character_references with data set #160" assertions="1" time="0.046729"/>
        <testcase name="test_converts_named_entities_to_numeric_character_references with data set #161" assertions="1" time="0.048282"/>
        <testcase name="test_converts_named_entities_to_numeric_character_references with data set #162" assertions="1" time="0.048296"/>
        <testcase name="test_converts_named_entities_to_numeric_character_references with data set #163" assertions="1" time="0.046120"/>
        <testcase name="test_converts_named_entities_to_numeric_character_references with data set #164" assertions="1" time="0.046506"/>
        <testcase name="test_converts_named_entities_to_numeric_character_references with data set #165" assertions="1" time="0.046282"/>
        <testcase name="test_converts_named_entities_to_numeric_character_references with data set #166" assertions="1" time="0.047638"/>
        <testcase name="test_converts_named_entities_to_numeric_character_references with data set #167" assertions="1" time="0.048147"/>
        <testcase name="test_converts_named_entities_to_numeric_character_references with data set #168" assertions="1" time="0.055547"/>
        <testcase name="test_converts_named_entities_to_numeric_character_references with data set #169" assertions="1" time="0.046693"/>
        <testcase name="test_converts_named_entities_to_numeric_character_references with data set #170" assertions="1" time="0.056214"/>
        <testcase name="test_converts_named_entities_to_numeric_character_references with data set #171" assertions="1" time="0.059306"/>
        <testcase name="test_converts_named_entities_to_numeric_character_references with data set #172" assertions="1" time="0.047912"/>
        <testcase name="test_converts_named_entities_to_numeric_character_references with data set #173" assertions="1" time="0.046454"/>
        <testcase name="test_converts_named_entities_to_numeric_character_references with data set #174" assertions="1" time="0.047000"/>
        <testcase name="test_converts_named_entities_to_numeric_character_references with data set #175" assertions="1" time="0.050101"/>
        <testcase name="test_converts_named_entities_to_numeric_character_references with data set #176" assertions="1" time="0.047118"/>
        <testcase name="test_converts_named_entities_to_numeric_character_references with data set #177" assertions="1" time="0.048799"/>
        <testcase name="test_converts_named_entities_to_numeric_character_references with data set #178" assertions="1" time="0.047545"/>
        <testcase name="test_converts_named_entities_to_numeric_character_references with data set #179" assertions="1" time="0.047438"/>
        <testcase name="test_converts_named_entities_to_numeric_character_references with data set #180" assertions="1" time="0.047407"/>
        <testcase name="test_converts_named_entities_to_numeric_character_references with data set #181" assertions="1" time="0.047711"/>
        <testcase name="test_converts_named_entities_to_numeric_character_references with data set #182" assertions="1" time="0.057142"/>
        <testcase name="test_converts_named_entities_to_numeric_character_references with data set #183" assertions="1" time="0.047111"/>
        <testcase name="test_converts_named_entities_to_numeric_character_references with data set #184" assertions="1" time="0.046396"/>
        <testcase name="test_converts_named_entities_to_numeric_character_references with data set #185" assertions="1" time="0.047772"/>
        <testcase name="test_converts_named_entities_to_numeric_character_references with data set #186" assertions="1" time="0.047170"/>
        <testcase name="test_converts_named_entities_to_numeric_character_references with data set #187" assertions="1" time="0.046917"/>
        <testcase name="test_converts_named_entities_to_numeric_character_references with data set #188" assertions="1" time="0.047471"/>
        <testcase name="test_converts_named_entities_to_numeric_character_references with data set #189" assertions="1" time="0.047153"/>
        <testcase name="test_converts_named_entities_to_numeric_character_references with data set #190" assertions="1" time="0.046271"/>
        <testcase name="test_converts_named_entities_to_numeric_character_references with data set #191" assertions="1" time="0.055829"/>
        <testcase name="test_converts_named_entities_to_numeric_character_references with data set #192" assertions="1" time="0.047357"/>
        <testcase name="test_converts_named_entities_to_numeric_character_references with data set #193" assertions="1" time="0.049070"/>
        <testcase name="test_converts_named_entities_to_numeric_character_references with data set #194" assertions="1" time="0.052846"/>
        <testcase name="test_converts_named_entities_to_numeric_character_references with data set #195" assertions="1" time="0.052460"/>
        <testcase name="test_converts_named_entities_to_numeric_character_references with data set #196" assertions="1" time="0.061506"/>
        <testcase name="test_converts_named_entities_to_numeric_character_references with data set #197" assertions="1" time="0.051731"/>
        <testcase name="test_converts_named_entities_to_numeric_character_references with data set #198" assertions="1" time="0.051265"/>
        <testcase name="test_converts_named_entities_to_numeric_character_references with data set #199" assertions="1" time="0.054916"/>
        <testcase name="test_converts_named_entities_to_numeric_character_references with data set #200" assertions="1" time="0.049465"/>
        <testcase name="test_converts_named_entities_to_numeric_character_references with data set #201" assertions="1" time="0.050254"/>
        <testcase name="test_converts_named_entities_to_numeric_character_references with data set #202" assertions="1" time="0.049882"/>
        <testcase name="test_converts_named_entities_to_numeric_character_references with data set #203" assertions="1" time="0.048318"/>
        <testcase name="test_converts_named_entities_to_numeric_character_references with data set #204" assertions="1" time="0.047277"/>
        <testcase name="test_converts_named_entities_to_numeric_character_references with data set #205" assertions="1" time="0.047976"/>
        <testcase name="test_converts_named_entities_to_numeric_character_references with data set #206" assertions="1" time="0.045735"/>
        <testcase name="test_converts_named_entities_to_numeric_character_references with data set #207" assertions="1" time="0.048981"/>
        <testcase name="test_converts_named_entities_to_numeric_character_references with data set #208" assertions="1" time="0.046143"/>
        <testcase name="test_converts_named_entities_to_numeric_character_references with data set #209" assertions="1" time="0.047125"/>
        <testcase name="test_converts_named_entities_to_numeric_character_references with data set #210" assertions="1" time="0.047868"/>
        <testcase name="test_converts_named_entities_to_numeric_character_references with data set #211" assertions="1" time="0.047779"/>
        <testcase name="test_converts_named_entities_to_numeric_character_references with data set #212" assertions="1" time="0.057183"/>
        <testcase name="test_converts_named_entities_to_numeric_character_references with data set #213" assertions="1" time="0.048520"/>
        <testcase name="test_converts_named_entities_to_numeric_character_references with data set #214" assertions="1" time="0.056455"/>
        <testcase name="test_converts_named_entities_to_numeric_character_references with data set #215" assertions="1" time="0.157003"/>
        <testcase name="test_converts_named_entities_to_numeric_character_references with data set #216" assertions="1" time="0.048427"/>
        <testcase name="test_converts_named_entities_to_numeric_character_references with data set #217" assertions="1" time="0.049406"/>
        <testcase name="test_converts_named_entities_to_numeric_character_references with data set #218" assertions="1" time="0.049921"/>
        <testcase name="test_converts_named_entities_to_numeric_character_references with data set #219" assertions="1" time="0.048669"/>
        <testcase name="test_converts_named_entities_to_numeric_character_references with data set #220" assertions="1" time="0.048261"/>
        <testcase name="test_converts_named_entities_to_numeric_character_references with data set #221" assertions="1" time="0.048645"/>
        <testcase name="test_converts_named_entities_to_numeric_character_references with data set #222" assertions="1" time="0.056300"/>
        <testcase name="test_converts_named_entities_to_numeric_character_references with data set #223" assertions="1" time="0.055801"/>
        <testcase name="test_converts_named_entities_to_numeric_character_references with data set #224" assertions="1" time="0.052740"/>
        <testcase name="test_converts_named_entities_to_numeric_character_references with data set #225" assertions="1" time="0.053323"/>
        <testcase name="test_converts_named_entities_to_numeric_character_references with data set #226" assertions="1" time="0.050754"/>
        <testcase name="test_converts_named_entities_to_numeric_character_references with data set #227" assertions="1" time="0.050349"/>
        <testcase name="test_converts_named_entities_to_numeric_character_references with data set #228" assertions="1" time="0.050751"/>
        <testcase name="test_converts_named_entities_to_numeric_character_references with data set #229" assertions="1" time="0.049691"/>
        <testcase name="test_converts_named_entities_to_numeric_character_references with data set #230" assertions="1" time="0.048925"/>
        <testcase name="test_converts_named_entities_to_numeric_character_references with data set #231" assertions="1" time="0.049056"/>
        <testcase name="test_converts_named_entities_to_numeric_character_references with data set #232" assertions="1" time="0.054212"/>
        <testcase name="test_converts_named_entities_to_numeric_character_references with data set #233" assertions="1" time="0.051274"/>
        <testcase name="test_converts_named_entities_to_numeric_character_references with data set #234" assertions="1" time="0.059534"/>
        <testcase name="test_converts_named_entities_to_numeric_character_references with data set #235" assertions="1" time="0.051104"/>
        <testcase name="test_converts_named_entities_to_numeric_character_references with data set #236" assertions="1" time="0.050041"/>
        <testcase name="test_converts_named_entities_to_numeric_character_references with data set #237" assertions="1" time="0.050618"/>
        <testcase name="test_converts_named_entities_to_numeric_character_references with data set #238" assertions="1" time="0.050543"/>
        <testcase name="test_converts_named_entities_to_numeric_character_references with data set #239" assertions="1" time="0.050677"/>
        <testcase name="test_converts_named_entities_to_numeric_character_references with data set #240" assertions="1" time="0.051153"/>
        <testcase name="test_converts_named_entities_to_numeric_character_references with data set #241" assertions="1" time="0.047129"/>
        <testcase name="test_converts_named_entities_to_numeric_character_references with data set #242" assertions="1" time="0.061438"/>
        <testcase name="test_converts_named_entities_to_numeric_character_references with data set #243" assertions="1" time="0.055167"/>
        <testcase name="test_converts_named_entities_to_numeric_character_references with data set #244" assertions="1" time="0.054672"/>
        <testcase name="test_converts_named_entities_to_numeric_character_references with data set #245" assertions="1" time="0.051697"/>
        <testcase name="test_converts_named_entities_to_numeric_character_references with data set #246" assertions="1" time="0.059000"/>
        <testcase name="test_converts_named_entities_to_numeric_character_references with data set #247" assertions="1" time="0.048880"/>
        <testcase name="test_converts_named_entities_to_numeric_character_references with data set #248" assertions="1" time="0.058381"/>
        <testcase name="test_converts_named_entities_to_numeric_character_references with data set #249" assertions="1" time="0.048738"/>
        <testcase name="test_converts_named_entities_to_numeric_character_references with data set #250" assertions="1" time="0.046144"/>
      </testsuite>
    </testsuite>
    <testsuite name="Test_WP_ISO_Descrambler" file="C:\svn\wordpress-develop\tests\phpunit\tests\formatting\isoDescrambler.php" tests="1" assertions="1" failures="0" errors="0" time="0.045549">
      <testcase name="test_decodes_iso_8859_1_rfc2047_q_encoding" class="Test_WP_ISO_Descrambler" file="C:\svn\wordpress-develop\tests\phpunit\tests\formatting\isoDescrambler.php" line="11" assertions="1" time="0.045549"/>
    </testsuite>
    <testsuite name="Tests_Formatting_Redirect" file="C:\svn\wordpress-develop\tests\phpunit\tests\formatting\redirect.php" tests="1" assertions="7" failures="0" errors="0" time="0.052555">
      <testcase name="test_wp_sanitize_redirect" class="Tests_Formatting_Redirect" file="C:\svn\wordpress-develop\tests\phpunit\tests\formatting\redirect.php" line="8" assertions="7" time="0.052555"/>
    </testsuite>
    <testsuite name="Tests_Formatting_WP_Basename" file="C:\svn\wordpress-develop\tests\phpunit\tests\formatting\wp_basename.php" tests="4" assertions="4" failures="0" errors="0" time="0.201567">
      <testcase name="test_wp_basename_unix" class="Tests_Formatting_WP_Basename" file="C:\svn\wordpress-develop\tests\phpunit\tests\formatting\wp_basename.php" line="8" assertions="1" time="0.045972"/>
      <testcase name="test_wp_basename_unix_utf8_support" class="Tests_Formatting_WP_Basename" file="C:\svn\wordpress-develop\tests\phpunit\tests\formatting\wp_basename.php" line="13" assertions="1" time="0.044788"/>
      <testcase name="test_wp_basename_windows" class="Tests_Formatting_WP_Basename" file="C:\svn\wordpress-develop\tests\phpunit\tests\formatting\wp_basename.php" line="21" assertions="1" time="0.051973"/>
      <testcase name="test_wp_basename_windows_utf8_support" class="Tests_Formatting_WP_Basename" file="C:\svn\wordpress-develop\tests\phpunit\tests\formatting\wp_basename.php" line="29" assertions="1" time="0.058834"/>
    </testsuite>
    <testsuite name="Tests_Functions" file="C:\svn\wordpress-develop\tests\phpunit\tests\functions.php" tests="29" assertions="273" failures="0" errors="0" time="25.288255">
      <testcase name="test_wp_parse_args_object" class="Tests_Functions" file="C:\svn\wordpress-develop\tests\phpunit\tests\functions.php" line="7" assertions="2" time="0.060492"/>
      <testcase name="test_wp_parse_args_array" class="Tests_Functions" file="C:\svn\wordpress-develop\tests\phpunit\tests\functions.php" line="16" assertions="2" time="0.055452"/>
      <testcase name="test_wp_parse_args_defaults" class="Tests_Functions" file="C:\svn\wordpress-develop\tests\phpunit\tests\functions.php" line="23" assertions="2" time="0.056991"/>
      <testcase name="test_wp_parse_args_other" class="Tests_Functions" file="C:\svn\wordpress-develop\tests\phpunit\tests\functions.php" line="33" assertions="2" time="0.050192"/>
      <testcase name="test_size_format" class="Tests_Functions" file="C:\svn\wordpress-develop\tests\phpunit\tests\functions.php" line="41" assertions="9" time="0.052146"/>
      <testcase name="test_path_is_absolute" class="Tests_Functions" file="C:\svn\wordpress-develop\tests\phpunit\tests\functions.php" line="61" assertions="10" time="23.303985"/>
      <testcase name="test_path_is_not_absolute" class="Tests_Functions" file="C:\svn\wordpress-develop\tests\phpunit\tests\functions.php" line="81" assertions="10" time="0.060531"/>
      <testcase name="test_wp_unique_filename" class="Tests_Functions" file="C:\svn\wordpress-develop\tests\phpunit\tests\functions.php" line="101" assertions="12" time="0.071507"/>
      <testcase name="test_is_serialized" class="Tests_Functions" file="C:\svn\wordpress-develop\tests\phpunit\tests\functions.php" line="134" assertions="14" time="0.047683"/>
      <testcase name="test_add_query_arg" class="Tests_Functions" file="C:\svn\wordpress-develop\tests\phpunit\tests\functions.php" line="163" assertions="152" time="0.263102"/>
      <testcase name="test_get_allowed_mime_types" class="Tests_Functions" file="C:\svn\wordpress-develop\tests\phpunit\tests\functions.php" line="249" assertions="6" time="0.056934"/>
      <testcase name="test_wp_get_mime_types" class="Tests_Functions" file="C:\svn\wordpress-develop\tests\phpunit\tests\functions.php" line="269" assertions="11" time="0.113974"/>
      <testcase name="test_canonical_charset" class="Tests_Functions" file="C:\svn\wordpress-develop\tests\phpunit\tests\functions.php" line="301" assertions="9" time="0.139441"/>
      <testsuite name="Tests_Functions::test_wp_parse_id_list" tests="7" assertions="7" failures="0" errors="0" time="0.374655">
        <testcase name="test_wp_parse_id_list with data set #0" assertions="1" time="0.068006"/>
        <testcase name="test_wp_parse_id_list with data set #1" assertions="1" time="0.053843"/>
        <testcase name="test_wp_parse_id_list with data set #2" assertions="1" time="0.044595"/>
        <testcase name="test_wp_parse_id_list with data set #3" assertions="1" time="0.055045"/>
        <testcase name="test_wp_parse_id_list with data set #4" assertions="1" time="0.053709"/>
        <testcase name="test_wp_parse_id_list with data set #5" assertions="1" time="0.045077"/>
        <testcase name="test_wp_parse_id_list with data set #6" assertions="1" time="0.054380"/>
      </testsuite>
      <testcase name="test_data_is_not_an_allowed_protocol" class="Tests_Functions" file="C:\svn\wordpress-develop\tests\phpunit\tests\functions.php" line="357" assertions="1" time="0.043437"/>
      <testcase name="test_wp_extract_urls" class="Tests_Functions" file="C:\svn\wordpress-develop\tests\phpunit\tests\functions.php" line="364" assertions="14" time="0.182841"/>
      <testcase name="test_wp_json_encode" class="Tests_Functions" file="C:\svn\wordpress-develop\tests\phpunit\tests\functions.php" line="531" assertions="1" time="0.047244"/>
      <testcase name="test_wp_json_encode_utf8" class="Tests_Functions" file="C:\svn\wordpress-develop\tests\phpunit\tests\functions.php" line="538" assertions="1" time="0.055687"/>
      <testcase name="test_wp_json_encode_non_utf8" class="Tests_Functions" file="C:\svn\wordpress-develop\tests\phpunit\tests\functions.php" line="545" assertions="2" time="0.057036"/>
      <testcase name="test_wp_json_encode_non_utf8_in_array" class="Tests_Functions" file="C:\svn\wordpress-develop\tests\phpunit\tests\functions.php" line="565" assertions="2" time="0.047474"/>
      <testcase name="test_wp_json_encode_array" class="Tests_Functions" file="C:\svn\wordpress-develop\tests\phpunit\tests\functions.php" line="585" assertions="1" time="0.045179"/>
      <testcase name="test_wp_json_encode_object" class="Tests_Functions" file="C:\svn\wordpress-develop\tests\phpunit\tests\functions.php" line="592" assertions="1" time="0.055784"/>
      <testcase name="test_wp_json_encode_depth" class="Tests_Functions" file="C:\svn\wordpress-develop\tests\phpunit\tests\functions.php" line="601" assertions="2" time="0.046489"/>
    </testsuite>
    <testsuite name="Tests_Functions_WpValidateBoolean" file="C:\svn\wordpress-develop\tests\phpunit\tests\functions\WpValidateBoolean.php" tests="15" assertions="15" failures="0" errors="0" time="0.711077">
      <testcase name="test_bool_true" class="Tests_Functions_WpValidateBoolean" file="C:\svn\wordpress-develop\tests\phpunit\tests\functions\WpValidateBoolean.php" line="7" assertions="1" time="0.055704"/>
      <testcase name="test_int_1" class="Tests_Functions_WpValidateBoolean" file="C:\svn\wordpress-develop\tests\phpunit\tests\functions\WpValidateBoolean.php" line="11" assertions="1" time="0.049443"/>
      <testcase name="test_string_true_lowercase" class="Tests_Functions_WpValidateBoolean" file="C:\svn\wordpress-develop\tests\phpunit\tests\functions\WpValidateBoolean.php" line="15" assertions="1" time="0.048351"/>
      <testcase name="test_string_true_uppercase" class="Tests_Functions_WpValidateBoolean" file="C:\svn\wordpress-develop\tests\phpunit\tests\functions\WpValidateBoolean.php" line="19" assertions="1" time="0.046366"/>
      <testcase name="test_arbitrary_string_should_return_true" class="Tests_Functions_WpValidateBoolean" file="C:\svn\wordpress-develop\tests\phpunit\tests\functions\WpValidateBoolean.php" line="23" assertions="1" time="0.044307"/>
      <testcase name="test_bool_false" class="Tests_Functions_WpValidateBoolean" file="C:\svn\wordpress-develop\tests\phpunit\tests\functions\WpValidateBoolean.php" line="27" assertions="1" time="0.053480"/>
      <testcase name="test_int_0" class="Tests_Functions_WpValidateBoolean" file="C:\svn\wordpress-develop\tests\phpunit\tests\functions\WpValidateBoolean.php" line="31" assertions="1" time="0.045009"/>
      <testcase name="test_float_0" class="Tests_Functions_WpValidateBoolean" file="C:\svn\wordpress-develop\tests\phpunit\tests\functions\WpValidateBoolean.php" line="35" assertions="1" time="0.055486"/>
      <testcase name="test_empty_string" class="Tests_Functions_WpValidateBoolean" file="C:\svn\wordpress-develop\tests\phpunit\tests\functions\WpValidateBoolean.php" line="39" assertions="1" time="0.044611"/>
      <testcase name="test_string_0" class="Tests_Functions_WpValidateBoolean" file="C:\svn\wordpress-develop\tests\phpunit\tests\functions\WpValidateBoolean.php" line="43" assertions="1" time="0.045137"/>
      <testcase name="test_empty_array" class="Tests_Functions_WpValidateBoolean" file="C:\svn\wordpress-develop\tests\phpunit\tests\functions\WpValidateBoolean.php" line="47" assertions="1" time="0.044934"/>
      <testcase name="test_null" class="Tests_Functions_WpValidateBoolean" file="C:\svn\wordpress-develop\tests\phpunit\tests\functions\WpValidateBoolean.php" line="51" assertions="1" time="0.044504"/>
      <testcase name="test_string_false_lowercase" class="Tests_Functions_WpValidateBoolean" file="C:\svn\wordpress-develop\tests\phpunit\tests\functions\WpValidateBoolean.php" line="55" assertions="1" time="0.044784"/>
      <testcase name="test_string_false_uppercase" class="Tests_Functions_WpValidateBoolean" file="C:\svn\wordpress-develop\tests\phpunit\tests\functions\WpValidateBoolean.php" line="63" assertions="1" time="0.044288"/>
      <testcase name="test_string_false_mixedcase" class="Tests_Functions_WpValidateBoolean" file="C:\svn\wordpress-develop\tests\phpunit\tests\functions\WpValidateBoolean.php" line="71" assertions="1" time="0.044674"/>
    </testsuite>
    <testsuite name="Test_Functions_Deprecated" file="C:\svn\wordpress-develop\tests\phpunit\tests\functions\deprecated.php" tests="2" assertions="2" failures="0" errors="0" time="0.449751">
      <testcase name="test_wp_save_image_file_deprecated_with_gd_resource" class="Test_Functions_Deprecated" file="C:\svn\wordpress-develop\tests\phpunit\tests\functions\deprecated.php" line="141" assertions="1" time="0.235092"/>
      <testcase name="test_wp_save_image_file_not_deprecated_with_wp_image_editor" class="Test_Functions_Deprecated" file="C:\svn\wordpress-develop\tests\phpunit\tests\functions\deprecated.php" line="162" assertions="1" time="0.214659"/>
    </testsuite>
    <testsuite name="Tests_Get_Archives" file="C:\svn\wordpress-develop\tests\phpunit\tests\functions\getArchives.php" tests="8" assertions="9" failures="0" errors="0" time="5.397261">
      <testcase name="test_wp_get_archives_default" class="Tests_Get_Archives" file="C:\svn\wordpress-develop\tests\phpunit\tests\functions\getArchives.php" line="22" assertions="1" time="0.739794"/>
      <testcase name="test_wp_get_archives_type" class="Tests_Get_Archives" file="C:\svn\wordpress-develop\tests\phpunit\tests\functions\getArchives.php" line="27" assertions="1" time="0.641102"/>
      <testcase name="test_wp_get_archives_limit" class="Tests_Get_Archives" file="C:\svn\wordpress-develop\tests\phpunit\tests\functions\getArchives.php" line="32" assertions="1" time="0.672802"/>
      <testcase name="test_wp_get_archives_format" class="Tests_Get_Archives" file="C:\svn\wordpress-develop\tests\phpunit\tests\functions\getArchives.php" line="51" assertions="1" time="0.651246"/>
      <testcase name="test_wp_get_archives_before_and_after" class="Tests_Get_Archives" file="C:\svn\wordpress-develop\tests\phpunit\tests\functions\getArchives.php" line="56" assertions="1" time="0.629117"/>
      <testcase name="test_wp_get_archives_show_post_count" class="Tests_Get_Archives" file="C:\svn\wordpress-develop\tests\phpunit\tests\functions\getArchives.php" line="61" assertions="1" time="0.643081"/>
      <testcase name="test_wp_get_archives_echo" class="Tests_Get_Archives" file="C:\svn\wordpress-develop\tests\phpunit\tests\functions\getArchives.php" line="66" assertions="1" time="0.682355"/>
      <testcase name="test_wp_get_archives_order" class="Tests_Get_Archives" file="C:\svn\wordpress-develop\tests\phpunit\tests\functions\getArchives.php" line="74" assertions="2" time="0.737764"/>
    </testsuite>
    <testsuite name="Tests_Functions_ListFilter" file="C:\svn\wordpress-develop\tests\phpunit\tests\functions\listFilter.php" tests="19" assertions="38" failures="0" errors="0" time="0.940691">
      <testcase name="test_filter_object_list_and" class="Tests_Functions_ListFilter" file="C:\svn\wordpress-develop\tests\phpunit\tests\functions\listFilter.php" line="22" assertions="3" time="0.045764"/>
      <testcase name="test_filter_object_list_or" class="Tests_Functions_ListFilter" file="C:\svn\wordpress-develop\tests\phpunit\tests\functions\listFilter.php" line="29" assertions="4" time="0.045643"/>
      <testcase name="test_filter_object_list_not" class="Tests_Functions_ListFilter" file="C:\svn\wordpress-develop\tests\phpunit\tests\functions\listFilter.php" line="37" assertions="2" time="0.045595"/>
      <testcase name="test_filter_object_list_and_field" class="Tests_Functions_ListFilter" file="C:\svn\wordpress-develop\tests\phpunit\tests\functions\listFilter.php" line="43" assertions="2" time="0.048536"/>
      <testcase name="test_filter_object_list_or_field" class="Tests_Functions_ListFilter" file="C:\svn\wordpress-develop\tests\phpunit\tests\functions\listFilter.php" line="49" assertions="2" time="0.058048"/>
      <testcase name="test_filter_object_list_not_field" class="Tests_Functions_ListFilter" file="C:\svn\wordpress-develop\tests\phpunit\tests\functions\listFilter.php" line="55" assertions="2" time="0.056202"/>
      <testcase name="test_wp_list_pluck" class="Tests_Functions_ListFilter" file="C:\svn\wordpress-develop\tests\phpunit\tests\functions\listFilter.php" line="61" assertions="2" time="0.051356"/>
      <testcase name="test_wp_list_pluck_index_key" class="Tests_Functions_ListFilter" file="C:\svn\wordpress-develop\tests\phpunit\tests\functions\listFilter.php" line="72" assertions="1" time="0.047989"/>
      <testcase name="test_wp_list_pluck_object_index_key" class="Tests_Functions_ListFilter" file="C:\svn\wordpress-develop\tests\phpunit\tests\functions\listFilter.php" line="80" assertions="1" time="0.056401"/>
      <testcase name="test_wp_list_pluck_missing_index_key" class="Tests_Functions_ListFilter" file="C:\svn\wordpress-develop\tests\phpunit\tests\functions\listFilter.php" line="88" assertions="1" time="0.056775"/>
      <testcase name="test_wp_list_pluck_partial_missing_index_key" class="Tests_Functions_ListFilter" file="C:\svn\wordpress-develop\tests\phpunit\tests\functions\listFilter.php" line="96" assertions="1" time="0.048089"/>
      <testcase name="test_wp_list_pluck_mixed_index_key" class="Tests_Functions_ListFilter" file="C:\svn\wordpress-develop\tests\phpunit\tests\functions\listFilter.php" line="106" assertions="1" time="0.048061"/>
      <testcase name="test_filter_object_list_nested_array_and" class="Tests_Functions_ListFilter" file="C:\svn\wordpress-develop\tests\phpunit\tests\functions\listFilter.php" line="113" assertions="2" time="0.045996"/>
      <testcase name="test_filter_object_list_nested_array_not" class="Tests_Functions_ListFilter" file="C:\svn\wordpress-develop\tests\phpunit\tests\functions\listFilter.php" line="119" assertions="3" time="0.046061"/>
      <testcase name="test_filter_object_list_nested_array_or" class="Tests_Functions_ListFilter" file="C:\svn\wordpress-develop\tests\phpunit\tests\functions\listFilter.php" line="126" assertions="3" time="0.046462"/>
      <testcase name="test_filter_object_list_nested_array_or_singular" class="Tests_Functions_ListFilter" file="C:\svn\wordpress-develop\tests\phpunit\tests\functions\listFilter.php" line="133" assertions="2" time="0.045956"/>
      <testcase name="test_filter_object_list_nested_array_and_field" class="Tests_Functions_ListFilter" file="C:\svn\wordpress-develop\tests\phpunit\tests\functions\listFilter.php" line="140" assertions="2" time="0.048450"/>
      <testcase name="test_filter_object_list_nested_array_not_field" class="Tests_Functions_ListFilter" file="C:\svn\wordpress-develop\tests\phpunit\tests\functions\listFilter.php" line="146" assertions="2" time="0.049606"/>
      <testcase name="test_filter_object_list_nested_array_or_field" class="Tests_Functions_ListFilter" file="C:\svn\wordpress-develop\tests\phpunit\tests\functions\listFilter.php" line="152" assertions="2" time="0.049702"/>
    </testsuite>
    <testsuite name="Tests_General_Archives" file="C:\svn\wordpress-develop\tests\phpunit\tests\general\archives.php" tests="1" assertions="37" failures="0" errors="0" time="1.363171">
      <testcase name="test_get_archives_cache" class="Tests_General_Archives" file="C:\svn\wordpress-develop\tests\phpunit\tests\general\archives.php" line="16" assertions="37" time="1.363171"/>
    </testsuite>
    <testsuite name="Tests_General_Errors" file="C:\svn\wordpress-develop\tests\phpunit\tests\general\errors.php" tests="4" assertions="20" failures="0" errors="0" time="0.215416">
      <testcase name="test_create_error" class="Tests_General_Errors" file="C:\svn\wordpress-develop\tests\phpunit\tests\general\errors.php" line="9" assertions="4" time="0.047799"/>
      <testcase name="test_add_error" class="Tests_General_Errors" file="C:\svn\wordpress-develop\tests\phpunit\tests\general\errors.php" line="18" assertions="4" time="0.056840"/>
      <testcase name="test_multiple_errors" class="Tests_General_Errors" file="C:\svn\wordpress-develop\tests\phpunit\tests\general\errors.php" line="28" assertions="8" time="0.063775"/>
      <testcase name="test_remove_error" class="Tests_General_Errors" file="C:\svn\wordpress-develop\tests\phpunit\tests\general\errors.php" line="47" assertions="4" time="0.047002"/>
    </testsuite>
    <testsuite name="Tests_Paginate_Links" file="C:\svn\wordpress-develop\tests\phpunit\tests\general\paginateLinks.php" tests="7" assertions="25" failures="0" errors="0" time="1.511910">
      <testcase name="test_defaults" class="Tests_Paginate_Links" file="C:\svn\wordpress-develop\tests\phpunit\tests\general\paginateLinks.php" line="23" assertions="1" time="0.109823"/>
      <testcase name="test_format" class="Tests_Paginate_Links" file="C:\svn\wordpress-develop\tests\phpunit\tests\general\paginateLinks.php" line="41" assertions="1" time="0.095143"/>
      <testcase name="test_prev_next_false" class="Tests_Paginate_Links" file="C:\svn\wordpress-develop\tests\phpunit\tests\general\paginateLinks.php" line="59" assertions="1" time="0.104300"/>
      <testcase name="test_prev_next_true" class="Tests_Paginate_Links" file="C:\svn\wordpress-develop\tests\phpunit\tests\general\paginateLinks.php" line="78" assertions="1" time="0.106352"/>
      <testcase name="test_paginate_links_number_format" class="Tests_Paginate_Links" file="C:\svn\wordpress-develop\tests\phpunit\tests\general\paginateLinks.php" line="106" assertions="1" time="0.101940"/>
      <testcase name="test_paginate_links_base_value" class="Tests_Paginate_Links" file="C:\svn\wordpress-develop\tests\phpunit\tests\general\paginateLinks.php" line="126" assertions="10" time="0.118359"/>
      <testcase name="test_paginate_links_query_args" class="Tests_Paginate_Links" file="C:\svn\wordpress-develop\tests\phpunit\tests\general\paginateLinks.php" line="200" assertions="10" time="0.875993"/>
    </testsuite>
    <testsuite name="Tests_HTTP_curl" file="C:\svn\wordpress-develop\tests\phpunit\tests\http\curl.php" tests="21" assertions="43" failures="0" errors="0" time="33.962712">
      <testcase name="test_redirect_on_301" class="Tests_HTTP_curl" file="C:\svn\wordpress-develop\tests\phpunit\tests\http\curl.php" line="44" assertions="2" time="3.048680"/>
      <testcase name="test_redirect_on_302" class="Tests_HTTP_curl" file="C:\svn\wordpress-develop\tests\phpunit\tests\http\curl.php" line="51" assertions="2" time="2.693001"/>
      <testcase name="test_redirect_on_301_no_redirect" class="Tests_HTTP_curl" file="C:\svn\wordpress-develop\tests\phpunit\tests\http\curl.php" line="61" assertions="2" time="0.444637"/>
      <testcase name="test_redirect_on_302_no_redirect" class="Tests_HTTP_curl" file="C:\svn\wordpress-develop\tests\phpunit\tests\http\curl.php" line="71" assertions="2" time="0.474408"/>
      <testcase name="test_redirections_equal" class="Tests_HTTP_curl" file="C:\svn\wordpress-develop\tests\phpunit\tests\http\curl.php" line="78" assertions="2" time="2.711099"/>
      <testcase name="test_no_head_redirections" class="Tests_HTTP_curl" file="C:\svn\wordpress-develop\tests\phpunit\tests\http\curl.php" line="85" assertions="2" time="0.451171"/>
      <testcase name="test_redirect_on_head" class="Tests_HTTP_curl" file="C:\svn\wordpress-develop\tests\phpunit\tests\http\curl.php" line="95" assertions="2" time="2.606663"/>
      <testcase name="test_redirections_greater" class="Tests_HTTP_curl" file="C:\svn\wordpress-develop\tests\phpunit\tests\http\curl.php" line="102" assertions="1" time="2.723792"/>
      <testcase name="test_redirections_greater_edgecase" class="Tests_HTTP_curl" file="C:\svn\wordpress-develop\tests\phpunit\tests\http\curl.php" line="108" assertions="1" time="2.736885"/>
      <testcase name="test_redirections_less_edgecase" class="Tests_HTTP_curl" file="C:\svn\wordpress-develop\tests\phpunit\tests\http\curl.php" line="114" assertions="1" time="2.217553"/>
      <testcase name="test_redirections_zero_redirections_specified" class="Tests_HTTP_curl" file="C:\svn\wordpress-develop\tests\phpunit\tests\http\curl.php" line="123" assertions="2" time="0.441007"/>
      <testcase name="test_location_header_on_201" class="Tests_HTTP_curl" file="C:\svn\wordpress-develop\tests\phpunit\tests\http\curl.php" line="135" assertions="2" time="0.541790"/>
      <testcase name="test_no_redirection_on_PUT" class="Tests_HTTP_curl" file="C:\svn\wordpress-develop\tests\phpunit\tests\http\curl.php" line="147" assertions="2" time="0.497706"/>
      <testcase name="test_send_headers" class="Tests_HTTP_curl" file="C:\svn\wordpress-develop\tests\phpunit\tests\http\curl.php" line="159" assertions="3" time="0.571872"/>
      <testcase name="test_file_stream" class="Tests_HTTP_curl" file="C:\svn\wordpress-develop\tests\phpunit\tests\http\curl.php" line="182" assertions="4" time="1.415406"/>
      <testcase name="test_file_stream_limited_size" class="Tests_HTTP_curl" file="C:\svn\wordpress-develop\tests\phpunit\tests\http\curl.php" line="202" assertions="2" time="0.453724"/>
      <testcase name="test_post_redirect_to_method_300" class="Tests_HTTP_curl" file="C:\svn\wordpress-develop\tests\phpunit\tests\http\curl.php" line="223" assertions="5" time="4.645857"/>
      <testcase name="test_ip_url_with_host_header" class="Tests_HTTP_curl" file="C:\svn\wordpress-develop\tests\phpunit\tests\http\curl.php" line="252" assertions="1" time="0.538498"/>
      <testcase name="test_multiple_location_headers" class="Tests_HTTP_curl" file="C:\svn\wordpress-develop\tests\phpunit\tests\http\curl.php" line="273" assertions="3" time="1.546639"/>
      <testcase name="test_cookie_handling" class="Tests_HTTP_curl" file="C:\svn\wordpress-develop\tests\phpunit\tests\http\curl.php" line="290" assertions="1" time="0.986040"/>
      <testcase name="test_ssl" class="Tests_HTTP_curl" file="C:\svn\wordpress-develop\tests\phpunit\tests\http\curl.php" line="303" assertions="1" time="2.216283"/>
    </testsuite>
    <testsuite name="Tests_HTTP_Functions" file="C:\svn\wordpress-develop\tests\phpunit\tests\http\functions.php" tests="6" assertions="20" failures="0" errors="0" time="2.360717">
      <testcase name="test_head_request" class="Tests_HTTP_Functions" file="C:\svn\wordpress-develop\tests\phpunit\tests\http\functions.php" line="8" assertions="4" time="0.229450"/>
      <testcase name="test_head_redirect" class="Tests_HTTP_Functions" file="C:\svn\wordpress-develop\tests\phpunit\tests\http\functions.php" line="20" assertions="1" time="0.412269"/>
      <testcase name="test_head_404" class="Tests_HTTP_Functions" file="C:\svn\wordpress-develop\tests\phpunit\tests\http\functions.php" line="27" assertions="2" time="0.260984"/>
      <testcase name="test_get_request" class="Tests_HTTP_Functions" file="C:\svn\wordpress-develop\tests\phpunit\tests\http\functions.php" line="35" assertions="6" time="0.310127"/>
      <testcase name="test_get_redirect" class="Tests_HTTP_Functions" file="C:\svn\wordpress-develop\tests\phpunit\tests\http\functions.php" line="52" assertions="6" time="1.089005"/>
      <testcase name="test_get_redirect_limit_exceeded" class="Tests_HTTP_Functions" file="C:\svn\wordpress-develop\tests\phpunit\tests\http\functions.php" line="70" assertions="1" time="0.058882"/>
    </testsuite>
    <testsuite name="Tests_HTTP_HTTP" file="C:\svn\wordpress-develop\tests\phpunit\tests\http\http.php" tests="32" assertions="32" failures="0" errors="0" time="1.575320">
      <testsuite name="Tests_HTTP_HTTP::test_make_absolute_url" tests="25" assertions="25" failures="0" errors="0" time="1.215162">
        <testcase name="test_make_absolute_url with data set #0" assertions="1" time="0.046637"/>
        <testcase name="test_make_absolute_url with data set #1" assertions="1" time="0.046946"/>
        <testcase name="test_make_absolute_url with data set #2" assertions="1" time="0.055785"/>
        <testcase name="test_make_absolute_url with data set #3" assertions="1" time="0.047021"/>
        <testcase name="test_make_absolute_url with data set #4" assertions="1" time="0.055583"/>
        <testcase name="test_make_absolute_url with data set #5" assertions="1" time="0.048103"/>
        <testcase name="test_make_absolute_url with data set #6" assertions="1" time="0.047429"/>
        <testcase name="test_make_absolute_url with data set #7" assertions="1" time="0.047459"/>
        <testcase name="test_make_absolute_url with data set #8" assertions="1" time="0.046679"/>
        <testcase name="test_make_absolute_url with data set #9" assertions="1" time="0.048584"/>
        <testcase name="test_make_absolute_url with data set #10" assertions="1" time="0.047224"/>
        <testcase name="test_make_absolute_url with data set #11" assertions="1" time="0.048510"/>
        <testcase name="test_make_absolute_url with data set #12" assertions="1" time="0.046249"/>
        <testcase name="test_make_absolute_url with data set #13" assertions="1" time="0.046689"/>
        <testcase name="test_make_absolute_url with data set #14" assertions="1" time="0.047492"/>
        <testcase name="test_make_absolute_url with data set #15" assertions="1" time="0.054894"/>
        <testcase name="test_make_absolute_url with data set #16" assertions="1" time="0.047719"/>
        <testcase name="test_make_absolute_url with data set #17" assertions="1" time="0.046947"/>
        <testcase name="test_make_absolute_url with data set #18" assertions="1" time="0.047264"/>
        <testcase name="test_make_absolute_url with data set #19" assertions="1" time="0.048482"/>
        <testcase name="test_make_absolute_url with data set #20" assertions="1" time="0.046970"/>
        <testcase name="test_make_absolute_url with data set #21" assertions="1" time="0.055257"/>
        <testcase name="test_make_absolute_url with data set #22" assertions="1" time="0.047593"/>
        <testcase name="test_make_absolute_url with data set #23" assertions="1" time="0.046858"/>
        <testcase name="test_make_absolute_url with data set #24" assertions="1" time="0.046789"/>
      </testsuite>
      <testsuite name="Tests_HTTP_HTTP::test_parse_url" tests="7" assertions="7" failures="0" errors="0" time="0.360158">
        <testcase name="test_parse_url with data set #0" assertions="1" time="0.048593"/>
        <testcase name="test_parse_url with data set #1" assertions="1" time="0.048972"/>
        <testcase name="test_parse_url with data set #2" assertions="1" time="0.048681"/>
        <testcase name="test_parse_url with data set #3" assertions="1" time="0.058719"/>
        <testcase name="test_parse_url with data set #4" assertions="1" time="0.058423"/>
        <testcase name="test_parse_url with data set #5" assertions="1" time="0.048618"/>
        <testcase name="test_parse_url with data set #6" assertions="1" time="0.048152"/>
      </testsuite>
    </testsuite>
    <testsuite name="Tests_HTTP_streams" file="C:\svn\wordpress-develop\tests\phpunit\tests\http\streams.php" tests="20" assertions="42" failures="0" errors="0" time="30.974769">
      <testcase name="test_redirect_on_301" class="Tests_HTTP_streams" file="C:\svn\wordpress-develop\tests\phpunit\tests\http\streams.php" line="44" assertions="2" time="2.691371"/>
      <testcase name="test_redirect_on_302" class="Tests_HTTP_streams" file="C:\svn\wordpress-develop\tests\phpunit\tests\http\streams.php" line="51" assertions="2" time="2.762456"/>
      <testcase name="test_redirect_on_301_no_redirect" class="Tests_HTTP_streams" file="C:\svn\wordpress-develop\tests\phpunit\tests\http\streams.php" line="61" assertions="2" time="0.446184"/>
      <testcase name="test_redirect_on_302_no_redirect" class="Tests_HTTP_streams" file="C:\svn\wordpress-develop\tests\phpunit\tests\http\streams.php" line="71" assertions="2" time="0.468294"/>
      <testcase name="test_redirections_equal" class="Tests_HTTP_streams" file="C:\svn\wordpress-develop\tests\phpunit\tests\http\streams.php" line="78" assertions="2" time="2.637749"/>
      <testcase name="test_no_head_redirections" class="Tests_HTTP_streams" file="C:\svn\wordpress-develop\tests\phpunit\tests\http\streams.php" line="85" assertions="2" time="0.439642"/>
      <testcase name="test_redirect_on_head" class="Tests_HTTP_streams" file="C:\svn\wordpress-develop\tests\phpunit\tests\http\streams.php" line="95" assertions="2" time="2.708250"/>
      <testcase name="test_redirections_greater" class="Tests_HTTP_streams" file="C:\svn\wordpress-develop\tests\phpunit\tests\http\streams.php" line="102" assertions="1" time="2.730731"/>
      <testcase name="test_redirections_greater_edgecase" class="Tests_HTTP_streams" file="C:\svn\wordpress-develop\tests\phpunit\tests\http\streams.php" line="108" assertions="1" time="2.701339"/>
      <testcase name="test_redirections_less_edgecase" class="Tests_HTTP_streams" file="C:\svn\wordpress-develop\tests\phpunit\tests\http\streams.php" line="114" assertions="1" time="2.235925"/>
      <testcase name="test_redirections_zero_redirections_specified" class="Tests_HTTP_streams" file="C:\svn\wordpress-develop\tests\phpunit\tests\http\streams.php" line="123" assertions="2" time="0.446818"/>
      <testcase name="test_location_header_on_201" class="Tests_HTTP_streams" file="C:\svn\wordpress-develop\tests\phpunit\tests\http\streams.php" line="135" assertions="2" time="0.444456"/>
      <testcase name="test_no_redirection_on_PUT" class="Tests_HTTP_streams" file="C:\svn\wordpress-develop\tests\phpunit\tests\http\streams.php" line="147" assertions="2" time="0.443305"/>
      <testcase name="test_send_headers" class="Tests_HTTP_streams" file="C:\svn\wordpress-develop\tests\phpunit\tests\http\streams.php" line="159" assertions="3" time="0.463900"/>
      <testcase name="test_file_stream" class="Tests_HTTP_streams" file="C:\svn\wordpress-develop\tests\phpunit\tests\http\streams.php" line="182" assertions="4" time="1.659236"/>
      <testcase name="test_file_stream_limited_size" class="Tests_HTTP_streams" file="C:\svn\wordpress-develop\tests\phpunit\tests\http\streams.php" line="202" assertions="2" time="0.472342"/>
      <testcase name="test_post_redirect_to_method_300" class="Tests_HTTP_streams" file="C:\svn\wordpress-develop\tests\phpunit\tests\http\streams.php" line="223" assertions="5" time="4.534350"/>
      <testcase name="test_ip_url_with_host_header" class="Tests_HTTP_streams" file="C:\svn\wordpress-develop\tests\phpunit\tests\http\streams.php" line="252" assertions="1" time="0.451876"/>
      <testcase name="test_multiple_location_headers" class="Tests_HTTP_streams" file="C:\svn\wordpress-develop\tests\phpunit\tests\http\streams.php" line="273" assertions="3" time="1.353543"/>
      <testcase name="test_cookie_handling" class="Tests_HTTP_streams" file="C:\svn\wordpress-develop\tests\phpunit\tests\http\streams.php" line="290" assertions="1" time="0.883002"/>
    </testsuite>
    <testsuite name="Tests_Image_Dimensions" file="C:\svn\wordpress-develop\tests\phpunit\tests\image\dimensions.php" tests="11" assertions="24" failures="0" errors="0" time="0.680211">
      <testcase name="test_400x400_no_crop" class="Tests_Image_Dimensions" file="C:\svn\wordpress-develop\tests\phpunit\tests\image\dimensions.php" line="9" assertions="2" time="0.062501"/>
      <testcase name="test_400x0_no_crop" class="Tests_Image_Dimensions" file="C:\svn\wordpress-develop\tests\phpunit\tests\image\dimensions.php" line="21" assertions="2" time="0.061929"/>
      <testcase name="test_0x400_no_crop" class="Tests_Image_Dimensions" file="C:\svn\wordpress-develop\tests\phpunit\tests\image\dimensions.php" line="33" assertions="2" time="0.063323"/>
      <testcase name="test_800x800_no_crop" class="Tests_Image_Dimensions" file="C:\svn\wordpress-develop\tests\phpunit\tests\image\dimensions.php" line="45" assertions="2" time="0.048286"/>
      <testcase name="test_800x0_no_crop" class="Tests_Image_Dimensions" file="C:\svn\wordpress-develop\tests\phpunit\tests\image\dimensions.php" line="57" assertions="2" time="0.048437"/>
      <testcase name="test_0x800_no_crop" class="Tests_Image_Dimensions" file="C:\svn\wordpress-develop\tests\phpunit\tests\image\dimensions.php" line="69" assertions="2" time="0.058843"/>
      <testcase name="test_400x400_crop" class="Tests_Image_Dimensions" file="C:\svn\wordpress-develop\tests\phpunit\tests\image\dimensions.php" line="83" assertions="2" time="0.064477"/>
      <testcase name="test_400x0_crop" class="Tests_Image_Dimensions" file="C:\svn\wordpress-develop\tests\phpunit\tests\image\dimensions.php" line="95" assertions="2" time="0.062233"/>
      <testcase name="test_0x400_crop" class="Tests_Image_Dimensions" file="C:\svn\wordpress-develop\tests\phpunit\tests\image\dimensions.php" line="107" assertions="2" time="0.070621"/>
      <testcase name="test_400x500_crop" class="Tests_Image_Dimensions" file="C:\svn\wordpress-develop\tests\phpunit\tests\image\dimensions.php" line="119" assertions="2" time="0.061871"/>
      <testcase name="test_crop_anchors" class="Tests_Image_Dimensions" file="C:\svn\wordpress-develop\tests\phpunit\tests\image\dimensions.php" line="134" assertions="4" time="0.077690"/>
    </testsuite>
    <testsuite name="Tests_Image_Functions" file="C:\svn\wordpress-develop\tests\phpunit\tests\image\functions.php" tests="10" assertions="40" failures="0" errors="0" time="1.491943">
      <testcase name="test_is_image_positive" class="Tests_Image_Functions" file="C:\svn\wordpress-develop\tests\phpunit\tests\image\functions.php" line="40" assertions="11" time="0.227208"/>
      <testcase name="test_is_image_negative" class="Tests_Image_Functions" file="C:\svn\wordpress-develop\tests\phpunit\tests\image\functions.php" line="61" assertions="3" time="0.081489"/>
      <testcase name="test_is_displayable_image_positive" class="Tests_Image_Functions" file="C:\svn\wordpress-develop\tests\phpunit\tests\image\functions.php" line="74" assertions="3" time="0.056675"/>
      <testcase name="test_is_displayable_image_negative" class="Tests_Image_Functions" file="C:\svn\wordpress-develop\tests\phpunit\tests\image\functions.php" line="87" assertions="8" time="0.060950"/>
      <testcase name="test_load_directory" class="Tests_Image_Functions" file="C:\svn\wordpress-develop\tests\phpunit\tests\image\functions.php" line="250" assertions="4" time="0.082642"/>
      <testcase name="test_wp_crop_image_file" class="Tests_Image_Functions" file="C:\svn\wordpress-develop\tests\phpunit\tests\image\functions.php" line="275" assertions="4" time="0.086011"/>
      <testcase name="test_wp_crop_image_url" class="Tests_Image_Functions" file="C:\svn\wordpress-develop\tests\phpunit\tests\image\functions.php" line="291" assertions="4" time="0.472324"/>
      <testcase name="test_wp_crop_image_file_not_exist" class="Tests_Image_Functions" file="C:\svn\wordpress-develop\tests\phpunit\tests\image\functions.php" line="308" assertions="1" time="0.049729"/>
      <testcase name="test_wp_crop_image_url_not_exist" class="Tests_Image_Functions" file="C:\svn\wordpress-develop\tests\phpunit\tests\image\functions.php" line="314" assertions="1" time="0.318018"/>
      <testcase name="test_wp_crop_image_error_on_saving" class="Tests_Image_Functions" file="C:\svn\wordpress-develop\tests\phpunit\tests\image\functions.php" line="327" assertions="1" time="0.056898"/>
    </testsuite>
    <testsuite name="Tests_Image_Header" file="C:\svn\wordpress-develop\tests\phpunit\tests\image\header.php" tests="7" assertions="17" failures="0" errors="0" time="6.228617">
      <testcase name="test_header_image_has_correct_dimensions_with_max_width" class="Tests_Image_Header" file="C:\svn\wordpress-develop\tests\phpunit\tests\image\header.php" line="16" assertions="2" time="0.048805"/>
      <testcase name="test_header_image_has_correct_dimensions_with_fixed" class="Tests_Image_Header" file="C:\svn\wordpress-develop\tests\phpunit\tests\image\header.php" line="34" assertions="2" time="0.048436"/>
      <testcase name="test_header_image_has_correct_dimensions_with_flex_height" class="Tests_Image_Header" file="C:\svn\wordpress-develop\tests\phpunit\tests\image\header.php" line="52" assertions="2" time="0.058359"/>
      <testcase name="test_header_image_has_correct_dimensions_with_flex_width" class="Tests_Image_Header" file="C:\svn\wordpress-develop\tests\phpunit\tests\image\header.php" line="70" assertions="2" time="0.048499"/>
      <testcase name="test_header_image_has_correct_dimensions_with_flex_width_and_height" class="Tests_Image_Header" file="C:\svn\wordpress-develop\tests\phpunit\tests\image\header.php" line="88" assertions="2" time="0.050209"/>
      <testcase name="test_create_attachment_object" class="Tests_Image_Header" file="C:\svn\wordpress-develop\tests\phpunit\tests\image\header.php" line="106" assertions="5" time="3.228002"/>
      <testcase name="test_insert_cropped_attachment" class="Tests_Image_Header" file="C:\svn\wordpress-develop\tests\phpunit\tests\image\header.php" line="126" assertions="2" time="2.746307"/>
    </testsuite>
    <testsuite name="Tests_Image_Intermediate_Size" file="C:\svn\wordpress-develop\tests\phpunit\tests\image\intermediate_size.php" tests="4" assertions="8" failures="0" errors="0" time="0.321420">
      <testcase name="test_make_intermediate_size_no_size" class="Tests_Image_Intermediate_Size" file="C:\svn\wordpress-develop\tests\phpunit\tests\image\intermediate_size.php" line="13" assertions="1" time="0.058932"/>
      <testcase name="test_make_intermediate_size_width" class="Tests_Image_Intermediate_Size" file="C:\svn\wordpress-develop\tests\phpunit\tests\image\intermediate_size.php" line="19" assertions="1" time="0.096014"/>
      <testcase name="test_make_intermediate_size_height" class="Tests_Image_Intermediate_Size" file="C:\svn\wordpress-develop\tests\phpunit\tests\image\intermediate_size.php" line="28" assertions="1" time="0.079723"/>
      <testcase name="test_make_intermediate_size_successful" class="Tests_Image_Intermediate_Size" file="C:\svn\wordpress-develop\tests\phpunit\tests\image\intermediate_size.php" line="37" assertions="5" time="0.086751"/>
    </testsuite>
    <testsuite name="Tests_Image_Meta" file="C:\svn\wordpress-develop\tests\phpunit\tests\image\meta.php" tests="0" assertions="0" failures="0" errors="0" time="0.000000"/>
    <testsuite name="Test_Image_Resize_GD" file="C:\svn\wordpress-develop\tests\phpunit\tests\image\resize_gd.php" tests="12" assertions="42" failures="0" errors="0" time="1.454716">
      <testcase name="test_resize_jpg" class="Test_Image_Resize_GD" file="C:\svn\wordpress-develop\tests\phpunit\tests\image\resize_gd.php" line="13" assertions="4" time="0.061627"/>
      <testcase name="test_resize_png" class="Test_Image_Resize_GD" file="C:\svn\wordpress-develop\tests\phpunit\tests\image\resize_gd.php" line="25" assertions="4" time="0.095209"/>
      <testcase name="test_resize_gif" class="Test_Image_Resize_GD" file="C:\svn\wordpress-develop\tests\phpunit\tests\image\resize_gd.php" line="37" assertions="4" time="0.081786"/>
      <testcase name="test_resize_larger" class="Test_Image_Resize_GD" file="C:\svn\wordpress-develop\tests\phpunit\tests\image\resize_gd.php" line="49" assertions="2" time="0.054065"/>
      <testcase name="test_resize_thumb_128x96" class="Test_Image_Resize_GD" file="C:\svn\wordpress-develop\tests\phpunit\tests\image\resize_gd.php" line="57" assertions="4" time="0.295433"/>
      <testcase name="test_resize_thumb_128x0" class="Test_Image_Resize_GD" file="C:\svn\wordpress-develop\tests\phpunit\tests\image\resize_gd.php" line="69" assertions="4" time="0.171275"/>
      <testcase name="test_resize_thumb_0x96" class="Test_Image_Resize_GD" file="C:\svn\wordpress-develop\tests\phpunit\tests\image\resize_gd.php" line="81" assertions="4" time="0.149025"/>
      <testcase name="test_resize_thumb_150x150_crop" class="Test_Image_Resize_GD" file="C:\svn\wordpress-develop\tests\phpunit\tests\image\resize_gd.php" line="93" assertions="4" time="0.158972"/>
      <testcase name="test_resize_thumb_150x100_crop" class="Test_Image_Resize_GD" file="C:\svn\wordpress-develop\tests\phpunit\tests\image\resize_gd.php" line="105" assertions="4" time="0.130745"/>
      <testcase name="test_resize_thumb_50x150_crop" class="Test_Image_Resize_GD" file="C:\svn\wordpress-develop\tests\phpunit\tests\image\resize_gd.php" line="117" assertions="4" time="0.136600"/>
      <testcase name="test_resize_non_existent_image" class="Test_Image_Resize_GD" file="C:\svn\wordpress-develop\tests\phpunit\tests\image\resize_gd.php" line="133" assertions="2" time="0.050111"/>
      <testcase name="test_resize_bad_image" class="Test_Image_Resize_GD" file="C:\svn\wordpress-develop\tests\phpunit\tests\image\resize_gd.php" line="144" assertions="2" time="0.069869"/>
    </testsuite>
    <testsuite name="Test_Image_Resize_Imagick" file="C:\svn\wordpress-develop\tests\phpunit\tests\image\resize_imagick.php" tests="0" assertions="0" failures="0" errors="0" time="0.000000"/>
    <testsuite name="Tests_Image_Size" file="C:\svn\wordpress-develop\tests\phpunit\tests\image\size.php" tests="13" assertions="41" failures="0" errors="0" time="0.800870">
      <testcase name="test_constrain_dims_zero" class="Tests_Image_Size" file="C:\svn\wordpress-develop\tests\phpunit\tests\image\size.php" line="10" assertions="3" time="0.061671"/>
      <testcase name="test_constrain_dims_smaller" class="Tests_Image_Size" file="C:\svn\wordpress-develop\tests\phpunit\tests\image\size.php" line="25" assertions="3" time="0.056250"/>
      <testcase name="test_constrain_dims_equal" class="Tests_Image_Size" file="C:\svn\wordpress-develop\tests\phpunit\tests\image\size.php" line="40" assertions="3" time="0.053922"/>
      <testcase name="test_constrain_dims_larger" class="Tests_Image_Size" file="C:\svn\wordpress-develop\tests\phpunit\tests\image\size.php" line="55" assertions="6" time="0.063070"/>
      <testcase name="test_constrain_dims_boundary" class="Tests_Image_Size" file="C:\svn\wordpress-develop\tests\phpunit\tests\image\size.php" line="80" assertions="4" time="0.055129"/>
      <testcase name="test_shrink_dimensions_default" class="Tests_Image_Size" file="C:\svn\wordpress-develop\tests\phpunit\tests\image\size.php" line="102" assertions="2" time="0.062047"/>
      <testcase name="test_shrink_dimensions_smaller" class="Tests_Image_Size" file="C:\svn\wordpress-develop\tests\phpunit\tests\image\size.php" line="113" assertions="2" time="0.051976"/>
      <testcase name="test_shrink_dimensions_equal" class="Tests_Image_Size" file="C:\svn\wordpress-develop\tests\phpunit\tests\image\size.php" line="125" assertions="2" time="0.051365"/>
      <testcase name="test_shrink_dimensions_larger" class="Tests_Image_Size" file="C:\svn\wordpress-develop\tests\phpunit\tests\image\size.php" line="137" assertions="2" time="0.053909"/>
      <testcase name="test_shrink_dimensions_boundary" class="Tests_Image_Size" file="C:\svn\wordpress-develop\tests\phpunit\tests\image\size.php" line="149" assertions="4" time="0.057886"/>
      <testcase name="test_constrain_size_for_editor_thumb" class="Tests_Image_Size" file="C:\svn\wordpress-develop\tests\phpunit\tests\image\size.php" line="165" assertions="2" time="0.061536"/>
      <testcase name="test_constrain_size_for_editor_medium" class="Tests_Image_Size" file="C:\svn\wordpress-develop\tests\phpunit\tests\image\size.php" line="173" assertions="4" time="0.114234"/>
      <testcase name="test_constrain_size_for_editor_full" class="Tests_Image_Size" file="C:\svn\wordpress-develop\tests\phpunit\tests\image\size.php" line="200" assertions="4" time="0.057875"/>
    </testsuite>
    <testsuite name="Tests_Import_Import" file="C:\svn\wordpress-develop\tests\phpunit\tests\import\import.php" tests="3" assertions="122" failures="0" errors="0" time="6.851780">
      <testcase name="test_small_import" class="Tests_Import_Import" file="C:\svn\wordpress-develop\tests\phpunit\tests\import\import.php" line="36" assertions="103" time="3.160908"/>
      <testcase name="test_double_import" class="Tests_Import_Import" file="C:\svn\wordpress-develop\tests\phpunit\tests\import\import.php" line="193" assertions="18" time="3.587001"/>
      <testcase name="test_ordering_of_importers" class="Tests_Import_Import" file="C:\svn\wordpress-develop\tests\phpunit\tests\import\import.php" line="230" assertions="1" time="0.103871"/>
    </testsuite>
    <testsuite name="Tests_Import_Parser" file="C:\svn\wordpress-develop\tests\phpunit\tests\import\parser.php" tests="6" assertions="110" failures="0" errors="0" time="0.950099">
      <testcase name="test_malformed_wxr" class="Tests_Import_Parser" file="C:\svn\wordpress-develop\tests\phpunit\tests\import\parser.php" line="23" assertions="4" time="0.102556"/>
      <testcase name="test_invalid_wxr" class="Tests_Import_Parser" file="C:\svn\wordpress-develop\tests\phpunit\tests\import\parser.php" line="35" assertions="12" time="0.210409"/>
      <testcase name="test_wxr_version_1_1" class="Tests_Import_Parser" file="C:\svn\wordpress-develop\tests\phpunit\tests\import\parser.php" line="49" assertions="33" time="0.222796"/>
      <testcase name="test_wxr_version_1_0" class="Tests_Import_Parser" file="C:\svn\wordpress-develop\tests\phpunit\tests\import\parser.php" line="103" assertions="45" time="0.273836"/>
      <testcase name="test_escaped_cdata_closing_sequence" class="Tests_Import_Parser" file="C:\svn\wordpress-develop\tests\phpunit\tests\import\parser.php" line="150" assertions="12" time="0.081245"/>
      <testcase name="test_unescaped_cdata_closing_sequence" class="Tests_Import_Parser" file="C:\svn\wordpress-develop\tests\phpunit\tests\import\parser.php" line="176" assertions="4" time="0.059257"/>
    </testsuite>
    <testsuite name="Tests_Import_Postmeta" file="C:\svn\wordpress-develop\tests\phpunit\tests\import\postmeta.php" tests="4" assertions="5" failures="0" errors="0" time="2.453218">
      <testcase name="test_serialized_postmeta_no_cdata" class="Tests_Import_Postmeta" file="C:\svn\wordpress-develop\tests\phpunit\tests\import\postmeta.php" line="23" assertions="1" time="0.378947"/>
      <testcase name="test_utw_postmeta" class="Tests_Import_Postmeta" file="C:\svn\wordpress-develop\tests\phpunit\tests\import\postmeta.php" line="30" assertions="1" time="0.901990"/>
      <testcase name="test_serialized_postmeta_with_cdata" class="Tests_Import_Postmeta" file="C:\svn\wordpress-develop\tests\phpunit\tests\import\postmeta.php" line="79" assertions="2" time="0.764864"/>
      <testcase name="test_serialized_postmeta_with_evil_stuff_in_cdata" class="Tests_Import_Postmeta" file="C:\svn\wordpress-develop\tests\phpunit\tests\import\postmeta.php" line="93" assertions="1" time="0.407417"/>
    </testsuite>
    <testsuite name="TestFactoryFor" file="C:\svn\wordpress-develop\tests\phpunit\tests\includes\factory.php" tests="4" assertions="4" failures="0" errors="0" time="0.538649">
      <testcase name="test_create_creates_a_category" class="TestFactoryFor" file="C:\svn\wordpress-develop\tests\phpunit\tests\includes\factory.php" line="9" assertions="1" time="0.125282"/>
      <testcase name="test_get_object_by_id_gets_an_object" class="TestFactoryFor" file="C:\svn\wordpress-develop\tests\phpunit\tests\includes\factory.php" line="14" assertions="1" time="0.125811"/>
      <testcase name="test_get_object_by_id_gets_an_object_with_the_same_name" class="TestFactoryFor" file="C:\svn\wordpress-develop\tests\phpunit\tests\includes\factory.php" line="19" assertions="1" time="0.139642"/>
      <testcase name="test_the_taxonomy_argument_overrules_the_factory_taxonomy" class="TestFactoryFor" file="C:\svn\wordpress-develop\tests\phpunit\tests\includes\factory.php" line="25" assertions="1" time="0.147914"/>
    </testsuite>
    <testsuite name="Test_WP_Post_IDs_Iterator" file="C:\svn\wordpress-develop\tests\phpunit\tests\iterators.php" tests="0" assertions="0" failures="0" errors="0" time="0.000000"/>
    <testsuite name="Tests_Kses" file="C:\svn\wordpress-develop\tests\phpunit\tests\kses.php" tests="13" assertions="405" failures="0" errors="0" time="1.811022">
      <testcase name="test_wp_filter_post_kses_address" class="Tests_Kses" file="C:\svn\wordpress-develop\tests\phpunit\tests\kses.php" line="13" assertions="4" time="0.057361"/>
      <testcase name="test_wp_filter_post_kses_a" class="Tests_Kses" file="C:\svn\wordpress-develop\tests\phpunit\tests\kses.php" line="36" assertions="9" time="0.071884"/>
      <testcase name="test_wp_filter_post_kses_abbr" class="Tests_Kses" file="C:\svn\wordpress-develop\tests\phpunit\tests\kses.php" line="61" assertions="4" time="0.057080"/>
      <testcase name="test_feed_links" class="Tests_Kses" file="C:\svn\wordpress-develop\tests\phpunit\tests\kses.php" line="78" assertions="1" time="0.075442"/>
      <testcase name="test_wp_kses_bad_protocol" class="Tests_Kses" file="C:\svn\wordpress-develop\tests\phpunit\tests\kses.php" line="112" assertions="5" time="0.083316"/>
      <testcase name="test_hackers_attacks" class="Tests_Kses" file="C:\svn\wordpress-develop\tests\phpunit\tests\kses.php" line="174" assertions="33" time="0.224206"/>
      <testcase name="test_wp_kses_allowed_html" class="Tests_Kses" file="C:\svn\wordpress-develop\tests\phpunit\tests\kses.php" line="315" assertions="336" time="0.945346"/>
      <testcase name="test_wp_kses_normalize_entities" class="Tests_Kses" file="C:\svn\wordpress-develop\tests\phpunit\tests\kses.php" line="366" assertions="8" time="0.055534"/>
      <testsuite name="Tests_Kses::test_ctrl_removal" tests="5" assertions="5" failures="0" errors="0" time="0.240853">
        <testcase name="test_ctrl_removal with data set #0" assertions="1" time="0.046212"/>
        <testcase name="test_ctrl_removal with data set #1" assertions="1" time="0.046427"/>
        <testcase name="test_ctrl_removal with data set #2" assertions="1" time="0.048048"/>
        <testcase name="test_ctrl_removal with data set #3" assertions="1" time="0.050314"/>
        <testcase name="test_ctrl_removal with data set #4" assertions="1" time="0.049852"/>
      </testsuite>
    </testsuite>
    <testsuite name="Tests_L10n" file="C:\svn\wordpress-develop\tests\phpunit\tests\l10n.php" tests="1" assertions="6" failures="0" errors="0" time="0.052310">
      <testcase name="test_load_unload_textdomain" class="Tests_L10n" file="C:\svn\wordpress-develop\tests\phpunit\tests\l10n.php" line="9" assertions="6" time="0.052310"/>
    </testsuite>
    <testsuite name="Tests_Link" file="C:\svn\wordpress-develop\tests\phpunit\tests\link.php" tests="10" assertions="57" failures="0" errors="0" time="4.160700">
      <testcase name="test_get_pagenum_link_case_insensitivity" class="Tests_Link" file="C:\svn\wordpress-develop\tests\phpunit\tests\link.php" line="20" assertions="1" time="0.134922"/>
      <testcase name="test_wp_get_shortlink" class="Tests_Link" file="C:\svn\wordpress-develop\tests\phpunit\tests\link.php" line="37" assertions="16" time="1.015084"/>
      <testcase name="test_wp_get_shortlink_with_page" class="Tests_Link" file="C:\svn\wordpress-develop\tests\phpunit\tests\link.php" line="88" assertions="2" time="0.194917"/>
      <testcase name="test_wp_get_shortlink_with_home_page" class="Tests_Link" file="C:\svn\wordpress-develop\tests\phpunit\tests\link.php" line="105" assertions="2" time="0.197074"/>
      <testcase name="test_get_adjacent_post" class="Tests_Link" file="C:\svn\wordpress-develop\tests\phpunit\tests\link.php" line="123" assertions="14" time="1.144786"/>
      <testcase name="test_get_adjacent_post_exclude_self_term" class="Tests_Link" file="C:\svn\wordpress-develop\tests\phpunit\tests\link.php" line="195" assertions="18" time="1.267740"/>
      <testcase name="test_wp_make_link_relative_with_http_scheme" class="Tests_Link" file="C:\svn\wordpress-develop\tests\phpunit\tests\link.php" line="260" assertions="1" time="0.054138"/>
      <testcase name="test_wp_make_link_relative_with_https_scheme" class="Tests_Link" file="C:\svn\wordpress-develop\tests\phpunit\tests\link.php" line="266" assertions="1" time="0.054445"/>
      <testcase name="test_wp_make_link_relative_with_no_scheme" class="Tests_Link" file="C:\svn\wordpress-develop\tests\phpunit\tests\link.php" line="275" assertions="1" time="0.047632"/>
      <testcase name="test_wp_make_link_relative_should_retain_URL_param_that_is_also_a_URL" class="Tests_Link" file="C:\svn\wordpress-develop\tests\phpunit\tests\link.php" line="284" assertions="1" time="0.049962"/>
    </testsuite>
    <testsuite name="Tests_Link_GetAdjacentPostLink" file="C:\svn\wordpress-develop\tests\phpunit\tests\link\getAdjacentPostLink.php" tests="6" assertions="6" failures="0" errors="0" time="2.865346">
      <testcase name="test_get_next_post_link_default" class="Tests_Link_GetAdjacentPostLink" file="C:\svn\wordpress-develop\tests\phpunit\tests\link\getAdjacentPostLink.php" line="26" assertions="1" time="0.461116"/>
      <testcase name="test_get_previous_post_link_default" class="Tests_Link_GetAdjacentPostLink" file="C:\svn\wordpress-develop\tests\phpunit\tests\link\getAdjacentPostLink.php" line="32" assertions="1" time="0.467624"/>
      <testcase name="test_get_next_post_link_same_category" class="Tests_Link_GetAdjacentPostLink" file="C:\svn\wordpress-develop\tests\phpunit\tests\link\getAdjacentPostLink.php" line="38" assertions="1" time="0.479310"/>
      <testcase name="test_get_previous_post_link_same_category" class="Tests_Link_GetAdjacentPostLink" file="C:\svn\wordpress-develop\tests\phpunit\tests\link\getAdjacentPostLink.php" line="44" assertions="1" time="0.467838"/>
      <testcase name="test_get_next_post_link_exclude_category" class="Tests_Link_GetAdjacentPostLink" file="C:\svn\wordpress-develop\tests\phpunit\tests\link\getAdjacentPostLink.php" line="50" assertions="1" time="0.484815"/>
      <testcase name="test_get_previous_post_link_exclude_category" class="Tests_Link_GetAdjacentPostLink" file="C:\svn\wordpress-develop\tests\phpunit\tests\link\getAdjacentPostLink.php" line="56" assertions="1" time="0.504643"/>
    </testsuite>
    <testsuite name="Tests_Mail" file="C:\svn\wordpress-develop\tests\phpunit\tests\mail.php" tests="6" assertions="23" failures="0" errors="0" time="0.341363">
      <testcase name="test_wp_mail_custom_boundaries" class="Tests_Mail" file="C:\svn\wordpress-develop\tests\phpunit\tests\mail.php" line="18" assertions="3" time="0.057371"/>
      <testcase name="test_wp_mail_rfc2822_addresses" class="Tests_Mail" file="C:\svn\wordpress-develop\tests\phpunit\tests\mail.php" line="77" assertions="7" time="0.060648"/>
      <testcase name="test_wp_mail_multiple_rfc2822_to_addresses" class="Tests_Mail" file="C:\svn\wordpress-develop\tests\phpunit\tests\mail.php" line="104" assertions="5" time="0.057784"/>
      <testcase name="test_wp_mail_multiple_to_addresses" class="Tests_Mail" file="C:\svn\wordpress-develop\tests\phpunit\tests\mail.php" line="120" assertions="3" time="0.055853"/>
      <testcase name="test_wp_mail_to_address_no_name" class="Tests_Mail" file="C:\svn\wordpress-develop\tests\phpunit\tests\mail.php" line="135" assertions="2" time="0.052468"/>
      <testcase name="test_wp_mail_return_value" class="Tests_Mail" file="C:\svn\wordpress-develop\tests\phpunit\tests\mail.php" line="149" assertions="3" time="0.057239"/>
    </testsuite>
    <testsuite name="Tests_Media" file="C:\svn\wordpress-develop\tests\phpunit\tests\media.php" tests="22" assertions="69" failures="1" errors="0" time="3.288292">
      <testcase name="test_img_caption_shortcode_added" class="Tests_Media" file="C:\svn\wordpress-develop\tests\phpunit\tests\media.php" line="24" assertions="2" time="0.050407"/>
      <testcase name="test_img_caption_shortcode_with_empty_params" class="Tests_Media" file="C:\svn\wordpress-develop\tests\phpunit\tests\media.php" line="30" assertions="1" time="0.057306"/>
      <testcase name="test_img_caption_shortcode_with_bad_attr" class="Tests_Media" file="C:\svn\wordpress-develop\tests\phpunit\tests\media.php" line="35" assertions="1" time="0.051769"/>
      <testcase name="test_img_caption_shortcode_with_old_format" class="Tests_Media" file="C:\svn\wordpress-develop\tests\phpunit\tests\media.php" line="40" assertions="4" time="0.054931"/>
      <testcase name="test_img_caption_shortcode_with_old_format_id_and_align" class="Tests_Media" file="C:\svn\wordpress-develop\tests\phpunit\tests\media.php" line="50" assertions="3" time="0.053514"/>
      <testcase name="test_new_img_caption_shortcode_with_html_caption" class="Tests_Media" file="C:\svn\wordpress-develop\tests\phpunit\tests\media.php" line="64" assertions="1" time="0.050253"/>
      <testcase name="test_new_img_caption_shortcode_new_format" class="Tests_Media" file="C:\svn\wordpress-develop\tests\phpunit\tests\media.php" line="73" assertions="2" time="0.051117"/>
      <testcase name="test_new_img_caption_shortcode_new_format_and_linked_image" class="Tests_Media" file="C:\svn\wordpress-develop\tests\phpunit\tests\media.php" line="85" assertions="2" time="0.050853"/>
      <testcase name="test_new_img_caption_shortcode_new_format_and_linked_image_with_newline" class="Tests_Media" file="C:\svn\wordpress-develop\tests\phpunit\tests\media.php" line="98" assertions="2" time="0.050704"/>
      <testcase name="test_add_remove_oembed_provider" class="Tests_Media" file="C:\svn\wordpress-develop\tests\phpunit\tests\media.php" line="111" assertions="2" time="0.052340"/>
      <testcase name="test_youtube_com_secure_embed" class="Tests_Media" file="C:\svn\wordpress-develop\tests\phpunit\tests\media.php" line="122" assertions="3" time="0.379074"/>
      <testcase name="test_wp_prepare_attachment_for_js" class="Tests_Media" file="C:\svn\wordpress-develop\tests\phpunit\tests\media.php" line="135" assertions="13" time="0.200675"/>
      <testcase name="test_wp_convert_bytes_to_hr" class="Tests_Media" file="C:\svn\wordpress-develop\tests\phpunit\tests\media.php" line="174" assertions="14" time="0.084821"/>
      <testcase name="test_get_attached_images" class="Tests_Media" file="C:\svn\wordpress-develop\tests\phpunit\tests\media.php" line="212" assertions="1" time="0.410136"/>
      <testcase name="test_post_galleries_images" class="Tests_Media" file="C:\svn\wordpress-develop\tests\phpunit\tests\media.php" line="226" assertions="1" time="0.631840"/>
      <testcase name="test_post_gallery_images" class="Tests_Media" file="C:\svn\wordpress-develop\tests\phpunit\tests\media.php" line="267" assertions="1" time="0.604234"/>
      <testcase name="test_get_media_embedded_in_content" class="Tests_Media" file="C:\svn\wordpress-develop\tests\phpunit\tests\media.php" line="305" assertions="6" time="0.065050"/>
      <testcase name="test_video_shortcode_body" class="Tests_Media" file="C:\svn\wordpress-develop\tests\phpunit\tests\media.php" line="373" assertions="1" time="0.094040">
        <failure type="PHPUnit_Framework_ExpectationFailedException">Tests_Media::test_video_shortcode_body
Failed asserting that two strings are equal.
--- Expected
+++ Actual
@@ @@
-'&lt;div style="width: 660px; " class="wp-video"&gt;&lt;!--[if lt IE 9]&gt;&lt;script&gt;document.createElement('video');&lt;/script&gt;&lt;![endif]--&gt;
+'&lt;div style="width: 660px; " class="wp-video"&gt;&lt;!--[if lt IE 9]&gt;&lt;script&gt;document.createElement('video');&lt;/script&gt;&lt;![endif]--&gt;&lt;br /&gt;
 &lt;video class="wp-video-shortcode" id="video-0-1" width="660" height="440" preload="metadata" controls="controls"&gt;&lt;source type="video/mp4" src="http://domain.tld/wp-content/uploads/2013/12/xyz.mp4?_=1" /&gt;&lt;!-- WebM/VP8 for Firefox4, Opera, and Chrome --&gt;&lt;source type="video/webm" src="myvideo.webm" /&gt;&lt;!-- Ogg/Vorbis for older Firefox and Opera versions --&gt;&lt;source type="video/ogg" src="myvideo.ogv" /&gt;&lt;!-- Optional: Add subtitles for each language --&gt;&lt;track kind="subtitles" src="subtitles.srt" srclang="en" /&gt;&lt;!-- Optional: Add chapters --&gt;&lt;track kind="chapters" src="chapters.srt" srclang="en" /&gt;&lt;a href="http://domain.tld/wp-content/uploads/2013/12/xyz.mp4"&gt;http://domain.tld/wp-content/uploads/2013/12/xyz.mp4&lt;/a&gt;&lt;/video&gt;&lt;/div&gt;
 '

C:\svn\wordpress-develop\tests\phpunit\tests\media.php:408
</failure>
      </testcase>
      <testcase name="test_add_image_size" class="Tests_Media" file="C:\svn\wordpress-develop\tests\phpunit\tests\media.php" line="414" assertions="4" time="0.046406"/>
      <testcase name="test_remove_image_size" class="Tests_Media" file="C:\svn\wordpress-develop\tests\phpunit\tests\media.php" line="431" assertions="2" time="0.052500"/>
      <testcase name="test_has_image_size" class="Tests_Media" file="C:\svn\wordpress-develop\tests\phpunit\tests\media.php" line="441" assertions="1" time="0.044403"/>
      <testcase name="test_attachment_url_to_postid" class="Tests_Media" file="C:\svn\wordpress-develop\tests\phpunit\tests\media.php" line="449" assertions="2" time="0.151919"/>
    </testsuite>
    <testsuite name="Tests_Meta" file="C:\svn\wordpress-develop\tests\phpunit\tests\meta.php" tests="15" assertions="82" failures="0" errors="0" time="5.998630">
      <testcase name="test_sanitize_meta" class="Tests_Meta" file="C:\svn\wordpress-develop\tests\phpunit\tests\meta.php" line="20" assertions="2" time="0.805375"/>
      <testcase name="test_delete_metadata_by_mid" class="Tests_Meta" file="C:\svn\wordpress-develop\tests\phpunit\tests\meta.php" line="29" assertions="5" time="0.746185"/>
      <testcase name="test_update_metadata_by_mid" class="Tests_Meta" file="C:\svn\wordpress-develop\tests\phpunit\tests\meta.php" line="44" assertions="13" time="0.364450"/>
      <testcase name="test_update_metadata_hooks_for_multiple_updated_rows" class="Tests_Meta" file="C:\svn\wordpress-develop\tests\phpunit\tests\meta.php" line="84" assertions="4" time="0.304844"/>
      <testcase name="test_metadata_exists" class="Tests_Meta" file="C:\svn\wordpress-develop\tests\phpunit\tests\meta.php" line="107" assertions="4" time="0.311350"/>
      <testcase name="test_metadata_exists_with_filter" class="Tests_Meta" file="C:\svn\wordpress-develop\tests\phpunit\tests\meta.php" line="117" assertions="2" time="0.296847"/>
      <testcase name="test_user_metadata_not_exists" class="Tests_Meta" file="C:\svn\wordpress-develop\tests\phpunit\tests\meta.php" line="128" assertions="5" time="0.327293"/>
      <testcase name="test_metadata_slashes" class="Tests_Meta" file="C:\svn\wordpress-develop\tests\phpunit\tests\meta.php" line="163" assertions="20" time="0.363860"/>
      <testcase name="test_meta_type_cast" class="Tests_Meta" file="C:\svn\wordpress-develop\tests\phpunit\tests\meta.php" line="196" assertions="6" time="0.474133"/>
      <testcase name="test_meta_cache_order_asc" class="Tests_Meta" file="C:\svn\wordpress-develop\tests\phpunit\tests\meta.php" line="260" assertions="10" time="0.489054"/>
      <testcase name="test_non_numeric_object_id" class="Tests_Meta" file="C:\svn\wordpress-develop\tests\phpunit\tests\meta.php" line="278" assertions="5" time="0.304264"/>
      <testcase name="test_non_numeric_meta_id" class="Tests_Meta" file="C:\svn\wordpress-develop\tests\phpunit\tests\meta.php" line="289" assertions="3" time="0.300378"/>
      <testcase name="test_get_metadata_with_empty_key_array_value_should_be_unserialized" class="Tests_Meta" file="C:\svn\wordpress-develop\tests\phpunit\tests\meta.php" line="298" assertions="1" time="0.302320"/>
      <testcase name="test_get_metadata_with_empty_key_object_value_should_be_unserialized" class="Tests_Meta" file="C:\svn\wordpress-develop\tests\phpunit\tests\meta.php" line="309" assertions="1" time="0.297078"/>
      <testcase name="test_get_metadata_with_empty_key_nested_array_value_should_be_unserialized" class="Tests_Meta" file="C:\svn\wordpress-develop\tests\phpunit\tests\meta.php" line="321" assertions="1" time="0.311200"/>
    </testsuite>
    <testsuite name="Tests_Meta_Query" file="C:\svn\wordpress-develop\tests\phpunit\tests\meta\query.php" tests="33" assertions="72" failures="0" errors="0" time="1.679965">
      <testcase name="test_empty_meta_query_param" class="Tests_Meta_Query" file="C:\svn\wordpress-develop\tests\phpunit\tests\meta\query.php" line="11" assertions="1" time="0.045279"/>
      <testcase name="test_default_relation" class="Tests_Meta_Query" file="C:\svn\wordpress-develop\tests\phpunit\tests\meta\query.php" line="16" assertions="1" time="0.047792"/>
      <testcase name="test_set_relation" class="Tests_Meta_Query" file="C:\svn\wordpress-develop\tests\phpunit\tests\meta\query.php" line="21" assertions="2" time="0.048671"/>
      <testcase name="test_invalid_query_clauses" class="Tests_Meta_Query" file="C:\svn\wordpress-develop\tests\phpunit\tests\meta\query.php" line="35" assertions="1" time="0.045086"/>
      <testcase name="test_single_inner_join_for_keys_only" class="Tests_Meta_Query" file="C:\svn\wordpress-develop\tests\phpunit\tests\meta\query.php" line="51" assertions="2" time="0.050624"/>
      <testcase name="test_parse_query_vars_simple_query_index_0" class="Tests_Meta_Query" file="C:\svn\wordpress-develop\tests\phpunit\tests\meta\query.php" line="82" assertions="2" time="0.052985"/>
      <testcase name="test_parse_query_vars_with_no_meta_value" class="Tests_Meta_Query" file="C:\svn\wordpress-develop\tests\phpunit\tests\meta\query.php" line="120" assertions="1" time="0.055763"/>
      <testcase name="test_parse_query_vars_with_default_meta_compare" class="Tests_Meta_Query" file="C:\svn\wordpress-develop\tests\phpunit\tests\meta\query.php" line="136" assertions="1" time="0.053860"/>
      <testcase name="test_parse_query_vars" class="Tests_Meta_Query" file="C:\svn\wordpress-develop\tests\phpunit\tests\meta\query.php" line="154" assertions="3" time="0.055542"/>
      <testcase name="test_get_cast_for_type" class="Tests_Meta_Query" file="C:\svn\wordpress-develop\tests\phpunit\tests\meta\query.php" line="202" assertions="26" time="0.071195"/>
      <testcase name="test_sanitize_query_single_query" class="Tests_Meta_Query" file="C:\svn\wordpress-develop\tests\phpunit\tests\meta\query.php" line="233" assertions="1" time="0.048245"/>
      <testcase name="test_sanitize_query_multiple_first_order_queries_relation_default" class="Tests_Meta_Query" file="C:\svn\wordpress-develop\tests\phpunit\tests\meta\query.php" line="253" assertions="1" time="0.051066"/>
      <testcase name="test_sanitize_query_multiple_first_order_queries_relation_or" class="Tests_Meta_Query" file="C:\svn\wordpress-develop\tests\phpunit\tests\meta\query.php" line="281" assertions="1" time="0.060095"/>
      <testcase name="test_sanitize_query_multiple_first_order_queries_relation_or_lowercase" class="Tests_Meta_Query" file="C:\svn\wordpress-develop\tests\phpunit\tests\meta\query.php" line="310" assertions="1" time="0.051285"/>
      <testcase name="test_sanitize_query_multiple_first_order_queries_invalid_relation" class="Tests_Meta_Query" file="C:\svn\wordpress-develop\tests\phpunit\tests\meta\query.php" line="339" assertions="1" time="0.050162"/>
      <testcase name="test_sanitize_query_single_query_which_is_a_nested_query" class="Tests_Meta_Query" file="C:\svn\wordpress-develop\tests\phpunit\tests\meta\query.php" line="368" assertions="1" time="0.053257"/>
      <testcase name="test_sanitize_query_multiple_nested_queries" class="Tests_Meta_Query" file="C:\svn\wordpress-develop\tests\phpunit\tests\meta\query.php" line="401" assertions="1" time="0.058283"/>
      <testcase name="test_get_sql_invalid_type" class="Tests_Meta_Query" file="C:\svn\wordpress-develop\tests\phpunit\tests\meta\query.php" line="459" assertions="1" time="0.045631"/>
      <testcase name="test_empty_value_sql" class="Tests_Meta_Query" file="C:\svn\wordpress-develop\tests\phpunit\tests\meta\query.php" line="467" assertions="1" time="0.048834"/>
      <testcase name="test_null_value_sql" class="Tests_Meta_Query" file="C:\svn\wordpress-develop\tests\phpunit\tests\meta\query.php" line="488" assertions="1" time="0.058330"/>
      <testcase name="test_get_sql_key_only_queries" class="Tests_Meta_Query" file="C:\svn\wordpress-develop\tests\phpunit\tests\meta\query.php" line="503" assertions="5" time="0.060575"/>
      <testcase name="test_get_sql_trim_key" class="Tests_Meta_Query" file="C:\svn\wordpress-develop\tests\phpunit\tests\meta\query.php" line="573" assertions="2" time="0.046771"/>
      <testcase name="test_convert_null_value_to_empty_string" class="Tests_Meta_Query" file="C:\svn\wordpress-develop\tests\phpunit\tests\meta\query.php" line="592" assertions="1" time="0.046094"/>
      <testcase name="test_get_sql_convert_lowercase_compare_to_uppercase" class="Tests_Meta_Query" file="C:\svn\wordpress-develop\tests\phpunit\tests\meta\query.php" line="607" assertions="1" time="0.046118"/>
      <testcase name="test_get_sql_empty_meta_compare_with_array_value" class="Tests_Meta_Query" file="C:\svn\wordpress-develop\tests\phpunit\tests\meta\query.php" line="623" assertions="1" time="0.055758"/>
      <testcase name="test_get_sql_empty_meta_compare_with_non_array_value" class="Tests_Meta_Query" file="C:\svn\wordpress-develop\tests\phpunit\tests\meta\query.php" line="638" assertions="1" time="0.045339"/>
      <testcase name="test_get_sql_invalid_meta_compare" class="Tests_Meta_Query" file="C:\svn\wordpress-develop\tests\phpunit\tests\meta\query.php" line="653" assertions="1" time="0.046187"/>
      <testcase name="test_get_sql_null_value_and_empty_key_should_not_have_table_join" class="Tests_Meta_Query" file="C:\svn\wordpress-develop\tests\phpunit\tests\meta\query.php" line="672" assertions="1" time="0.045561"/>
      <testcase name="test_get_sql_compare_array_comma_separated_values" class="Tests_Meta_Query" file="C:\svn\wordpress-develop\tests\phpunit\tests\meta\query.php" line="689" assertions="3" time="0.049163"/>
      <testcase name="test_get_sql_compare_array" class="Tests_Meta_Query" file="C:\svn\wordpress-develop\tests\phpunit\tests\meta\query.php" line="732" assertions="1" time="0.045806"/>
      <testcase name="test_get_sql_trim_string_value" class="Tests_Meta_Query" file="C:\svn\wordpress-develop\tests\phpunit\tests\meta\query.php" line="751" assertions="1" time="0.045603"/>
      <testcase name="test_not_exists" class="Tests_Meta_Query" file="C:\svn\wordpress-develop\tests\phpunit\tests\meta\query.php" line="766" assertions="2" time="0.046569"/>
      <testcase name="test_empty_compare" class="Tests_Meta_Query" file="C:\svn\wordpress-develop\tests\phpunit\tests\meta\query.php" line="787" assertions="2" time="0.048437"/>
    </testsuite>
    <testsuite name="Tests_Meta_Slashes" file="C:\svn\wordpress-develop\tests\phpunit\tests\meta\slashes.php" tests="9" assertions="37" failures="0" errors="0" time="4.952008">
      <testcase name="test_edit_post" class="Tests_Meta_Slashes" file="C:\svn\wordpress-develop\tests\phpunit\tests\meta\slashes.php" line="34" assertions="7" time="0.743624"/>
      <testcase name="test_add_post_meta" class="Tests_Meta_Slashes" file="C:\svn\wordpress-develop\tests\phpunit\tests\meta\slashes.php" line="110" assertions="3" time="0.451096"/>
      <testcase name="test_update_post_meta" class="Tests_Meta_Slashes" file="C:\svn\wordpress-develop\tests\phpunit\tests\meta\slashes.php" line="125" assertions="3" time="0.427579"/>
      <testcase name="test_wp_add_post_meta" class="Tests_Meta_Slashes" file="C:\svn\wordpress-develop\tests\phpunit\tests\meta\slashes.php" line="140" assertions="0" time="0.365871"/>
      <testcase name="test_wp_update_post_meta" class="Tests_Meta_Slashes" file="C:\svn\wordpress-develop\tests\phpunit\tests\meta\slashes.php" line="158" assertions="0" time="0.350333"/>
      <testcase name="test_add_comment_meta" class="Tests_Meta_Slashes" file="C:\svn\wordpress-develop\tests\phpunit\tests\meta\slashes.php" line="176" assertions="6" time="0.898131"/>
      <testcase name="test_update_comment_meta" class="Tests_Meta_Slashes" file="C:\svn\wordpress-develop\tests\phpunit\tests\meta\slashes.php" line="200" assertions="6" time="0.449009"/>
      <testcase name="test_add_user_meta" class="Tests_Meta_Slashes" file="C:\svn\wordpress-develop\tests\phpunit\tests\meta\slashes.php" line="228" assertions="6" time="0.597137"/>
      <testcase name="test_update_user_meta" class="Tests_Meta_Slashes" file="C:\svn\wordpress-develop\tests\phpunit\tests\meta\slashes.php" line="252" assertions="6" time="0.669228"/>
    </testsuite>
    <testsuite name="Tests_Option_Option" file="C:\svn\wordpress-develop\tests\phpunit\tests\option\option.php" tests="6" assertions="54" failures="0" errors="0" time="0.526620">
      <testcase name="test_the_basics" class="Tests_Option_Option" file="C:\svn\wordpress-develop\tests\phpunit\tests\option\option.php" line="12" assertions="16" time="0.131070"/>
      <testcase name="test_default_filter" class="Tests_Option_Option" file="C:\svn\wordpress-develop\tests\phpunit\tests\option\option.php" line="37" assertions="7" time="0.118171"/>
      <testcase name="test_serialized_data" class="Tests_Option_Option" file="C:\svn\wordpress-develop\tests\phpunit\tests\option\option.php" line="62" assertions="5" time="0.121303"/>
      <testcase name="test_bad_option_names" class="Tests_Option_Option" file="C:\svn\wordpress-develop\tests\phpunit\tests\option\option.php" line="78" assertions="24" time="0.062323"/>
      <testcase name="test_special_option_name_alloption" class="Tests_Option_Option" file="C:\svn\wordpress-develop\tests\phpunit\tests\option\option.php" line="91" assertions="1" time="0.046549"/>
      <testcase name="test_special_option_name_notoptions" class="Tests_Option_Option" file="C:\svn\wordpress-develop\tests\phpunit\tests\option\option.php" line="99" assertions="1" time="0.047204"/>
    </testsuite>
    <testsuite name="Tests_Option_SiteOption" file="C:\svn\wordpress-develop\tests\phpunit\tests\option\siteOption.php" tests="5" assertions="32" failures="0" errors="0" time="0.511719">
      <testcase name="test_the_basics" class="Tests_Option_SiteOption" file="C:\svn\wordpress-develop\tests\phpunit\tests\option\siteOption.php" line="11" assertions="16" time="0.133329"/>
      <testcase name="test_default_filter" class="Tests_Option_SiteOption" file="C:\svn\wordpress-develop\tests\phpunit\tests\option\siteOption.php" line="36" assertions="7" time="0.109735"/>
      <testcase name="test_serialized_data" class="Tests_Option_SiteOption" file="C:\svn\wordpress-develop\tests\phpunit\tests\option\siteOption.php" line="61" assertions="5" time="0.107961"/>
      <testcase name="test_update_adds_falsey_value" class="Tests_Option_SiteOption" file="C:\svn\wordpress-develop\tests\phpunit\tests\option\siteOption.php" line="75" assertions="2" time="0.109832"/>
      <testcase name="test_get_doesnt_cache_default_value" class="Tests_Option_SiteOption" file="C:\svn\wordpress-develop\tests\phpunit\tests\option\siteOption.php" line="86" assertions="2" time="0.050862"/>
    </testsuite>
    <testsuite name="Tests_Option_SiteTransient" file="C:\svn\wordpress-develop\tests\phpunit\tests\option\siteTransient.php" tests="2" assertions="14" failures="0" errors="0" time="0.231510">
      <testcase name="test_the_basics" class="Tests_Option_SiteTransient" file="C:\svn\wordpress-develop\tests\phpunit\tests\option\siteTransient.php" line="8" assertions="9" time="0.121440"/>
      <testcase name="test_serialized_data" class="Tests_Option_SiteTransient" file="C:\svn\wordpress-develop\tests\phpunit\tests\option\siteTransient.php" line="24" assertions="5" time="0.110070"/>
    </testsuite>
    <testsuite name="Tests_Option_Slashes" file="C:\svn\wordpress-develop\tests\phpunit\tests\option\slashes.php" tests="2" assertions="8" failures="0" errors="0" time="0.399403">
      <testcase name="test_add_option" class="Tests_Option_Slashes" file="C:\svn\wordpress-develop\tests\phpunit\tests\option\slashes.php" line="26" assertions="4" time="0.107430"/>
      <testcase name="test_update_option" class="Tests_Option_Slashes" file="C:\svn\wordpress-develop\tests\phpunit\tests\option\slashes.php" line="42" assertions="4" time="0.291973"/>
    </testsuite>
    <testsuite name="Tests_Option_Transient" file="C:\svn\wordpress-develop\tests\phpunit\tests\option\transient.php" tests="4" assertions="28" failures="0" errors="0" time="0.516665">
      <testcase name="test_the_basics" class="Tests_Option_Transient" file="C:\svn\wordpress-develop\tests\phpunit\tests\option\transient.php" line="8" assertions="9" time="0.123739"/>
      <testcase name="test_serialized_data" class="Tests_Option_Transient" file="C:\svn\wordpress-develop\tests\phpunit\tests\option\transient.php" line="24" assertions="5" time="0.121101"/>
      <testcase name="test_transient_data_with_timeout" class="Tests_Option_Transient" file="C:\svn\wordpress-develop\tests\phpunit\tests\option\transient.php" line="40" assertions="7" time="0.119952"/>
      <testcase name="test_transient_add_timeout" class="Tests_Option_Transient" file="C:\svn\wordpress-develop\tests\phpunit\tests\option\transient.php" line="65" assertions="7" time="0.151873"/>
    </testsuite>
    <testsuite name="Tests_POMO_MO" file="C:\svn\wordpress-develop\tests\phpunit\tests\pomo\mo.php" tests="9" assertions="36" failures="0" errors="0" time="0.652653">
      <testcase name="test_mo_simple" class="Tests_POMO_MO" file="C:\svn\wordpress-develop\tests\phpunit\tests\pomo\mo.php" line="5" assertions="4" time="0.065362"/>
      <testcase name="test_mo_plural" class="Tests_POMO_MO" file="C:\svn\wordpress-develop\tests\phpunit\tests\pomo\mo.php" line="14" assertions="14" time="0.075585"/>
      <testcase name="test_mo_context" class="Tests_POMO_MO" file="C:\svn\wordpress-develop\tests\phpunit\tests\pomo\mo.php" line="41" assertions="5" time="0.071683"/>
      <testcase name="test_translations_merge" class="Tests_POMO_MO" file="C:\svn\wordpress-develop\tests\phpunit\tests\pomo\mo.php" line="55" assertions="2" time="0.048148"/>
      <testcase name="test_export_mo_file" class="Tests_POMO_MO" file="C:\svn\wordpress-develop\tests\phpunit\tests\pomo\mo.php" line="67" assertions="6" time="0.098974"/>
      <testcase name="test_export_should_not_include_empty_translations" class="Tests_POMO_MO" file="C:\svn\wordpress-develop\tests\phpunit\tests\pomo\mo.php" line="100" assertions="1" time="0.061586"/>
      <testcase name="test_nplurals_with_backslashn" class="Tests_POMO_MO" file="C:\svn\wordpress-develop\tests\phpunit\tests\pomo\mo.php" line="114" assertions="3" time="0.114431"/>
      <testcase name="test_overloaded_mb_functions" class="Tests_POMO_MO" file="C:\svn\wordpress-develop\tests\phpunit\tests\pomo\mo.php" line="129" assertions="0" time="0.047614"/>
      <testcase name="test_load_pot_file" class="Tests_POMO_MO" file="C:\svn\wordpress-develop\tests\phpunit\tests\pomo\mo.php" line="139" assertions="1" time="0.069270"/>
    </testsuite>
    <testsuite name="Tests_POMO_NOOPTranslations" file="C:\svn\wordpress-develop\tests\phpunit\tests\pomo\noopTranslations.php" tests="6" assertions="8" failures="0" errors="0" time="0.305707">
      <testcase name="test_get_header" class="Tests_POMO_NOOPTranslations" file="C:\svn\wordpress-develop\tests\phpunit\tests\pomo\noopTranslations.php" line="11" assertions="1" time="0.047572"/>
      <testcase name="test_add_entry" class="Tests_POMO_NOOPTranslations" file="C:\svn\wordpress-develop\tests\phpunit\tests\pomo\noopTranslations.php" line="15" assertions="1" time="0.047751"/>
      <testcase name="test_set_header" class="Tests_POMO_NOOPTranslations" file="C:\svn\wordpress-develop\tests\phpunit\tests\pomo\noopTranslations.php" line="20" assertions="1" time="0.057302"/>
      <testcase name="test_translate_entry" class="Tests_POMO_NOOPTranslations" file="C:\svn\wordpress-develop\tests\phpunit\tests\pomo\noopTranslations.php" line="25" assertions="1" time="0.057610"/>
      <testcase name="test_translate" class="Tests_POMO_NOOPTranslations" file="C:\svn\wordpress-develop\tests\phpunit\tests\pomo\noopTranslations.php" line="30" assertions="1" time="0.046292"/>
      <testcase name="test_plural" class="Tests_POMO_NOOPTranslations" file="C:\svn\wordpress-develop\tests\phpunit\tests\pomo\noopTranslations.php" line="35" assertions="3" time="0.049180"/>
    </testsuite>
    <testsuite name="Tests_POMO_PO" file="C:\svn\wordpress-develop\tests\phpunit\tests\pomo\po.php" tests="11" assertions="43" failures="0" errors="0" time="0.201201">
      <testcase name="test_prepend_each_line" class="Tests_POMO_PO" file="C:\svn\wordpress-develop\tests\phpunit\tests\pomo\po.php" line="39" assertions="3" time="0.011258"/>
      <testcase name="test_poify" class="Tests_POMO_PO" file="C:\svn\wordpress-develop\tests\phpunit\tests\pomo\po.php" line="46" assertions="7" time="0.011054"/>
      <testcase name="test_unpoify" class="Tests_POMO_PO" file="C:\svn\wordpress-develop\tests\phpunit\tests\pomo\po.php" line="65" assertions="6" time="0.012326"/>
      <testcase name="test_export_entry" class="Tests_POMO_PO" file="C:\svn\wordpress-develop\tests\phpunit\tests\pomo\po.php" line="76" assertions="10" time="0.018744"/>
      <testcase name="test_export_entries" class="Tests_POMO_PO" file="C:\svn\wordpress-develop\tests\phpunit\tests\pomo\po.php" line="132" assertions="1" time="0.004423"/>
      <testcase name="test_export_headers" class="Tests_POMO_PO" file="C:\svn\wordpress-develop\tests\phpunit\tests\pomo\po.php" line="141" assertions="1" time="0.003790"/>
      <testcase name="test_export" class="Tests_POMO_PO" file="C:\svn\wordpress-develop\tests\phpunit\tests\pomo\po.php" line="148" assertions="2" time="0.005974"/>
      <testcase name="test_export_to_file" class="Tests_POMO_PO" file="C:\svn\wordpress-develop\tests\phpunit\tests\pomo\po.php" line="161" assertions="2" time="0.016660"/>
      <testcase name="test_import_from_file" class="Tests_POMO_PO" file="C:\svn\wordpress-develop\tests\phpunit\tests\pomo\po.php" line="179" assertions="8" time="0.090127"/>
      <testcase name="test_import_from_entry_file_should_give_false" class="Tests_POMO_PO" file="C:\svn\wordpress-develop\tests\phpunit\tests\pomo\po.php" line="209" assertions="1" time="0.005285"/>
      <testcase name="test_import_from_file_with_windows_line_endings_should_work_as_with_unix_line_endings" class="Tests_POMO_PO" file="C:\svn\wordpress-develop\tests\phpunit\tests\pomo\po.php" line="214" assertions="2" time="0.021560"/>
    </testsuite>
    <testsuite name="Tests_POMO_TranslationEntry" file="C:\svn\wordpress-develop\tests\phpunit\tests\pomo\translationEntry.php" tests="2" assertions="13" failures="0" errors="0" time="0.105864">
      <testcase name="test_create_entry" class="Tests_POMO_TranslationEntry" file="C:\svn\wordpress-develop\tests\phpunit\tests\pomo\translationEntry.php" line="5" assertions="9" time="0.053278"/>
      <testcase name="test_key" class="Tests_POMO_TranslationEntry" file="C:\svn\wordpress-develop\tests\phpunit\tests\pomo\translationEntry.php" line="27" assertions="4" time="0.052586"/>
    </testsuite>
    <testsuite name="Tests_POMO_Translations" file="C:\svn\wordpress-develop\tests\phpunit\tests\pomo\translations.php" tests="4" assertions="22" failures="0" errors="0" time="0.221556">
      <testcase name="test_add_entry" class="Tests_POMO_Translations" file="C:\svn\wordpress-develop\tests\phpunit\tests\pomo\translations.php" line="4" assertions="6" time="0.059088"/>
      <testcase name="test_translate" class="Tests_POMO_Translations" file="C:\svn\wordpress-develop\tests\phpunit\tests\pomo\translations.php" line="29" assertions="4" time="0.054214"/>
      <testcase name="test_translate_plural" class="Tests_POMO_Translations" file="C:\svn\wordpress-develop\tests\phpunit\tests\pomo\translations.php" line="41" assertions="10" time="0.059797"/>
      <testcase name="test_digit_and_merge" class="Tests_POMO_Translations" file="C:\svn\wordpress-develop\tests\phpunit\tests\pomo\translations.php" line="63" assertions="2" time="0.048457"/>
    </testsuite>
    <testsuite name="Tests_Post" file="C:\svn\wordpress-develop\tests\phpunit\tests\post.php" tests="47" assertions="219" failures="0" errors="0" time="24.047901">
      <testcase name="test_vb_insert_get_delete" class="Tests_Post" file="C:\svn\wordpress-develop\tests\phpunit\tests\post.php" line="36" assertions="29" time="1.535573"/>
      <testcase name="test_vb_insert_future" class="Tests_Post" file="C:\svn\wordpress-develop\tests\phpunit\tests\post.php" line="91" assertions="8" time="0.405564"/>
      <testcase name="test_vb_insert_future_over_dst" class="Tests_Post" file="C:\svn\wordpress-develop\tests\phpunit\tests\post.php" line="123" assertions="6" time="0.520494"/>
      <testcase name="test_vb_insert_future_edit_bug" class="Tests_Post" file="C:\svn\wordpress-develop\tests\phpunit\tests\post.php" line="166" assertions="6" time="0.515105"/>
      <testcase name="test_vb_insert_future_draft" class="Tests_Post" file="C:\svn\wordpress-develop\tests\phpunit\tests\post.php" line="208" assertions="8" time="0.374192"/>
      <testcase name="test_vb_insert_future_change_to_draft" class="Tests_Post" file="C:\svn\wordpress-develop\tests\phpunit\tests\post.php" line="241" assertions="6" time="0.508307"/>
      <testcase name="test_vb_insert_future_change_status" class="Tests_Post" file="C:\svn\wordpress-develop\tests\phpunit\tests\post.php" line="279" assertions="36" time="1.470138"/>
      <testcase name="test_vb_insert_future_private" class="Tests_Post" file="C:\svn\wordpress-develop\tests\phpunit\tests\post.php" line="321" assertions="8" time="0.374836"/>
      <testcase name="test_vb_insert_invalid_date" class="Tests_Post" file="C:\svn\wordpress-develop\tests\phpunit\tests\post.php" line="356" assertions="3" time="0.473888"/>
      <testcase name="test_vb_insert_future_change_to_private" class="Tests_Post" file="C:\svn\wordpress-develop\tests\phpunit\tests\post.php" line="376" assertions="6" time="0.507596"/>
      <testcase name="test_delete_future_post_cron" class="Tests_Post" file="C:\svn\wordpress-develop\tests\phpunit\tests\post.php" line="417" assertions="2" time="0.529672"/>
      <testcase name="test_permalink_without_title" class="Tests_Post" file="C:\svn\wordpress-develop\tests\phpunit\tests\post.php" line="444" assertions="1" time="0.418982"/>
      <testcase name="test_wp_unique_post_slug_with_non_latin_slugs" class="Tests_Post" file="C:\svn\wordpress-develop\tests\phpunit\tests\post.php" line="475" assertions="2" time="0.640308"/>
      <testcase name="test_get_page_by_path_priority" class="Tests_Post" file="C:\svn\wordpress-develop\tests\phpunit\tests\post.php" line="506" assertions="4" time="0.452042"/>
      <testcase name="test_wp_publish_post" class="Tests_Post" file="C:\svn\wordpress-develop\tests\phpunit\tests\post.php" line="521" assertions="2" time="0.406984"/>
      <testcase name="test_wp_insert_post_and_wp_publish_post_with_future_date" class="Tests_Post" file="C:\svn\wordpress-develop\tests\phpunit\tests\post.php" line="536" assertions="4" time="0.419845"/>
      <testcase name="test_publish_post_with_content_filtering" class="Tests_Post" file="C:\svn\wordpress-develop\tests\phpunit\tests\post.php" line="557" assertions="3" time="0.505841"/>
      <testcase name="test_wp_publish_post_and_avoid_content_filtering" class="Tests_Post" file="C:\svn\wordpress-develop\tests\phpunit\tests\post.php" line="577" assertions="3" time="0.407794"/>
      <testcase name="test_get_page_uri_with_stdclass_post_object" class="Tests_Post" file="C:\svn\wordpress-develop\tests\phpunit\tests\post.php" line="597" assertions="1" time="0.395650"/>
      <testcase name="test_get_page_uri_with_nonexistent_post" class="Tests_Post" file="C:\svn\wordpress-develop\tests\phpunit\tests\post.php" line="611" assertions="1" time="0.321046"/>
      <testcase name="test_get_post_ancestors_within_loop" class="Tests_Post" file="C:\svn\wordpress-develop\tests\phpunit\tests\post.php" line="620" assertions="1" time="1.248405"/>
      <testcase name="test_update_invalid_post_id" class="Tests_Post" file="C:\svn\wordpress-develop\tests\phpunit\tests\post.php" line="630" assertions="4" time="0.416162"/>
      <testcase name="test_parse_post_content_single_page" class="Tests_Post" file="C:\svn\wordpress-develop\tests\phpunit\tests\post.php" line="644" assertions="4" time="0.365273"/>
      <testcase name="test_parse_post_content_multi_page" class="Tests_Post" file="C:\svn\wordpress-develop\tests\phpunit\tests\post.php" line="655" assertions="4" time="0.417259"/>
      <testcase name="test_parse_post_content_remaining_single_page" class="Tests_Post" file="C:\svn\wordpress-develop\tests\phpunit\tests\post.php" line="666" assertions="4" time="0.376070"/>
      <testcase name="test_parse_post_content_remaining_multi_page" class="Tests_Post" file="C:\svn\wordpress-develop\tests\phpunit\tests\post.php" line="677" assertions="4" time="0.371784"/>
      <testcase name="test_parse_post_content_starting_with_nextpage" class="Tests_Post" file="C:\svn\wordpress-develop\tests\phpunit\tests\post.php" line="691" assertions="4" time="0.365850"/>
      <testcase name="test_parse_post_content_starting_with_nextpage_multi" class="Tests_Post" file="C:\svn\wordpress-develop\tests\phpunit\tests\post.php" line="705" assertions="4" time="0.372116"/>
      <testcase name="test_insert_programmatic_sanitized" class="Tests_Post" file="C:\svn\wordpress-develop\tests\phpunit\tests\post.php" line="719" assertions="3" time="0.376981"/>
      <testcase name="test_wp_count_posts" class="Tests_Post" file="C:\svn\wordpress-develop\tests\phpunit\tests\post.php" line="745" assertions="2" time="0.360596"/>
      <testcase name="test_wp_count_posts_filtered" class="Tests_Post" file="C:\svn\wordpress-develop\tests\phpunit\tests\post.php" line="758" assertions="2" time="0.685561"/>
      <testcase name="test_wp_count_posts_insert_invalidation" class="Tests_Post" file="C:\svn\wordpress-develop\tests\phpunit\tests\post.php" line="780" assertions="5" time="1.061283"/>
      <testcase name="test_wp_count_posts_trash_invalidation" class="Tests_Post" file="C:\svn\wordpress-develop\tests\phpunit\tests\post.php" line="798" assertions="5" time="1.050106"/>
      <testcase name="test_get_the_date_with_id_returns_correct_time" class="Tests_Post" file="C:\svn\wordpress-develop\tests\phpunit\tests\post.php" line="819" assertions="1" time="0.381976"/>
      <testcase name="test_get_the_date_returns_false_with_null_or_non_existing_post" class="Tests_Post" file="C:\svn\wordpress-develop\tests\phpunit\tests\post.php" line="827" assertions="4" time="0.300013"/>
      <testcase name="test_get_the_time_with_id_returns_correct_time" class="Tests_Post" file="C:\svn\wordpress-develop\tests\phpunit\tests\post.php" line="837" assertions="1" time="0.363737"/>
      <testcase name="test_get_the_time_returns_false_with_null_or_non_existing_post" class="Tests_Post" file="C:\svn\wordpress-develop\tests\phpunit\tests\post.php" line="845" assertions="4" time="0.303890"/>
      <testcase name="test_get_post_time_with_id_returns_correct_time" class="Tests_Post" file="C:\svn\wordpress-develop\tests\phpunit\tests\post.php" line="855" assertions="1" time="0.356751"/>
      <testcase name="test_get_post_time_returns_false_with_null_or_non_existing_post" class="Tests_Post" file="C:\svn\wordpress-develop\tests\phpunit\tests\post.php" line="863" assertions="4" time="0.326357"/>
      <testcase name="test_get_post_modified_time_with_id_returns_correct_time" class="Tests_Post" file="C:\svn\wordpress-develop\tests\phpunit\tests\post.php" line="873" assertions="1" time="0.355717"/>
      <testcase name="test_get_post_modified_time_returns_false_with_null_or_non_existing_post" class="Tests_Post" file="C:\svn\wordpress-develop\tests\phpunit\tests\post.php" line="881" assertions="4" time="0.304396"/>
      <testcase name="test_mysql2date_returns_false_with_no_date" class="Tests_Post" file="C:\svn\wordpress-develop\tests\phpunit\tests\post.php" line="891" assertions="1" time="0.300693"/>
      <testcase name="test_mysql2date_returns_gmt_or_unix_timestamp" class="Tests_Post" file="C:\svn\wordpress-develop\tests\phpunit\tests\post.php" line="898" assertions="2" time="0.315493"/>
      <testcase name="test_wp_tag_cloud_link_with_post_type" class="Tests_Post" file="C:\svn\wordpress-develop\tests\phpunit\tests\post.php" line="906" assertions="1" time="0.728318"/>
      <testcase name="test_wp_unique_post_slug_with_multiple_hierarchies" class="Tests_Post" file="C:\svn\wordpress-develop\tests\phpunit\tests\post.php" line="944" assertions="4" time="0.400417"/>
      <testcase name="test_wp_unique_post_slug_with_hierarchy" class="Tests_Post" file="C:\svn\wordpress-develop\tests\phpunit\tests\post.php" line="970" assertions="3" time="0.392049"/>
      <testcase name="test_utf8mb3_post_saves_with_emoji" class="Tests_Post" file="C:\svn\wordpress-develop\tests\phpunit\tests\post.php" line="993" assertions="3" time="0.566791"/>
    </testsuite>
    <testsuite name="Tests_Post_Attachments" file="C:\svn\wordpress-develop\tests\phpunit\tests\post\attachments.php" tests="8" assertions="43" failures="1" errors="0" time="2.841385">
      <testcase name="test_insert_bogus_image" class="Tests_Post_Attachments" file="C:\svn\wordpress-develop\tests\phpunit\tests\post\attachments.php" line="44" assertions="1" time="0.157148"/>
      <testcase name="test_insert_image_no_thumb" class="Tests_Post_Attachments" file="C:\svn\wordpress-develop\tests\phpunit\tests\post\attachments.php" line="54" assertions="9" time="0.190367"/>
      <testcase name="test_insert_image_thumb_only" class="Tests_Post_Attachments" file="C:\svn\wordpress-develop\tests\phpunit\tests\post\attachments.php" line="82" assertions="2" time="0.237750">
        <failure type="PHPUnit_Framework_ExpectationFailedException">Tests_Post_Attachments::test_insert_image_thumb_only
Failed asserting that two strings are equal.
--- Expected
+++ Actual
@@ @@
-'a2-small-150x150.jpg'
+'a2-small1-150x150.jpg'

C:\svn\wordpress-develop\tests\phpunit\tests\post\attachments.php:99
</failure>
      </testcase>
      <testcase name="test_insert_image_medium" class="Tests_Post_Attachments" file="C:\svn\wordpress-develop\tests\phpunit\tests\post\attachments.php" line="128" assertions="15" time="0.791130"/>
      <testcase name="test_insert_image_delete" class="Tests_Post_Attachments" file="C:\svn\wordpress-develop\tests\phpunit\tests\post\attachments.php" line="174" assertions="9" time="0.823978"/>
      <testcase name="test_insert_image_without_guid" class="Tests_Post_Attachments" file="C:\svn\wordpress-develop\tests\phpunit\tests\post\attachments.php" line="216" assertions="2" time="0.168893"/>
      <testcase name="test_update_attachment_fields" class="Tests_Post_Attachments" file="C:\svn\wordpress-develop\tests\phpunit\tests\post\attachments.php" line="234" assertions="2" time="0.225656"/>
      <testcase name="test_update_orphan_attachment_parent" class="Tests_Post_Attachments" file="C:\svn\wordpress-develop\tests\phpunit\tests\post\attachments.php" line="260" assertions="3" time="0.246463"/>
    </testsuite>
    <testsuite name="Tests_Post_Filtering" file="C:\svn\wordpress-develop\tests\phpunit\tests\post\filtering.php" tests="5" assertions="5" failures="0" errors="0" time="0.824944">
      <testcase name="test_post_content_unknown_tag" class="Tests_Post_Filtering" file="C:\svn\wordpress-develop\tests\phpunit\tests\post\filtering.php" line="24" assertions="1" time="0.174747"/>
      <testcase name="test_post_content_unbalanced_tag" class="Tests_Post_Filtering" file="C:\svn\wordpress-develop\tests\phpunit\tests\post\filtering.php" line="41" assertions="1" time="0.162482"/>
      <testcase name="test_post_content_disallowed_attr" class="Tests_Post_Filtering" file="C:\svn\wordpress-develop\tests\phpunit\tests\post\filtering.php" line="58" assertions="1" time="0.159546"/>
      <testcase name="test_post_content_xhtml_empty_elem" class="Tests_Post_Filtering" file="C:\svn\wordpress-develop\tests\phpunit\tests\post\filtering.php" line="78" assertions="1" time="0.157821"/>
      <testcase name="test_post_content_nobalance_nextpage_more" class="Tests_Post_Filtering" file="C:\svn\wordpress-develop\tests\phpunit\tests\post\filtering.php" line="94" assertions="1" time="0.170348"/>
    </testsuite>
    <testsuite name="Tests_Post_Formats" file="C:\svn\wordpress-develop\tests\phpunit\tests\post\formats.php" tests="4" assertions="47" failures="0" errors="0" time="1.343018">
      <testcase name="test_set_get_post_format_for_post" class="Tests_Post_Formats" file="C:\svn\wordpress-develop\tests\phpunit\tests\post\formats.php" line="11" assertions="11" time="0.242303"/>
      <testcase name="test_set_get_post_format_for_page" class="Tests_Post_Formats" file="C:\svn\wordpress-develop\tests\phpunit\tests\post\formats.php" line="39" assertions="12" time="0.218571"/>
      <testcase name="test_has_format" class="Tests_Post_Formats" file="C:\svn\wordpress-develop\tests\phpunit\tests\post\formats.php" line="71" assertions="12" time="0.270814"/>
      <testcase name="test_get_url_in_content" class="Tests_Post_Formats" file="C:\svn\wordpress-develop\tests\phpunit\tests\post\formats.php" line="100" assertions="12" time="0.611330"/>
    </testsuite>
    <testsuite name="Tests_Post_getPages" file="C:\svn\wordpress-develop\tests\phpunit\tests\post\getPages.php" tests="10" assertions="149" failures="0" errors="0" time="4.921448">
      <testcase name="test_get_pages_cache" class="Tests_Post_getPages" file="C:\svn\wordpress-develop\tests\phpunit\tests\post\getPages.php" line="15" assertions="112" time="0.858332"/>
      <testcase name="test_get_pages_meta" class="Tests_Post_getPages" file="C:\svn\wordpress-develop\tests\phpunit\tests\post\getPages.php" line="101" assertions="3" time="0.315347"/>
      <testcase name="test_get_pages_include_exclude" class="Tests_Post_getPages" file="C:\svn\wordpress-develop\tests\phpunit\tests\post\getPages.php" line="115" assertions="2" time="0.864549"/>
      <testcase name="test_get_pages_parent" class="Tests_Post_getPages" file="C:\svn\wordpress-develop\tests\phpunit\tests\post\getPages.php" line="140" assertions="12" time="0.291806"/>
      <testcase name="test_wp_dropdown_pages" class="Tests_Post_getPages" file="C:\svn\wordpress-develop\tests\phpunit\tests\post\getPages.php" line="168" assertions="1" time="0.291177"/>
      <testcase name="test_get_chidren_fields_ids" class="Tests_Post_getPages" file="C:\svn\wordpress-develop\tests\phpunit\tests\post\getPages.php" line="179" assertions="2" time="0.469266"/>
      <testcase name="test_get_pages_hierarchical_and_no_parent" class="Tests_Post_getPages" file="C:\svn\wordpress-develop\tests\phpunit\tests\post\getPages.php" line="190" assertions="3" time="0.345949"/>
      <testcase name="test_wp_list_pages_classes" class="Tests_Post_getPages" file="C:\svn\wordpress-develop\tests\phpunit\tests\post\getPages.php" line="217" assertions="5" time="0.551735"/>
      <testcase name="test_exclude_tree" class="Tests_Post_getPages" file="C:\svn\wordpress-develop\tests\phpunit\tests\post\getPages.php" line="242" assertions="7" time="0.391673"/>
      <testcase name="test_get_pages_interrupted_hierarchy" class="Tests_Post_getPages" file="C:\svn\wordpress-develop\tests\phpunit\tests\post\getPages.php" line="277" assertions="2" time="0.541614"/>
    </testsuite>
    <testsuite name="Tests_List_Pages" file="C:\svn\wordpress-develop\tests\phpunit\tests\post\listPages.php" tests="15" assertions="15" failures="0" errors="0" time="31.563941">
      <testcase name="test_wp_list_pages_default" class="Tests_List_Pages" file="C:\svn\wordpress-develop\tests\phpunit\tests\post\listPages.php" line="42" assertions="1" time="2.012687"/>
      <testcase name="test_wp_list_pages_depth" class="Tests_List_Pages" file="C:\svn\wordpress-develop\tests\phpunit\tests\post\listPages.php" line="72" assertions="1" time="1.874317"/>
      <testcase name="test_wp_list_pages_show_date" class="Tests_List_Pages" file="C:\svn\wordpress-develop\tests\phpunit\tests\post\listPages.php" line="85" assertions="1" time="2.057482"/>
      <testcase name="test_wp_list_pages_date_format" class="Tests_List_Pages" file="C:\svn\wordpress-develop\tests\phpunit\tests\post\listPages.php" line="99" assertions="1" time="1.930232"/>
      <testcase name="test_wp_list_pages_child_of" class="Tests_List_Pages" file="C:\svn\wordpress-develop\tests\phpunit\tests\post\listPages.php" line="131" assertions="1" time="2.335489"/>
      <testcase name="test_wp_list_pages_exclude" class="Tests_List_Pages" file="C:\svn\wordpress-develop\tests\phpunit\tests\post\listPages.php" line="144" assertions="1" time="1.999659"/>
      <testcase name="test_wp_list_pages_title_li" class="Tests_List_Pages" file="C:\svn\wordpress-develop\tests\phpunit\tests\post\listPages.php" line="171" assertions="1" time="2.253784"/>
      <testcase name="test_wp_list_pages_echo" class="Tests_List_Pages" file="C:\svn\wordpress-develop\tests\phpunit\tests\post\listPages.php" line="185" assertions="1" time="2.149844"/>
      <testcase name="test_wp_list_pages_authors" class="Tests_List_Pages" file="C:\svn\wordpress-develop\tests\phpunit\tests\post\listPages.php" line="200" assertions="1" time="2.173559"/>
      <testcase name="test_wp_list_pages_number" class="Tests_List_Pages" file="C:\svn\wordpress-develop\tests\phpunit\tests\post\listPages.php" line="211" assertions="1" time="2.091530"/>
      <testcase name="test_wp_list_pages_sort_column" class="Tests_List_Pages" file="C:\svn\wordpress-develop\tests\phpunit\tests\post\listPages.php" line="222" assertions="1" time="2.079389"/>
      <testcase name="test_wp_list_pages_link_before" class="Tests_List_Pages" file="C:\svn\wordpress-develop\tests\phpunit\tests\post\listPages.php" line="254" assertions="1" time="2.156895"/>
      <testcase name="test_wp_list_pages_link_after" class="Tests_List_Pages" file="C:\svn\wordpress-develop\tests\phpunit\tests\post\listPages.php" line="285" assertions="1" time="2.179017"/>
      <testcase name="test_wp_list_pages_include" class="Tests_List_Pages" file="C:\svn\wordpress-develop\tests\phpunit\tests\post\listPages.php" line="317" assertions="1" time="2.057742"/>
      <testcase name="test_wp_list_pages_exclude_tree" class="Tests_List_Pages" file="C:\svn\wordpress-develop\tests\phpunit\tests\post\listPages.php" line="329" assertions="1" time="2.212315"/>
    </testsuite>
    <testsuite name="Tests_Post_Meta" file="C:\svn\wordpress-develop\tests\phpunit\tests\post\meta.php" tests="9" assertions="73" failures="0" errors="0" time="4.839821">
      <testcase name="test_unique_postmeta" class="Tests_Post_Meta" file="C:\svn\wordpress-develop\tests\phpunit\tests\post\meta.php" line="41" assertions="8" time="0.983920"/>
      <testcase name="test_nonunique_postmeta" class="Tests_Post_Meta" file="C:\svn\wordpress-develop\tests\phpunit\tests\post\meta.php" line="64" assertions="12" time="0.470368"/>
      <testcase name="test_update_post_meta" class="Tests_Post_Meta" file="C:\svn\wordpress-develop\tests\phpunit\tests\post\meta.php" line="101" assertions="14" time="0.618636"/>
      <testcase name="test_delete_post_meta" class="Tests_Post_Meta" file="C:\svn\wordpress-develop\tests\phpunit\tests\post\meta.php" line="128" assertions="6" time="0.452643"/>
      <testcase name="test_delete_post_meta_by_key" class="Tests_Post_Meta" file="C:\svn\wordpress-develop\tests\phpunit\tests\post\meta.php" line="146" assertions="7" time="0.451184"/>
      <testcase name="test_get_post_meta_by_id" class="Tests_Post_Meta" file="C:\svn\wordpress-develop\tests\phpunit\tests\post\meta.php" line="163" assertions="4" time="0.462274"/>
      <testcase name="test_delete_meta" class="Tests_Post_Meta" file="C:\svn\wordpress-develop\tests\phpunit\tests\post\meta.php" line="183" assertions="4" time="0.463525"/>
      <testcase name="test_update_meta" class="Tests_Post_Meta" file="C:\svn\wordpress-develop\tests\phpunit\tests\post\meta.php" line="193" assertions="16" time="0.475710"/>
      <testcase name="test_funky_post_meta" class="Tests_Post_Meta" file="C:\svn\wordpress-develop\tests\phpunit\tests\post\meta.php" line="228" assertions="2" time="0.461561"/>
    </testsuite>
    <testsuite name="Test_Nav_Menus" file="C:\svn\wordpress-develop\tests\phpunit\tests\post\nav-menu.php" tests="3" assertions="23" failures="0" errors="0" time="2.824765">
      <testcase name="test_wp_get_associated_nav_menu_items" class="Test_Nav_Menus" file="C:\svn\wordpress-develop\tests\phpunit\tests\post\nav-menu.php" line="18" assertions="20" time="2.095463"/>
      <testcase name="test_orphan_nav_menu_item" class="Test_Nav_Menus" file="C:\svn\wordpress-develop\tests\phpunit\tests\post\nav-menu.php" line="95" assertions="2" time="0.376625"/>
      <testcase name="test_orderby_name_by_default" class="Test_Nav_Menus" file="C:\svn\wordpress-develop\tests\phpunit\tests\post\nav-menu.php" line="123" assertions="1" time="0.352677"/>
    </testsuite>
    <testsuite name="Tests_Post_Objects" file="C:\svn\wordpress-develop\tests\phpunit\tests\post\objects.php" tests="10" assertions="84" failures="0" errors="0" time="3.135798">
      <testcase name="test_get_post" class="Tests_Post_Objects" file="C:\svn\wordpress-develop\tests\phpunit\tests\post\objects.php" line="8" assertions="26" time="0.231112"/>
      <testcase name="test_get_post_ancestors" class="Tests_Post_Objects" file="C:\svn\wordpress-develop\tests\phpunit\tests\post\objects.php" line="69" assertions="11" time="0.606639"/>
      <testcase name="test_get_post_ancestors_with_falsey_values" class="Tests_Post_Objects" file="C:\svn\wordpress-develop\tests\phpunit\tests\post\objects.php" line="94" assertions="10" time="0.067006"/>
      <testcase name="test_get_post_category_property" class="Tests_Post_Objects" file="C:\svn\wordpress-develop\tests\phpunit\tests\post\objects.php" line="101" assertions="7" time="0.825911"/>
      <testcase name="test_get_tags_input_property" class="Tests_Post_Objects" file="C:\svn\wordpress-develop\tests\phpunit\tests\post\objects.php" line="120" assertions="8" time="0.352298"/>
      <testcase name="test_get_page_template_property" class="Tests_Post_Objects" file="C:\svn\wordpress-develop\tests\phpunit\tests\post\objects.php" line="137" assertions="6" time="0.337882"/>
      <testcase name="test_get_post_filter" class="Tests_Post_Objects" file="C:\svn\wordpress-develop\tests\phpunit\tests\post\objects.php" line="157" assertions="8" time="0.200414"/>
      <testcase name="test_get_post_identity" class="Tests_Post_Objects" file="C:\svn\wordpress-develop\tests\phpunit\tests\post\objects.php" line="180" assertions="2" time="0.164271"/>
      <testcase name="test_get_post_array" class="Tests_Post_Objects" file="C:\svn\wordpress-develop\tests\phpunit\tests\post\objects.php" line="189" assertions="3" time="0.184053"/>
      <testcase name="test_get_post_cache" class="Tests_Post_Objects" file="C:\svn\wordpress-develop\tests\phpunit\tests\post\objects.php" line="202" assertions="3" time="0.166212"/>
    </testsuite>
    <testsuite name="Tests_Post_Output" file="C:\svn\wordpress-develop\tests\phpunit\tests\post\output.php" tests="5" assertions="20" failures="2" errors="0" time="1.059261">
      <testcase name="test_the_content" class="Tests_Post_Output" file="C:\svn\wordpress-develop\tests\phpunit\tests\post\output.php" line="37" assertions="4" time="0.213437"/>
      <testcase name="test_the_content_shortcode" class="Tests_Post_Output" file="C:\svn\wordpress-develop\tests\phpunit\tests\post\output.php" line="60" assertions="4" time="0.200545">
        <failure type="PHPUnit_Framework_ExpectationFailedException">Tests_Post_Output::test_the_content_shortcode
Failed asserting that two strings are equal.
--- Expected
+++ Actual
@@ @@
-'foo = bar
-baz = 123
-foo = 123
-baz = bar
-0 = http://example.com'
+'&lt;p&gt;foo = bar&lt;br /&gt;
+baz = 123&lt;/p&gt;
+&lt;p&gt;foo = 123&lt;br /&gt;
+baz = bar&lt;/p&gt;
+&lt;p&gt;0 = http://example.com&lt;/p&gt;'

C:\svn\wordpress-develop\tests\phpunit\tests\post\output.php:85
</failure>
      </testcase>
      <testcase name="test_the_content_shortcode_paragraph" class="Tests_Post_Output" file="C:\svn\wordpress-develop\tests\phpunit\tests\post\output.php" line="88" assertions="4" time="0.216557">
        <failure type="PHPUnit_Framework_ExpectationFailedException">Tests_Post_Output::test_the_content_shortcode_paragraph
Failed asserting that two strings are equal.
--- Expected
+++ Actual
@@ @@
 '&lt;p&gt;Graf by itself:&lt;/p&gt;
 &lt;p class='graf'&gt;my graf&lt;/p&gt;
 &lt;p class='graf'&gt;another graf with whitespace&lt;/p&gt;
-&lt;p&gt;An &lt;p class='graf'&gt;inline graf&lt;/p&gt;
-, this doesn&amp;#8217;t make much sense.&lt;/p&gt;
-&lt;p&gt;A graf with a single EOL first:&lt;br /&gt;
-&lt;p class='graf'&gt;blah&lt;/p&gt;
-&lt;/p&gt;'
+&lt;p&gt;An
+&lt;p class='graf'&gt;inline graf&lt;/p&gt;
+&lt;p&gt;, this doesn&amp;#8217;t make much sense.&lt;/p&gt;
+&lt;p&gt;A graf with a single EOL first:&lt;/p&gt;
+&lt;p class='graf'&gt;blah&lt;/p&gt;'

C:\svn\wordpress-develop\tests\phpunit\tests\post\output.php:123
</failure>
      </testcase>
      <testcase name="test_the_content_attribute_filtering" class="Tests_Post_Output" file="C:\svn\wordpress-develop\tests\phpunit\tests\post\output.php" line="126" assertions="4" time="0.230009"/>
      <testcase name="test_the_content_attribute_value_with_colon" class="Tests_Post_Output" file="C:\svn\wordpress-develop\tests\phpunit\tests\post\output.php" line="150" assertions="4" time="0.198713"/>
    </testsuite>
    <testsuite name="Tests_Post_Query" file="C:\svn\wordpress-develop\tests\phpunit\tests\post\query.php" tests="78" assertions="291" failures="0" errors="0" time="29.278698">
      <testcase name="test_meta_query_no_key" class="Tests_Post_Query" file="C:\svn\wordpress-develop\tests\phpunit\tests\post\query.php" line="11" assertions="2" time="0.323447"/>
      <testcase name="test_meta_query_no_value" class="Tests_Post_Query" file="C:\svn\wordpress-develop\tests\phpunit\tests\post\query.php" line="38" assertions="2" time="0.326555"/>
      <testcase name="test_meta_query_single_query_compare_default" class="Tests_Post_Query" file="C:\svn\wordpress-develop\tests\phpunit\tests\post\query.php" line="65" assertions="2" time="0.245541"/>
      <testcase name="test_meta_query_single_query_compare_equals" class="Tests_Post_Query" file="C:\svn\wordpress-develop\tests\phpunit\tests\post\query.php" line="90" assertions="2" time="0.248426"/>
      <testcase name="test_meta_query_single_query_compare_not_equals" class="Tests_Post_Query" file="C:\svn\wordpress-develop\tests\phpunit\tests\post\query.php" line="116" assertions="2" time="0.467626"/>
      <testcase name="test_meta_query_single_query_compare_arithmetic_comparisons" class="Tests_Post_Query" file="C:\svn\wordpress-develop\tests\phpunit\tests\post\query.php" line="144" assertions="8" time="0.357396"/>
      <testcase name="test_meta_query_single_query_compare_like" class="Tests_Post_Query" file="C:\svn\wordpress-develop\tests\phpunit\tests\post\query.php" line="225" assertions="2" time="0.235246"/>
      <testcase name="test_meta_query_single_query_compare_not_like" class="Tests_Post_Query" file="C:\svn\wordpress-develop\tests\phpunit\tests\post\query.php" line="251" assertions="2" time="0.297131"/>
      <testcase name="test_meta_query_single_query_compare_between_not_between" class="Tests_Post_Query" file="C:\svn\wordpress-develop\tests\phpunit\tests\post\query.php" line="279" assertions="4" time="0.380639"/>
      <testcase name="test_meta_query_single_query_compare_regexp_rlike" class="Tests_Post_Query" file="C:\svn\wordpress-develop\tests\phpunit\tests\post\query.php" line="326" assertions="4" time="0.268891"/>
      <testcase name="test_meta_query_single_query_compare_not_regexp" class="Tests_Post_Query" file="C:\svn\wordpress-develop\tests\phpunit\tests\post\query.php" line="370" assertions="2" time="0.219719"/>
      <testcase name="test_meta_query_relation_default" class="Tests_Post_Query" file="C:\svn\wordpress-develop\tests\phpunit\tests\post\query.php" line="397" assertions="1" time="0.291519"/>
      <testcase name="test_meta_query_relation_or" class="Tests_Post_Query" file="C:\svn\wordpress-develop\tests\phpunit\tests\post\query.php" line="430" assertions="2" time="0.502577"/>
      <testcase name="test_meta_query_relation_and" class="Tests_Post_Query" file="C:\svn\wordpress-develop\tests\phpunit\tests\post\query.php" line="474" assertions="4" time="0.615879"/>
      <testcase name="test_meta_query_compare_not_exists" class="Tests_Post_Query" file="C:\svn\wordpress-develop\tests\phpunit\tests\post\query.php" line="544" assertions="4" time="0.435482"/>
      <testcase name="test_meta_query_compare_not_exists_with_another_condition_relation_or" class="Tests_Post_Query" file="C:\svn\wordpress-develop\tests\phpunit\tests\post\query.php" line="616" assertions="2" time="0.380956"/>
      <testcase name="test_meta_query_relation_or_compare_equals" class="Tests_Post_Query" file="C:\svn\wordpress-develop\tests\phpunit\tests\post\query.php" line="652" assertions="2" time="0.367320"/>
      <testcase name="test_meta_query_relation_or_compare_equals_different_keys" class="Tests_Post_Query" file="C:\svn\wordpress-develop\tests\phpunit\tests\post\query.php" line="685" assertions="2" time="0.357445"/>
      <testcase name="test_meta_query_relation_or_compare_equals_and_in" class="Tests_Post_Query" file="C:\svn\wordpress-develop\tests\phpunit\tests\post\query.php" line="718" assertions="2" time="0.358362"/>
      <testcase name="test_meta_query_relation_or_compare_equals_and_like" class="Tests_Post_Query" file="C:\svn\wordpress-develop\tests\phpunit\tests\post\query.php" line="751" assertions="2" time="0.384962"/>
      <testcase name="test_meta_query_relation_or_compare_equals_and_between" class="Tests_Post_Query" file="C:\svn\wordpress-develop\tests\phpunit\tests\post\query.php" line="784" assertions="2" time="0.363741"/>
      <testcase name="test_meta_query_relation_and_compare_in_same_keys" class="Tests_Post_Query" file="C:\svn\wordpress-develop\tests\phpunit\tests\post\query.php" line="818" assertions="2" time="0.374976"/>
      <testcase name="test_meta_query_relation_and_compare_in_different_keys" class="Tests_Post_Query" file="C:\svn\wordpress-develop\tests\phpunit\tests\post\query.php" line="853" assertions="2" time="0.363724"/>
      <testcase name="test_meta_query_relation_and_compare_not_equals" class="Tests_Post_Query" file="C:\svn\wordpress-develop\tests\phpunit\tests\post\query.php" line="888" assertions="2" time="0.372235"/>
      <testcase name="test_meta_query_relation_and_compare_not_equals_different_keys" class="Tests_Post_Query" file="C:\svn\wordpress-develop\tests\phpunit\tests\post\query.php" line="922" assertions="2" time="0.358800"/>
      <testcase name="test_meta_query_relation_and_compare_not_equals_not_in" class="Tests_Post_Query" file="C:\svn\wordpress-develop\tests\phpunit\tests\post\query.php" line="963" assertions="2" time="0.412437"/>
      <testcase name="test_meta_query_relation_and_compare_not_equals_and_not_like" class="Tests_Post_Query" file="C:\svn\wordpress-develop\tests\phpunit\tests\post\query.php" line="997" assertions="2" time="0.396787"/>
      <testcase name="test_meta_query_decimal_results" class="Tests_Post_Query" file="C:\svn\wordpress-develop\tests\phpunit\tests\post\query.php" line="1032" assertions="20" time="0.529815"/>
      <testcase name="test_meta_query_with_orderby_meta_value_relation_or" class="Tests_Post_Query" file="C:\svn\wordpress-develop\tests\phpunit\tests\post\query.php" line="1194" assertions="1" time="0.453379"/>
      <testcase name="test_meta_query_with_orderby_meta_value_relation_and" class="Tests_Post_Query" file="C:\svn\wordpress-develop\tests\phpunit\tests\post\query.php" line="1234" assertions="1" time="0.471943"/>
      <testcase name="test_meta_query_nested" class="Tests_Post_Query" file="C:\svn\wordpress-develop\tests\phpunit\tests\post\query.php" line="1278" assertions="2" time="0.338732"/>
      <testcase name="test_meta_query_nested_two_levels_deep" class="Tests_Post_Query" file="C:\svn\wordpress-develop\tests\phpunit\tests\post\query.php" line="1320" assertions="2" time="0.352104"/>
      <testcase name="test_meta_between_not_between" class="Tests_Post_Query" file="C:\svn\wordpress-develop\tests\phpunit\tests\post\query.php" line="1368" assertions="16" time="0.542038"/>
      <testcase name="test_meta_default_compare" class="Tests_Post_Query" file="C:\svn\wordpress-develop\tests\phpunit\tests\post\query.php" line="1417" assertions="10" time="0.492735"/>
      <testcase name="test_duplicate_posts_when_no_key" class="Tests_Post_Query" file="C:\svn\wordpress-develop\tests\phpunit\tests\post\query.php" line="1458" assertions="7" time="0.407961"/>
      <testcase name="test_empty_meta_value" class="Tests_Post_Query" file="C:\svn\wordpress-develop\tests\phpunit\tests\post\query.php" line="1490" assertions="44" time="0.917677"/>
      <testcase name="test_tax_query_single_query_single_term_field_slug" class="Tests_Post_Query" file="C:\svn\wordpress-develop\tests\phpunit\tests\post\query.php" line="1554" assertions="1" time="0.335657"/>
      <testcase name="test_tax_query_single_query_single_term_field_name" class="Tests_Post_Query" file="C:\svn\wordpress-develop\tests\phpunit\tests\post\query.php" line="1584" assertions="1" time="0.334445"/>
      <testcase name="test_tax_query_single_query_single_term_field_term_taxonomy_id" class="Tests_Post_Query" file="C:\svn\wordpress-develop\tests\phpunit\tests\post\query.php" line="1614" assertions="1" time="0.336866"/>
      <testcase name="test_tax_query_single_query_single_term_field_term_id" class="Tests_Post_Query" file="C:\svn\wordpress-develop\tests\phpunit\tests\post\query.php" line="1644" assertions="1" time="0.323301"/>
      <testcase name="test_tax_query_single_query_single_term_operator_in" class="Tests_Post_Query" file="C:\svn\wordpress-develop\tests\phpunit\tests\post\query.php" line="1674" assertions="1" time="0.314567"/>
      <testcase name="test_tax_query_single_query_single_term_operator_not_in" class="Tests_Post_Query" file="C:\svn\wordpress-develop\tests\phpunit\tests\post\query.php" line="1705" assertions="1" time="0.312525"/>
      <testcase name="test_tax_query_single_query_single_term_operator_and" class="Tests_Post_Query" file="C:\svn\wordpress-develop\tests\phpunit\tests\post\query.php" line="1736" assertions="1" time="0.296343"/>
      <testcase name="test_tax_query_single_query_multiple_terms_operator_in" class="Tests_Post_Query" file="C:\svn\wordpress-develop\tests\phpunit\tests\post\query.php" line="1767" assertions="2" time="0.418637"/>
      <testcase name="test_tax_query_single_query_multiple_terms_operator_not_in" class="Tests_Post_Query" file="C:\svn\wordpress-develop\tests\phpunit\tests\post\query.php" line="1805" assertions="1" time="0.415462"/>
      <testcase name="test_tax_query_single_query_multiple_queries_operator_not_in" class="Tests_Post_Query" file="C:\svn\wordpress-develop\tests\phpunit\tests\post\query.php" line="1844" assertions="1" time="0.389588"/>
      <testcase name="test_tax_query_single_query_multiple_terms_operator_and" class="Tests_Post_Query" file="C:\svn\wordpress-develop\tests\phpunit\tests\post\query.php" line="1889" assertions="1" time="0.408301"/>
      <testcase name="test_tax_query_operator_not_exists" class="Tests_Post_Query" file="C:\svn\wordpress-develop\tests\phpunit\tests\post\query.php" line="1927" assertions="2" time="0.392165"/>
      <testcase name="test_tax_query_operator_exists" class="Tests_Post_Query" file="C:\svn\wordpress-develop\tests\phpunit\tests\post\query.php" line="1959" assertions="2" time="0.383227"/>
      <testcase name="test_tax_query_operator_exists_should_ignore_terms" class="Tests_Post_Query" file="C:\svn\wordpress-develop\tests\phpunit\tests\post\query.php" line="1991" assertions="2" time="0.364497"/>
      <testcase name="test_tax_query_operator_exists_with_no_taxonomy" class="Tests_Post_Query" file="C:\svn\wordpress-develop\tests\phpunit\tests\post\query.php" line="2024" assertions="1" time="0.375697"/>
      <testcase name="test_tax_query_multiple_queries_relation_and" class="Tests_Post_Query" file="C:\svn\wordpress-develop\tests\phpunit\tests\post\query.php" line="2055" assertions="1" time="0.392715"/>
      <testcase name="test_tax_query_multiple_queries_relation_or" class="Tests_Post_Query" file="C:\svn\wordpress-develop\tests\phpunit\tests\post\query.php" line="2098" assertions="2" time="0.389217"/>
      <testcase name="test_tax_query_multiple_queries_different_taxonomies" class="Tests_Post_Query" file="C:\svn\wordpress-develop\tests\phpunit\tests\post\query.php" line="2141" assertions="2" time="0.374589"/>
      <testcase name="test_tax_query_two_nested_queries" class="Tests_Post_Query" file="C:\svn\wordpress-develop\tests\phpunit\tests\post\query.php" line="2185" assertions="2" time="0.471010"/>
      <testcase name="test_tax_query_one_nested_query_one_first_order_query" class="Tests_Post_Query" file="C:\svn\wordpress-develop\tests\phpunit\tests\post\query.php" line="2258" assertions="2" time="0.455455"/>
      <testcase name="test_tax_query_one_double_nested_query_one_first_order_query" class="Tests_Post_Query" file="C:\svn\wordpress-develop\tests\phpunit\tests\post\query.php" line="2323" assertions="2" time="0.537447"/>
      <testcase name="test_tax_query_relation_or_both_clauses_empty_terms" class="Tests_Post_Query" file="C:\svn\wordpress-develop\tests\phpunit\tests\post\query.php" line="2397" assertions="1" time="0.706852"/>
      <testcase name="test_tax_query_relation_or_one_clause_empty_terms" class="Tests_Post_Query" file="C:\svn\wordpress-develop\tests\phpunit\tests\post\query.php" line="2431" assertions="1" time="0.695538"/>
      <testcase name="test_tax_query_include_children" class="Tests_Post_Query" file="C:\svn\wordpress-develop\tests\phpunit\tests\post\query.php" line="2464" assertions="6" time="0.552852"/>
      <testcase name="test_category__and_var" class="Tests_Post_Query" file="C:\svn\wordpress-develop\tests\phpunit\tests\post\query.php" line="2572" assertions="11" time="0.305728"/>
      <testcase name="test_tax_query_taxonomy_with_attachments" class="Tests_Post_Query" file="C:\svn\wordpress-develop\tests\phpunit\tests\post\query.php" line="2603" assertions="1" time="0.199384"/>
      <testcase name="test_tax_query_no_taxonomy" class="Tests_Post_Query" file="C:\svn\wordpress-develop\tests\phpunit\tests\post\query.php" line="2635" assertions="3" time="0.220664"/>
      <testcase name="test_term_taxonomy_id_field_no_taxonomy" class="Tests_Post_Query" file="C:\svn\wordpress-develop\tests\phpunit\tests\post\query.php" line="2677" assertions="2" time="0.993209"/>
      <testcase name="test_empty_category__in" class="Tests_Post_Query" file="C:\svn\wordpress-develop\tests\phpunit\tests\post\query.php" line="2758" assertions="6" time="0.338368"/>
      <testcase name="test_populate_taxonomy_query_var_from_tax_query" class="Tests_Post_Query" file="C:\svn\wordpress-develop\tests\phpunit\tests\post\query.php" line="2788" assertions="1" time="0.175004"/>
      <testcase name="test_populate_taxonomy_query_var_from_tax_query_taxonomy_already_set" class="Tests_Post_Query" file="C:\svn\wordpress-develop\tests\phpunit\tests\post\query.php" line="2826" assertions="1" time="0.118937"/>
      <testcase name="test_populate_term_query_var_from_tax_query" class="Tests_Post_Query" file="C:\svn\wordpress-develop\tests\phpunit\tests\post\query.php" line="2852" assertions="1" time="0.130543"/>
      <testcase name="test_populate_term_id_query_var_from_tax_query" class="Tests_Post_Query" file="C:\svn\wordpress-develop\tests\phpunit\tests\post\query.php" line="2877" assertions="1" time="0.118065"/>
      <testcase name="test_populate_cat_category_name_query_var_from_tax_query" class="Tests_Post_Query" file="C:\svn\wordpress-develop\tests\phpunit\tests\post\query.php" line="2903" assertions="2" time="0.155083"/>
      <testcase name="test_populate_tag_id_query_var_from_tax_query" class="Tests_Post_Query" file="C:\svn\wordpress-develop\tests\phpunit\tests\post\query.php" line="2945" assertions="1" time="0.162141"/>
      <testcase name="test_the_posts_filter" class="Tests_Post_Query" file="C:\svn\wordpress-develop\tests\phpunit\tests\post\query.php" line="2985" assertions="20" time="1.207537"/>
      <testcase name="test_post__in_ordering" class="Tests_Post_Query" file="C:\svn\wordpress-develop\tests\phpunit\tests\post\query.php" line="3030" assertions="2" time="0.294465"/>
      <testcase name="test_post__in_attachment_ordering" class="Tests_Post_Query" file="C:\svn\wordpress-develop\tests\phpunit\tests\post\query.php" line="3055" assertions="2" time="0.383413"/>
      <testcase name="test_post_status" class="Tests_Post_Query" file="C:\svn\wordpress-develop\tests\phpunit\tests\post\query.php" line="3094" assertions="6" time="0.064389"/>
      <testcase name="test_orderby_array" class="Tests_Post_Query" file="C:\svn\wordpress-develop\tests\phpunit\tests\post\query.php" line="3118" assertions="5" time="0.070983"/>
      <testcase name="test_order" class="Tests_Post_Query" file="C:\svn\wordpress-develop\tests\phpunit\tests\post\query.php" line="3153" assertions="3" time="0.062947"/>
      <testcase name="test_orderby" class="Tests_Post_Query" file="C:\svn\wordpress-develop\tests\phpunit\tests\post\query.php" line="3187" assertions="15" time="0.086682"/>
    </testsuite>
    <testsuite name="Tests_Post_Revisions" file="C:\svn\wordpress-develop\tests\phpunit\tests\post\revisions.php" tests="12" assertions="52" failures="0" errors="0" time="8.252531">
      <testcase name="test_revision_restore_updates_edit_last_post_meta" class="Tests_Post_Revisions" file="C:\svn\wordpress-develop\tests\phpunit\tests\post\revisions.php" line="24" assertions="4" time="1.474404"/>
      <testcase name="test_revision_dont_save_revision_if_unchanged" class="Tests_Post_Revisions" file="C:\svn\wordpress-develop\tests\phpunit\tests\post\revisions.php" line="62" assertions="7" time="0.817317"/>
      <testcase name="test_revision_force_save_revision_even_if_unchanged" class="Tests_Post_Revisions" file="C:\svn\wordpress-develop\tests\phpunit\tests\post\revisions.php" line="98" assertions="7" time="0.907647"/>
      <testcase name="test_revision_view_caps_post" class="Tests_Post_Revisions" file="C:\svn\wordpress-develop\tests\phpunit\tests\post\revisions.php" line="136" assertions="4" time="0.669541"/>
      <testcase name="test_revision_restore_caps_post" class="Tests_Post_Revisions" file="C:\svn\wordpress-develop\tests\phpunit\tests\post\revisions.php" line="161" assertions="3" time="0.683707"/>
      <testcase name="test_revision_diff_caps_post" class="Tests_Post_Revisions" file="C:\svn\wordpress-develop\tests\phpunit\tests\post\revisions.php" line="184" assertions="5" time="0.788204"/>
      <testcase name="test_revision_view_caps_cpt" class="Tests_Post_Revisions" file="C:\svn\wordpress-develop\tests\phpunit\tests\post\revisions.php" line="209" assertions="4" time="0.614607"/>
      <testcase name="test_revision_restore_caps_cpt" class="Tests_Post_Revisions" file="C:\svn\wordpress-develop\tests\phpunit\tests\post\revisions.php" line="240" assertions="3" time="0.630655"/>
      <testcase name="test_revision_restore_caps_before_publish" class="Tests_Post_Revisions" file="C:\svn\wordpress-develop\tests\phpunit\tests\post\revisions.php" line="275" assertions="8" time="0.491501"/>
      <testcase name="test_revision_diff_caps_cpt" class="Tests_Post_Revisions" file="C:\svn\wordpress-develop\tests\phpunit\tests\post\revisions.php" line="315" assertions="5" time="0.682659"/>
      <testcase name="test_wp_get_post_revisions_should_order_by_post_date" class="Tests_Post_Revisions" file="C:\svn\wordpress-develop\tests\phpunit\tests\post\revisions.php" line="345" assertions="1" time="0.264687"/>
      <testcase name="test_wp_get_post_revisions_should_order_by_ID_when_post_date_matches" class="Tests_Post_Revisions" file="C:\svn\wordpress-develop\tests\phpunit\tests\post\revisions.php" line="375" assertions="1" time="0.227602"/>
    </testsuite>
    <testsuite name="Tests_Post_Slashes" file="C:\svn\wordpress-develop\tests\phpunit\tests\post\slashes.php" tests="3" assertions="18" failures="0" errors="0" time="2.349666">
      <testcase name="test_edit_post" class="Tests_Post_Slashes" file="C:\svn\wordpress-develop\tests\phpunit\tests\post\slashes.php" line="35" assertions="6" time="1.028723"/>
      <testcase name="test_wp_insert_post" class="Tests_Post_Slashes" file="C:\svn\wordpress-develop\tests\phpunit\tests\post\slashes.php" line="71" assertions="6" time="0.771551"/>
      <testcase name="test_wp_update_post" class="Tests_Post_Slashes" file="C:\svn\wordpress-develop\tests\phpunit\tests\post\slashes.php" line="104" assertions="6" time="0.549392"/>
    </testsuite>
    <testsuite name="Tests_Post_Template" file="C:\svn\wordpress-develop\tests\phpunit\tests\post\template.php" tests="2" assertions="13" failures="0" errors="0" time="0.483720">
      <testcase name="test_wp_link_pages" class="Tests_Post_Template" file="C:\svn\wordpress-develop\tests\phpunit\tests\post\template.php" line="5" assertions="9" time="0.243244"/>
      <testcase name="test_wp_dropdown_pages" class="Tests_Post_Template" file="C:\svn\wordpress-develop\tests\phpunit\tests\post\template.php" line="76" assertions="4" time="0.240476"/>
    </testsuite>
    <testsuite name="Tests_Post_Types" file="C:\svn\wordpress-develop\tests\phpunit\tests\post\types.php" tests="6" assertions="23" failures="0" errors="0" time="0.376357">
      <testcase name="test_register_post_type" class="Tests_Post_Types" file="C:\svn\wordpress-develop\tests\phpunit\tests\post\types.php" line="7" assertions="5" time="0.049682"/>
      <testcase name="test_register_taxonomy_for_object_type" class="Tests_Post_Types" file="C:\svn\wordpress-develop\tests\phpunit\tests\post\types.php" line="22" assertions="6" time="0.061285"/>
      <testcase name="test_post_type_exists" class="Tests_Post_Types" file="C:\svn\wordpress-develop\tests\phpunit\tests\post\types.php" line="44" assertions="2" time="0.044087"/>
      <testcase name="test_post_type_supports" class="Tests_Post_Types" file="C:\svn\wordpress-develop\tests\phpunit\tests\post\types.php" line="49" assertions="5" time="0.055836"/>
      <testcase name="test_post_type_with_no_support" class="Tests_Post_Types" file="C:\svn\wordpress-develop\tests\phpunit\tests\post\types.php" line="60" assertions="4" time="0.067009"/>
      <testcase name="test_post_type_with_no_feed" class="Tests_Post_Types" file="C:\svn\wordpress-develop\tests\phpunit\tests\post\types.php" line="75" assertions="1" time="0.098458"/>
    </testsuite>
    <testsuite name="Tests_Query" file="C:\svn\wordpress-develop\tests\phpunit\tests\query.php" tests="4" assertions="17" failures="0" errors="0" time="1.462557">
      <testcase name="test_nested_loop_reset_postdata" class="Tests_Query" file="C:\svn\wordpress-develop\tests\phpunit\tests\query.php" line="21" assertions="2" time="0.274883"/>
      <testcase name="test_default_query_var" class="Tests_Query" file="C:\svn\wordpress-develop\tests\phpunit\tests\query.php" line="40" assertions="3" time="0.131727"/>
      <testcase name="test_pre_posts_per_page" class="Tests_Query" file="C:\svn\wordpress-develop\tests\phpunit\tests\query.php" line="50" assertions="1" time="0.825656"/>
      <testcase name="test_tag_queried_object" class="Tests_Query" file="C:\svn\wordpress-develop\tests\phpunit\tests\query.php" line="67" assertions="11" time="0.230291"/>
    </testsuite>
    <testsuite name="Tests_Query_Conditionals" file="C:\svn\wordpress-develop\tests\phpunit\tests\query\conditionals.php" tests="55" assertions="233" failures="0" errors="0" time="24.557776">
      <testcase name="test_home" class="Tests_Query_Conditionals" file="C:\svn\wordpress-develop\tests\phpunit\tests\query\conditionals.php" line="41" assertions="1" time="0.169866"/>
      <testcase name="test_404" class="Tests_Query_Conditionals" file="C:\svn\wordpress-develop\tests\phpunit\tests\query\conditionals.php" line="46" assertions="1" time="0.195995"/>
      <testcase name="test_permalink" class="Tests_Query_Conditionals" file="C:\svn\wordpress-develop\tests\phpunit\tests\query\conditionals.php" line="51" assertions="1" time="0.271246"/>
      <testcase name="test_post_comments_feed" class="Tests_Query_Conditionals" file="C:\svn\wordpress-develop\tests\phpunit\tests\query\conditionals.php" line="57" assertions="1" time="0.763802"/>
      <testcase name="test_post_comments_feed_with_no_comments" class="Tests_Query_Conditionals" file="C:\svn\wordpress-develop\tests\phpunit\tests\query\conditionals.php" line="65" assertions="1" time="0.265712"/>
      <testcase name="test_page" class="Tests_Query_Conditionals" file="C:\svn\wordpress-develop\tests\phpunit\tests\query\conditionals.php" line="71" assertions="1" time="0.224860"/>
      <testcase name="test_parent_page" class="Tests_Query_Conditionals" file="C:\svn\wordpress-develop\tests\phpunit\tests\query\conditionals.php" line="77" assertions="1" time="0.210307"/>
      <testcase name="test_child_page_1" class="Tests_Query_Conditionals" file="C:\svn\wordpress-develop\tests\phpunit\tests\query\conditionals.php" line="84" assertions="1" time="0.258095"/>
      <testcase name="test_child_page_2" class="Tests_Query_Conditionals" file="C:\svn\wordpress-develop\tests\phpunit\tests\query\conditionals.php" line="92" assertions="1" time="0.299264"/>
      <testcase name="test_page_trackback" class="Tests_Query_Conditionals" file="C:\svn\wordpress-develop\tests\phpunit\tests\query\conditionals.php" line="102" assertions="6" time="0.395390"/>
      <testcase name="test_page_feed" class="Tests_Query_Conditionals" file="C:\svn\wordpress-develop\tests\phpunit\tests\query\conditionals.php" line="121" assertions="6" time="0.474623"/>
      <testcase name="test_page_feed_with_no_comments" class="Tests_Query_Conditionals" file="C:\svn\wordpress-develop\tests\phpunit\tests\query\conditionals.php" line="140" assertions="6" time="0.415163"/>
      <testcase name="test_page_feed_atom" class="Tests_Query_Conditionals" file="C:\svn\wordpress-develop\tests\phpunit\tests\query\conditionals.php" line="159" assertions="6" time="0.474249"/>
      <testcase name="test_page_page_2" class="Tests_Query_Conditionals" file="C:\svn\wordpress-develop\tests\phpunit\tests\query\conditionals.php" line="180" assertions="2" time="0.228593"/>
      <testcase name="test_page_page_2_no_slash" class="Tests_Query_Conditionals" file="C:\svn\wordpress-develop\tests\phpunit\tests\query\conditionals.php" line="193" assertions="2" time="0.199769"/>
      <testcase name="test_pagination_of_posts_page" class="Tests_Query_Conditionals" file="C:\svn\wordpress-develop\tests\phpunit\tests\query\conditionals.php" line="207" assertions="2" time="0.206044"/>
      <testcase name="test_main_feed_2" class="Tests_Query_Conditionals" file="C:\svn\wordpress-develop\tests\phpunit\tests\query\conditionals.php" line="229" assertions="10" time="0.611014"/>
      <testcase name="test_main_feed" class="Tests_Query_Conditionals" file="C:\svn\wordpress-develop\tests\phpunit\tests\query\conditionals.php" line="247" assertions="3" time="0.343842"/>
      <testcase name="test_paged" class="Tests_Query_Conditionals" file="C:\svn\wordpress-develop\tests\phpunit\tests\query\conditionals.php" line="257" assertions="2" time="1.163955"/>
      <testcase name="test_main_comments_feed" class="Tests_Query_Conditionals" file="C:\svn\wordpress-develop\tests\phpunit\tests\query\conditionals.php" line="267" assertions="11" time="0.673995"/>
      <testcase name="test_search_feed" class="Tests_Query_Conditionals" file="C:\svn\wordpress-develop\tests\phpunit\tests\query\conditionals.php" line="293" assertions="10" time="0.418888"/>
      <testcase name="test_search_paged" class="Tests_Query_Conditionals" file="C:\svn\wordpress-develop\tests\phpunit\tests\query\conditionals.php" line="310" assertions="1" time="0.858129"/>
      <testcase name="test_search" class="Tests_Query_Conditionals" file="C:\svn\wordpress-develop\tests\phpunit\tests\query\conditionals.php" line="317" assertions="1" time="0.201235"/>
      <testcase name="test_search_encoded_chars" class="Tests_Query_Conditionals" file="C:\svn\wordpress-develop\tests\phpunit\tests\query\conditionals.php" line="325" assertions="1" time="0.167581"/>
      <testcase name="test_category_feed" class="Tests_Query_Conditionals" file="C:\svn\wordpress-develop\tests\phpunit\tests\query\conditionals.php" line="332" assertions="10" time="0.507687"/>
      <testcase name="test_category_paged" class="Tests_Query_Conditionals" file="C:\svn\wordpress-develop\tests\phpunit\tests\query\conditionals.php" line="350" assertions="1" time="0.805510"/>
      <testcase name="test_category" class="Tests_Query_Conditionals" file="C:\svn\wordpress-develop\tests\phpunit\tests\query\conditionals.php" line="357" assertions="1" time="1.012846"/>
      <testcase name="test_tag_feed" class="Tests_Query_Conditionals" file="C:\svn\wordpress-develop\tests\phpunit\tests\query\conditionals.php" line="365" assertions="10" time="0.516162"/>
      <testcase name="test_tag_paged" class="Tests_Query_Conditionals" file="C:\svn\wordpress-develop\tests\phpunit\tests\query\conditionals.php" line="383" assertions="1" time="0.933287"/>
      <testcase name="test_tag" class="Tests_Query_Conditionals" file="C:\svn\wordpress-develop\tests\phpunit\tests\query\conditionals.php" line="392" assertions="9" time="0.190454"/>
      <testcase name="test_author_feed" class="Tests_Query_Conditionals" file="C:\svn\wordpress-develop\tests\phpunit\tests\query\conditionals.php" line="411" assertions="10" time="0.688892"/>
      <testcase name="test_author_paged" class="Tests_Query_Conditionals" file="C:\svn\wordpress-develop\tests\phpunit\tests\query\conditionals.php" line="429" assertions="1" time="0.979590"/>
      <testcase name="test_author" class="Tests_Query_Conditionals" file="C:\svn\wordpress-develop\tests\phpunit\tests\query\conditionals.php" line="437" assertions="1" time="0.601618"/>
      <testcase name="test_author_with_no_posts" class="Tests_Query_Conditionals" file="C:\svn\wordpress-develop\tests\phpunit\tests\query\conditionals.php" line="444" assertions="1" time="0.367920"/>
      <testcase name="test_ymd_feed" class="Tests_Query_Conditionals" file="C:\svn\wordpress-develop\tests\phpunit\tests\query\conditionals.php" line="452" assertions="10" time="0.651553"/>
      <testcase name="test_ymd_paged" class="Tests_Query_Conditionals" file="C:\svn\wordpress-develop\tests\phpunit\tests\query\conditionals.php" line="470" assertions="1" time="0.776964"/>
      <testcase name="test_ymd" class="Tests_Query_Conditionals" file="C:\svn\wordpress-develop\tests\phpunit\tests\query\conditionals.php" line="477" assertions="1" time="0.253932"/>
      <testcase name="test_ym_feed" class="Tests_Query_Conditionals" file="C:\svn\wordpress-develop\tests\phpunit\tests\query\conditionals.php" line="485" assertions="10" time="0.657787"/>
      <testcase name="test_ym_paged" class="Tests_Query_Conditionals" file="C:\svn\wordpress-develop\tests\phpunit\tests\query\conditionals.php" line="503" assertions="1" time="0.796765"/>
      <testcase name="test_ym" class="Tests_Query_Conditionals" file="C:\svn\wordpress-develop\tests\phpunit\tests\query\conditionals.php" line="510" assertions="1" time="0.251848"/>
      <testcase name="test_y_feed" class="Tests_Query_Conditionals" file="C:\svn\wordpress-develop\tests\phpunit\tests\query\conditionals.php" line="518" assertions="10" time="0.645944"/>
      <testcase name="test_y_paged" class="Tests_Query_Conditionals" file="C:\svn\wordpress-develop\tests\phpunit\tests\query\conditionals.php" line="536" assertions="1" time="0.775905"/>
      <testcase name="test_y" class="Tests_Query_Conditionals" file="C:\svn\wordpress-develop\tests\phpunit\tests\query\conditionals.php" line="543" assertions="1" time="0.238494"/>
      <testcase name="test_post_trackback" class="Tests_Query_Conditionals" file="C:\svn\wordpress-develop\tests\phpunit\tests\query\conditionals.php" line="550" assertions="1" time="0.252962"/>
      <testcase name="test_post_comment_feed" class="Tests_Query_Conditionals" file="C:\svn\wordpress-develop\tests\phpunit\tests\query\conditionals.php" line="559" assertions="10" time="0.629403"/>
      <testcase name="test_post_paged_short" class="Tests_Query_Conditionals" file="C:\svn\wordpress-develop\tests\phpunit\tests\query\conditionals.php" line="578" assertions="1" time="0.255172"/>
      <testcase name="test_post_attachment" class="Tests_Query_Conditionals" file="C:\svn\wordpress-develop\tests\phpunit\tests\query\conditionals.php" line="591" assertions="1" time="0.195286"/>
      <testcase name="test_bad_dates" class="Tests_Query_Conditionals" file="C:\svn\wordpress-develop\tests\phpunit\tests\query\conditionals.php" line="609" assertions="2" time="0.188650"/>
      <testcase name="test_post_type_archive_with_tax_query" class="Tests_Query_Conditionals" file="C:\svn\wordpress-develop\tests\phpunit\tests\query\conditionals.php" line="617" assertions="4" time="0.341132"/>
      <testcase name="test_post_type_array" class="Tests_Query_Conditionals" file="C:\svn\wordpress-develop\tests\phpunit\tests\query\conditionals.php" line="652" assertions="4" time="0.306739"/>
      <testcase name="test_is_single" class="Tests_Query_Conditionals" file="C:\svn\wordpress-develop\tests\phpunit\tests\query\conditionals.php" line="681" assertions="8" time="0.276373"/>
      <testcase name="test_is_single_with_parent" class="Tests_Query_Conditionals" file="C:\svn\wordpress-develop\tests\phpunit\tests\query\conditionals.php" line="701" assertions="13" time="0.262144"/>
      <testcase name="test_is_page" class="Tests_Query_Conditionals" file="C:\svn\wordpress-develop\tests\phpunit\tests\query\conditionals.php" line="745" assertions="8" time="0.207859"/>
      <testcase name="test_is_page_with_parent" class="Tests_Query_Conditionals" file="C:\svn\wordpress-develop\tests\phpunit\tests\query\conditionals.php" line="765" assertions="13" time="0.297233"/>
      <testcase name="test_is_attachment" class="Tests_Query_Conditionals" file="C:\svn\wordpress-develop\tests\phpunit\tests\query\conditionals.php" line="795" assertions="9" time="0.200048"/>
    </testsuite>
    <testsuite name="Tests_Query_Date" file="C:\svn\wordpress-develop\tests\phpunit\tests\query\date.php" tests="28" assertions="28" failures="0" errors="0" time="2.033209">
      <testcase name="test_simple_year_expecting_results" class="Tests_Query_Date" file="C:\svn\wordpress-develop\tests\phpunit\tests\query\date.php" line="77" assertions="1" time="0.076083"/>
      <testcase name="test_simple_year_expecting_noresults" class="Tests_Query_Date" file="C:\svn\wordpress-develop\tests\phpunit\tests\query\date.php" line="91" assertions="1" time="0.052933"/>
      <testcase name="test_simple_m_with_year_expecting_results" class="Tests_Query_Date" file="C:\svn\wordpress-develop\tests\phpunit\tests\query\date.php" line="99" assertions="1" time="0.073342"/>
      <testcase name="test_simple_m_with_year_expecting_noresults" class="Tests_Query_Date" file="C:\svn\wordpress-develop\tests\phpunit\tests\query\date.php" line="113" assertions="1" time="0.196430"/>
      <testcase name="test_simple_m_with_yearmonth_expecting_results" class="Tests_Query_Date" file="C:\svn\wordpress-develop\tests\phpunit\tests\query\date.php" line="121" assertions="1" time="0.072631"/>
      <testcase name="test_simple_m_with_yearmonth_expecting_noresults" class="Tests_Query_Date" file="C:\svn\wordpress-develop\tests\phpunit\tests\query\date.php" line="134" assertions="1" time="0.051681"/>
      <testcase name="test_simple_m_with_yearmonthday_expecting_results" class="Tests_Query_Date" file="C:\svn\wordpress-develop\tests\phpunit\tests\query\date.php" line="142" assertions="1" time="0.073673"/>
      <testcase name="test_simple_m_with_yearmonthday_expecting_noresults" class="Tests_Query_Date" file="C:\svn\wordpress-develop\tests\phpunit\tests\query\date.php" line="155" assertions="1" time="0.052893"/>
      <testcase name="test_simple_m_with_yearmonthdayhour_expecting_results" class="Tests_Query_Date" file="C:\svn\wordpress-develop\tests\phpunit\tests\query\date.php" line="163" assertions="1" time="0.184982"/>
      <testcase name="test_simple_m_with_yearmonthdayhour_expecting_noresults" class="Tests_Query_Date" file="C:\svn\wordpress-develop\tests\phpunit\tests\query\date.php" line="176" assertions="1" time="0.054731"/>
      <testcase name="test_simple_m_with_yearmonthdayhourminute_expecting_results" class="Tests_Query_Date" file="C:\svn\wordpress-develop\tests\phpunit\tests\query\date.php" line="187" assertions="1" time="0.070685"/>
      <testcase name="test_simple_m_with_yearmonthdayhourminute_expecting_noresults" class="Tests_Query_Date" file="C:\svn\wordpress-develop\tests\phpunit\tests\query\date.php" line="203" assertions="1" time="0.052665"/>
      <testcase name="test_simple_m_with_yearmonthdayhourminutesecond_expecting_results" class="Tests_Query_Date" file="C:\svn\wordpress-develop\tests\phpunit\tests\query\date.php" line="214" assertions="1" time="0.067343"/>
      <testcase name="test_simple_m_with_yearmonthdayhourminutesecond_expecting_noresults" class="Tests_Query_Date" file="C:\svn\wordpress-develop\tests\phpunit\tests\query\date.php" line="229" assertions="1" time="0.052123"/>
      <testcase name="test_simple_m_with_yearmonthdayhourminutesecond_and_dashes_expecting_results" class="Tests_Query_Date" file="C:\svn\wordpress-develop\tests\phpunit\tests\query\date.php" line="240" assertions="1" time="0.077044"/>
      <testcase name="test_simple_m_with_yearmonthdayhourminutesecond_and_dashesletters_expecting_results" class="Tests_Query_Date" file="C:\svn\wordpress-develop\tests\phpunit\tests\query\date.php" line="255" assertions="1" time="0.066456"/>
      <testcase name="test_simple_monthnum_expecting_results" class="Tests_Query_Date" file="C:\svn\wordpress-develop\tests\phpunit\tests\query\date.php" line="267" assertions="1" time="0.080987"/>
      <testcase name="test_simple_monthnum_expecting_noresults" class="Tests_Query_Date" file="C:\svn\wordpress-develop\tests\phpunit\tests\query\date.php" line="283" assertions="1" time="0.062293"/>
      <testcase name="test_simple_w_as_in_week_expecting_results" class="Tests_Query_Date" file="C:\svn\wordpress-develop\tests\phpunit\tests\query\date.php" line="291" assertions="1" time="0.074187"/>
      <testcase name="test_simple_w_as_in_week_expecting_noresults" class="Tests_Query_Date" file="C:\svn\wordpress-develop\tests\phpunit\tests\query\date.php" line="305" assertions="1" time="0.053074"/>
      <testcase name="test_simple_day_expecting_results" class="Tests_Query_Date" file="C:\svn\wordpress-develop\tests\phpunit\tests\query\date.php" line="313" assertions="1" time="0.070838"/>
      <testcase name="test_simple_day_expecting_noresults" class="Tests_Query_Date" file="C:\svn\wordpress-develop\tests\phpunit\tests\query\date.php" line="326" assertions="1" time="0.052051"/>
      <testcase name="test_simple_hour_expecting_results" class="Tests_Query_Date" file="C:\svn\wordpress-develop\tests\phpunit\tests\query\date.php" line="334" assertions="1" time="0.066970"/>
      <testcase name="test_simple_hour_expecting_noresults" class="Tests_Query_Date" file="C:\svn\wordpress-develop\tests\phpunit\tests\query\date.php" line="346" assertions="1" time="0.051833"/>
      <testcase name="test_simple_minute_expecting_results" class="Tests_Query_Date" file="C:\svn\wordpress-develop\tests\phpunit\tests\query\date.php" line="354" assertions="1" time="0.071018"/>
      <testcase name="test_simple_minute_expecting_noresults" class="Tests_Query_Date" file="C:\svn\wordpress-develop\tests\phpunit\tests\query\date.php" line="367" assertions="1" time="0.052072"/>
      <testcase name="test_simple_second_expecting_results" class="Tests_Query_Date" file="C:\svn\wordpress-develop\tests\phpunit\tests\query\date.php" line="375" assertions="1" time="0.069470"/>
      <testcase name="test_simple_second_expecting_noresults" class="Tests_Query_Date" file="C:\svn\wordpress-develop\tests\phpunit\tests\query\date.php" line="387" assertions="1" time="0.052721"/>
    </testsuite>
    <testsuite name="Tests_Query_DateQuery" file="C:\svn\wordpress-develop\tests\phpunit\tests\query\dateQuery.php" tests="37" assertions="67" failures="0" errors="0" time="10.811959">
      <testcase name="test_date_query_before_array" class="Tests_Query_DateQuery" file="C:\svn\wordpress-develop\tests\phpunit\tests\query\dateQuery.php" line="35" assertions="2" time="0.331822"/>
      <testcase name="test_date_query_before_array_test_defaulting" class="Tests_Query_DateQuery" file="C:\svn\wordpress-develop\tests\phpunit\tests\query\dateQuery.php" line="59" assertions="2" time="0.228916"/>
      <testcase name="test_date_query_before_string" class="Tests_Query_DateQuery" file="C:\svn\wordpress-develop\tests\phpunit\tests\query\dateQuery.php" line="76" assertions="1" time="0.331230"/>
      <testcase name="test_date_query_after_array" class="Tests_Query_DateQuery" file="C:\svn\wordpress-develop\tests\phpunit\tests\query\dateQuery.php" line="93" assertions="2" time="0.306264"/>
      <testcase name="test_date_query_after_array_test_defaulting" class="Tests_Query_DateQuery" file="C:\svn\wordpress-develop\tests\phpunit\tests\query\dateQuery.php" line="117" assertions="1" time="0.252118"/>
      <testcase name="test_date_query_after_string" class="Tests_Query_DateQuery" file="C:\svn\wordpress-develop\tests\phpunit\tests\query\dateQuery.php" line="134" assertions="1" time="0.295030"/>
      <testcase name="test_date_query_after_string_inclusive" class="Tests_Query_DateQuery" file="C:\svn\wordpress-develop\tests\phpunit\tests\query\dateQuery.php" line="150" assertions="1" time="0.296101"/>
      <testcase name="test_date_query_inclusive_between_dates" class="Tests_Query_DateQuery" file="C:\svn\wordpress-develop\tests\phpunit\tests\query\dateQuery.php" line="170" assertions="1" time="0.404420"/>
      <testcase name="test_beforeafter_with_date_string_Y" class="Tests_Query_DateQuery" file="C:\svn\wordpress-develop\tests\phpunit\tests\query\dateQuery.php" line="197" assertions="2" time="0.221325"/>
      <testcase name="test_beforeafter_with_date_string_Y_inclusive" class="Tests_Query_DateQuery" file="C:\svn\wordpress-develop\tests\phpunit\tests\query\dateQuery.php" line="230" assertions="4" time="0.240485"/>
      <testcase name="test_beforeafter_with_date_string_Ym" class="Tests_Query_DateQuery" file="C:\svn\wordpress-develop\tests\phpunit\tests\query\dateQuery.php" line="265" assertions="2" time="0.238440"/>
      <testcase name="test_beforeafter_with_date_string_Ym_inclusive" class="Tests_Query_DateQuery" file="C:\svn\wordpress-develop\tests\phpunit\tests\query\dateQuery.php" line="298" assertions="4" time="0.232566"/>
      <testcase name="test_beforeafter_with_date_string_Ymd" class="Tests_Query_DateQuery" file="C:\svn\wordpress-develop\tests\phpunit\tests\query\dateQuery.php" line="333" assertions="2" time="0.227217"/>
      <testcase name="test_beforeafter_with_date_string_Ymd_inclusive" class="Tests_Query_DateQuery" file="C:\svn\wordpress-develop\tests\phpunit\tests\query\dateQuery.php" line="366" assertions="4" time="0.241708"/>
      <testcase name="test_beforeafter_with_date_string_YmdHi" class="Tests_Query_DateQuery" file="C:\svn\wordpress-develop\tests\phpunit\tests\query\dateQuery.php" line="401" assertions="2" time="0.220577"/>
      <testcase name="test_beforeafter_with_date_string_YmdHi_inclusive" class="Tests_Query_DateQuery" file="C:\svn\wordpress-develop\tests\phpunit\tests\query\dateQuery.php" line="434" assertions="4" time="0.229656"/>
      <testcase name="test_beforeafter_with_date_string_YmdHis" class="Tests_Query_DateQuery" file="C:\svn\wordpress-develop\tests\phpunit\tests\query\dateQuery.php" line="469" assertions="2" time="0.220038"/>
      <testcase name="test_beforeafter_with_date_string_YmdHis_inclusive" class="Tests_Query_DateQuery" file="C:\svn\wordpress-develop\tests\phpunit\tests\query\dateQuery.php" line="502" assertions="4" time="0.241707"/>
      <testcase name="test_beforeafter_with_date_string_non_parseable" class="Tests_Query_DateQuery" file="C:\svn\wordpress-develop\tests\phpunit\tests\query\dateQuery.php" line="537" assertions="1" time="0.218879"/>
      <testcase name="test_date_query_year" class="Tests_Query_DateQuery" file="C:\svn\wordpress-develop\tests\phpunit\tests\query\dateQuery.php" line="566" assertions="1" time="0.230143"/>
      <testcase name="test_date_query_month" class="Tests_Query_DateQuery" file="C:\svn\wordpress-develop\tests\phpunit\tests\query\dateQuery.php" line="580" assertions="1" time="0.207725"/>
      <testcase name="test_date_query_week" class="Tests_Query_DateQuery" file="C:\svn\wordpress-develop\tests\phpunit\tests\query\dateQuery.php" line="594" assertions="1" time="0.221456"/>
      <testcase name="test_date_query_day" class="Tests_Query_DateQuery" file="C:\svn\wordpress-develop\tests\phpunit\tests\query\dateQuery.php" line="608" assertions="1" time="0.237326"/>
      <testcase name="test_date_query_dayofweek" class="Tests_Query_DateQuery" file="C:\svn\wordpress-develop\tests\phpunit\tests\query\dateQuery.php" line="623" assertions="1" time="0.262476"/>
      <testcase name="test_date_query_dayofweek_iso" class="Tests_Query_DateQuery" file="C:\svn\wordpress-develop\tests\phpunit\tests\query\dateQuery.php" line="641" assertions="1" time="0.261265"/>
      <testcase name="test_date_query_hour" class="Tests_Query_DateQuery" file="C:\svn\wordpress-develop\tests\phpunit\tests\query\dateQuery.php" line="656" assertions="1" time="0.218139"/>
      <testcase name="test_date_query_minute" class="Tests_Query_DateQuery" file="C:\svn\wordpress-develop\tests\phpunit\tests\query\dateQuery.php" line="671" assertions="1" time="0.210946"/>
      <testcase name="test_date_query_second" class="Tests_Query_DateQuery" file="C:\svn\wordpress-develop\tests\phpunit\tests\query\dateQuery.php" line="686" assertions="1" time="0.227689"/>
      <testcase name="test_date_query_between_two_times" class="Tests_Query_DateQuery" file="C:\svn\wordpress-develop\tests\phpunit\tests\query\dateQuery.php" line="701" assertions="2" time="1.225344"/>
      <testcase name="test_date_query_relation_or" class="Tests_Query_DateQuery" file="C:\svn\wordpress-develop\tests\phpunit\tests\query\dateQuery.php" line="726" assertions="1" time="0.284984"/>
      <testcase name="test_date_query_compare_greater_than_or_equal_to" class="Tests_Query_DateQuery" file="C:\svn\wordpress-develop\tests\phpunit\tests\query\dateQuery.php" line="746" assertions="1" time="0.340310"/>
      <testcase name="test_date_params_monthnum_m_duplicate" class="Tests_Query_DateQuery" file="C:\svn\wordpress-develop\tests\phpunit\tests\query\dateQuery.php" line="765" assertions="3" time="0.287242"/>
      <testcase name="test_date_params_week_w_duplicate" class="Tests_Query_DateQuery" file="C:\svn\wordpress-develop\tests\phpunit\tests\query\dateQuery.php" line="785" assertions="3" time="0.273701"/>
      <testcase name="test_date_query_with_taxonomy_join" class="Tests_Query_DateQuery" file="C:\svn\wordpress-develop\tests\phpunit\tests\query\dateQuery.php" line="808" assertions="1" time="0.265230"/>
      <testcase name="test_date_query_one_nested_query" class="Tests_Query_DateQuery" file="C:\svn\wordpress-develop\tests\phpunit\tests\query\dateQuery.php" line="840" assertions="1" time="0.330299"/>
      <testcase name="test_date_query_one_nested_query_multiple_columns_relation_and" class="Tests_Query_DateQuery" file="C:\svn\wordpress-develop\tests\phpunit\tests\query\dateQuery.php" line="869" assertions="2" time="0.350948"/>
      <testcase name="test_date_query_nested_query_multiple_columns_mixed_relations" class="Tests_Query_DateQuery" file="C:\svn\wordpress-develop\tests\phpunit\tests\query\dateQuery.php" line="920" assertions="2" time="0.398236"/>
    </testsuite>
    <testsuite name="Tests_Query_ParseQuery" file="C:\svn\wordpress-develop\tests\phpunit\tests\query\parseQuery.php" tests="5" assertions="5" failures="0" errors="0" time="0.237786">
      <testcase name="test_parse_query_s_array" class="Tests_Query_ParseQuery" file="C:\svn\wordpress-develop\tests\phpunit\tests\query\parseQuery.php" line="10" assertions="1" time="0.045372"/>
      <testcase name="test_parse_query_s_string" class="Tests_Query_ParseQuery" file="C:\svn\wordpress-develop\tests\phpunit\tests\query\parseQuery.php" line="19" assertions="1" time="0.045341"/>
      <testcase name="test_parse_query_s_float" class="Tests_Query_ParseQuery" file="C:\svn\wordpress-develop\tests\phpunit\tests\query\parseQuery.php" line="28" assertions="1" time="0.045834"/>
      <testcase name="test_parse_query_s_int" class="Tests_Query_ParseQuery" file="C:\svn\wordpress-develop\tests\phpunit\tests\query\parseQuery.php" line="37" assertions="1" time="0.054426"/>
      <testcase name="test_parse_query_s_bool" class="Tests_Query_ParseQuery" file="C:\svn\wordpress-develop\tests\phpunit\tests\query\parseQuery.php" line="46" assertions="1" time="0.046813"/>
    </testsuite>
    <testsuite name="Tests_Query_Results" file="C:\svn\wordpress-develop\tests\phpunit\tests\query\results.php" tests="27" assertions="135" failures="0" errors="0" time="4.925336">
      <testcase name="test_query_default" class="Tests_Query_Results" file="C:\svn\wordpress-develop\tests\phpunit\tests\query\results.php" line="97" assertions="1" time="0.122997"/>
      <testcase name="test_query_tag_a" class="Tests_Query_Results" file="C:\svn\wordpress-develop\tests\phpunit\tests\query\results.php" line="117" assertions="5" time="0.096050"/>
      <testcase name="test_query_tag_b" class="Tests_Query_Results" file="C:\svn\wordpress-develop\tests\phpunit\tests\query\results.php" line="128" assertions="5" time="0.097731"/>
      <testcase name="test_query_tag_nun" class="Tests_Query_Results" file="C:\svn\wordpress-develop\tests\phpunit\tests\query\results.php" line="142" assertions="2" time="0.095571"/>
      <testcase name="test_query_tag_id" class="Tests_Query_Results" file="C:\svn\wordpress-develop\tests\phpunit\tests\query\results.php" line="150" assertions="5" time="0.094730"/>
      <testcase name="test_query_tag_slug__in" class="Tests_Query_Results" file="C:\svn\wordpress-develop\tests\phpunit\tests\query\results.php" line="162" assertions="7" time="0.115239"/>
      <testcase name="test_query_tag__in" class="Tests_Query_Results" file="C:\svn\wordpress-develop\tests\phpunit\tests\query\results.php" line="176" assertions="7" time="0.116133"/>
      <testcase name="test_query_tag__not_in" class="Tests_Query_Results" file="C:\svn\wordpress-develop\tests\phpunit\tests\query\results.php" line="191" assertions="1" time="0.110190"/>
      <testcase name="test_query_tag__in_but__not_in" class="Tests_Query_Results" file="C:\svn\wordpress-develop\tests\phpunit\tests\query\results.php" line="213" assertions="3" time="0.088829"/>
      <testcase name="test_query_category_name" class="Tests_Query_Results" file="C:\svn\wordpress-develop\tests\phpunit\tests\query\results.php" line="226" assertions="5" time="0.091485"/>
      <testcase name="test_query_cat" class="Tests_Query_Results" file="C:\svn\wordpress-develop\tests\phpunit\tests\query\results.php" line="237" assertions="5" time="0.101335"/>
      <testcase name="test_query_posts_per_page" class="Tests_Query_Results" file="C:\svn\wordpress-develop\tests\phpunit\tests\query\results.php" line="249" assertions="2" time="0.089240"/>
      <testcase name="test_query_offset" class="Tests_Query_Results" file="C:\svn\wordpress-develop\tests\phpunit\tests\query\results.php" line="264" assertions="2" time="0.108077"/>
      <testcase name="test_query_paged" class="Tests_Query_Results" file="C:\svn\wordpress-develop\tests\phpunit\tests\query\results.php" line="284" assertions="3" time="0.101890"/>
      <testcase name="test_query_paged_and_posts_per_page" class="Tests_Query_Results" file="C:\svn\wordpress-develop\tests\phpunit\tests\query\results.php" line="305" assertions="3" time="0.089160"/>
      <testcase name="test_query_post_parent__in" class="Tests_Query_Results" file="C:\svn\wordpress-develop\tests\phpunit\tests\query\results.php" line="323" assertions="4" time="0.129809"/>
      <testcase name="test_query_orderby_post_parent__in" class="Tests_Query_Results" file="C:\svn\wordpress-develop\tests\phpunit\tests\query\results.php" line="373" assertions="1" time="0.089301"/>
      <testcase name="test_query_fields_integers" class="Tests_Query_Results" file="C:\svn\wordpress-develop\tests\phpunit\tests\query\results.php" line="391" assertions="2" time="0.066020"/>
      <testcase name="test_empty_post__in" class="Tests_Query_Results" file="C:\svn\wordpress-develop\tests\phpunit\tests\query\results.php" line="423" assertions="3" time="0.157820"/>
      <testcase name="test_exclude_from_search_empty" class="Tests_Query_Results" file="C:\svn\wordpress-develop\tests\phpunit\tests\query\results.php" line="435" assertions="4" time="0.110681"/>
      <testcase name="test_query_author_vars" class="Tests_Query_Results" file="C:\svn\wordpress-develop\tests\phpunit\tests\query\results.php" line="457" assertions="25" time="1.720124"/>
      <testcase name="test_query_is_date" class="Tests_Query_Results" file="C:\svn\wordpress-develop\tests\phpunit\tests\query\results.php" line="561" assertions="12" time="0.140358"/>
      <testcase name="test_query_is_date_with_bad_date" class="Tests_Query_Results" file="C:\svn\wordpress-develop\tests\phpunit\tests\query\results.php" line="597" assertions="5" time="0.057265"/>
      <testcase name="test_perm_with_status_array" class="Tests_Query_Results" file="C:\svn\wordpress-develop\tests\phpunit\tests\query\results.php" line="611" assertions="3" time="0.114753"/>
      <testcase name="test_post_password" class="Tests_Query_Results" file="C:\svn\wordpress-develop\tests\phpunit\tests\query\results.php" line="624" assertions="17" time="0.369297"/>
      <testcase name="test_duplicate_slug_in_hierarchical_post_type" class="Tests_Query_Results" file="C:\svn\wordpress-develop\tests\phpunit\tests\query\results.php" line="664" assertions="1" time="0.228212"/>
      <testcase name="test_child_post_in_hierarchical_post_type_with_default_permalinks" class="Tests_Query_Results" file="C:\svn\wordpress-develop\tests\phpunit\tests\query\results.php" line="678" assertions="2" time="0.223039"/>
    </testsuite>
    <testsuite name="Tests_Query_Search" file="C:\svn\wordpress-develop\tests\phpunit\tests\query\search.php" tests="3" assertions="5" failures="0" errors="0" time="0.539386">
      <testcase name="test_search_order_title_relevance" class="Tests_Query_Search" file="C:\svn\wordpress-develop\tests\phpunit\tests\query\search.php" line="32" assertions="1" time="0.406816"/>
      <testcase name="test_search_terms_query_var" class="Tests_Query_Search" file="C:\svn\wordpress-develop\tests\phpunit\tests\query\search.php" line="41" assertions="2" time="0.064933"/>
      <testcase name="test_filter_stopwords" class="Tests_Query_Search" file="C:\svn\wordpress-develop\tests\phpunit\tests\query\search.php" line="48" assertions="2" time="0.067637"/>
    </testsuite>
    <testsuite name="Tests_Query_SetupPostdata" file="C:\svn\wordpress-develop\tests\phpunit\tests\query\setupPostdata.php" tests="19" assertions="53" failures="0" errors="0" time="4.636864">
      <testcase name="test_id" class="Tests_Query_SetupPostdata" file="C:\svn\wordpress-develop\tests\phpunit\tests\query\setupPostdata.php" line="41" assertions="2" time="0.145344"/>
      <testcase name="test_authordata" class="Tests_Query_SetupPostdata" file="C:\svn\wordpress-develop\tests\phpunit\tests\query\setupPostdata.php" line="49" assertions="2" time="0.363406"/>
      <testcase name="test_currentday" class="Tests_Query_SetupPostdata" file="C:\svn\wordpress-develop\tests\phpunit\tests\query\setupPostdata.php" line="60" assertions="1" time="0.164101"/>
      <testcase name="test_currentmonth" class="Tests_Query_SetupPostdata" file="C:\svn\wordpress-develop\tests\phpunit\tests\query\setupPostdata.php" line="69" assertions="1" time="0.138903"/>
      <testcase name="test_secondary_query_post_vars" class="Tests_Query_SetupPostdata" file="C:\svn\wordpress-develop\tests\phpunit\tests\query\setupPostdata.php" line="78" assertions="12" time="0.684579"/>
      <testcase name="test_single_page" class="Tests_Query_SetupPostdata" file="C:\svn\wordpress-develop\tests\phpunit\tests\query\setupPostdata.php" line="124" assertions="3" time="0.145489"/>
      <testcase name="test_multi_page" class="Tests_Query_SetupPostdata" file="C:\svn\wordpress-develop\tests\phpunit\tests\query\setupPostdata.php" line="135" assertions="3" time="0.160837"/>
      <testcase name="test_nextpage_at_start_of_content" class="Tests_Query_SetupPostdata" file="C:\svn\wordpress-develop\tests\phpunit\tests\query\setupPostdata.php" line="149" assertions="3" time="0.145559"/>
      <testcase name="test_trim_nextpage_linebreaks" class="Tests_Query_SetupPostdata" file="C:\svn\wordpress-develop\tests\phpunit\tests\query\setupPostdata.php" line="160" assertions="1" time="0.149908"/>
      <testcase name="test_secondary_query_nextpage" class="Tests_Query_SetupPostdata" file="C:\svn\wordpress-develop\tests\phpunit\tests\query\setupPostdata.php" line="172" assertions="3" time="0.298377"/>
      <testcase name="test_page_from_wp_query" class="Tests_Query_SetupPostdata" file="C:\svn\wordpress-develop\tests\phpunit\tests\query\setupPostdata.php" line="204" assertions="1" time="0.154530"/>
      <testcase name="test_page_when_on_page" class="Tests_Query_SetupPostdata" file="C:\svn\wordpress-develop\tests\phpunit\tests\query\setupPostdata.php" line="217" assertions="1" time="0.139144"/>
      <testcase name="test_secondary_query_page" class="Tests_Query_SetupPostdata" file="C:\svn\wordpress-develop\tests\phpunit\tests\query\setupPostdata.php" line="230" assertions="3" time="0.485868"/>
      <testcase name="test_more_when_on_setup_post" class="Tests_Query_SetupPostdata" file="C:\svn\wordpress-develop\tests\phpunit\tests\query\setupPostdata.php" line="261" assertions="1" time="0.187043"/>
      <testcase name="test_more_when_on_single" class="Tests_Query_SetupPostdata" file="C:\svn\wordpress-develop\tests\phpunit\tests\query\setupPostdata.php" line="274" assertions="1" time="0.219632"/>
      <testcase name="test_more_when_on_page" class="Tests_Query_SetupPostdata" file="C:\svn\wordpress-develop\tests\phpunit\tests\query\setupPostdata.php" line="288" assertions="1" time="0.204900"/>
      <testcase name="test_more_when_on_feed" class="Tests_Query_SetupPostdata" file="C:\svn\wordpress-develop\tests\phpunit\tests\query\setupPostdata.php" line="302" assertions="1" time="0.198973"/>
      <testcase name="test_secondary_query_more" class="Tests_Query_SetupPostdata" file="C:\svn\wordpress-develop\tests\phpunit\tests\query\setupPostdata.php" line="314" assertions="3" time="0.186997"/>
      <testcase name="test_setup_postdata_loop" class="Tests_Query_SetupPostdata" file="C:\svn\wordpress-develop\tests\phpunit\tests\query\setupPostdata.php" line="346" assertions="10" time="0.463274"/>
    </testsuite>
    <testsuite name="Tests_Query_TaxQuery" file="C:\svn\wordpress-develop\tests\phpunit\tests\query\taxQuery.php" tests="8" assertions="55" failures="0" errors="0" time="4.203836">
      <testcase name="test_tag_action_tax" class="Tests_Query_TaxQuery" file="C:\svn\wordpress-develop\tests\phpunit\tests\query\taxQuery.php" line="70" assertions="6" time="0.392385"/>
      <testcase name="test_tag_query_cat_action_tax" class="Tests_Query_TaxQuery" file="C:\svn\wordpress-develop\tests\phpunit\tests\query\taxQuery.php" line="81" assertions="7" time="0.389185"/>
      <testcase name="test_tag_query_cat_query_tax_action_tax" class="Tests_Query_TaxQuery" file="C:\svn\wordpress-develop\tests\phpunit\tests\query\taxQuery.php" line="93" assertions="8" time="0.419098"/>
      <testcase name="test_cat_action_tax" class="Tests_Query_TaxQuery" file="C:\svn\wordpress-develop\tests\phpunit\tests\query\taxQuery.php" line="106" assertions="6" time="0.442870"/>
      <testcase name="test_cat_uncat_action_tax" class="Tests_Query_TaxQuery" file="C:\svn\wordpress-develop\tests\phpunit\tests\query\taxQuery.php" line="120" assertions="11" time="0.418457"/>
      <testcase name="test_tax_action_tax" class="Tests_Query_TaxQuery" file="C:\svn\wordpress-develop\tests\phpunit\tests\query\taxQuery.php" line="146" assertions="5" time="0.431637"/>
      <testcase name="test_tax_query_tag_action_tax" class="Tests_Query_TaxQuery" file="C:\svn\wordpress-develop\tests\phpunit\tests\query\taxQuery.php" line="156" assertions="6" time="0.433333"/>
      <testcase name="test_tax_query_cat_action_tax" class="Tests_Query_TaxQuery" file="C:\svn\wordpress-develop\tests\phpunit\tests\query\taxQuery.php" line="167" assertions="6" time="1.276871"/>
    </testsuite>
    <testsuite name="Tests_Query_VerbosePageRules" file="C:\svn\wordpress-develop\tests\phpunit\tests\query\verboseRewriteRules.php" tests="55" assertions="233" failures="0" errors="0" time="29.207532">
      <testcase name="test_home" class="Tests_Query_VerbosePageRules" file="C:\svn\wordpress-develop\tests\phpunit\tests\query\verboseRewriteRules.php" line="41" assertions="1" time="0.213727"/>
      <testcase name="test_404" class="Tests_Query_VerbosePageRules" file="C:\svn\wordpress-develop\tests\phpunit\tests\query\verboseRewriteRules.php" line="46" assertions="1" time="0.248949"/>
      <testcase name="test_permalink" class="Tests_Query_VerbosePageRules" file="C:\svn\wordpress-develop\tests\phpunit\tests\query\verboseRewriteRules.php" line="51" assertions="1" time="0.362819"/>
      <testcase name="test_post_comments_feed" class="Tests_Query_VerbosePageRules" file="C:\svn\wordpress-develop\tests\phpunit\tests\query\verboseRewriteRules.php" line="57" assertions="1" time="0.755336"/>
      <testcase name="test_post_comments_feed_with_no_comments" class="Tests_Query_VerbosePageRules" file="C:\svn\wordpress-develop\tests\phpunit\tests\query\verboseRewriteRules.php" line="65" assertions="1" time="0.382190"/>
      <testcase name="test_page" class="Tests_Query_VerbosePageRules" file="C:\svn\wordpress-develop\tests\phpunit\tests\query\verboseRewriteRules.php" line="71" assertions="1" time="0.297221"/>
      <testcase name="test_parent_page" class="Tests_Query_VerbosePageRules" file="C:\svn\wordpress-develop\tests\phpunit\tests\query\verboseRewriteRules.php" line="77" assertions="1" time="0.272767"/>
      <testcase name="test_child_page_1" class="Tests_Query_VerbosePageRules" file="C:\svn\wordpress-develop\tests\phpunit\tests\query\verboseRewriteRules.php" line="84" assertions="1" time="0.319457"/>
      <testcase name="test_child_page_2" class="Tests_Query_VerbosePageRules" file="C:\svn\wordpress-develop\tests\phpunit\tests\query\verboseRewriteRules.php" line="92" assertions="1" time="0.364381"/>
      <testcase name="test_page_trackback" class="Tests_Query_VerbosePageRules" file="C:\svn\wordpress-develop\tests\phpunit\tests\query\verboseRewriteRules.php" line="102" assertions="6" time="0.474971"/>
      <testcase name="test_page_feed" class="Tests_Query_VerbosePageRules" file="C:\svn\wordpress-develop\tests\phpunit\tests\query\verboseRewriteRules.php" line="121" assertions="6" time="0.573059"/>
      <testcase name="test_page_feed_with_no_comments" class="Tests_Query_VerbosePageRules" file="C:\svn\wordpress-develop\tests\phpunit\tests\query\verboseRewriteRules.php" line="140" assertions="6" time="0.473610"/>
      <testcase name="test_page_feed_atom" class="Tests_Query_VerbosePageRules" file="C:\svn\wordpress-develop\tests\phpunit\tests\query\verboseRewriteRules.php" line="159" assertions="6" time="0.548869"/>
      <testcase name="test_page_page_2" class="Tests_Query_VerbosePageRules" file="C:\svn\wordpress-develop\tests\phpunit\tests\query\verboseRewriteRules.php" line="180" assertions="2" time="0.287679"/>
      <testcase name="test_page_page_2_no_slash" class="Tests_Query_VerbosePageRules" file="C:\svn\wordpress-develop\tests\phpunit\tests\query\verboseRewriteRules.php" line="193" assertions="2" time="0.283166"/>
      <testcase name="test_pagination_of_posts_page" class="Tests_Query_VerbosePageRules" file="C:\svn\wordpress-develop\tests\phpunit\tests\query\verboseRewriteRules.php" line="207" assertions="2" time="0.287029"/>
      <testcase name="test_main_feed_2" class="Tests_Query_VerbosePageRules" file="C:\svn\wordpress-develop\tests\phpunit\tests\query\verboseRewriteRules.php" line="229" assertions="10" time="0.729431"/>
      <testcase name="test_main_feed" class="Tests_Query_VerbosePageRules" file="C:\svn\wordpress-develop\tests\phpunit\tests\query\verboseRewriteRules.php" line="247" assertions="3" time="0.428553"/>
      <testcase name="test_paged" class="Tests_Query_VerbosePageRules" file="C:\svn\wordpress-develop\tests\phpunit\tests\query\verboseRewriteRules.php" line="257" assertions="2" time="1.415798"/>
      <testcase name="test_main_comments_feed" class="Tests_Query_VerbosePageRules" file="C:\svn\wordpress-develop\tests\phpunit\tests\query\verboseRewriteRules.php" line="267" assertions="11" time="0.784108"/>
      <testcase name="test_search_feed" class="Tests_Query_VerbosePageRules" file="C:\svn\wordpress-develop\tests\phpunit\tests\query\verboseRewriteRules.php" line="293" assertions="10" time="0.496643"/>
      <testcase name="test_search_paged" class="Tests_Query_VerbosePageRules" file="C:\svn\wordpress-develop\tests\phpunit\tests\query\verboseRewriteRules.php" line="310" assertions="1" time="1.040788"/>
      <testcase name="test_search" class="Tests_Query_VerbosePageRules" file="C:\svn\wordpress-develop\tests\phpunit\tests\query\verboseRewriteRules.php" line="317" assertions="1" time="0.236363"/>
      <testcase name="test_search_encoded_chars" class="Tests_Query_VerbosePageRules" file="C:\svn\wordpress-develop\tests\phpunit\tests\query\verboseRewriteRules.php" line="325" assertions="1" time="0.232738"/>
      <testcase name="test_category_feed" class="Tests_Query_VerbosePageRules" file="C:\svn\wordpress-develop\tests\phpunit\tests\query\verboseRewriteRules.php" line="332" assertions="10" time="0.569638"/>
      <testcase name="test_category_paged" class="Tests_Query_VerbosePageRules" file="C:\svn\wordpress-develop\tests\phpunit\tests\query\verboseRewriteRules.php" line="350" assertions="1" time="1.010119"/>
      <testcase name="test_category" class="Tests_Query_VerbosePageRules" file="C:\svn\wordpress-develop\tests\phpunit\tests\query\verboseRewriteRules.php" line="357" assertions="1" time="0.256090"/>
      <testcase name="test_tag_feed" class="Tests_Query_VerbosePageRules" file="C:\svn\wordpress-develop\tests\phpunit\tests\query\verboseRewriteRules.php" line="365" assertions="10" time="0.570645"/>
      <testcase name="test_tag_paged" class="Tests_Query_VerbosePageRules" file="C:\svn\wordpress-develop\tests\phpunit\tests\query\verboseRewriteRules.php" line="383" assertions="1" time="1.137855"/>
      <testcase name="test_tag" class="Tests_Query_VerbosePageRules" file="C:\svn\wordpress-develop\tests\phpunit\tests\query\verboseRewriteRules.php" line="392" assertions="9" time="0.676083"/>
      <testcase name="test_author_feed" class="Tests_Query_VerbosePageRules" file="C:\svn\wordpress-develop\tests\phpunit\tests\query\verboseRewriteRules.php" line="411" assertions="10" time="0.911751"/>
      <testcase name="test_author_paged" class="Tests_Query_VerbosePageRules" file="C:\svn\wordpress-develop\tests\phpunit\tests\query\verboseRewriteRules.php" line="429" assertions="1" time="1.114257"/>
      <testcase name="test_author" class="Tests_Query_VerbosePageRules" file="C:\svn\wordpress-develop\tests\phpunit\tests\query\verboseRewriteRules.php" line="437" assertions="1" time="0.509121"/>
      <testcase name="test_author_with_no_posts" class="Tests_Query_VerbosePageRules" file="C:\svn\wordpress-develop\tests\phpunit\tests\query\verboseRewriteRules.php" line="444" assertions="1" time="0.441148"/>
      <testcase name="test_ymd_feed" class="Tests_Query_VerbosePageRules" file="C:\svn\wordpress-develop\tests\phpunit\tests\query\verboseRewriteRules.php" line="452" assertions="10" time="0.669589"/>
      <testcase name="test_ymd_paged" class="Tests_Query_VerbosePageRules" file="C:\svn\wordpress-develop\tests\phpunit\tests\query\verboseRewriteRules.php" line="470" assertions="1" time="0.970493"/>
      <testcase name="test_ymd" class="Tests_Query_VerbosePageRules" file="C:\svn\wordpress-develop\tests\phpunit\tests\query\verboseRewriteRules.php" line="477" assertions="1" time="0.319204"/>
      <testcase name="test_ym_feed" class="Tests_Query_VerbosePageRules" file="C:\svn\wordpress-develop\tests\phpunit\tests\query\verboseRewriteRules.php" line="485" assertions="10" time="0.716472"/>
      <testcase name="test_ym_paged" class="Tests_Query_VerbosePageRules" file="C:\svn\wordpress-develop\tests\phpunit\tests\query\verboseRewriteRules.php" line="503" assertions="1" time="0.903370"/>
      <testcase name="test_ym" class="Tests_Query_VerbosePageRules" file="C:\svn\wordpress-develop\tests\phpunit\tests\query\verboseRewriteRules.php" line="510" assertions="1" time="0.297577"/>
      <testcase name="test_y_feed" class="Tests_Query_VerbosePageRules" file="C:\svn\wordpress-develop\tests\phpunit\tests\query\verboseRewriteRules.php" line="518" assertions="10" time="0.662048"/>
      <testcase name="test_y_paged" class="Tests_Query_VerbosePageRules" file="C:\svn\wordpress-develop\tests\phpunit\tests\query\verboseRewriteRules.php" line="536" assertions="1" time="0.894117"/>
      <testcase name="test_y" class="Tests_Query_VerbosePageRules" file="C:\svn\wordpress-develop\tests\phpunit\tests\query\verboseRewriteRules.php" line="543" assertions="1" time="0.311731"/>
      <testcase name="test_post_trackback" class="Tests_Query_VerbosePageRules" file="C:\svn\wordpress-develop\tests\phpunit\tests\query\verboseRewriteRules.php" line="550" assertions="1" time="0.314534"/>
      <testcase name="test_post_comment_feed" class="Tests_Query_VerbosePageRules" file="C:\svn\wordpress-develop\tests\phpunit\tests\query\verboseRewriteRules.php" line="559" assertions="10" time="0.763526"/>
      <testcase name="test_post_paged_short" class="Tests_Query_VerbosePageRules" file="C:\svn\wordpress-develop\tests\phpunit\tests\query\verboseRewriteRules.php" line="578" assertions="1" time="0.308311"/>
      <testcase name="test_post_attachment" class="Tests_Query_VerbosePageRules" file="C:\svn\wordpress-develop\tests\phpunit\tests\query\verboseRewriteRules.php" line="591" assertions="1" time="0.238674"/>
      <testcase name="test_bad_dates" class="Tests_Query_VerbosePageRules" file="C:\svn\wordpress-develop\tests\phpunit\tests\query\verboseRewriteRules.php" line="609" assertions="2" time="0.245440"/>
      <testcase name="test_post_type_archive_with_tax_query" class="Tests_Query_VerbosePageRules" file="C:\svn\wordpress-develop\tests\phpunit\tests\query\verboseRewriteRules.php" line="617" assertions="4" time="0.431831"/>
      <testcase name="test_post_type_array" class="Tests_Query_VerbosePageRules" file="C:\svn\wordpress-develop\tests\phpunit\tests\query\verboseRewriteRules.php" line="652" assertions="4" time="0.369883"/>
      <testcase name="test_is_single" class="Tests_Query_VerbosePageRules" file="C:\svn\wordpress-develop\tests\phpunit\tests\query\verboseRewriteRules.php" line="681" assertions="8" time="0.288785"/>
      <testcase name="test_is_single_with_parent" class="Tests_Query_VerbosePageRules" file="C:\svn\wordpress-develop\tests\phpunit\tests\query\verboseRewriteRules.php" line="701" assertions="13" time="0.996238"/>
      <testcase name="test_is_page" class="Tests_Query_VerbosePageRules" file="C:\svn\wordpress-develop\tests\phpunit\tests\query\verboseRewriteRules.php" line="745" assertions="8" time="0.261333"/>
      <testcase name="test_is_page_with_parent" class="Tests_Query_VerbosePageRules" file="C:\svn\wordpress-develop\tests\phpunit\tests\query\verboseRewriteRules.php" line="765" assertions="13" time="0.293144"/>
      <testcase name="test_is_attachment" class="Tests_Query_VerbosePageRules" file="C:\svn\wordpress-develop\tests\phpunit\tests\query\verboseRewriteRules.php" line="795" assertions="9" time="0.244872"/>
    </testsuite>
    <testsuite name="Tests_Rewrite" file="C:\svn\wordpress-develop\tests\phpunit\tests\rewrite.php" tests="6" assertions="19" failures="0" errors="0" time="1.781800">
      <testcase name="test_url_to_postid" class="Tests_Rewrite" file="C:\svn\wordpress-develop\tests\phpunit\tests\rewrite.php" line="29" assertions="2" time="0.292317"/>
      <testcase name="test_url_to_postid_custom_post_type" class="Tests_Rewrite" file="C:\svn\wordpress-develop\tests\phpunit\tests\rewrite.php" line="38" assertions="1" time="0.224906"/>
      <testcase name="test_url_to_postid_hierarchical" class="Tests_Rewrite" file="C:\svn\wordpress-develop\tests\phpunit\tests\rewrite.php" line="50" assertions="2" time="0.288634"/>
      <testcase name="test_url_to_postid_home_has_path" class="Tests_Rewrite" file="C:\svn\wordpress-develop\tests\phpunit\tests\rewrite.php" line="59" assertions="9" time="0.414556"/>
      <testcase name="test_url_to_postid_dupe_path" class="Tests_Rewrite" file="C:\svn\wordpress-develop\tests\phpunit\tests\rewrite.php" line="76" assertions="4" time="0.317566"/>
      <testcase name="test_url_to_postid_home_url_collision" class="Tests_Rewrite" file="C:\svn\wordpress-develop\tests\phpunit\tests\rewrite.php" line="90" assertions="1" time="0.243821"/>
    </testsuite>
    <testsuite name="Tests_Shortcode" file="C:\svn\wordpress-develop\tests\phpunit\tests\shortcode.php" tests="31" assertions="75" failures="0" errors="0" time="1.770033">
      <testcase name="test_noatts" class="Tests_Shortcode" file="C:\svn\wordpress-develop\tests\phpunit\tests\shortcode.php" line="76" assertions="2" time="0.047673"/>
      <testcase name="test_one_att" class="Tests_Shortcode" file="C:\svn\wordpress-develop\tests\phpunit\tests\shortcode.php" line="82" assertions="2" time="0.047280"/>
      <testcase name="test_not_a_tag" class="Tests_Shortcode" file="C:\svn\wordpress-develop\tests\phpunit\tests\shortcode.php" line="88" assertions="1" time="0.046217"/>
      <testcase name="test_tag_hyphen_not_tag" class="Tests_Shortcode" file="C:\svn\wordpress-develop\tests\phpunit\tests\shortcode.php" line="96" assertions="1" time="0.045641"/>
      <testcase name="test_tag_underscore_not_tag" class="Tests_Shortcode" file="C:\svn\wordpress-develop\tests\phpunit\tests\shortcode.php" line="101" assertions="1" time="0.054680"/>
      <testcase name="test_tag_not_tag" class="Tests_Shortcode" file="C:\svn\wordpress-develop\tests\phpunit\tests\shortcode.php" line="106" assertions="1" time="0.045491"/>
      <testcase name="test_tag_hyphen" class="Tests_Shortcode" file="C:\svn\wordpress-develop\tests\phpunit\tests\shortcode.php" line="114" assertions="5" time="0.061590"/>
      <testcase name="test_two_atts" class="Tests_Shortcode" file="C:\svn\wordpress-develop\tests\phpunit\tests\shortcode.php" line="122" assertions="2" time="0.048827"/>
      <testcase name="test_noatts_enclosing" class="Tests_Shortcode" file="C:\svn\wordpress-develop\tests\phpunit\tests\shortcode.php" line="128" assertions="3" time="0.059775"/>
      <testcase name="test_one_att_enclosing" class="Tests_Shortcode" file="C:\svn\wordpress-develop\tests\phpunit\tests\shortcode.php" line="135" assertions="3" time="0.048982"/>
      <testcase name="test_two_atts_enclosing" class="Tests_Shortcode" file="C:\svn\wordpress-develop\tests\phpunit\tests\shortcode.php" line="142" assertions="3" time="0.049531"/>
      <testcase name="test_unclosed" class="Tests_Shortcode" file="C:\svn\wordpress-develop\tests\phpunit\tests\shortcode.php" line="149" assertions="3" time="0.057676"/>
      <testcase name="test_positional_atts_num" class="Tests_Shortcode" file="C:\svn\wordpress-develop\tests\phpunit\tests\shortcode.php" line="156" assertions="3" time="0.049399"/>
      <testcase name="test_positional_atts_url" class="Tests_Shortcode" file="C:\svn\wordpress-develop\tests\phpunit\tests\shortcode.php" line="163" assertions="3" time="0.050059"/>
      <testcase name="test_positional_atts_quotes" class="Tests_Shortcode" file="C:\svn\wordpress-develop\tests\phpunit\tests\shortcode.php" line="170" assertions="3" time="0.059533"/>
      <testcase name="test_positional_atts_mixed" class="Tests_Shortcode" file="C:\svn\wordpress-develop\tests\phpunit\tests\shortcode.php" line="177" assertions="3" time="0.052109"/>
      <testcase name="test_positional_and_named_atts" class="Tests_Shortcode" file="C:\svn\wordpress-develop\tests\phpunit\tests\shortcode.php" line="184" assertions="3" time="0.052182"/>
      <testcase name="test_footag_default" class="Tests_Shortcode" file="C:\svn\wordpress-develop\tests\phpunit\tests\shortcode.php" line="191" assertions="1" time="0.047915"/>
      <testcase name="test_footag_val" class="Tests_Shortcode" file="C:\svn\wordpress-develop\tests\phpunit\tests\shortcode.php" line="196" assertions="1" time="0.046059"/>
      <testcase name="test_nested_tags" class="Tests_Shortcode" file="C:\svn\wordpress-develop\tests\phpunit\tests\shortcode.php" line="202" assertions="1" time="0.046767"/>
      <testcase name="test_tag_escaped" class="Tests_Shortcode" file="C:\svn\wordpress-develop\tests\phpunit\tests\shortcode.php" line="211" assertions="4" time="0.211827"/>
      <testcase name="test_tag_not_escaped" class="Tests_Shortcode" file="C:\svn\wordpress-develop\tests\phpunit\tests\shortcode.php" line="226" assertions="5" time="0.065215"/>
      <testcase name="test_mixed_tags" class="Tests_Shortcode" file="C:\svn\wordpress-develop\tests\phpunit\tests\shortcode.php" line="244" assertions="1" time="0.050059"/>
      <testcase name="test_utf8_whitespace_1" class="Tests_Shortcode" file="C:\svn\wordpress-develop\tests\phpunit\tests\shortcode.php" line="284" assertions="2" time="0.058656"/>
      <testcase name="test_utf8_whitespace_2" class="Tests_Shortcode" file="C:\svn\wordpress-develop\tests\phpunit\tests\shortcode.php" line="294" assertions="2" time="0.057784"/>
      <testcase name="test_shortcode_unautop" class="Tests_Shortcode" file="C:\svn\wordpress-develop\tests\phpunit\tests\shortcode.php" line="304" assertions="1" time="0.047327"/>
      <testcase name="test_strip_shortcodes" class="Tests_Shortcode" file="C:\svn\wordpress-develop\tests\phpunit\tests\shortcode.php" line="313" assertions="3" time="0.049473"/>
      <testcase name="test_shortcode_atts_filter_passes_original_arguments" class="Tests_Shortcode" file="C:\svn\wordpress-develop\tests\phpunit\tests\shortcode.php" line="342" assertions="3" time="0.053079"/>
      <testcase name="test_shortcode_atts_filtering" class="Tests_Shortcode" file="C:\svn\wordpress-develop\tests\phpunit\tests\shortcode.php" line="353" assertions="3" time="0.051573"/>
      <testcase name="test_spaces_around_shortcodes" class="Tests_Shortcode" file="C:\svn\wordpress-develop\tests\phpunit\tests\shortcode.php" line="371" assertions="4" time="0.052001"/>
      <testcase name="test_has_shortcode" class="Tests_Shortcode" file="C:\svn\wordpress-develop\tests\phpunit\tests\shortcode.php" line="391" assertions="2" time="0.055653"/>
    </testsuite>
    <testsuite name="Tests_Taxonomy" file="C:\svn\wordpress-develop\tests\phpunit\tests\taxonomy.php" tests="27" assertions="91" failures="0" errors="0" time="4.253591">
      <testcase name="test_get_post_taxonomies" class="Tests_Taxonomy" file="C:\svn\wordpress-develop\tests\phpunit\tests\taxonomy.php" line="7" assertions="1" time="0.048689"/>
      <testcase name="test_get_link_taxonomies" class="Tests_Taxonomy" file="C:\svn\wordpress-develop\tests\phpunit\tests\taxonomy.php" line="11" assertions="1" time="0.047897"/>
      <testcase name="test_get_unknown_taxonomies" class="Tests_Taxonomy" file="C:\svn\wordpress-develop\tests\phpunit\tests\taxonomy.php" line="18" assertions="4" time="0.058593"/>
      <testcase name="test_get_post_taxonomy" class="Tests_Taxonomy" file="C:\svn\wordpress-develop\tests\phpunit\tests\taxonomy.php" line="26" assertions="9" time="0.051920"/>
      <testcase name="test_get_the_taxonomies" class="Tests_Taxonomy" file="C:\svn\wordpress-develop\tests\phpunit\tests\taxonomy.php" line="36" assertions="5" time="1.346988"/>
      <testcase name="test_get_the_taxonomies_term_template" class="Tests_Taxonomy" file="C:\svn\wordpress-develop\tests\phpunit\tests\taxonomy.php" line="55" assertions="2" time="0.230170"/>
      <testcase name="test_the_taxonomies" class="Tests_Taxonomy" file="C:\svn\wordpress-develop\tests\phpunit\tests\taxonomy.php" line="66" assertions="1" time="0.195210"/>
      <testcase name="test_the_taxonomies_term_template" class="Tests_Taxonomy" file="C:\svn\wordpress-develop\tests\phpunit\tests\taxonomy.php" line="81" assertions="2" time="0.219531"/>
      <testcase name="test_get_link_taxonomy" class="Tests_Taxonomy" file="C:\svn\wordpress-develop\tests\phpunit\tests\taxonomy.php" line="92" assertions="3" time="0.046920"/>
      <testcase name="test_taxonomy_exists_known" class="Tests_Taxonomy" file="C:\svn\wordpress-develop\tests\phpunit\tests\taxonomy.php" line="102" assertions="3" time="0.045003"/>
      <testcase name="test_taxonomy_exists_unknown" class="Tests_Taxonomy" file="C:\svn\wordpress-develop\tests\phpunit\tests\taxonomy.php" line="108" assertions="4" time="0.053903"/>
      <testcase name="test_is_taxonomy_hierarchical" class="Tests_Taxonomy" file="C:\svn\wordpress-develop\tests\phpunit\tests\taxonomy.php" line="115" assertions="3" time="0.054160"/>
      <testcase name="test_is_taxonomy_hierarchical_unknown" class="Tests_Taxonomy" file="C:\svn\wordpress-develop\tests\phpunit\tests\taxonomy.php" line="121" assertions="4" time="0.044215"/>
      <testcase name="test_register_taxonomy" class="Tests_Taxonomy" file="C:\svn\wordpress-develop\tests\phpunit\tests\taxonomy.php" line="128" assertions="3" time="0.048606"/>
      <testcase name="test_register_hierarchical_taxonomy" class="Tests_Taxonomy" file="C:\svn\wordpress-develop\tests\phpunit\tests\taxonomy.php" line="142" assertions="3" time="0.048264"/>
      <testcase name="test_register_long_taxonomy" class="Tests_Taxonomy" file="C:\svn\wordpress-develop\tests\phpunit\tests\taxonomy.php" line="161" assertions="1" time="0.045298"/>
      <testcase name="test_registering_taxonomies_to_object_types" class="Tests_Taxonomy" file="C:\svn\wordpress-develop\tests\phpunit\tests\taxonomy.php" line="168" assertions="21" time="0.064452"/>
      <testcase name="test_in_category" class="Tests_Taxonomy" file="C:\svn\wordpress-develop\tests\phpunit\tests\taxonomy.php" line="216" assertions="4" time="0.220164"/>
      <testcase name="test_insert_category_create" class="Tests_Taxonomy" file="C:\svn\wordpress-develop\tests\phpunit\tests\taxonomy.php" line="230" assertions="1" time="0.128476"/>
      <testcase name="test_insert_category_update" class="Tests_Taxonomy" file="C:\svn\wordpress-develop\tests\phpunit\tests\taxonomy.php" line="239" assertions="1" time="0.141002"/>
      <testcase name="test_insert_category_force_error_handle" class="Tests_Taxonomy" file="C:\svn\wordpress-develop\tests\phpunit\tests\taxonomy.php" line="248" assertions="1" time="0.044230"/>
      <testcase name="test_insert_category_force_error_no_handle" class="Tests_Taxonomy" file="C:\svn\wordpress-develop\tests\phpunit\tests\taxonomy.php" line="257" assertions="1" time="0.045162"/>
      <testcase name="test_get_ancestors_taxonomy_non_hierarchical" class="Tests_Taxonomy" file="C:\svn\wordpress-develop\tests\phpunit\tests\taxonomy.php" line="266" assertions="1" time="0.114373"/>
      <testcase name="test_get_ancestors_taxonomy" class="Tests_Taxonomy" file="C:\svn\wordpress-develop\tests\phpunit\tests\taxonomy.php" line="276" assertions="2" time="0.264850"/>
      <testcase name="test_get_ancestors_post_type_non_hierarchical" class="Tests_Taxonomy" file="C:\svn\wordpress-develop\tests\phpunit\tests\taxonomy.php" line="300" assertions="2" time="0.163257"/>
      <testcase name="test_get_ancestors_post_type" class="Tests_Taxonomy" file="C:\svn\wordpress-develop\tests\phpunit\tests\taxonomy.php" line="309" assertions="2" time="0.230321"/>
      <testcase name="test_get_ancestors_taxonomy_post_type_conflict_resource_type_taxonomy" class="Tests_Taxonomy" file="C:\svn\wordpress-develop\tests\phpunit\tests\taxonomy.php" line="336" assertions="6" time="0.251938"/>
    </testsuite>
    <testsuite name="Tests_Term" file="C:\svn\wordpress-develop\tests\phpunit\tests\term.php" tests="72" assertions="311" failures="0" errors="0" time="25.401082">
      <testcase name="test_wp_insert_delete_term" class="Tests_Term" file="C:\svn\wordpress-develop\tests\phpunit\tests\term.php" line="29" assertions="17" time="0.303750"/>
      <testcase name="test_wp_insert_term_taxonomy_does_not_exist" class="Tests_Term" file="C:\svn\wordpress-develop\tests\phpunit\tests\term.php" line="56" assertions="2" time="0.176236"/>
      <testcase name="test_wp_insert_term_pre_insert_term_filter_returns_wp_error" class="Tests_Term" file="C:\svn\wordpress-develop\tests\phpunit\tests\term.php" line="63" assertions="2" time="0.186383"/>
      <testcase name="test_wp_insert_term_term_0" class="Tests_Term" file="C:\svn\wordpress-develop\tests\phpunit\tests\term.php" line="72" assertions="2" time="0.196071"/>
      <testcase name="test_wp_insert_term_term_trims_to_empty_string" class="Tests_Term" file="C:\svn\wordpress-develop\tests\phpunit\tests\term.php" line="79" assertions="2" time="0.174375"/>
      <testcase name="test_wp_insert_term_parent_does_not_exist" class="Tests_Term" file="C:\svn\wordpress-develop\tests\phpunit\tests\term.php" line="86" assertions="2" time="0.176168"/>
      <testcase name="test_wp_insert_term_unslash_name" class="Tests_Term" file="C:\svn\wordpress-develop\tests\phpunit\tests\term.php" line="95" assertions="1" time="0.208781"/>
      <testcase name="test_wp_insert_term_unslash_description" class="Tests_Term" file="C:\svn\wordpress-develop\tests\phpunit\tests\term.php" line="105" assertions="1" time="0.240910"/>
      <testcase name="test_wp_insert_term_parent_string" class="Tests_Term" file="C:\svn\wordpress-develop\tests\phpunit\tests\term.php" line="117" assertions="1" time="0.217195"/>
      <testcase name="test_wp_insert_term_slug_empty_string" class="Tests_Term" file="C:\svn\wordpress-develop\tests\phpunit\tests\term.php" line="130" assertions="1" time="0.240216"/>
      <testcase name="test_wp_insert_term_slug_whitespace_string" class="Tests_Term" file="C:\svn\wordpress-develop\tests\phpunit\tests\term.php" line="143" assertions="1" time="0.208964"/>
      <testcase name="test_wp_insert_term_slug_0" class="Tests_Term" file="C:\svn\wordpress-develop\tests\phpunit\tests\term.php" line="155" assertions="1" time="0.216691"/>
      <testcase name="test_wp_insert_term_duplicate_name" class="Tests_Term" file="C:\svn\wordpress-develop\tests\phpunit\tests\term.php" line="170" assertions="22" time="0.641956"/>
      <testcase name="test_wp_insert_term_duplicate_slug_same_taxonomy" class="Tests_Term" file="C:\svn\wordpress-develop\tests\phpunit\tests\term.php" line="232" assertions="1" time="0.240581"/>
      <testcase name="test_wp_insert_term_duplicate_slug_different_taxonomy" class="Tests_Term" file="C:\svn\wordpress-develop\tests\phpunit\tests\term.php" line="255" assertions="2" time="0.238764"/>
      <testcase name="test_wp_insert_term_duplicate_slug_different_taxonomy_before_410_schema_change" class="Tests_Term" file="C:\svn\wordpress-develop\tests\phpunit\tests\term.php" line="282" assertions="3" time="0.243308"/>
      <testcase name="test_wp_insert_term_alias_of_no_term_group" class="Tests_Term" file="C:\svn\wordpress-develop\tests\phpunit\tests\term.php" line="316" assertions="3" time="0.283273"/>
      <testcase name="test_wp_insert_term_alias_of_existing_term_group" class="Tests_Term" file="C:\svn\wordpress-develop\tests\phpunit\tests\term.php" line="338" assertions="2" time="0.286055"/>
      <testcase name="test_wp_insert_term_alias_of_nonexistent_term" class="Tests_Term" file="C:\svn\wordpress-develop\tests\phpunit\tests\term.php" line="361" assertions="1" time="0.220175"/>
      <testcase name="test_wp_insert_term_duplicate_name_slug_non_hierarchical" class="Tests_Term" file="C:\svn\wordpress-develop\tests\phpunit\tests\term.php" line="372" assertions="2" time="0.208017"/>
      <testcase name="test_wp_insert_term_duplicate_name_hierarchical" class="Tests_Term" file="C:\svn\wordpress-develop\tests\phpunit\tests\term.php" line="391" assertions="2" time="0.275970"/>
      <testcase name="test_wp_insert_term_duplicate_name_slug_hierarchical" class="Tests_Term" file="C:\svn\wordpress-develop\tests\phpunit\tests\term.php" line="416" assertions="2" time="0.272199"/>
      <testcase name="test_wp_insert_term_should_not_create_shared_term" class="Tests_Term" file="C:\svn\wordpress-develop\tests\phpunit\tests\term.php" line="446" assertions="1" time="0.253357"/>
      <testcase name="test_wp_insert_term_should_return_term_id_and_term_taxonomy_id" class="Tests_Term" file="C:\svn\wordpress-develop\tests\phpunit\tests\term.php" line="456" assertions="6" time="0.264287"/>
      <testcase name="test_wp_insert_term_should_clean_term_cache" class="Tests_Term" file="C:\svn\wordpress-develop\tests\phpunit\tests\term.php" line="474" assertions="4" time="0.261002"/>
      <testcase name="test_wp_update_term_taxonomy_does_not_exist" class="Tests_Term" file="C:\svn\wordpress-develop\tests\phpunit\tests\term.php" line="505" assertions="2" time="0.220594"/>
      <testcase name="test_wp_update_term_term_empty_string_should_return_wp_error" class="Tests_Term" file="C:\svn\wordpress-develop\tests\phpunit\tests\term.php" line="512" assertions="2" time="0.195022"/>
      <testcase name="test_wp_update_term_unslash_name" class="Tests_Term" file="C:\svn\wordpress-develop\tests\phpunit\tests\term.php" line="519" assertions="1" time="0.231559"/>
      <testcase name="test_wp_update_term_unslash_description" class="Tests_Term" file="C:\svn\wordpress-develop\tests\phpunit\tests\term.php" line="535" assertions="1" time="0.250589"/>
      <testcase name="test_wp_update_term_name_empty_string" class="Tests_Term" file="C:\svn\wordpress-develop\tests\phpunit\tests\term.php" line="551" assertions="2" time="0.442003"/>
      <testcase name="test_wp_update_term_parent_does_not_exist" class="Tests_Term" file="C:\svn\wordpress-develop\tests\phpunit\tests\term.php" line="569" assertions="4" time="0.228143"/>
      <testcase name="test_wp_update_term_slug_empty_string_while_not_updating_name" class="Tests_Term" file="C:\svn\wordpress-develop\tests\phpunit\tests\term.php" line="593" assertions="1" time="0.219666"/>
      <testcase name="test_wp_update_term_slug_empty_string_while_updating_name" class="Tests_Term" file="C:\svn\wordpress-develop\tests\phpunit\tests\term.php" line="609" assertions="1" time="0.230603"/>
      <testcase name="test_wp_update_term_slug_set_slug" class="Tests_Term" file="C:\svn\wordpress-develop\tests\phpunit\tests\term.php" line="625" assertions="1" time="0.231574"/>
      <testcase name="test_wp_update_term_duplicate_slug_same_taxonomy" class="Tests_Term" file="C:\svn\wordpress-develop\tests\phpunit\tests\term.php" line="643" assertions="2" time="0.239502"/>
      <testcase name="test_wp_update_term_duplicate_slug_different_taxonomy" class="Tests_Term" file="C:\svn\wordpress-develop\tests\phpunit\tests\term.php" line="669" assertions="2" time="0.231554"/>
      <testcase name="test_wp_update_term_alias_of_no_term_group" class="Tests_Term" file="C:\svn\wordpress-develop\tests\phpunit\tests\term.php" line="693" assertions="3" time="0.283891"/>
      <testcase name="test_wp_update_term_alias_of_existing_term_group" class="Tests_Term" file="C:\svn\wordpress-develop\tests\phpunit\tests\term.php" line="714" assertions="2" time="0.371458"/>
      <testcase name="test_wp_update_term_alias_of_nonexistent_term" class="Tests_Term" file="C:\svn\wordpress-develop\tests\phpunit\tests\term.php" line="738" assertions="1" time="0.254395"/>
      <testcase name="test_wp_update_term_slug_same_as_old_slug" class="Tests_Term" file="C:\svn\wordpress-develop\tests\phpunit\tests\term.php" line="750" assertions="2" time="0.230931"/>
      <testcase name="test_wp_update_term_duplicate_slug_generated_due_to_empty_slug_param" class="Tests_Term" file="C:\svn\wordpress-develop\tests\phpunit\tests\term.php" line="768" assertions="2" time="0.274703"/>
      <testcase name="test_wp_update_term_duplicate_slug_with_changed_parent" class="Tests_Term" file="C:\svn\wordpress-develop\tests\phpunit\tests\term.php" line="791" assertions="2" time="0.363929"/>
      <testcase name="test_wp_update_term_duplicate_slug_failure" class="Tests_Term" file="C:\svn\wordpress-develop\tests\phpunit\tests\term.php" line="819" assertions="3" time="0.242476"/>
      <testcase name="test_wp_update_term_should_return_term_id_and_term_taxonomy_id" class="Tests_Term" file="C:\svn\wordpress-develop\tests\phpunit\tests\term.php" line="842" assertions="6" time="0.284353"/>
      <testcase name="test_wp_update_term_should_clean_object_term_cache" class="Tests_Term" file="C:\svn\wordpress-develop\tests\phpunit\tests\term.php" line="865" assertions="4" time="0.671097"/>
      <testcase name="test_wp_update_term_should_clean_term_cache" class="Tests_Term" file="C:\svn\wordpress-develop\tests\phpunit\tests\term.php" line="899" assertions="4" time="0.308655"/>
      <testcase name="test_wp_delete_term_should_invalidate_cache_for_child_terms" class="Tests_Term" file="C:\svn\wordpress-develop\tests\phpunit\tests\term.php" line="936" assertions="2" time="1.094899"/>
      <testcase name="test_is_term_type" class="Tests_Term" file="C:\svn\wordpress-develop\tests\phpunit\tests\term.php" line="963" assertions="3" time="0.395353"/>
      <testcase name="test_get_term_by_tt_id" class="Tests_Term" file="C:\svn\wordpress-develop\tests\phpunit\tests\term.php" line="978" assertions="1" time="0.250257"/>
      <testcase name="test_wp_count_terms" class="Tests_Term" file="C:\svn\wordpress-develop\tests\phpunit\tests\term.php" line="987" assertions="1" time="0.198604"/>
      <testcase name="test_get_object_terms" class="Tests_Term" file="C:\svn\wordpress-develop\tests\phpunit\tests\term.php" line="997" assertions="3" time="0.416021"/>
      <testcase name="test_get_object_terms_by_slug" class="Tests_Term" file="C:\svn\wordpress-develop\tests\phpunit\tests\term.php" line="1016" assertions="2" time="0.398250"/>
      <testcase name="test_wp_get_object_terms_no_dupes" class="Tests_Term" file="C:\svn\wordpress-develop\tests\phpunit\tests\term.php" line="1034" assertions="4" time="0.472976"/>
      <testcase name="test_get_object_terms_types" class="Tests_Term" file="C:\svn\wordpress-develop\tests\phpunit\tests\term.php" line="1057" assertions="7" time="0.373088"/>
      <testcase name="test_set_object_terms" class="Tests_Term" file="C:\svn\wordpress-develop\tests\phpunit\tests\term.php" line="1076" assertions="16" time="0.815457"/>
      <testcase name="test_set_object_terms_by_id" class="Tests_Term" file="C:\svn\wordpress-develop\tests\phpunit\tests\term.php" line="1161" assertions="14" time="0.839194"/>
      <testcase name="test_set_object_terms_by_name" class="Tests_Term" file="C:\svn\wordpress-develop\tests\phpunit\tests\term.php" line="1191" assertions="11" time="0.892265"/>
      <testcase name="test_set_object_terms_invalid" class="Tests_Term" file="C:\svn\wordpress-develop\tests\phpunit\tests\term.php" line="1223" assertions="1" time="0.264034"/>
      <testcase name="test_wp_set_object_terms_append_true" class="Tests_Term" file="C:\svn\wordpress-develop\tests\phpunit\tests\term.php" line="1231" assertions="6" time="0.351912"/>
      <testcase name="test_wp_set_object_terms_append_false" class="Tests_Term" file="C:\svn\wordpress-develop\tests\phpunit\tests\term.php" line="1252" assertions="6" time="0.337718"/>
      <testcase name="test_wp_set_object_terms_append_default_to_false" class="Tests_Term" file="C:\svn\wordpress-develop\tests\phpunit\tests\term.php" line="1273" assertions="6" time="0.331793"/>
      <testcase name="test_change_object_terms_by_id" class="Tests_Term" file="C:\svn\wordpress-develop\tests\phpunit\tests\term.php" line="1294" assertions="8" time="0.497486"/>
      <testcase name="test_change_object_terms_by_name" class="Tests_Term" file="C:\svn\wordpress-develop\tests\phpunit\tests\term.php" line="1338" assertions="5" time="0.549492"/>
      <testcase name="test_wp_add_remove_object_terms" class="Tests_Term" file="C:\svn\wordpress-develop\tests\phpunit\tests\term.php" line="1370" assertions="19" time="1.081993"/>
      <testcase name="test_term_is_ancestor_of" class="Tests_Term" file="C:\svn\wordpress-develop\tests\phpunit\tests\term.php" line="1399" assertions="6" time="0.397864"/>
      <testcase name="test_wp_insert_delete_category" class="Tests_Term" file="C:\svn\wordpress-develop\tests\phpunit\tests\term.php" line="1418" assertions="11" time="0.317394"/>
      <testcase name="test_wp_set_post_categories" class="Tests_Term" file="C:\svn\wordpress-develop\tests\phpunit\tests\term.php" line="1444" assertions="12" time="0.666779"/>
      <testcase name="test_wp_unique_term_slug" class="Tests_Term" file="C:\svn\wordpress-develop\tests\phpunit\tests\term.php" line="1477" assertions="18" time="0.902239"/>
      <testcase name="test_sanitize_term_field" class="Tests_Term" file="C:\svn\wordpress-develop\tests\phpunit\tests\term.php" line="1524" assertions="4" time="0.220856"/>
      <testcase name="test_object_term_cache" class="Tests_Term" file="C:\svn\wordpress-develop\tests\phpunit\tests\term.php" line="1544" assertions="6" time="0.494366"/>
      <testcase name="test_object_term_cache_when_term_changes" class="Tests_Term" file="C:\svn\wordpress-develop\tests\phpunit\tests\term.php" line="1573" assertions="6" time="0.321309"/>
      <testcase name="test_orphan_category" class="Tests_Term" file="C:\svn\wordpress-develop\tests\phpunit\tests\term.php" line="1599" assertions="1" time="0.278101"/>
    </testsuite>
    <testsuite name="Tests_Term_Cache" file="C:\svn\wordpress-develop\tests\phpunit\tests\term\cache.php" tests="8" assertions="325" failures="0" errors="0" time="7.490265">
      <testcase name="test_category_children_cache" class="Tests_Term_Cache" file="C:\svn\wordpress-develop\tests\phpunit\tests\term\cache.php" line="16" assertions="2" time="0.235826"/>
      <testcase name="test_category_name_change" class="Tests_Term_Cache" file="C:\svn\wordpress-develop\tests\phpunit\tests\term\cache.php" line="35" assertions="2" time="0.384051"/>
      <testcase name="test_hierachy_invalidation" class="Tests_Term_Cache" file="C:\svn\wordpress-develop\tests\phpunit\tests\term\cache.php" line="52" assertions="296" time="6.107497"/>
      <testcase name="test_get_term_by_slug_cache" class="Tests_Term_Cache" file="C:\svn\wordpress-develop\tests\phpunit\tests\term\cache.php" line="100" assertions="5" time="0.195338"/>
      <testcase name="test_get_term_by_slug_cache_update" class="Tests_Term_Cache" file="C:\svn\wordpress-develop\tests\phpunit\tests\term\cache.php" line="120" assertions="5" time="0.146578"/>
      <testcase name="test_get_term_by_name_cache" class="Tests_Term_Cache" file="C:\svn\wordpress-develop\tests\phpunit\tests\term\cache.php" line="143" assertions="4" time="0.126324"/>
      <testcase name="test_get_term_by_name_cache_update" class="Tests_Term_Cache" file="C:\svn\wordpress-develop\tests\phpunit\tests\term\cache.php" line="161" assertions="4" time="0.156956"/>
      <testcase name="test_invalidating_term_caches_should_fail_when_invalidation_is_suspended" class="Tests_Term_Cache" file="C:\svn\wordpress-develop\tests\phpunit\tests\term\cache.php" line="182" assertions="7" time="0.137695"/>
    </testsuite>
    <testsuite name="Tests_Term_getTerms" file="C:\svn\wordpress-develop\tests\phpunit\tests\term\getTerms.php" tests="44" assertions="115" failures="0" errors="0" time="17.928015">
      <testcase name="test_get_terms_cache" class="Tests_Term_getTerms" file="C:\svn\wordpress-develop\tests\phpunit\tests\term\getTerms.php" line="17" assertions="6" time="0.437651"/>
      <testcase name="test_get_terms_cache_should_be_missed_when_passing_number" class="Tests_Term_getTerms" file="C:\svn\wordpress-develop\tests\phpunit\tests\term\getTerms.php" line="43" assertions="6" time="1.219179"/>
      <testcase name="test_wp_delete_term_should_invalidate_cache" class="Tests_Term_getTerms" file="C:\svn\wordpress-develop\tests\phpunit\tests\term\getTerms.php" line="71" assertions="7" time="0.666879"/>
      <testcase name="test_get_terms_should_allow_arbitrary_indexed_taxonomies_array" class="Tests_Term_getTerms" file="C:\svn\wordpress-develop\tests\phpunit\tests\term\getTerms.php" line="107" assertions="1" time="0.134888"/>
      <testcase name="test_get_terms_fields" class="Tests_Term_getTerms" file="C:\svn\wordpress-develop\tests\phpunit\tests\term\getTerms.php" line="116" assertions="7" time="0.180085"/>
      <testcase name="test_get_terms_include_exclude" class="Tests_Term_getTerms" file="C:\svn\wordpress-develop\tests\phpunit\tests\term\getTerms.php" line="148" assertions="5" time="0.212217"/>
      <testcase name="test_exclude_with_hierarchical_true_for_non_hierarchical_taxonomy" class="Tests_Term_getTerms" file="C:\svn\wordpress-develop\tests\phpunit\tests\term\getTerms.php" line="179" assertions="1" time="0.185502"/>
      <testcase name="test_get_terms_exclude_tree" class="Tests_Term_getTerms" file="C:\svn\wordpress-develop\tests\phpunit\tests\term\getTerms.php" line="201" assertions="2" time="0.229307"/>
      <testcase name="test_get_terms_search" class="Tests_Term_getTerms" file="C:\svn\wordpress-develop\tests\phpunit\tests\term\getTerms.php" line="230" assertions="2" time="0.137437"/>
      <testcase name="test_get_terms_like" class="Tests_Term_getTerms" file="C:\svn\wordpress-develop\tests\phpunit\tests\term\getTerms.php" line="241" assertions="14" time="0.179759"/>
      <testcase name="test_get_terms_parent_zero" class="Tests_Term_getTerms" file="C:\svn\wordpress-develop\tests\phpunit\tests\term\getTerms.php" line="273" assertions="6" time="1.379929"/>
      <testcase name="test_get_terms_grandparent_zero" class="Tests_Term_getTerms" file="C:\svn\wordpress-develop\tests\phpunit\tests\term\getTerms.php" line="325" assertions="3" time="0.286092"/>
      <testcase name="test_get_terms_seven_levels_deep" class="Tests_Term_getTerms" file="C:\svn\wordpress-develop\tests\phpunit\tests\term\getTerms.php" line="347" assertions="3" time="0.431209"/>
      <testcase name="test_get_terms_child_of" class="Tests_Term_getTerms" file="C:\svn\wordpress-develop\tests\phpunit\tests\term\getTerms.php" line="371" assertions="1" time="0.184502"/>
      <testcase name="test_get_term_children_recursion" class="Tests_Term_getTerms" file="C:\svn\wordpress-develop\tests\phpunit\tests\term\getTerms.php" line="382" assertions="2" time="0.162522"/>
      <testcase name="test_get_terms_by_slug" class="Tests_Term_getTerms" file="C:\svn\wordpress-develop\tests\phpunit\tests\term\getTerms.php" line="397" assertions="1" time="0.125970"/>
      <testcase name="test_get_terms_by_multiple_slugs" class="Tests_Term_getTerms" file="C:\svn\wordpress-develop\tests\phpunit\tests\term\getTerms.php" line="413" assertions="1" time="0.156986"/>
      <testcase name="test_get_terms_hierarchical_tax_hide_empty_false_fields_ids" class="Tests_Term_getTerms" file="C:\svn\wordpress-develop\tests\phpunit\tests\term\getTerms.php" line="427" assertions="2" time="0.330441"/>
      <testcase name="test_get_terms_hierarchical_tax_hide_empty_true_fields_ids" class="Tests_Term_getTerms" file="C:\svn\wordpress-develop\tests\phpunit\tests\term\getTerms.php" line="452" assertions="2" time="0.324167"/>
      <testcase name="test_get_terms_hierarchical_tax_hide_empty_true_fields_ids_hierarchical_false" class="Tests_Term_getTerms" file="C:\svn\wordpress-develop\tests\phpunit\tests\term\getTerms.php" line="475" assertions="2" time="0.326497"/>
      <testcase name="test_get_terms_hierarchical_tax_hide_empty_false_fields_names" class="Tests_Term_getTerms" file="C:\svn\wordpress-develop\tests\phpunit\tests\term\getTerms.php" line="498" assertions="2" time="0.339049"/>
      <testcase name="test_get_terms_hierarchical_tax_hide_empty_true_fields_names" class="Tests_Term_getTerms" file="C:\svn\wordpress-develop\tests\phpunit\tests\term\getTerms.php" line="523" assertions="2" time="0.392830"/>
      <testcase name="test_get_terms_hierarchical_tax_hide_empty_true_fields_names_hierarchical_false" class="Tests_Term_getTerms" file="C:\svn\wordpress-develop\tests\phpunit\tests\term\getTerms.php" line="546" assertions="2" time="0.361332"/>
      <testcase name="test_get_terms_hierarchical_tax_hide_empty_false_fields_count" class="Tests_Term_getTerms" file="C:\svn\wordpress-develop\tests\phpunit\tests\term\getTerms.php" line="569" assertions="1" time="0.350637"/>
      <testcase name="test_get_terms_hierarchical_tax_hide_empty_true_fields_count" class="Tests_Term_getTerms" file="C:\svn\wordpress-develop\tests\phpunit\tests\term\getTerms.php" line="586" assertions="1" time="0.373071"/>
      <testcase name="test_get_terms_hierarchical_tax_hide_empty_true_fields_count_hierarchical_false" class="Tests_Term_getTerms" file="C:\svn\wordpress-develop\tests\phpunit\tests\term\getTerms.php" line="604" assertions="1" time="0.373863"/>
      <testcase name="test_get_terms_hierarchical_tax_hide_empty_false_fields_idparent" class="Tests_Term_getTerms" file="C:\svn\wordpress-develop\tests\phpunit\tests\term\getTerms.php" line="622" assertions="2" time="0.361115"/>
      <testcase name="test_get_terms_hierarchical_tax_hide_empty_true_fields_idparent" class="Tests_Term_getTerms" file="C:\svn\wordpress-develop\tests\phpunit\tests\term\getTerms.php" line="647" assertions="2" time="0.347554"/>
      <testcase name="test_get_terms_hierarchical_tax_hide_empty_true_fields_idparent_hierarchical_false" class="Tests_Term_getTerms" file="C:\svn\wordpress-develop\tests\phpunit\tests\term\getTerms.php" line="670" assertions="2" time="0.352332"/>
      <testcase name="test_get_terms_hierarchical_tax_hide_empty_false_fields_idslug" class="Tests_Term_getTerms" file="C:\svn\wordpress-develop\tests\phpunit\tests\term\getTerms.php" line="693" assertions="2" time="0.346282"/>
      <testcase name="test_get_terms_hierarchical_tax_hide_empty_true_fields_idslug" class="Tests_Term_getTerms" file="C:\svn\wordpress-develop\tests\phpunit\tests\term\getTerms.php" line="721" assertions="2" time="0.361719"/>
      <testcase name="test_get_terms_hierarchical_tax_hide_empty_true_fields_idslug_hierarchical_false" class="Tests_Term_getTerms" file="C:\svn\wordpress-develop\tests\phpunit\tests\term\getTerms.php" line="744" assertions="2" time="0.341156"/>
      <testcase name="test_get_terms_hierarchical_tax_hide_empty_false_fields_idname" class="Tests_Term_getTerms" file="C:\svn\wordpress-develop\tests\phpunit\tests\term\getTerms.php" line="767" assertions="2" time="0.341817"/>
      <testcase name="test_get_terms_hierarchical_tax_hide_empty_true_fields_idname" class="Tests_Term_getTerms" file="C:\svn\wordpress-develop\tests\phpunit\tests\term\getTerms.php" line="795" assertions="2" time="0.772362"/>
      <testcase name="test_get_terms_hierarchical_tax_hide_empty_true_fields_idname_hierarchical_false" class="Tests_Term_getTerms" file="C:\svn\wordpress-develop\tests\phpunit\tests\term\getTerms.php" line="818" assertions="2" time="0.528313"/>
      <testcase name="test_orderby_include" class="Tests_Term_getTerms" file="C:\svn\wordpress-develop\tests\phpunit\tests\term\getTerms.php" line="844" assertions="1" time="0.205429"/>
      <testcase name="test_hierarchical_false_with_parent" class="Tests_Term_getTerms" file="C:\svn\wordpress-develop\tests\phpunit\tests\term\getTerms.php" line="865" assertions="1" time="0.486394"/>
      <testcase name="test_hierarchical_true_with_parent" class="Tests_Term_getTerms" file="C:\svn\wordpress-develop\tests\phpunit\tests\term\getTerms.php" line="881" assertions="2" time="0.505705"/>
      <testcase name="test_hierarchical_false_with_child_of_and_direct_child" class="Tests_Term_getTerms" file="C:\svn\wordpress-develop\tests\phpunit\tests\term\getTerms.php" line="899" assertions="2" time="0.585430"/>
      <testcase name="test_hierarchical_false_with_child_of_should_not_return_grandchildren" class="Tests_Term_getTerms" file="C:\svn\wordpress-develop\tests\phpunit\tests\term\getTerms.php" line="922" assertions="1" time="0.501461"/>
      <testcase name="test_hierarchical_true_with_child_of_should_return_grandchildren" class="Tests_Term_getTerms" file="C:\svn\wordpress-develop\tests\phpunit\tests\term\getTerms.php" line="935" assertions="2" time="0.577234"/>
      <testcase name="test_parent_should_override_child_of" class="Tests_Term_getTerms" file="C:\svn\wordpress-develop\tests\phpunit\tests\term\getTerms.php" line="954" assertions="2" time="0.596540"/>
      <testcase name="test_hierarchical_false_parent_should_override_child_of" class="Tests_Term_getTerms" file="C:\svn\wordpress-develop\tests\phpunit\tests\term\getTerms.php" line="973" assertions="1" time="0.616962"/>
      <testcase name="test_hierarchical_true_parent_overrides_child_of" class="Tests_Term_getTerms" file="C:\svn\wordpress-develop\tests\phpunit\tests\term\getTerms.php" line="990" assertions="2" time="0.618209"/>
    </testsuite>
    <testsuite name="Tests_IsObjectInTerm" file="C:\svn\wordpress-develop\tests\phpunit\tests\term\isObjectInTerm.php" tests="6" assertions="12" failures="0" errors="0" time="1.957844">
      <testcase name="test_terms_are_ints" class="Tests_IsObjectInTerm" file="C:\svn\wordpress-develop\tests\phpunit\tests\term\isObjectInTerm.php" line="7" assertions="2" time="0.326840"/>
      <testcase name="test_terms_are_strings_and_match_term_id" class="Tests_IsObjectInTerm" file="C:\svn\wordpress-develop\tests\phpunit\tests\term\isObjectInTerm.php" line="22" assertions="2" time="0.342681"/>
      <testcase name="test_terms_are_strings_and_match_term_name" class="Tests_IsObjectInTerm" file="C:\svn\wordpress-develop\tests\phpunit\tests\term\isObjectInTerm.php" line="40" assertions="2" time="0.341345"/>
      <testcase name="test_terms_are_strings_and_match_term_slug" class="Tests_IsObjectInTerm" file="C:\svn\wordpress-develop\tests\phpunit\tests\term\isObjectInTerm.php" line="55" assertions="2" time="0.317617"/>
      <testcase name="test_terms_contain_strings_and_ints_and_match_term_id_as_int" class="Tests_IsObjectInTerm" file="C:\svn\wordpress-develop\tests\phpunit\tests\term\isObjectInTerm.php" line="70" assertions="2" time="0.331558"/>
      <testcase name="test_should_not_return_true_if_term_name_begins_with_existing_term_id" class="Tests_IsObjectInTerm" file="C:\svn\wordpress-develop\tests\phpunit\tests\term\isObjectInTerm.php" line="88" assertions="2" time="0.297803"/>
    </testsuite>
    <testsuite name="Tests_Tax_Query" file="C:\svn\wordpress-develop\tests\phpunit\tests\term\query.php" tests="21" assertions="25" failures="0" errors="0" time="2.472933">
      <testcase name="test_construct_with_relation_default" class="Tests_Tax_Query" file="C:\svn\wordpress-develop\tests\phpunit\tests\term\query.php" line="15" assertions="1" time="0.048567"/>
      <testcase name="test_construct_with_relation_or_lowercase" class="Tests_Tax_Query" file="C:\svn\wordpress-develop\tests\phpunit\tests\term\query.php" line="20" assertions="1" time="0.048844"/>
      <testcase name="test_construct_with_relation_or_uppercase" class="Tests_Tax_Query" file="C:\svn\wordpress-develop\tests\phpunit\tests\term\query.php" line="27" assertions="1" time="0.049185"/>
      <testcase name="test_construct_with_relation_other" class="Tests_Tax_Query" file="C:\svn\wordpress-develop\tests\phpunit\tests\term\query.php" line="34" assertions="1" time="0.047803"/>
      <testcase name="test_construct_fill_missing_query_params" class="Tests_Tax_Query" file="C:\svn\wordpress-develop\tests\phpunit\tests\term\query.php" line="41" assertions="1" time="0.063100"/>
      <testcase name="test_construct_fill_missing_query_params_merge_with_passed_values" class="Tests_Tax_Query" file="C:\svn\wordpress-develop\tests\phpunit\tests\term\query.php" line="57" assertions="1" time="0.054809"/>
      <testcase name="test_construct_cast_terms_to_array" class="Tests_Tax_Query" file="C:\svn\wordpress-develop\tests\phpunit\tests\term\query.php" line="78" assertions="1" time="0.050404"/>
      <testcase name="test_construct_empty_strings_array_members_should_be_discarded" class="Tests_Tax_Query" file="C:\svn\wordpress-develop\tests\phpunit\tests\term\query.php" line="91" assertions="1" time="0.047874"/>
      <testcase name="test_transform_query_terms_empty" class="Tests_Tax_Query" file="C:\svn\wordpress-develop\tests\phpunit\tests\term\query.php" line="103" assertions="1" time="0.047762"/>
      <testcase name="test_transform_query_field_same_as_resulting_field" class="Tests_Tax_Query" file="C:\svn\wordpress-develop\tests\phpunit\tests\term\query.php" line="114" assertions="1" time="0.047827"/>
      <testcase name="test_transform_query_resulting_field_sanitized" class="Tests_Tax_Query" file="C:\svn\wordpress-develop\tests\phpunit\tests\term\query.php" line="127" assertions="1" time="0.283919"/>
      <testcase name="test_transform_query_field_slug" class="Tests_Tax_Query" file="C:\svn\wordpress-develop\tests\phpunit\tests\term\query.php" line="152" assertions="2" time="0.240149"/>
      <testcase name="test_transform_query_field_name" class="Tests_Tax_Query" file="C:\svn\wordpress-develop\tests\phpunit\tests\term\query.php" line="170" assertions="2" time="0.243164"/>
      <testcase name="test_transform_query_field_term_taxonomy_id" class="Tests_Tax_Query" file="C:\svn\wordpress-develop\tests\phpunit\tests\term\query.php" line="188" assertions="2" time="0.229182"/>
      <testcase name="test_transform_query_field_term_taxonomy_default" class="Tests_Tax_Query" file="C:\svn\wordpress-develop\tests\phpunit\tests\term\query.php" line="206" assertions="2" time="0.231832"/>
      <testcase name="test_transform_query_nonexistent_terms" class="Tests_Tax_Query" file="C:\svn\wordpress-develop\tests\phpunit\tests\term\query.php" line="224" assertions="1" time="0.050599"/>
      <testcase name="test_get_sql_relation_or_operator_in" class="Tests_Tax_Query" file="C:\svn\wordpress-develop\tests\phpunit\tests\term\query.php" line="240" assertions="1" time="0.187809"/>
      <testcase name="test_get_sql_relation_and_operator_in" class="Tests_Tax_Query" file="C:\svn\wordpress-develop\tests\phpunit\tests\term\query.php" line="284" assertions="1" time="0.187590"/>
      <testcase name="test_get_sql_nested_relation_or_operator_in" class="Tests_Tax_Query" file="C:\svn\wordpress-develop\tests\phpunit\tests\term\query.php" line="327" assertions="1" time="0.208862"/>
      <testcase name="test_get_sql_operator_not_in_empty_terms" class="Tests_Tax_Query" file="C:\svn\wordpress-develop\tests\phpunit\tests\term\query.php" line="373" assertions="1" time="0.051893"/>
      <testcase name="test_get_sql_operator_and_empty_terms" class="Tests_Tax_Query" file="C:\svn\wordpress-develop\tests\phpunit\tests\term\query.php" line="400" assertions="1" time="0.051759"/>
    </testsuite>
    <testsuite name="Tests_Term_Slashes" file="C:\svn\wordpress-develop\tests\phpunit\tests\term\slashes.php" tests="2" assertions="24" failures="0" errors="0" time="2.422153">
      <testcase name="test_wp_insert_term" class="Tests_Term_Slashes" file="C:\svn\wordpress-develop\tests\phpunit\tests\term\slashes.php" line="33" assertions="12" time="0.897711"/>
      <testcase name="test_wp_update_term" class="Tests_Term_Slashes" file="C:\svn\wordpress-develop\tests\phpunit\tests\term\slashes.php" line="81" assertions="12" time="1.524442"/>
    </testsuite>
    <testsuite name="Tests_TermExists" file="C:\svn\wordpress-develop\tests\phpunit\tests\term\termExists.php" tests="19" assertions="34" failures="0" errors="0" time="2.357094">
      <testcase name="test_term_exists_term_0" class="Tests_TermExists" file="C:\svn\wordpress-develop\tests\phpunit\tests\term\termExists.php" line="7" assertions="1" time="0.047301"/>
      <testcase name="test_term_exists_term_int_taxonomy_nonempty_term_exists" class="Tests_TermExists" file="C:\svn\wordpress-develop\tests\phpunit\tests\term\termExists.php" line="11" assertions="1" time="0.130025"/>
      <testcase name="test_term_exists_term_int_taxonomy_nonempty_term_does_not_exist" class="Tests_TermExists" file="C:\svn\wordpress-develop\tests\phpunit\tests\term\termExists.php" line="20" assertions="1" time="0.047903"/>
      <testcase name="test_term_exists_term_int_taxonomy_nonempty_wrong_taxonomy" class="Tests_TermExists" file="C:\svn\wordpress-develop\tests\phpunit\tests\term\termExists.php" line="24" assertions="1" time="0.114042"/>
      <testcase name="test_term_exists_term_int_taxonomy_empty_term_exists" class="Tests_TermExists" file="C:\svn\wordpress-develop\tests\phpunit\tests\term\termExists.php" line="32" assertions="1" time="0.120363"/>
      <testcase name="test_term_exists_term_int_taxonomy_empty_term_does_not_exist" class="Tests_TermExists" file="C:\svn\wordpress-develop\tests\phpunit\tests\term\termExists.php" line="41" assertions="1" time="0.049256"/>
      <testcase name="test_term_exists_unslash_term" class="Tests_TermExists" file="C:\svn\wordpress-develop\tests\phpunit\tests\term\termExists.php" line="45" assertions="1" time="0.192752"/>
      <testcase name="test_term_exists_trim_term" class="Tests_TermExists" file="C:\svn\wordpress-develop\tests\phpunit\tests\term\termExists.php" line="55" assertions="1" time="0.128636"/>
      <testcase name="test_term_exists_term_trimmed_to_empty_string" class="Tests_TermExists" file="C:\svn\wordpress-develop\tests\phpunit\tests\term\termExists.php" line="65" assertions="1" time="0.050724"/>
      <testcase name="test_term_exists_existing_term_that_sanitizes_to_empty" class="Tests_TermExists" file="C:\svn\wordpress-develop\tests\phpunit\tests\term\termExists.php" line="72" assertions="4" time="0.189294"/>
      <testcase name="test_term_exists_taxonomy_nonempty_parent_nonempty_match_slug" class="Tests_TermExists" file="C:\svn\wordpress-develop\tests\phpunit\tests\term\termExists.php" line="82" assertions="2" time="0.163668"/>
      <testcase name="test_term_exists_taxonomy_nonempty_parent_0_should_return_false_for_child_term" class="Tests_TermExists" file="C:\svn\wordpress-develop\tests\phpunit\tests\term\termExists.php" line="108" assertions="1" time="0.175820"/>
      <testcase name="test_term_exists_taxonomy_nonempty_parent_nonempty_match_name" class="Tests_TermExists" file="C:\svn\wordpress-develop\tests\phpunit\tests\term\termExists.php" line="130" assertions="2" time="0.174714"/>
      <testcase name="test_term_exists_taxonomy_nonempty_parent_empty_match_slug" class="Tests_TermExists" file="C:\svn\wordpress-develop\tests\phpunit\tests\term\termExists.php" line="153" assertions="2" time="0.120917"/>
      <testcase name="test_term_exists_taxonomy_nonempty_parent_empty_match_name" class="Tests_TermExists" file="C:\svn\wordpress-develop\tests\phpunit\tests\term\termExists.php" line="169" assertions="2" time="0.151502"/>
      <testcase name="test_term_exists_taxonomy_empty_parent_empty_match_slug" class="Tests_TermExists" file="C:\svn\wordpress-develop\tests\phpunit\tests\term\termExists.php" line="185" assertions="2" time="0.128679"/>
      <testcase name="test_term_exists_taxonomy_empty_parent_empty_match_name" class="Tests_TermExists" file="C:\svn\wordpress-develop\tests\phpunit\tests\term\termExists.php" line="201" assertions="2" time="0.133296"/>
      <testcase name="test_term_exists_known" class="Tests_TermExists" file="C:\svn\wordpress-develop\tests\phpunit\tests\term\termExists.php" line="217" assertions="4" time="0.161891"/>
      <testcase name="test_term_exists_unknown" class="Tests_TermExists" file="C:\svn\wordpress-develop\tests\phpunit\tests\term\termExists.php" line="232" assertions="4" time="0.076312"/>
    </testsuite>
    <testsuite name="Tests_Theme" file="C:\svn\wordpress-develop\tests\phpunit\tests\theme.php" tests="11" assertions="1084" failures="0" errors="0" time="4.074105">
      <testcase name="test_wp_get_themes_default" class="Tests_Theme" file="C:\svn\wordpress-develop\tests\phpunit\tests\theme.php" line="30" assertions="4" time="0.171356"/>
      <testcase name="test_get_themes_default" class="Tests_Theme" file="C:\svn\wordpress-develop\tests\phpunit\tests\theme.php" line="44" assertions="5" time="0.172557"/>
      <testcase name="test_get_theme" class="Tests_Theme" file="C:\svn\wordpress-develop\tests\phpunit\tests\theme.php" line="58" assertions="18" time="0.174165"/>
      <testcase name="test_wp_get_theme" class="Tests_Theme" file="C:\svn\wordpress-develop\tests\phpunit\tests\theme.php" line="69" assertions="24" time="0.439771"/>
      <testcase name="test_get_themes_contents" class="Tests_Theme" file="C:\svn\wordpress-develop\tests\phpunit\tests\theme.php" line="84" assertions="552" time="0.839508"/>
      <testcase name="test_wp_get_theme_contents" class="Tests_Theme" file="C:\svn\wordpress-develop\tests\phpunit\tests\theme.php" line="148" assertions="13" time="0.165428"/>
      <testcase name="test_default_theme_in_default_theme_list" class="Tests_Theme" file="C:\svn\wordpress-develop\tests\phpunit\tests\theme.php" line="173" assertions="1" time="0.152013"/>
      <testcase name="test_default_themes_have_textdomain" class="Tests_Theme" file="C:\svn\wordpress-develop\tests\phpunit\tests\theme.php" line="179" assertions="6" time="0.154138"/>
      <testcase name="test_extra_theme_headers" class="Tests_Theme" file="C:\svn\wordpress-develop\tests\phpunit\tests\theme.php" line="189" assertions="6" time="0.185185"/>
      <testcase name="test_switch_theme" class="Tests_Theme" file="C:\svn\wordpress-develop\tests\phpunit\tests\theme.php" line="209" assertions="450" time="1.447304"/>
      <testcase name="test_switch_theme_bogus" class="Tests_Theme" file="C:\svn\wordpress-develop\tests\phpunit\tests\theme.php" line="283" assertions="5" time="0.172680"/>
    </testsuite>
    <testsuite name="Tests_Theme_WPTheme" file="C:\svn\wordpress-develop\tests\phpunit\tests\theme\WPTheme.php" tests="6" assertions="43" failures="0" errors="0" time="1.192907">
      <testcase name="test_new_WP_Theme_top_level" class="Tests_Theme_WPTheme" file="C:\svn\wordpress-develop\tests\phpunit\tests\theme\WPTheme.php" line="35" assertions="11" time="0.240888"/>
      <testcase name="test_new_WP_Theme_subdir" class="Tests_Theme_WPTheme" file="C:\svn\wordpress-develop\tests\phpunit\tests\theme\WPTheme.php" line="54" assertions="11" time="0.195972"/>
      <testcase name="test_new_WP_Theme_subdir_bad_root" class="Tests_Theme_WPTheme" file="C:\svn\wordpress-develop\tests\phpunit\tests\theme\WPTheme.php" line="76" assertions="11" time="0.197306"/>
      <testcase name="test_wp_theme_uris_with_spaces" class="Tests_Theme_WPTheme" file="C:\svn\wordpress-develop\tests\phpunit\tests\theme\WPTheme.php" line="99" assertions="4" time="0.175351"/>
      <testcase name="test_theme_uris_with_spaces" class="Tests_Theme_WPTheme" file="C:\svn\wordpress-develop\tests\phpunit\tests\theme\WPTheme.php" line="116" assertions="2" time="0.187404"/>
      <testcase name="test_display_method_on_get_method_failure" class="Tests_Theme_WPTheme" file="C:\svn\wordpress-develop\tests\phpunit\tests\theme\WPTheme.php" line="135" assertions="4" time="0.195986"/>
    </testsuite>
    <testsuite name="Tests_Theme_Support" file="C:\svn\wordpress-develop\tests\phpunit\tests\theme\support.php" tests="10" assertions="57" failures="0" errors="0" time="0.472401">
      <testcase name="test_the_basics" class="Tests_Theme_Support" file="C:\svn\wordpress-develop\tests\phpunit\tests\theme\support.php" line="8" assertions="3" time="0.045127"/>
      <testcase name="test_admin_bar" class="Tests_Theme_Support" file="C:\svn\wordpress-develop\tests\phpunit\tests\theme\support.php" line="17" assertions="7" time="0.056581"/>
      <testcase name="test_post_thumbnails" class="Tests_Theme_Support" file="C:\svn\wordpress-develop\tests\phpunit\tests\theme\support.php" line="37" assertions="3" time="0.045224"/>
      <testcase name="test_post_thumbnails_flat_array_of_post_types" class="Tests_Theme_Support" file="C:\svn\wordpress-develop\tests\phpunit\tests\theme\support.php" line="46" assertions="4" time="0.044780"/>
      <testcase name="test_post_thumbnails_types_true" class="Tests_Theme_Support" file="C:\svn\wordpress-develop\tests\phpunit\tests\theme\support.php" line="55" assertions="3" time="0.044910"/>
      <testcase name="test_supports_html5" class="Tests_Theme_Support" file="C:\svn\wordpress-develop\tests\phpunit\tests\theme\support.php" line="67" assertions="8" time="0.045895"/>
      <testcase name="test_supports_html5_subset" class="Tests_Theme_Support" file="C:\svn\wordpress-develop\tests\phpunit\tests\theme\support.php" line="84" assertions="15" time="0.046721"/>
      <testcase name="test_supports_html5_invalid" class="Tests_Theme_Support" file="C:\svn\wordpress-develop\tests\phpunit\tests\theme\support.php" line="115" assertions="3" time="0.044397"/>
      <testcase name="test_plugin_hook" class="Tests_Theme_Support" file="C:\svn\wordpress-develop\tests\phpunit\tests\theme\support.php" line="128" assertions="5" time="0.054140"/>
      <testcase name="test_supports_menus" class="Tests_Theme_Support" file="C:\svn\wordpress-develop\tests\phpunit\tests\theme\support.php" line="146" assertions="6" time="0.044626"/>
    </testsuite>
    <testsuite name="Tests_Theme_ThemeDir" file="C:\svn\wordpress-develop\tests\phpunit\tests\theme\themeDir.php" tests="10" assertions="85" failures="0" errors="0" time="2.821733">
      <testcase name="test_theme_default" class="Tests_Theme_ThemeDir" file="C:\svn\wordpress-develop\tests\phpunit\tests\theme\themeDir.php" line="46" assertions="16" time="0.253378"/>
      <testcase name="test_theme_sandbox" class="Tests_Theme_ThemeDir" file="C:\svn\wordpress-develop\tests\phpunit\tests\theme\themeDir.php" line="77" assertions="15" time="0.250514"/>
      <testcase name="test_theme_stylesheet_only" class="Tests_Theme_ThemeDir" file="C:\svn\wordpress-develop\tests\phpunit\tests\theme\themeDir.php" line="113" assertions="15" time="0.241641"/>
      <testcase name="test_theme_list" class="Tests_Theme_ThemeDir" file="C:\svn\wordpress-develop\tests\phpunit\tests\theme\themeDir.php" line="143" assertions="1" time="0.264001"/>
      <testcase name="test_broken_themes" class="Tests_Theme_ThemeDir" file="C:\svn\wordpress-develop\tests\phpunit\tests\theme\themeDir.php" line="174" assertions="1" time="0.219865"/>
      <testcase name="test_wp_get_theme_with_non_default_theme_root" class="Tests_Theme_ThemeDir" file="C:\svn\wordpress-develop\tests\phpunit\tests\theme\themeDir.php" line="181" assertions="2" time="0.197214"/>
      <testcase name="test_page_templates" class="Tests_Theme_ThemeDir" file="C:\svn\wordpress-develop\tests\phpunit\tests\theme\themeDir.php" line="189" assertions="2" time="0.220941"/>
      <testcase name="test_get_theme_data_top_level" class="Tests_Theme_ThemeDir" file="C:\svn\wordpress-develop\tests\phpunit\tests\theme\themeDir.php" line="202" assertions="11" time="0.660847"/>
      <testcase name="test_get_theme_data_subdir" class="Tests_Theme_ThemeDir" file="C:\svn\wordpress-develop\tests\phpunit\tests\theme\themeDir.php" line="221" assertions="11" time="0.262937"/>
      <testcase name="test_theme_dir_slashes" class="Tests_Theme_ThemeDir" file="C:\svn\wordpress-develop\tests\phpunit\tests\theme\themeDir.php" line="240" assertions="11" time="0.250395"/>
    </testsuite>
    <testsuite name="Tests_Upload" file="C:\svn\wordpress-develop\tests\phpunit\tests\upload.php" tests="6" assertions="24" failures="0" errors="0" time="0.601606">
      <testcase name="test_upload_dir_default" class="Tests_Upload" file="C:\svn\wordpress-develop\tests\phpunit\tests\upload.php" line="30" assertions="4" time="0.063371"/>
      <testcase name="test_upload_dir_relative" class="Tests_Upload" file="C:\svn\wordpress-develop\tests\phpunit\tests\upload.php" line="39" assertions="4" time="0.131895"/>
      <testcase name="test_upload_dir_absolute" class="Tests_Upload" file="C:\svn\wordpress-develop\tests\phpunit\tests\upload.php" line="52" assertions="4" time="0.117989"/>
      <testcase name="test_upload_dir_no_yearnum" class="Tests_Upload" file="C:\svn\wordpress-develop\tests\phpunit\tests\upload.php" line="65" assertions="4" time="0.098342"/>
      <testcase name="test_upload_path_absolute" class="Tests_Upload" file="C:\svn\wordpress-develop\tests\phpunit\tests\upload.php" line="74" assertions="4" time="0.119307"/>
      <testcase name="test_upload_dir_empty" class="Tests_Upload" file="C:\svn\wordpress-develop\tests\phpunit\tests\upload.php" line="83" assertions="4" time="0.070702"/>
    </testsuite>
    <testsuite name="Tests_URL" file="C:\svn\wordpress-develop\tests\phpunit\tests\url.php" tests="11" assertions="165" failures="0" errors="0" time="2.823329">
      <testcase name="test_is_ssl_positive" class="Tests_URL" file="C:\svn\wordpress-develop\tests\phpunit\tests\url.php" line="20" assertions="4" time="0.054087"/>
      <testcase name="test_is_ssl_negative" class="Tests_URL" file="C:\svn\wordpress-develop\tests\phpunit\tests\url.php" line="35" assertions="3" time="0.044461"/>
      <testcase name="test_admin_url_valid" class="Tests_URL" file="C:\svn\wordpress-develop\tests\phpunit\tests\url.php" line="46" assertions="14" time="0.068924"/>
      <testcase name="test_admin_url_invalid" class="Tests_URL" file="C:\svn\wordpress-develop\tests\phpunit\tests\url.php" line="70" assertions="8" time="0.058227"/>
      <testcase name="test_home_url_valid" class="Tests_URL" file="C:\svn\wordpress-develop\tests\phpunit\tests\url.php" line="91" assertions="14" time="0.068220"/>
      <testcase name="test_home_url_invalid" class="Tests_URL" file="C:\svn\wordpress-develop\tests\phpunit\tests\url.php" line="115" assertions="8" time="0.067694"/>
      <testcase name="test_home_url_from_admin" class="Tests_URL" file="C:\svn\wordpress-develop\tests\phpunit\tests\url.php" line="136" assertions="9" time="0.251567"/>
      <testcase name="test_network_home_url_from_admin" class="Tests_URL" file="C:\svn\wordpress-develop\tests\phpunit\tests\url.php" line="185" assertions="5" time="0.061353"/>
      <testcase name="test_set_url_scheme" class="Tests_URL" file="C:\svn\wordpress-develop\tests\phpunit\tests\url.php" line="210" assertions="68" time="0.306853"/>
      <testcase name="test_get_adjacent_post" class="Tests_URL" file="C:\svn\wordpress-develop\tests\phpunit\tests\url.php" line="282" assertions="6" time="1.723044"/>
      <testcase name="test_url_functions_for_dots_in_paths" class="Tests_URL" file="C:\svn\wordpress-develop\tests\phpunit\tests\url.php" line="319" assertions="26" time="0.118899"/>
    </testsuite>
    <testsuite name="Tests_User" file="C:\svn\wordpress-develop\tests\phpunit\tests\user.php" tests="27" assertions="163" failures="0" errors="0" time="11.399391">
      <testcase name="test_get_users_of_blog" class="Tests_User" file="C:\svn\wordpress-develop\tests\phpunit\tests\user.php" line="9" assertions="1" time="1.050823"/>
      <testcase name="test_user_option" class="Tests_User" file="C:\svn\wordpress-develop\tests\phpunit\tests\user.php" line="33" assertions="3" time="0.309392"/>
      <testcase name="test_usermeta" class="Tests_User" file="C:\svn\wordpress-develop\tests\phpunit\tests\user.php" line="54" assertions="6" time="0.340161"/>
      <testcase name="test_usermeta_array" class="Tests_User" file="C:\svn\wordpress-develop\tests\phpunit\tests\user.php" line="89" assertions="7" time="0.316504"/>
      <testcase name="test_user_properties" class="Tests_User" file="C:\svn\wordpress-develop\tests\phpunit\tests\user.php" line="128" assertions="21" time="0.447821"/>
      <testcase name="test_user_meta_properties" class="Tests_User" file="C:\svn\wordpress-develop\tests\phpunit\tests\user.php" line="149" assertions="2" time="0.343458"/>
      <testcase name="test_id_property_back_compat" class="Tests_User" file="C:\svn\wordpress-develop\tests\phpunit\tests\user.php" line="165" assertions="3" time="0.349720"/>
      <testcase name="test_user_level_property_back_compat" class="Tests_User" file="C:\svn\wordpress-develop\tests\phpunit\tests\user.php" line="178" assertions="10" time="1.071607"/>
      <testcase name="test_construction" class="Tests_User" file="C:\svn\wordpress-develop\tests\phpunit\tests\user.php" line="196" assertions="21" time="0.306840"/>
      <testcase name="test_get" class="Tests_User" file="C:\svn\wordpress-develop\tests\phpunit\tests\user.php" line="237" assertions="5" time="0.295509"/>
      <testcase name="test_has_prop" class="Tests_User" file="C:\svn\wordpress-develop\tests\phpunit\tests\user.php" line="255" assertions="4" time="0.308690"/>
      <testcase name="test_update_user" class="Tests_User" file="C:\svn\wordpress-develop\tests\phpunit\tests\user.php" line="272" assertions="15" time="0.586044"/>
      <testcase name="test_get_blogs_of_user" class="Tests_User" file="C:\svn\wordpress-develop\tests\phpunit\tests\user.php" line="325" assertions="4" time="0.329028"/>
      <testcase name="test_is_user_member_of_blog" class="Tests_User" file="C:\svn\wordpress-develop\tests\phpunit\tests\user.php" line="349" assertions="7" time="0.342760"/>
      <testcase name="test_global_userdata" class="Tests_User" file="C:\svn\wordpress-develop\tests\phpunit\tests\user.php" line="374" assertions="4" time="0.301167"/>
      <testcase name="test_global_userdata_is_null_when_logged_out" class="Tests_User" file="C:\svn\wordpress-develop\tests\phpunit\tests\user.php" line="391" assertions="1" time="0.053927"/>
      <testcase name="test_exists" class="Tests_User" file="C:\svn\wordpress-develop\tests\phpunit\tests\user.php" line="397" assertions="3" time="0.289957"/>
      <testcase name="test_global_authordata" class="Tests_User" file="C:\svn\wordpress-develop\tests\phpunit\tests\user.php" line="412" assertions="4" time="0.331823"/>
      <testcase name="test_delete_user" class="Tests_User" file="C:\svn\wordpress-develop\tests\phpunit\tests\user.php" line="442" assertions="13" time="0.774306"/>
      <testcase name="test_get_userdata" class="Tests_User" file="C:\svn\wordpress-develop\tests\phpunit\tests\user.php" line="499" assertions="4" time="0.059643"/>
      <testcase name="test_user_get_data_by_id" class="Tests_User" file="C:\svn\wordpress-develop\tests\phpunit\tests\user.php" line="506" assertions="9" time="0.287566"/>
      <testcase name="test_wp_delete_user_reassignment_clears_post_caches" class="Tests_User" file="C:\svn\wordpress-develop\tests\phpunit\tests\user.php" line="539" assertions="1" time="0.983724"/>
      <testcase name="test_count_many_users_posts" class="Tests_User" file="C:\svn\wordpress-develop\tests\phpunit\tests\user.php" line="555" assertions="8" time="0.685508"/>
      <testcase name="test_wp_update_user_on_nonexistent_users" class="Tests_User" file="C:\svn\wordpress-develop\tests\phpunit\tests\user.php" line="584" assertions="1" time="0.053234"/>
      <testcase name="test_user_meta_error" class="Tests_User" file="C:\svn\wordpress-develop\tests\phpunit\tests\user.php" line="597" assertions="2" time="0.503448"/>
      <testcase name="test_wp_insert_user_should_sanitize_user_nicename_parameter" class="Tests_User" file="C:\svn\wordpress-develop\tests\phpunit\tests\user.php" line="624" assertions="1" time="0.309365"/>
      <testcase name="test_changing_email_invalidates_password_reset_key" class="Tests_User" file="C:\svn\wordpress-develop\tests\phpunit\tests\user.php" line="636" assertions="3" time="0.367366"/>
    </testsuite>
    <testsuite name="Tests_User_Author" file="C:\svn\wordpress-develop\tests\phpunit\tests\user\author.php" tests="4" assertions="19" failures="0" errors="0" time="1.426483">
      <testcase name="test_get_the_author" class="Tests_User_Author" file="C:\svn\wordpress-develop\tests\phpunit\tests\user\author.php" line="43" assertions="2" time="0.347556"/>
      <testcase name="test_get_the_author_meta" class="Tests_User_Author" file="C:\svn\wordpress-develop\tests\phpunit\tests\user\author.php" line="51" assertions="12" time="0.383092"/>
      <testcase name="test_get_the_author_meta_no_authordata" class="Tests_User_Author" file="C:\svn\wordpress-develop\tests\phpunit\tests\user\author.php" line="72" assertions="3" time="0.343245"/>
      <testcase name="test_get_the_author_posts" class="Tests_User_Author" file="C:\svn\wordpress-develop\tests\phpunit\tests\user\author.php" line="79" assertions="2" time="0.352590"/>
    </testsuite>
    <testsuite name="Tests_User_Capabilities" file="C:\svn\wordpress-develop\tests\phpunit\tests\user\capabilities.php" tests="24" assertions="230" failures="0" errors="0" time="11.557992">
      <testcase name="test_user_administrator" class="Tests_User_Capabilities" file="C:\svn\wordpress-develop\tests\phpunit\tests\user\capabilities.php" line="43" assertions="6" time="0.308758"/>
      <testcase name="test_user_editor" class="Tests_User_Capabilities" file="C:\svn\wordpress-develop\tests\phpunit\tests\user\capabilities.php" line="58" assertions="9" time="0.288024"/>
      <testcase name="test_user_author" class="Tests_User_Capabilities" file="C:\svn\wordpress-develop\tests\phpunit\tests\user\capabilities.php" line="78" assertions="9" time="0.294771"/>
      <testcase name="test_user_contributor" class="Tests_User_Capabilities" file="C:\svn\wordpress-develop\tests\phpunit\tests\user\capabilities.php" line="98" assertions="9" time="0.289311"/>
      <testcase name="test_user_subscriber" class="Tests_User_Capabilities" file="C:\svn\wordpress-develop\tests\phpunit\tests\user\capabilities.php" line="118" assertions="7" time="0.293583"/>
      <testcase name="test_bogus_role" class="Tests_User_Capabilities" file="C:\svn\wordpress-develop\tests\phpunit\tests\user\capabilities.php" line="137" assertions="3" time="0.306096"/>
      <testcase name="test_user_subscriber_contributor" class="Tests_User_Capabilities" file="C:\svn\wordpress-develop\tests\phpunit\tests\user\capabilities.php" line="150" assertions="10" time="0.329146"/>
      <testcase name="test_add_empty_role" class="Tests_User_Capabilities" file="C:\svn\wordpress-develop\tests\phpunit\tests\user\capabilities.php" line="176" assertions="8" time="0.318500"/>
      <testcase name="test_add_role" class="Tests_User_Capabilities" file="C:\svn\wordpress-develop\tests\phpunit\tests\user\capabilities.php" line="205" assertions="14" time="0.297767"/>
      <testcase name="test_role_add_cap" class="Tests_User_Capabilities" file="C:\svn\wordpress-develop\tests\phpunit\tests\user\capabilities.php" line="241" assertions="11" time="0.294965"/>
      <testcase name="test_role_remove_cap" class="Tests_User_Capabilities" file="C:\svn\wordpress-develop\tests\phpunit\tests\user\capabilities.php" line="279" assertions="8" time="0.320618"/>
      <testcase name="test_user_add_cap" class="Tests_User_Capabilities" file="C:\svn\wordpress-develop\tests\phpunit\tests\user\capabilities.php" line="314" assertions="14" time="0.493648"/>
      <testcase name="test_user_remove_cap" class="Tests_User_Capabilities" file="C:\svn\wordpress-develop\tests\phpunit\tests\user\capabilities.php" line="351" assertions="7" time="0.509891"/>
      <testcase name="test_user_level_update" class="Tests_User_Capabilities" file="C:\svn\wordpress-develop\tests\phpunit\tests\user\capabilities.php" line="382" assertions="6" time="0.380375"/>
      <testcase name="test_user_remove_all_caps" class="Tests_User_Capabilities" file="C:\svn\wordpress-develop\tests\phpunit\tests\user\capabilities.php" line="407" assertions="8" time="0.331699"/>
      <testcase name="test_post_meta_caps" class="Tests_User_Capabilities" file="C:\svn\wordpress-develop\tests\phpunit\tests\user\capabilities.php" line="447" assertions="35" time="1.171792"/>
      <testsuite name="Tests_User_Capabilities::test_authorless_post" tests="3" assertions="18" failures="0" errors="0" time="2.245094">
        <testcase name="test_authorless_post with data set #0" assertions="6" time="1.072559"/>
        <testcase name="test_authorless_post with data set #1" assertions="6" time="0.623134"/>
        <testcase name="test_authorless_post with data set #2" assertions="6" time="0.549401"/>
      </testsuite>
      <testcase name="test_create_posts_caps" class="Tests_User_Capabilities" file="C:\svn\wordpress-develop\tests\phpunit\tests\user\capabilities.php" line="557" assertions="29" time="1.109134"/>
      <testcase name="test_page_meta_caps" class="Tests_User_Capabilities" file="C:\svn\wordpress-develop\tests\phpunit\tests\user\capabilities.php" line="619" assertions="11" time="1.116380"/>
      <testcase name="test_negative_caps" class="Tests_User_Capabilities" file="C:\svn\wordpress-develop\tests\phpunit\tests\user\capabilities.php" line="657" assertions="2" time="0.281407"/>
      <testcase name="test_set_role_same_role" class="Tests_User_Capabilities" file="C:\svn\wordpress-develop\tests\phpunit\tests\user\capabilities.php" line="668" assertions="3" time="0.286617"/>
      <testcase name="test_current_user_can_for_blog" class="Tests_User_Capabilities" file="C:\svn\wordpress-develop\tests\phpunit\tests\user\capabilities.php" line="677" assertions="3" time="0.290415"/>
    </testsuite>
    <testsuite name="Tests_User_CountUserPosts" file="C:\svn\wordpress-develop\tests\phpunit\tests\user\countUserPosts.php" tests="3" assertions="3" failures="0" errors="0" time="0.172513">
      <testcase name="test_count_user_posts_post_type_should_default_to_post" class="Tests_User_CountUserPosts" file="C:\svn\wordpress-develop\tests\phpunit\tests\user\countUserPosts.php" line="64" assertions="1" time="0.061833"/>
      <testcase name="test_count_user_posts_post_type_post" class="Tests_User_CountUserPosts" file="C:\svn\wordpress-develop\tests\phpunit\tests\user\countUserPosts.php" line="71" assertions="1" time="0.050356"/>
      <testcase name="test_count_user_posts_post_type_cpt" class="Tests_User_CountUserPosts" file="C:\svn\wordpress-develop\tests\phpunit\tests\user\countUserPosts.php" line="78" assertions="1" time="0.060324"/>
    </testsuite>
    <testsuite name="Tests_User_DateQuery" file="C:\svn\wordpress-develop\tests\phpunit\tests\user\dateQuery.php" tests="2" assertions="4" failures="0" errors="0" time="1.128400">
      <testcase name="test_user_registered" class="Tests_User_DateQuery" file="C:\svn\wordpress-develop\tests\phpunit\tests\user\dateQuery.php" line="11" assertions="2" time="0.469133"/>
      <testcase name="test_user_registered_relation_or" class="Tests_User_DateQuery" file="C:\svn\wordpress-develop\tests\phpunit\tests\user\dateQuery.php" line="33" assertions="2" time="0.659267"/>
    </testsuite>
    <testsuite name="Tests_User_ListAuthors" file="C:\svn\wordpress-develop\tests\phpunit\tests\user\listAuthors.php" tests="13" assertions="13" failures="0" errors="0" time="15.150175">
      <testcase name="test_wp_list_authors_default" class="Tests_User_ListAuthors" file="C:\svn\wordpress-develop\tests\phpunit\tests\user\listAuthors.php" line="40" assertions="1" time="1.057864"/>
      <testcase name="test_wp_list_authors_orderby" class="Tests_User_ListAuthors" file="C:\svn\wordpress-develop\tests\phpunit\tests\user\listAuthors.php" line="45" assertions="1" time="1.064440"/>
      <testcase name="test_wp_list_authors_order" class="Tests_User_ListAuthors" file="C:\svn\wordpress-develop\tests\phpunit\tests\user\listAuthors.php" line="50" assertions="1" time="1.061036"/>
      <testcase name="test_wp_list_authors_optioncount" class="Tests_User_ListAuthors" file="C:\svn\wordpress-develop\tests\phpunit\tests\user\listAuthors.php" line="55" assertions="1" time="2.040455"/>
      <testcase name="test_wp_list_authors_exclude_admin" class="Tests_User_ListAuthors" file="C:\svn\wordpress-develop\tests\phpunit\tests\user\listAuthors.php" line="60" assertions="1" time="1.116227"/>
      <testcase name="test_wp_list_authors_show_fullname" class="Tests_User_ListAuthors" file="C:\svn\wordpress-develop\tests\phpunit\tests\user\listAuthors.php" line="66" assertions="1" time="1.038856"/>
      <testcase name="test_wp_list_authors_hide_empty" class="Tests_User_ListAuthors" file="C:\svn\wordpress-develop\tests\phpunit\tests\user\listAuthors.php" line="71" assertions="1" time="1.399503"/>
      <testcase name="test_wp_list_authors_echo" class="Tests_User_ListAuthors" file="C:\svn\wordpress-develop\tests\phpunit\tests\user\listAuthors.php" line="77" assertions="1" time="1.021811"/>
      <testcase name="test_wp_list_authors_feed" class="Tests_User_ListAuthors" file="C:\svn\wordpress-develop\tests\phpunit\tests\user\listAuthors.php" line="85" assertions="1" time="1.048498"/>
      <testcase name="test_wp_list_authors_feed_image" class="Tests_User_ListAuthors" file="C:\svn\wordpress-develop\tests\phpunit\tests\user\listAuthors.php" line="93" assertions="1" time="1.055693"/>
      <testcase name="test_wp_list_authors_feed_type" class="Tests_User_ListAuthors" file="C:\svn\wordpress-develop\tests\phpunit\tests\user\listAuthors.php" line="104" assertions="1" time="1.115028"/>
      <testcase name="test_wp_list_authors_style" class="Tests_User_ListAuthors" file="C:\svn\wordpress-develop\tests\phpunit\tests\user\listAuthors.php" line="112" assertions="1" time="1.047625"/>
      <testcase name="test_wp_list_authors_html" class="Tests_User_ListAuthors" file="C:\svn\wordpress-develop\tests\phpunit\tests\user\listAuthors.php" line="117" assertions="1" time="1.083139"/>
    </testsuite>
    <testsuite name="Tests_User_MapMetaCap" file="C:\svn\wordpress-develop\tests\phpunit\tests\user\mapMetaCap.php" tests="9" assertions="46" failures="0" errors="0" time="5.047361">
      <testcase name="test_capability_type_post_with_no_extra_caps" class="Tests_User_MapMetaCap" file="C:\svn\wordpress-develop\tests\phpunit\tests\user\mapMetaCap.php" line="41" assertions="7" time="0.574231"/>
      <testcase name="test_custom_capability_type_with_map_meta_cap" class="Tests_User_MapMetaCap" file="C:\svn\wordpress-develop\tests\phpunit\tests\user\mapMetaCap.php" line="66" assertions="6" time="0.527804"/>
      <testcase name="test_capability_type_post_with_one_renamed_cap" class="Tests_User_MapMetaCap" file="C:\svn\wordpress-develop\tests\phpunit\tests\user\mapMetaCap.php" line="90" assertions="7" time="0.538120"/>
      <testcase name="test_capability_type_post_map_meta_cap_true_with_renamed_cap" class="Tests_User_MapMetaCap" file="C:\svn\wordpress-develop\tests\phpunit\tests\user\mapMetaCap.php" line="116" assertions="7" time="0.533615"/>
      <testcase name="test_capability_type_post_with_all_meta_caps_renamed" class="Tests_User_MapMetaCap" file="C:\svn\wordpress-develop\tests\phpunit\tests\user\mapMetaCap.php" line="146" assertions="7" time="0.537700"/>
      <testcase name="test_capability_type_post_with_all_meta_caps_renamed_mapped" class="Tests_User_MapMetaCap" file="C:\svn\wordpress-develop\tests\phpunit\tests\user\mapMetaCap.php" line="176" assertions="7" time="0.539143"/>
      <testcase name="test_unfiltered_html_cap" class="Tests_User_MapMetaCap" file="C:\svn\wordpress-develop\tests\phpunit\tests\user\mapMetaCap.php" line="207" assertions="1" time="0.516025"/>
      <testcase name="test_file_edit_caps_not_reliant_on_unfiltered_html_constant" class="Tests_User_MapMetaCap" file="C:\svn\wordpress-develop\tests\phpunit\tests\user\mapMetaCap.php" line="221" assertions="2" time="0.509871"/>
      <testcase name="test_authorless_posts_capabilties" class="Tests_User_MapMetaCap" file="C:\svn\wordpress-develop\tests\phpunit\tests\user\mapMetaCap.php" line="241" assertions="2" time="0.770852"/>
    </testsuite>
    <testsuite name="Tests_User_Query" file="C:\svn\wordpress-develop\tests\phpunit\tests\user\query.php" tests="13" assertions="51" failures="0" errors="0" time="9.302146">
      <testcase name="test_get_and_set" class="Tests_User_Query" file="C:\svn\wordpress-develop\tests\phpunit\tests\user\query.php" line="15" assertions="7" time="0.051508"/>
      <testcase name="test_include_single" class="Tests_User_Query" file="C:\svn\wordpress-develop\tests\phpunit\tests\user\query.php" line="33" assertions="1" time="0.485296"/>
      <testcase name="test_include_comma_separated" class="Tests_User_Query" file="C:\svn\wordpress-develop\tests\phpunit\tests\user\query.php" line="44" assertions="2" time="0.661750"/>
      <testcase name="test_include_array" class="Tests_User_Query" file="C:\svn\wordpress-develop\tests\phpunit\tests\user\query.php" line="55" assertions="2" time="0.663374"/>
      <testcase name="test_include_array_bad_values" class="Tests_User_Query" file="C:\svn\wordpress-develop\tests\phpunit\tests\user\query.php" line="66" assertions="2" time="0.680295"/>
      <testcase name="test_exclude" class="Tests_User_Query" file="C:\svn\wordpress-develop\tests\phpunit\tests\user\query.php" line="77" assertions="2" time="0.653368"/>
      <testcase name="test_get_all" class="Tests_User_Query" file="C:\svn\wordpress-develop\tests\phpunit\tests\user\query.php" line="94" assertions="10" time="0.684527"/>
      <testcase name="test_orderby_meta_value" class="Tests_User_Query" file="C:\svn\wordpress-develop\tests\phpunit\tests\user\query.php" line="116" assertions="1" time="0.717027"/>
      <testcase name="test_orderby_include_with_empty_include" class="Tests_User_Query" file="C:\svn\wordpress-develop\tests\phpunit\tests\user\query.php" line="140" assertions="1" time="0.067734"/>
      <testcase name="test_orderby_include" class="Tests_User_Query" file="C:\svn\wordpress-develop\tests\phpunit\tests\user\query.php" line="151" assertions="2" time="1.854591"/>
      <testcase name="test_orderby_include_duplicate_values" class="Tests_User_Query" file="C:\svn\wordpress-develop\tests\phpunit\tests\user\query.php" line="171" assertions="2" time="1.814570"/>
      <testcase name="test_prepare_query" class="Tests_User_Query" file="C:\svn\wordpress-develop\tests\phpunit\tests\user\query.php" line="191" assertions="18" time="0.092311"/>
      <testcase name="test_meta_query_with_role" class="Tests_User_Query" file="C:\svn\wordpress-develop\tests\phpunit\tests\user\query.php" line="228" assertions="1" time="0.875795"/>
    </testsuite>
    <testsuite name="Tests_User_Session" file="C:\svn\wordpress-develop\tests\phpunit\tests\user\session.php" tests="3" assertions="19" failures="0" errors="0" time="1.046381">
      <testcase name="test_verify_and_destroy_token" class="Tests_User_Session" file="C:\svn\wordpress-develop\tests\phpunit\tests\user\session.php" line="19" assertions="5" time="0.319772"/>
      <testcase name="test_destroy_other_tokens" class="Tests_User_Session" file="C:\svn\wordpress-develop\tests\phpunit\tests\user\session.php" line="28" assertions="8" time="0.374441"/>
      <testcase name="test_destroy_all_tokens" class="Tests_User_Session" file="C:\svn\wordpress-develop\tests\phpunit\tests\user\session.php" line="42" assertions="6" time="0.352168"/>
    </testsuite>
    <testsuite name="Tests_User_Slashes" file="C:\svn\wordpress-develop\tests\phpunit\tests\user\slashes.php" tests="4" assertions="40" failures="0" errors="0" time="2.813374">
      <testcase name="test_add_user" class="Tests_User_Slashes" file="C:\svn\wordpress-develop\tests\phpunit\tests\user\slashes.php" line="35" assertions="10" time="0.816808"/>
      <testcase name="test_edit_user" class="Tests_User_Slashes" file="C:\svn\wordpress-develop\tests\phpunit\tests\user\slashes.php" line="85" assertions="10" time="0.651614"/>
      <testcase name="test_wp_insert_user" class="Tests_User_Slashes" file="C:\svn\wordpress-develop\tests\phpunit\tests\user\slashes.php" line="131" assertions="10" time="0.717386"/>
      <testcase name="test_wp_update_user" class="Tests_User_Slashes" file="C:\svn\wordpress-develop\tests\phpunit\tests\user\slashes.php" line="175" assertions="10" time="0.627566"/>
    </testsuite>
    <testsuite name="Tests_Walker" file="C:\svn\wordpress-develop\tests\phpunit\tests\walker.php" tests="13" assertions="26" failures="0" errors="0" time="0.672279">
      <testcase name="test_single_item" class="Tests_Walker" file="C:\svn\wordpress-develop\tests\phpunit\tests\walker.php" line="19" assertions="2" time="0.054281"/>
      <testcase name="test_single_item_flat" class="Tests_Walker" file="C:\svn\wordpress-develop\tests\phpunit\tests\walker.php" line="29" assertions="2" time="0.058220"/>
      <testcase name="test_single_item_depth_1" class="Tests_Walker" file="C:\svn\wordpress-develop\tests\phpunit\tests\walker.php" line="39" assertions="2" time="0.056163"/>
      <testcase name="test_multiple_items_single_level" class="Tests_Walker" file="C:\svn\wordpress-develop\tests\phpunit\tests\walker.php" line="49" assertions="2" time="0.047486"/>
      <testcase name="test_multiple_items_multiple_levels" class="Tests_Walker" file="C:\svn\wordpress-develop\tests\phpunit\tests\walker.php" line="60" assertions="2" time="0.047323"/>
      <testcase name="test_multiple_items_multiple_levels_flat" class="Tests_Walker" file="C:\svn\wordpress-develop\tests\phpunit\tests\walker.php" line="71" assertions="2" time="0.047228"/>
      <testcase name="test_multiple_items_multiple_levels_depth_1" class="Tests_Walker" file="C:\svn\wordpress-develop\tests\phpunit\tests\walker.php" line="82" assertions="2" time="0.046867"/>
      <testcase name="test_multiple_items_multiple_levels_depth_2" class="Tests_Walker" file="C:\svn\wordpress-develop\tests\phpunit\tests\walker.php" line="93" assertions="2" time="0.047131"/>
      <testcase name="test_multiple_items_recursive" class="Tests_Walker" file="C:\svn\wordpress-develop\tests\phpunit\tests\walker.php" line="104" assertions="2" time="0.069612"/>
      <testcase name="test_single_item_child" class="Tests_Walker" file="C:\svn\wordpress-develop\tests\phpunit\tests\walker.php" line="115" assertions="2" time="0.057075"/>
      <testcase name="test_single_item_missing_parent_depth_1" class="Tests_Walker" file="C:\svn\wordpress-develop\tests\phpunit\tests\walker.php" line="126" assertions="2" time="0.046543"/>
      <testcase name="test_multiple_items_missing_parents" class="Tests_Walker" file="C:\svn\wordpress-develop\tests\phpunit\tests\walker.php" line="144" assertions="2" time="0.047363"/>
      <testcase name="test_multiple_items_missing_parents_depth_1" class="Tests_Walker" file="C:\svn\wordpress-develop\tests\phpunit\tests\walker.php" line="155" assertions="2" time="0.046988"/>
    </testsuite>
    <testsuite name="Tests_Widgets" file="C:\svn\wordpress-develop\tests\phpunit\tests\widgets.php" tests="6" assertions="6" failures="0" errors="0" time="0.279645">
      <testcase name="test_register_widget_core_widget" class="Tests_Widgets" file="C:\svn\wordpress-develop\tests\phpunit\tests\widgets.php" line="10" assertions="1" time="0.045442"/>
      <testcase name="test_unregister_widget_core_widget" class="Tests_Widgets" file="C:\svn\wordpress-develop\tests\phpunit\tests\widgets.php" line="21" assertions="1" time="0.044688"/>
      <testcase name="test_register_sidebars_single" class="Tests_Widgets" file="C:\svn\wordpress-develop\tests\phpunit\tests\widgets.php" line="31" assertions="1" time="0.053611"/>
      <testcase name="test_register_sidebars_multiple" class="Tests_Widgets" file="C:\svn\wordpress-develop\tests\phpunit\tests\widgets.php" line="41" assertions="1" time="0.047283"/>
      <testcase name="test_register_sidebar" class="Tests_Widgets" file="C:\svn\wordpress-develop\tests\phpunit\tests\widgets.php" line="59" assertions="1" time="0.044916"/>
      <testcase name="test_unregister_sidebar" class="Tests_Widgets" file="C:\svn\wordpress-develop\tests\phpunit\tests\widgets.php" line="69" assertions="1" time="0.043705"/>
    </testsuite>
    <testsuite name="Tests_XMLRPC_Basic" file="C:\svn\wordpress-develop\tests\phpunit\tests\xmlrpc\basic.php" tests="2" assertions="6" failures="0" errors="0" time="0.577009">
      <testcase name="test_enabled" class="Tests_XMLRPC_Basic" file="C:\svn\wordpress-develop\tests\phpunit\tests\xmlrpc\basic.php" line="11" assertions="2" time="0.060774"/>
      <testcase name="test_login_pass_ok" class="Tests_XMLRPC_Basic" file="C:\svn\wordpress-develop\tests\phpunit\tests\xmlrpc\basic.php" line="19" assertions="4" time="0.516235"/>
    </testsuite>
    <testsuite name="Tests_XMLRPC_Client" file="C:\svn\wordpress-develop\tests\phpunit\tests\xmlrpc\client.php" tests="2" assertions="6" failures="0" errors="0" time="0.147572">
      <testcase name="test_ixr_client_allows_query_strings" class="Tests_XMLRPC_Client" file="C:\svn\wordpress-develop\tests\phpunit\tests\xmlrpc\client.php" line="13" assertions="3" time="0.088687"/>
      <testcase name="test_wp_ixr_client_allows_query_strings" class="Tests_XMLRPC_Client" file="C:\svn\wordpress-develop\tests\phpunit\tests\xmlrpc\client.php" line="23" assertions="3" time="0.058885"/>
    </testsuite>
    <testsuite name="Tests_XMLRPC_mt_getRecentPostTitles" file="C:\svn\wordpress-develop\tests\phpunit\tests\xmlrpc\mt\getRecentPostTitles.php" tests="4" assertions="7" failures="0" errors="0" time="2.329744">
      <testcase name="test_invalid_username_password" class="Tests_XMLRPC_mt_getRecentPostTitles" file="C:\svn\wordpress-develop\tests\phpunit\tests\xmlrpc\mt\getRecentPostTitles.php" line="8" assertions="2" time="0.061630"/>
      <testcase name="test_no_posts" class="Tests_XMLRPC_mt_getRecentPostTitles" file="C:\svn\wordpress-develop\tests\phpunit\tests\xmlrpc\mt\getRecentPostTitles.php" line="14" assertions="2" time="0.433332"/>
      <testcase name="test_no_editable_posts" class="Tests_XMLRPC_mt_getRecentPostTitles" file="C:\svn\wordpress-develop\tests\phpunit\tests\xmlrpc\mt\getRecentPostTitles.php" line="22" assertions="2" time="1.052846"/>
      <testcase name="test_date" class="Tests_XMLRPC_mt_getRecentPostTitles" file="C:\svn\wordpress-develop\tests\phpunit\tests\xmlrpc\mt\getRecentPostTitles.php" line="32" assertions="1" time="0.781936"/>
    </testsuite>
    <testsuite name="Tests_XMLRPC_mw_editPost" file="C:\svn\wordpress-develop\tests\phpunit\tests\xmlrpc\mw\editPost.php" tests="9" assertions="41" failures="0" errors="0" time="7.004735">
      <testcase name="test_invalid_username_password" class="Tests_XMLRPC_mw_editPost" file="C:\svn\wordpress-develop\tests\phpunit\tests\xmlrpc\mw\editPost.php" line="8" assertions="2" time="0.061737"/>
      <testcase name="test_edit_own_post" class="Tests_XMLRPC_mw_editPost" file="C:\svn\wordpress-develop\tests\phpunit\tests\xmlrpc\mw\editPost.php" line="15" assertions="3" time="0.566976"/>
      <testcase name="test_capable_edit_others_post" class="Tests_XMLRPC_mw_editPost" file="C:\svn\wordpress-develop\tests\phpunit\tests\xmlrpc\mw\editPost.php" line="30" assertions="3" time="0.972334"/>
      <testcase name="test_incapable_edit_others_post" class="Tests_XMLRPC_mw_editPost" file="C:\svn\wordpress-develop\tests\phpunit\tests\xmlrpc\mw\editPost.php" line="47" assertions="3" time="0.658721"/>
      <testcase name="test_capable_reassign_author" class="Tests_XMLRPC_mw_editPost" file="C:\svn\wordpress-develop\tests\phpunit\tests\xmlrpc\mw\editPost.php" line="65" assertions="3" time="0.979813"/>
      <testcase name="test_incapable_reassign_author" class="Tests_XMLRPC_mw_editPost" file="C:\svn\wordpress-develop\tests\phpunit\tests\xmlrpc\mw\editPost.php" line="82" assertions="3" time="0.653594"/>
      <testcase name="test_post_thumbnail" class="Tests_XMLRPC_mw_editPost" file="C:\svn\wordpress-develop\tests\phpunit\tests\xmlrpc\mw\editPost.php" line="98" assertions="10" time="1.668961"/>
      <testcase name="test_edit_basic_post_info" class="Tests_XMLRPC_mw_editPost" file="C:\svn\wordpress-develop\tests\phpunit\tests\xmlrpc\mw\editPost.php" line="153" assertions="12" time="0.979529"/>
      <testcase name="test_change_post_type" class="Tests_XMLRPC_mw_editPost" file="C:\svn\wordpress-develop\tests\phpunit\tests\xmlrpc\mw\editPost.php" line="188" assertions="2" time="0.463070"/>
    </testsuite>
    <testsuite name="Tests_XMLRPC_mw_getPost" file="C:\svn\wordpress-develop\tests\phpunit\tests\xmlrpc\mw\getPost.php" tests="6" assertions="49" failures="0" errors="0" time="3.074396">
      <testcase name="test_invalid_username_password" class="Tests_XMLRPC_mw_getPost" file="C:\svn\wordpress-develop\tests\phpunit\tests\xmlrpc\mw\getPost.php" line="26" assertions="2" time="0.373169"/>
      <testcase name="test_incapable_user" class="Tests_XMLRPC_mw_getPost" file="C:\svn\wordpress-develop\tests\phpunit\tests\xmlrpc\mw\getPost.php" line="32" assertions="2" time="0.672764"/>
      <testcase name="test_invalid_postid" class="Tests_XMLRPC_mw_getPost" file="C:\svn\wordpress-develop\tests\phpunit\tests\xmlrpc\mw\getPost.php" line="43" assertions="2" time="0.464296"/>
      <testcase name="test_valid_post" class="Tests_XMLRPC_mw_getPost" file="C:\svn\wordpress-develop\tests\phpunit\tests\xmlrpc\mw\getPost.php" line="49" assertions="29" time="0.503619"/>
      <testcase name="test_post_thumbnail" class="Tests_XMLRPC_mw_getPost" file="C:\svn\wordpress-develop\tests\phpunit\tests\xmlrpc\mw\getPost.php" line="93" assertions="5" time="0.575238"/>
      <testcase name="test_date" class="Tests_XMLRPC_mw_getPost" file="C:\svn\wordpress-develop\tests\phpunit\tests\xmlrpc\mw\getPost.php" line="123" assertions="9" time="0.485310"/>
    </testsuite>
    <testsuite name="Tests_XMLRPC_mw_getRecentPosts" file="C:\svn\wordpress-develop\tests\phpunit\tests\xmlrpc\mw\getRecentPosts.php" tests="6" assertions="49" failures="0" errors="0" time="3.325626">
      <testcase name="test_invalid_username_password" class="Tests_XMLRPC_mw_getRecentPosts" file="C:\svn\wordpress-develop\tests\phpunit\tests\xmlrpc\mw\getRecentPosts.php" line="26" assertions="2" time="0.336918"/>
      <testcase name="test_no_editing_privileges" class="Tests_XMLRPC_mw_getRecentPosts" file="C:\svn\wordpress-develop\tests\phpunit\tests\xmlrpc\mw\getRecentPosts.php" line="35" assertions="2" time="0.642420"/>
      <testcase name="test_no_editable_posts" class="Tests_XMLRPC_mw_getRecentPosts" file="C:\svn\wordpress-develop\tests\phpunit\tests\xmlrpc\mw\getRecentPosts.php" line="43" assertions="2" time="0.575194"/>
      <testcase name="test_valid_post" class="Tests_XMLRPC_mw_getRecentPosts" file="C:\svn\wordpress-develop\tests\phpunit\tests\xmlrpc\mw\getRecentPosts.php" line="51" assertions="29" time="0.495350"/>
      <testcase name="test_post_thumbnail" class="Tests_XMLRPC_mw_getRecentPosts" file="C:\svn\wordpress-develop\tests\phpunit\tests\xmlrpc\mw\getRecentPosts.php" line="98" assertions="5" time="0.569035"/>
      <testcase name="test_date" class="Tests_XMLRPC_mw_getRecentPosts" file="C:\svn\wordpress-develop\tests\phpunit\tests\xmlrpc\mw\getRecentPosts.php" line="133" assertions="9" time="0.706709"/>
    </testsuite>
    <testsuite name="Tests_XMLRPC_mw_newPost" file="C:\svn\wordpress-develop\tests\phpunit\tests\xmlrpc\mw\newPost.php" tests="14" assertions="32" failures="0" errors="0" time="8.587769">
      <testcase name="test_invalid_username_password" class="Tests_XMLRPC_mw_newPost" file="C:\svn\wordpress-develop\tests\phpunit\tests\xmlrpc\mw\newPost.php" line="8" assertions="2" time="0.062012"/>
      <testcase name="test_incapable_user" class="Tests_XMLRPC_mw_newPost" file="C:\svn\wordpress-develop\tests\phpunit\tests\xmlrpc\mw\newPost.php" line="15" assertions="2" time="0.388234"/>
      <testcase name="test_no_content" class="Tests_XMLRPC_mw_newPost" file="C:\svn\wordpress-develop\tests\phpunit\tests\xmlrpc\mw\newPost.php" line="24" assertions="3" time="0.468574"/>
      <testcase name="test_basic_content" class="Tests_XMLRPC_mw_newPost" file="C:\svn\wordpress-develop\tests\phpunit\tests\xmlrpc\mw\newPost.php" line="34" assertions="2" time="0.554152"/>
      <testcase name="test_ignore_id" class="Tests_XMLRPC_mw_newPost" file="C:\svn\wordpress-develop\tests\phpunit\tests\xmlrpc\mw\newPost.php" line="43" assertions="2" time="0.538112"/>
      <testcase name="test_capable_publish" class="Tests_XMLRPC_mw_newPost" file="C:\svn\wordpress-develop\tests\phpunit\tests\xmlrpc\mw\newPost.php" line="52" assertions="1" time="0.742588"/>
      <testcase name="test_incapable_publish" class="Tests_XMLRPC_mw_newPost" file="C:\svn\wordpress-develop\tests\phpunit\tests\xmlrpc\mw\newPost.php" line="60" assertions="2" time="0.420007"/>
      <testcase name="test_capable_other_author" class="Tests_XMLRPC_mw_newPost" file="C:\svn\wordpress-develop\tests\phpunit\tests\xmlrpc\mw\newPost.php" line="69" assertions="1" time="1.235071"/>
      <testcase name="test_incapable_other_author" class="Tests_XMLRPC_mw_newPost" file="C:\svn\wordpress-develop\tests\phpunit\tests\xmlrpc\mw\newPost.php" line="78" assertions="2" time="0.926091"/>
      <testcase name="test_invalid_author" class="Tests_XMLRPC_mw_newPost" file="C:\svn\wordpress-develop\tests\phpunit\tests\xmlrpc\mw\newPost.php" line="91" assertions="2" time="0.418877"/>
      <testcase name="test_empty_author" class="Tests_XMLRPC_mw_newPost" file="C:\svn\wordpress-develop\tests\phpunit\tests\xmlrpc\mw\newPost.php" line="100" assertions="4" time="0.540677"/>
      <testcase name="test_post_thumbnail" class="Tests_XMLRPC_mw_newPost" file="C:\svn\wordpress-develop\tests\phpunit\tests\xmlrpc\mw\newPost.php" line="113" assertions="3" time="1.362515"/>
      <testcase name="test_incapable_set_post_type_as_page" class="Tests_XMLRPC_mw_newPost" file="C:\svn\wordpress-develop\tests\phpunit\tests\xmlrpc\mw\newPost.php" line="140" assertions="2" time="0.426099"/>
      <testcase name="test_capable_set_post_type_as_page" class="Tests_XMLRPC_mw_newPost" file="C:\svn\wordpress-develop\tests\phpunit\tests\xmlrpc\mw\newPost.php" line="149" assertions="4" time="0.504760"/>
    </testsuite>
    <testsuite name="Tests_XMLRPC_wp_deletePost" file="C:\svn\wordpress-develop\tests\phpunit\tests\xmlrpc\wp\deletePost.php" tests="4" assertions="9" failures="0" errors="0" time="1.515981">
      <testcase name="test_invalid_username_password" class="Tests_XMLRPC_wp_deletePost" file="C:\svn\wordpress-develop\tests\phpunit\tests\xmlrpc\wp\deletePost.php" line="8" assertions="2" time="0.062412"/>
      <testcase name="test_invalid_post" class="Tests_XMLRPC_wp_deletePost" file="C:\svn\wordpress-develop\tests\phpunit\tests\xmlrpc\wp\deletePost.php" line="14" assertions="2" time="0.397866"/>
      <testcase name="test_incapable_user" class="Tests_XMLRPC_wp_deletePost" file="C:\svn\wordpress-develop\tests\phpunit\tests\xmlrpc\wp\deletePost.php" line="22" assertions="2" time="0.481241"/>
      <testcase name="test_post_deleted" class="Tests_XMLRPC_wp_deletePost" file="C:\svn\wordpress-develop\tests\phpunit\tests\xmlrpc\wp\deletePost.php" line="31" assertions="3" time="0.574462"/>
    </testsuite>
    <testsuite name="Tests_XMLRPC_wp_deleteTerm" file="C:\svn\wordpress-develop\tests\phpunit\tests\xmlrpc\wp\deleteTerm.php" tests="7" assertions="26" failures="0" errors="0" time="3.126222">
      <testcase name="test_invalid_username_password" class="Tests_XMLRPC_wp_deleteTerm" file="C:\svn\wordpress-develop\tests\phpunit\tests\xmlrpc\wp\deleteTerm.php" line="16" assertions="3" time="0.130050"/>
      <testcase name="test_empty_taxonomy" class="Tests_XMLRPC_wp_deleteTerm" file="C:\svn\wordpress-develop\tests\phpunit\tests\xmlrpc\wp\deleteTerm.php" line="22" assertions="4" time="0.575345"/>
      <testcase name="test_invalid_taxonomy" class="Tests_XMLRPC_wp_deleteTerm" file="C:\svn\wordpress-develop\tests\phpunit\tests\xmlrpc\wp\deleteTerm.php" line="31" assertions="4" time="0.495820"/>
      <testcase name="test_incapable_user" class="Tests_XMLRPC_wp_deleteTerm" file="C:\svn\wordpress-develop\tests\phpunit\tests\xmlrpc\wp\deleteTerm.php" line="40" assertions="4" time="0.434136"/>
      <testcase name="test_empty_term" class="Tests_XMLRPC_wp_deleteTerm" file="C:\svn\wordpress-develop\tests\phpunit\tests\xmlrpc\wp\deleteTerm.php" line="49" assertions="4" time="0.529306"/>
      <testcase name="test_invalid_term" class="Tests_XMLRPC_wp_deleteTerm" file="C:\svn\wordpress-develop\tests\phpunit\tests\xmlrpc\wp\deleteTerm.php" line="58" assertions="4" time="0.473067"/>
      <testcase name="test_term_deleted" class="Tests_XMLRPC_wp_deleteTerm" file="C:\svn\wordpress-develop\tests\phpunit\tests\xmlrpc\wp\deleteTerm.php" line="67" assertions="3" time="0.488498"/>
    </testsuite>
    <testsuite name="Tests_XMLRPC_wp_editPost" file="C:\svn\wordpress-develop\tests\phpunit\tests\xmlrpc\wp\editPost.php" tests="16" assertions="66" failures="0" errors="0" time="11.627477">
      <testcase name="test_invalid_username_password" class="Tests_XMLRPC_wp_editPost" file="C:\svn\wordpress-develop\tests\phpunit\tests\xmlrpc\wp\editPost.php" line="8" assertions="2" time="0.061501"/>
      <testcase name="test_edit_own_post" class="Tests_XMLRPC_wp_editPost" file="C:\svn\wordpress-develop\tests\phpunit\tests\xmlrpc\wp\editPost.php" line="14" assertions="3" time="0.615661"/>
      <testcase name="test_capable_edit_others_post" class="Tests_XMLRPC_wp_editPost" file="C:\svn\wordpress-develop\tests\phpunit\tests\xmlrpc\wp\editPost.php" line="30" assertions="3" time="0.801696"/>
      <testcase name="test_incapable_edit_others_post" class="Tests_XMLRPC_wp_editPost" file="C:\svn\wordpress-develop\tests\phpunit\tests\xmlrpc\wp\editPost.php" line="47" assertions="3" time="0.667680"/>
      <testcase name="test_capable_reassign_author" class="Tests_XMLRPC_wp_editPost" file="C:\svn\wordpress-develop\tests\phpunit\tests\xmlrpc\wp\editPost.php" line="65" assertions="3" time="0.955160"/>
      <testcase name="test_incapable_reassign_author" class="Tests_XMLRPC_wp_editPost" file="C:\svn\wordpress-develop\tests\phpunit\tests\xmlrpc\wp\editPost.php" line="82" assertions="3" time="0.669143"/>
      <testcase name="test_post_thumbnail" class="Tests_XMLRPC_wp_editPost" file="C:\svn\wordpress-develop\tests\phpunit\tests\xmlrpc\wp\editPost.php" line="98" assertions="16" time="1.575637"/>
      <testcase name="test_edit_custom_fields" class="Tests_XMLRPC_wp_editPost" file="C:\svn\wordpress-develop\tests\phpunit\tests\xmlrpc\wp\editPost.php" line="166" assertions="6" time="0.608128"/>
      <testcase name="test_capable_unsticky" class="Tests_XMLRPC_wp_editPost" file="C:\svn\wordpress-develop\tests\phpunit\tests\xmlrpc\wp\editPost.php" line="200" assertions="2" time="0.588179"/>
      <testcase name="test_password_transition_unsticky" class="Tests_XMLRPC_wp_editPost" file="C:\svn\wordpress-develop\tests\phpunit\tests\xmlrpc\wp\editPost.php" line="212" assertions="2" time="0.598558"/>
      <testcase name="test_if_not_modified_since" class="Tests_XMLRPC_wp_editPost" file="C:\svn\wordpress-develop\tests\phpunit\tests\xmlrpc\wp\editPost.php" line="224" assertions="5" time="0.691793"/>
      <testcase name="test_edit_attachment" class="Tests_XMLRPC_wp_editPost" file="C:\svn\wordpress-develop\tests\phpunit\tests\xmlrpc\wp\editPost.php" line="255" assertions="2" time="0.459621"/>
      <testcase name="test_use_invalid_post_status" class="Tests_XMLRPC_wp_editPost" file="C:\svn\wordpress-develop\tests\phpunit\tests\xmlrpc\wp\editPost.php" line="274" assertions="2" time="0.766672"/>
      <testcase name="test_loss_of_categories_on_edit" class="Tests_XMLRPC_wp_editPost" file="C:\svn\wordpress-develop\tests\phpunit\tests\xmlrpc\wp\editPost.php" line="294" assertions="4" time="0.665372"/>
      <testcase name="test_clear_categories_on_edit" class="Tests_XMLRPC_wp_editPost" file="C:\svn\wordpress-develop\tests\phpunit\tests\xmlrpc\wp\editPost.php" line="314" assertions="4" time="0.647359"/>
      <testcase name="test_add_enclosure_if_new" class="Tests_XMLRPC_wp_editPost" file="C:\svn\wordpress-develop\tests\phpunit\tests\xmlrpc\wp\editPost.php" line="341" assertions="6" time="1.255317"/>
    </testsuite>
    <testsuite name="Tests_XMLRPC_wp_editProfile" file="C:\svn\wordpress-develop\tests\phpunit\tests\xmlrpc\wp\editProfile.php" tests="4" assertions="18" failures="0" errors="0" time="1.582825">
      <testcase name="test_invalid_username_password" class="Tests_XMLRPC_wp_editProfile" file="C:\svn\wordpress-develop\tests\phpunit\tests\xmlrpc\wp\editProfile.php" line="9" assertions="2" time="0.068433"/>
      <testcase name="test_subscriber_profile" class="Tests_XMLRPC_wp_editProfile" file="C:\svn\wordpress-develop\tests\phpunit\tests\xmlrpc\wp\editProfile.php" line="15" assertions="9" time="0.443708"/>
      <testcase name="test_ignore_password_change" class="Tests_XMLRPC_wp_editProfile" file="C:\svn\wordpress-develop\tests\phpunit\tests\xmlrpc\wp\editProfile.php" line="42" assertions="4" time="0.625116"/>
      <testcase name="test_ignore_email_change" class="Tests_XMLRPC_wp_editProfile" file="C:\svn\wordpress-develop\tests\phpunit\tests\xmlrpc\wp\editProfile.php" line="57" assertions="3" time="0.445568"/>
    </testsuite>
    <testsuite name="Tests_XMLRPC_wp_editTerm" file="C:\svn\wordpress-develop\tests\phpunit\tests\xmlrpc\wp\editTerm.php" tests="13" assertions="75" failures="0" errors="0" time="6.253559">
      <testcase name="test_invalid_username_password" class="Tests_XMLRPC_wp_editTerm" file="C:\svn\wordpress-develop\tests\phpunit\tests\xmlrpc\wp\editTerm.php" line="22" assertions="5" time="0.208855"/>
      <testcase name="test_empty_taxonomy" class="Tests_XMLRPC_wp_editTerm" file="C:\svn\wordpress-develop\tests\phpunit\tests\xmlrpc\wp\editTerm.php" line="28" assertions="6" time="0.507155"/>
      <testcase name="test_invalid_taxonomy" class="Tests_XMLRPC_wp_editTerm" file="C:\svn\wordpress-develop\tests\phpunit\tests\xmlrpc\wp\editTerm.php" line="37" assertions="6" time="0.501964"/>
      <testcase name="test_incapable_user" class="Tests_XMLRPC_wp_editTerm" file="C:\svn\wordpress-develop\tests\phpunit\tests\xmlrpc\wp\editTerm.php" line="46" assertions="6" time="0.497517"/>
      <testcase name="test_term_not_exists" class="Tests_XMLRPC_wp_editTerm" file="C:\svn\wordpress-develop\tests\phpunit\tests\xmlrpc\wp\editTerm.php" line="55" assertions="6" time="0.509032"/>
      <testcase name="test_empty_term" class="Tests_XMLRPC_wp_editTerm" file="C:\svn\wordpress-develop\tests\phpunit\tests\xmlrpc\wp\editTerm.php" line="64" assertions="6" time="0.485301"/>
      <testcase name="test_empty_term_name" class="Tests_XMLRPC_wp_editTerm" file="C:\svn\wordpress-develop\tests\phpunit\tests\xmlrpc\wp\editTerm.php" line="73" assertions="6" time="0.500637"/>
      <testcase name="test_parent_for_nonhierarchical" class="Tests_XMLRPC_wp_editTerm" file="C:\svn\wordpress-develop\tests\phpunit\tests\xmlrpc\wp\editTerm.php" line="82" assertions="6" time="0.485890"/>
      <testcase name="test_parent_empty" class="Tests_XMLRPC_wp_editTerm" file="C:\svn\wordpress-develop\tests\phpunit\tests\xmlrpc\wp\editTerm.php" line="91" assertions="6" time="0.506535"/>
      <testcase name="test_parent_invalid" class="Tests_XMLRPC_wp_editTerm" file="C:\svn\wordpress-develop\tests\phpunit\tests\xmlrpc\wp\editTerm.php" line="100" assertions="5" time="0.506241"/>
      <testcase name="test_parent_not_existing" class="Tests_XMLRPC_wp_editTerm" file="C:\svn\wordpress-develop\tests\phpunit\tests\xmlrpc\wp\editTerm.php" line="108" assertions="6" time="0.490993"/>
      <testcase name="test_parent_duplicate_slug" class="Tests_XMLRPC_wp_editTerm" file="C:\svn\wordpress-develop\tests\phpunit\tests\xmlrpc\wp\editTerm.php" line="117" assertions="6" time="0.529615"/>
      <testcase name="test_edit_all_fields" class="Tests_XMLRPC_wp_editTerm" file="C:\svn\wordpress-develop\tests\phpunit\tests\xmlrpc\wp\editTerm.php" line="127" assertions="5" time="0.523824"/>
    </testsuite>
    <testsuite name="Tests_XMLRPC_wp_getComment" file="C:\svn\wordpress-develop\tests\phpunit\tests\xmlrpc\wp\getComment.php" tests="5" assertions="35" failures="0" errors="0" time="2.848213">
      <testcase name="test_invalid_username_password" class="Tests_XMLRPC_wp_getComment" file="C:\svn\wordpress-develop\tests\phpunit\tests\xmlrpc\wp\getComment.php" line="38" assertions="2" time="0.622761"/>
      <testcase name="test_incapable_user" class="Tests_XMLRPC_wp_getComment" file="C:\svn\wordpress-develop\tests\phpunit\tests\xmlrpc\wp\getComment.php" line="44" assertions="2" time="0.722285"/>
      <testcase name="test_valid_comment" class="Tests_XMLRPC_wp_getComment" file="C:\svn\wordpress-develop\tests\phpunit\tests\xmlrpc\wp\getComment.php" line="52" assertions="26" time="0.520494"/>
      <testcase name="test_valid_child_comment" class="Tests_XMLRPC_wp_getComment" file="C:\svn\wordpress-develop\tests\phpunit\tests\xmlrpc\wp\getComment.php" line="88" assertions="3" time="0.508334"/>
      <testcase name="test_invalid_id" class="Tests_XMLRPC_wp_getComment" file="C:\svn\wordpress-develop\tests\phpunit\tests\xmlrpc\wp\getComment.php" line="98" assertions="2" time="0.474339"/>
    </testsuite>
    <testsuite name="Tests_XMLRPC_wp_getComments" file="C:\svn\wordpress-develop\tests\phpunit\tests\xmlrpc\wp\getComments.php" tests="5" assertions="30" failures="0" errors="0" time="3.333518">
      <testcase name="test_invalid_username_password" class="Tests_XMLRPC_wp_getComments" file="C:\svn\wordpress-develop\tests\phpunit\tests\xmlrpc\wp\getComments.php" line="16" assertions="2" time="0.377125"/>
      <testcase name="test_incapable_user" class="Tests_XMLRPC_wp_getComments" file="C:\svn\wordpress-develop\tests\phpunit\tests\xmlrpc\wp\getComments.php" line="22" assertions="2" time="0.664460"/>
      <testcase name="test_capable_user" class="Tests_XMLRPC_wp_getComments" file="C:\svn\wordpress-develop\tests\phpunit\tests\xmlrpc\wp\getComments.php" line="30" assertions="11" time="0.728575"/>
      <testcase name="test_post_filter" class="Tests_XMLRPC_wp_getComments" file="C:\svn\wordpress-develop\tests\phpunit\tests\xmlrpc\wp\getComments.php" line="42" assertions="11" time="0.734622"/>
      <testcase name="test_number_filter" class="Tests_XMLRPC_wp_getComments" file="C:\svn\wordpress-develop\tests\phpunit\tests\xmlrpc\wp\getComments.php" line="56" assertions="4" time="0.828736"/>
    </testsuite>
    <testsuite name="Tests_XMLRPC_wp_getMediaItem" file="C:\svn\wordpress-develop\tests\phpunit\tests\xmlrpc\wp\getMediaItem.php" tests="2" assertions="16" failures="0" errors="0" time="1.179925">
      <testcase name="test_invalid_username_password" class="Tests_XMLRPC_wp_getMediaItem" file="C:\svn\wordpress-develop\tests\phpunit\tests\xmlrpc\wp\getMediaItem.php" line="48" assertions="2" time="0.467871"/>
      <testcase name="test_valid_media_item" class="Tests_XMLRPC_wp_getMediaItem" file="C:\svn\wordpress-develop\tests\phpunit\tests\xmlrpc\wp\getMediaItem.php" line="54" assertions="14" time="0.712054"/>
    </testsuite>
    <testsuite name="Tests_XMLRPC_wp_getOptions" file="C:\svn\wordpress-develop\tests\phpunit\tests\xmlrpc\wp\getOptions.php" tests="5" assertions="113" failures="0" errors="0" time="1.723583">
      <testcase name="test_invalid_username_password" class="Tests_XMLRPC_wp_getOptions" file="C:\svn\wordpress-develop\tests\phpunit\tests\xmlrpc\wp\getOptions.php" line="8" assertions="2" time="0.063281"/>
      <testcase name="test_valid_username_password" class="Tests_XMLRPC_wp_getOptions" file="C:\svn\wordpress-develop\tests\phpunit\tests\xmlrpc\wp\getOptions.php" line="14" assertions="2" time="0.389985"/>
      <testcase name="test_option_value" class="Tests_XMLRPC_wp_getOptions" file="C:\svn\wordpress-develop\tests\phpunit\tests\xmlrpc\wp\getOptions.php" line="22" assertions="3" time="0.392927"/>
      <testcase name="test_option_values_subscriber" class="Tests_XMLRPC_wp_getOptions" file="C:\svn\wordpress-develop\tests\phpunit\tests\xmlrpc\wp\getOptions.php" line="35" assertions="53" time="0.452056"/>
      <testcase name="test_option_values_admin" class="Tests_XMLRPC_wp_getOptions" file="C:\svn\wordpress-develop\tests\phpunit\tests\xmlrpc\wp\getOptions.php" line="123" assertions="53" time="0.425334"/>
    </testsuite>
    <testsuite name="Tests_XMLRPC_wp_getPage" file="C:\svn\wordpress-develop\tests\phpunit\tests\xmlrpc\wp\getPage.php" tests="4" assertions="38" failures="0" errors="0" time="2.595049">
      <testcase name="test_invalid_username_password" class="Tests_XMLRPC_wp_getPage" file="C:\svn\wordpress-develop\tests\phpunit\tests\xmlrpc\wp\getPage.php" line="32" assertions="2" time="0.325924"/>
      <testcase name="test_invalid_pageid" class="Tests_XMLRPC_wp_getPage" file="C:\svn\wordpress-develop\tests\phpunit\tests\xmlrpc\wp\getPage.php" line="41" assertions="2" time="0.619260"/>
      <testcase name="test_valid_page" class="Tests_XMLRPC_wp_getPage" file="C:\svn\wordpress-develop\tests\phpunit\tests\xmlrpc\wp\getPage.php" line="49" assertions="29" time="0.636448"/>
      <testcase name="test_date" class="Tests_XMLRPC_wp_getPage" file="C:\svn\wordpress-develop\tests\phpunit\tests\xmlrpc\wp\getPage.php" line="88" assertions="5" time="1.013417"/>
    </testsuite>
    <testsuite name="Tests_XMLRPC_wp_getPageList" file="C:\svn\wordpress-develop\tests\phpunit\tests\xmlrpc\wp\getPageList.php" tests="3" assertions="9" failures="0" errors="0" time="1.827046">
      <testcase name="test_invalid_username_password" class="Tests_XMLRPC_wp_getPageList" file="C:\svn\wordpress-develop\tests\phpunit\tests\xmlrpc\wp\getPageList.php" line="26" assertions="2" time="0.410996"/>
      <testcase name="test_incapable_user" class="Tests_XMLRPC_wp_getPageList" file="C:\svn\wordpress-develop\tests\phpunit\tests\xmlrpc\wp\getPageList.php" line="32" assertions="2" time="0.762487"/>
      <testcase name="test_date" class="Tests_XMLRPC_wp_getPageList" file="C:\svn\wordpress-develop\tests\phpunit\tests\xmlrpc\wp\getPageList.php" line="40" assertions="5" time="0.653563"/>
    </testsuite>
    <testsuite name="Tests_XMLRPC_wp_getPages" file="C:\svn\wordpress-develop\tests\phpunit\tests\xmlrpc\wp\getPages.php" tests="4" assertions="8" failures="0" errors="0" time="2.567331">
      <testcase name="test_invalid_username_password" class="Tests_XMLRPC_wp_getPages" file="C:\svn\wordpress-develop\tests\phpunit\tests\xmlrpc\wp\getPages.php" line="28" assertions="2" time="0.510359"/>
      <testcase name="test_incapable_user" class="Tests_XMLRPC_wp_getPages" file="C:\svn\wordpress-develop\tests\phpunit\tests\xmlrpc\wp\getPages.php" line="34" assertions="2" time="0.799380"/>
      <testcase name="test_capable_user" class="Tests_XMLRPC_wp_getPages" file="C:\svn\wordpress-develop\tests\phpunit\tests\xmlrpc\wp\getPages.php" line="42" assertions="2" time="0.636744"/>
      <testcase name="test_semi_capable_user" class="Tests_XMLRPC_wp_getPages" file="C:\svn\wordpress-develop\tests\phpunit\tests\xmlrpc\wp\getPages.php" line="65" assertions="2" time="0.620848"/>
    </testsuite>
    <testsuite name="Tests_XMLRPC_wp_getPost" file="C:\svn\wordpress-develop\tests\phpunit\tests\xmlrpc\wp\getPost.php" tests="6" assertions="60" failures="0" errors="0" time="3.325472">
      <testcase name="test_invalid_username_password" class="Tests_XMLRPC_wp_getPost" file="C:\svn\wordpress-develop\tests\phpunit\tests\xmlrpc\wp\getPost.php" line="28" assertions="2" time="0.339824"/>
      <testcase name="test_valid_post" class="Tests_XMLRPC_wp_getPost" file="C:\svn\wordpress-develop\tests\phpunit\tests\xmlrpc\wp\getPost.php" line="34" assertions="32" time="0.796998"/>
      <testcase name="test_no_fields" class="Tests_XMLRPC_wp_getPost" file="C:\svn\wordpress-develop\tests\phpunit\tests\xmlrpc\wp\getPost.php" line="79" assertions="3" time="0.486765"/>
      <testcase name="test_default_fields" class="Tests_XMLRPC_wp_getPost" file="C:\svn\wordpress-develop\tests\phpunit\tests\xmlrpc\wp\getPost.php" line="89" assertions="5" time="0.490729"/>
      <testcase name="test_date" class="Tests_XMLRPC_wp_getPost" file="C:\svn\wordpress-develop\tests\phpunit\tests\xmlrpc\wp\getPost.php" line="99" assertions="9" time="0.482497"/>
      <testcase name="test_valid_page" class="Tests_XMLRPC_wp_getPost" file="C:\svn\wordpress-develop\tests\phpunit\tests\xmlrpc\wp\getPost.php" line="122" assertions="9" time="0.728659"/>
    </testsuite>
    <testsuite name="Tests_XMLRPC_wp_getPostType" file="C:\svn\wordpress-develop\tests\phpunit\tests\xmlrpc\wp\getPostType.php" tests="5" assertions="64" failures="0" errors="0" time="1.823395">
      <testcase name="test_invalid_username_password" class="Tests_XMLRPC_wp_getPostType" file="C:\svn\wordpress-develop\tests\phpunit\tests\xmlrpc\wp\getPostType.php" line="32" assertions="2" time="0.066149"/>
      <testcase name="test_invalid_post_type_name" class="Tests_XMLRPC_wp_getPostType" file="C:\svn\wordpress-develop\tests\phpunit\tests\xmlrpc\wp\getPostType.php" line="38" assertions="2" time="0.454972"/>
      <testcase name="test_valid_post_type_name" class="Tests_XMLRPC_wp_getPostType" file="C:\svn\wordpress-develop\tests\phpunit\tests\xmlrpc\wp\getPostType.php" line="46" assertions="1" time="0.473733"/>
      <testcase name="test_incapable_user" class="Tests_XMLRPC_wp_getPostType" file="C:\svn\wordpress-develop\tests\phpunit\tests\xmlrpc\wp\getPostType.php" line="53" assertions="2" time="0.402850"/>
      <testcase name="test_valid_type" class="Tests_XMLRPC_wp_getPostType" file="C:\svn\wordpress-develop\tests\phpunit\tests\xmlrpc\wp\getPostType.php" line="61" assertions="57" time="0.425691"/>
    </testsuite>
    <testsuite name="Tests_XMLRPC_wp_getPostTypes" file="C:\svn\wordpress-develop\tests\phpunit\tests\xmlrpc\wp\getPostTypes.php" tests="4" assertions="12" failures="0" errors="0" time="1.269935">
      <testcase name="test_invalid_username_password" class="Tests_XMLRPC_wp_getPostTypes" file="C:\svn\wordpress-develop\tests\phpunit\tests\xmlrpc\wp\getPostTypes.php" line="7" assertions="2" time="0.060877"/>
      <testcase name="test_incapable_user" class="Tests_XMLRPC_wp_getPostTypes" file="C:\svn\wordpress-develop\tests\phpunit\tests\xmlrpc\wp\getPostTypes.php" line="13" assertions="3" time="0.393955"/>
      <testcase name="test_capable_user" class="Tests_XMLRPC_wp_getPostTypes" file="C:\svn\wordpress-develop\tests\phpunit\tests\xmlrpc\wp\getPostTypes.php" line="22" assertions="3" time="0.412471"/>
      <testcase name="test_simple_filter" class="Tests_XMLRPC_wp_getPostTypes" file="C:\svn\wordpress-develop\tests\phpunit\tests\xmlrpc\wp\getPostTypes.php" line="31" assertions="4" time="0.402632"/>
    </testsuite>
    <testsuite name="Tests_XMLRPC_wp_getPosts" file="C:\svn\wordpress-develop\tests\phpunit\tests\xmlrpc\wp\getPosts.php" tests="7" assertions="64" failures="0" errors="0" time="6.807916">
      <testcase name="test_invalid_username_password" class="Tests_XMLRPC_wp_getPosts" file="C:\svn\wordpress-develop\tests\phpunit\tests\xmlrpc\wp\getPosts.php" line="8" assertions="2" time="0.063000"/>
      <testcase name="test_incapable_user" class="Tests_XMLRPC_wp_getPosts" file="C:\svn\wordpress-develop\tests\phpunit\tests\xmlrpc\wp\getPosts.php" line="17" assertions="4" time="0.489186"/>
      <testcase name="test_capable_user" class="Tests_XMLRPC_wp_getPosts" file="C:\svn\wordpress-develop\tests\phpunit\tests\xmlrpc\wp\getPosts.php" line="30" assertions="1" time="0.413519"/>
      <testcase name="test_invalid_post_type" class="Tests_XMLRPC_wp_getPosts" file="C:\svn\wordpress-develop\tests\phpunit\tests\xmlrpc\wp\getPosts.php" line="37" assertions="1" time="0.403719"/>
      <testcase name="test_filters" class="Tests_XMLRPC_wp_getPosts" file="C:\svn\wordpress-develop\tests\phpunit\tests\xmlrpc\wp\getPosts.php" line="45" assertions="41" time="3.975442"/>
      <testcase name="test_fields" class="Tests_XMLRPC_wp_getPosts" file="C:\svn\wordpress-develop\tests\phpunit\tests\xmlrpc\wp\getPosts.php" line="111" assertions="11" time="0.810505"/>
      <testcase name="test_search" class="Tests_XMLRPC_wp_getPosts" file="C:\svn\wordpress-develop\tests\phpunit\tests\xmlrpc\wp\getPosts.php" line="137" assertions="4" time="0.652545"/>
    </testsuite>
    <testsuite name="Tests_XMLRPC_wp_getProfile" file="C:\svn\wordpress-develop\tests\phpunit\tests\xmlrpc\wp\getProfile.php" tests="4" assertions="12" failures="0" errors="0" time="1.256600">
      <testcase name="test_invalid_username_password" class="Tests_XMLRPC_wp_getProfile" file="C:\svn\wordpress-develop\tests\phpunit\tests\xmlrpc\wp\getProfile.php" line="9" assertions="2" time="0.062705"/>
      <testcase name="test_subscriber" class="Tests_XMLRPC_wp_getProfile" file="C:\svn\wordpress-develop\tests\phpunit\tests\xmlrpc\wp\getProfile.php" line="15" assertions="3" time="0.396427"/>
      <testcase name="test_administrator" class="Tests_XMLRPC_wp_getProfile" file="C:\svn\wordpress-develop\tests\phpunit\tests\xmlrpc\wp\getProfile.php" line="24" assertions="3" time="0.396672"/>
      <testcase name="test_arbitrary_fields" class="Tests_XMLRPC_wp_getProfile" file="C:\svn\wordpress-develop\tests\phpunit\tests\xmlrpc\wp\getProfile.php" line="33" assertions="4" time="0.400796"/>
    </testsuite>
    <testsuite name="Tests_XMLRPC_wp_getRevisions" file="C:\svn\wordpress-develop\tests\phpunit\tests\xmlrpc\wp\getRevisions.php" tests="5" assertions="10" failures="0" errors="0" time="2.420558">
      <testcase name="test_invalid_username_password" class="Tests_XMLRPC_wp_getRevisions" file="C:\svn\wordpress-develop\tests\phpunit\tests\xmlrpc\wp\getRevisions.php" line="8" assertions="2" time="0.071125"/>
      <testcase name="test_incapable_user" class="Tests_XMLRPC_wp_getRevisions" file="C:\svn\wordpress-develop\tests\phpunit\tests\xmlrpc\wp\getRevisions.php" line="14" assertions="2" time="0.474188"/>
      <testcase name="test_capable_user" class="Tests_XMLRPC_wp_getRevisions" file="C:\svn\wordpress-develop\tests\phpunit\tests\xmlrpc\wp\getRevisions.php" line="24" assertions="1" time="0.479930"/>
      <testcase name="test_revision_count" class="Tests_XMLRPC_wp_getRevisions" file="C:\svn\wordpress-develop\tests\phpunit\tests\xmlrpc\wp\getRevisions.php" line="32" assertions="4" time="0.750871"/>
      <testcase name="test_revision_count_for_auto_draft_post_creation" class="Tests_XMLRPC_wp_getRevisions" file="C:\svn\wordpress-develop\tests\phpunit\tests\xmlrpc\wp\getRevisions.php" line="52" assertions="1" time="0.644444"/>
    </testsuite>
    <testsuite name="Tests_XMLRPC_wp_getTaxonomies" file="C:\svn\wordpress-develop\tests\phpunit\tests\xmlrpc\wp\getTaxonomies.php" tests="2" assertions="3" failures="0" errors="0" time="0.474401">
      <testcase name="test_invalid_username_password" class="Tests_XMLRPC_wp_getTaxonomies" file="C:\svn\wordpress-develop\tests\phpunit\tests\xmlrpc\wp\getTaxonomies.php" line="8" assertions="2" time="0.061102"/>
      <testcase name="test_taxonomy_validated" class="Tests_XMLRPC_wp_getTaxonomies" file="C:\svn\wordpress-develop\tests\phpunit\tests\xmlrpc\wp\getTaxonomies.php" line="14" assertions="1" time="0.413299"/>
    </testsuite>
    <testsuite name="Tests_XMLRPC_wp_getTaxonomy" file="C:\svn\wordpress-develop\tests\phpunit\tests\xmlrpc\wp\getTaxonomy.php" tests="6" assertions="21" failures="0" errors="0" time="2.195704">
      <testcase name="test_invalid_username_password" class="Tests_XMLRPC_wp_getTaxonomy" file="C:\svn\wordpress-develop\tests\phpunit\tests\xmlrpc\wp\getTaxonomy.php" line="8" assertions="2" time="0.063344"/>
      <testcase name="test_empty_taxonomy" class="Tests_XMLRPC_wp_getTaxonomy" file="C:\svn\wordpress-develop\tests\phpunit\tests\xmlrpc\wp\getTaxonomy.php" line="14" assertions="3" time="0.407547"/>
      <testcase name="test_invalid_taxonomy" class="Tests_XMLRPC_wp_getTaxonomy" file="C:\svn\wordpress-develop\tests\phpunit\tests\xmlrpc\wp\getTaxonomy.php" line="23" assertions="3" time="0.413676"/>
      <testcase name="test_incapable_user" class="Tests_XMLRPC_wp_getTaxonomy" file="C:\svn\wordpress-develop\tests\phpunit\tests\xmlrpc\wp\getTaxonomy.php" line="32" assertions="3" time="0.454270"/>
      <testcase name="test_taxonomy_validated" class="Tests_XMLRPC_wp_getTaxonomy" file="C:\svn\wordpress-develop\tests\phpunit\tests\xmlrpc\wp\getTaxonomy.php" line="41" assertions="1" time="0.418909"/>
      <testcase name="test_prepare_taxonomy" class="Tests_XMLRPC_wp_getTaxonomy" file="C:\svn\wordpress-develop\tests\phpunit\tests\xmlrpc\wp\getTaxonomy.php" line="48" assertions="9" time="0.437958"/>
    </testsuite>
    <testsuite name="Tests_XMLRPC_wp_getTerm" file="C:\svn\wordpress-develop\tests\phpunit\tests\xmlrpc\wp\getTerm.php" tests="7" assertions="40" failures="0" errors="0" time="4.534338">
      <testcase name="test_invalid_username_password" class="Tests_XMLRPC_wp_getTerm" file="C:\svn\wordpress-develop\tests\phpunit\tests\xmlrpc\wp\getTerm.php" line="16" assertions="3" time="0.151569"/>
      <testcase name="test_empty_taxonomy" class="Tests_XMLRPC_wp_getTerm" file="C:\svn\wordpress-develop\tests\phpunit\tests\xmlrpc\wp\getTerm.php" line="22" assertions="4" time="1.350367"/>
      <testcase name="test_invalid_taxonomy" class="Tests_XMLRPC_wp_getTerm" file="C:\svn\wordpress-develop\tests\phpunit\tests\xmlrpc\wp\getTerm.php" line="31" assertions="4" time="0.459839"/>
      <testcase name="test_incapable_user" class="Tests_XMLRPC_wp_getTerm" file="C:\svn\wordpress-develop\tests\phpunit\tests\xmlrpc\wp\getTerm.php" line="40" assertions="4" time="0.439616"/>
      <testcase name="test_empty_term" class="Tests_XMLRPC_wp_getTerm" file="C:\svn\wordpress-develop\tests\phpunit\tests\xmlrpc\wp\getTerm.php" line="50" assertions="4" time="0.420356"/>
      <testcase name="test_invalid_term" class="Tests_XMLRPC_wp_getTerm" file="C:\svn\wordpress-develop\tests\phpunit\tests\xmlrpc\wp\getTerm.php" line="59" assertions="4" time="1.229500"/>
      <testcase name="test_valid_term" class="Tests_XMLRPC_wp_getTerm" file="C:\svn\wordpress-develop\tests\phpunit\tests\xmlrpc\wp\getTerm.php" line="68" assertions="17" time="0.483091"/>
    </testsuite>
    <testsuite name="Tests_XMLRPC_wp_getTerms" file="C:\svn\wordpress-develop\tests\phpunit\tests\xmlrpc\wp\getTerms.php" tests="8" assertions="54" failures="0" errors="0" time="4.387627">
      <testcase name="test_invalid_username_password" class="Tests_XMLRPC_wp_getTerms" file="C:\svn\wordpress-develop\tests\phpunit\tests\xmlrpc\wp\getTerms.php" line="8" assertions="2" time="0.064364"/>
      <testcase name="test_empty_taxonomy" class="Tests_XMLRPC_wp_getTerms" file="C:\svn\wordpress-develop\tests\phpunit\tests\xmlrpc\wp\getTerms.php" line="14" assertions="3" time="0.429007"/>
      <testcase name="test_invalid_taxonomy" class="Tests_XMLRPC_wp_getTerms" file="C:\svn\wordpress-develop\tests\phpunit\tests\xmlrpc\wp\getTerms.php" line="23" assertions="3" time="0.403562"/>
      <testcase name="test_incapable_user" class="Tests_XMLRPC_wp_getTerms" file="C:\svn\wordpress-develop\tests\phpunit\tests\xmlrpc\wp\getTerms.php" line="32" assertions="3" time="0.396457"/>
      <testcase name="test_valid_terms" class="Tests_XMLRPC_wp_getTerms" file="C:\svn\wordpress-develop\tests\phpunit\tests\xmlrpc\wp\getTerms.php" line="41" assertions="11" time="0.474468"/>
      <testcase name="test_custom_taxonomy" class="Tests_XMLRPC_wp_getTerms" file="C:\svn\wordpress-develop\tests\phpunit\tests\xmlrpc\wp\getTerms.php" line="61" assertions="22" time="1.016812"/>
      <testcase name="test_term_ordering" class="Tests_XMLRPC_wp_getTerms" file="C:\svn\wordpress-develop\tests\phpunit\tests\xmlrpc\wp\getTerms.php" line="103" assertions="2" time="1.030403"/>
      <testcase name="test_terms_search" class="Tests_XMLRPC_wp_getTerms" file="C:\svn\wordpress-develop\tests\phpunit\tests\xmlrpc\wp\getTerms.php" line="127" assertions="8" time="0.572554"/>
    </testsuite>
    <testsuite name="Tests_XMLRPC_wp_getUser" file="C:\svn\wordpress-develop\tests\phpunit\tests\xmlrpc\wp\getUser.php" tests="8" assertions="46" failures="0" errors="0" time="5.079576">
      <testcase name="test_invalid_username_password" class="Tests_XMLRPC_wp_getUser" file="C:\svn\wordpress-develop\tests\phpunit\tests\xmlrpc\wp\getUser.php" line="26" assertions="2" time="0.665828"/>
      <testcase name="test_invalid_user" class="Tests_XMLRPC_wp_getUser" file="C:\svn\wordpress-develop\tests\phpunit\tests\xmlrpc\wp\getUser.php" line="32" assertions="2" time="0.444529"/>
      <testcase name="test_incapable_user" class="Tests_XMLRPC_wp_getUser" file="C:\svn\wordpress-develop\tests\phpunit\tests\xmlrpc\wp\getUser.php" line="38" assertions="2" time="0.771806"/>
      <testcase name="test_subscriber_self" class="Tests_XMLRPC_wp_getUser" file="C:\svn\wordpress-develop\tests\phpunit\tests\xmlrpc\wp\getUser.php" line="47" assertions="2" time="0.594715"/>
      <testcase name="test_valid_user" class="Tests_XMLRPC_wp_getUser" file="C:\svn\wordpress-develop\tests\phpunit\tests\xmlrpc\wp\getUser.php" line="55" assertions="27" time="0.646345"/>
      <testcase name="test_no_fields" class="Tests_XMLRPC_wp_getUser" file="C:\svn\wordpress-develop\tests\phpunit\tests\xmlrpc\wp\getUser.php" line="110" assertions="3" time="0.587680"/>
      <testcase name="test_basic_fields" class="Tests_XMLRPC_wp_getUser" file="C:\svn\wordpress-develop\tests\phpunit\tests\xmlrpc\wp\getUser.php" line="121" assertions="4" time="0.771577"/>
      <testcase name="test_arbitrary_fields" class="Tests_XMLRPC_wp_getUser" file="C:\svn\wordpress-develop\tests\phpunit\tests\xmlrpc\wp\getUser.php" line="135" assertions="4" time="0.597096"/>
    </testsuite>
    <testsuite name="Tests_XMLRPC_wp_getUsers" file="C:\svn\wordpress-develop\tests\phpunit\tests\xmlrpc\wp\getUsers.php" tests="7" assertions="31" failures="0" errors="0" time="7.015603">
      <testcase name="test_invalid_username_password" class="Tests_XMLRPC_wp_getUsers" file="C:\svn\wordpress-develop\tests\phpunit\tests\xmlrpc\wp\getUsers.php" line="9" assertions="2" time="0.061486"/>
      <testcase name="test_incapable_user" class="Tests_XMLRPC_wp_getUsers" file="C:\svn\wordpress-develop\tests\phpunit\tests\xmlrpc\wp\getUsers.php" line="15" assertions="2" time="0.395938"/>
      <testcase name="test_capable_user" class="Tests_XMLRPC_wp_getUsers" file="C:\svn\wordpress-develop\tests\phpunit\tests\xmlrpc\wp\getUsers.php" line="23" assertions="14" time="0.405989"/>
      <testcase name="test_invalid_role" class="Tests_XMLRPC_wp_getUsers" file="C:\svn\wordpress-develop\tests\phpunit\tests\xmlrpc\wp\getUsers.php" line="45" assertions="2" time="0.462701"/>
      <testcase name="test_role_filter" class="Tests_XMLRPC_wp_getUsers" file="C:\svn\wordpress-develop\tests\phpunit\tests\xmlrpc\wp\getUsers.php" line="56" assertions="5" time="1.164204"/>
      <testcase name="test_paging_filters" class="Tests_XMLRPC_wp_getUsers" file="C:\svn\wordpress-develop\tests\phpunit\tests\xmlrpc\wp\getUsers.php" line="77" assertions="1" time="3.682326"/>
      <testcase name="test_order_filters" class="Tests_XMLRPC_wp_getUsers" file="C:\svn\wordpress-develop\tests\phpunit\tests\xmlrpc\wp\getUsers.php" line="102" assertions="5" time="0.842959"/>
    </testsuite>
    <testsuite name="Tests_XMLRPC_wp_newPost" file="C:\svn\wordpress-develop\tests\phpunit\tests\xmlrpc\wp\newPost.php" tests="30" assertions="72" failures="0" errors="0" time="22.617749">
      <testcase name="test_invalid_username_password" class="Tests_XMLRPC_wp_newPost" file="C:\svn\wordpress-develop\tests\phpunit\tests\xmlrpc\wp\newPost.php" line="8" assertions="2" time="0.070106"/>
      <testcase name="test_incapable_user" class="Tests_XMLRPC_wp_newPost" file="C:\svn\wordpress-develop\tests\phpunit\tests\xmlrpc\wp\newPost.php" line="14" assertions="2" time="1.522114"/>
      <testcase name="test_no_content" class="Tests_XMLRPC_wp_newPost" file="C:\svn\wordpress-develop\tests\phpunit\tests\xmlrpc\wp\newPost.php" line="22" assertions="3" time="0.829124"/>
      <testcase name="test_basic_content" class="Tests_XMLRPC_wp_newPost" file="C:\svn\wordpress-develop\tests\phpunit\tests\xmlrpc\wp\newPost.php" line="31" assertions="2" time="1.016501"/>
      <testcase name="test_ignore_id" class="Tests_XMLRPC_wp_newPost" file="C:\svn\wordpress-develop\tests\phpunit\tests\xmlrpc\wp\newPost.php" line="40" assertions="2" time="1.739116"/>
      <testcase name="test_capable_publish" class="Tests_XMLRPC_wp_newPost" file="C:\svn\wordpress-develop\tests\phpunit\tests\xmlrpc\wp\newPost.php" line="49" assertions="1" time="0.953113"/>
      <testcase name="test_incapable_publish" class="Tests_XMLRPC_wp_newPost" file="C:\svn\wordpress-develop\tests\phpunit\tests\xmlrpc\wp\newPost.php" line="57" assertions="2" time="0.867286"/>
      <testcase name="test_capable_private" class="Tests_XMLRPC_wp_newPost" file="C:\svn\wordpress-develop\tests\phpunit\tests\xmlrpc\wp\newPost.php" line="66" assertions="1" time="0.959118"/>
      <testcase name="test_incapable_private" class="Tests_XMLRPC_wp_newPost" file="C:\svn\wordpress-develop\tests\phpunit\tests\xmlrpc\wp\newPost.php" line="74" assertions="2" time="0.741435"/>
      <testcase name="test_capable_other_author" class="Tests_XMLRPC_wp_newPost" file="C:\svn\wordpress-develop\tests\phpunit\tests\xmlrpc\wp\newPost.php" line="83" assertions="1" time="1.397011"/>
      <testcase name="test_incapable_other_author" class="Tests_XMLRPC_wp_newPost" file="C:\svn\wordpress-develop\tests\phpunit\tests\xmlrpc\wp\newPost.php" line="92" assertions="2" time="0.616572"/>
      <testcase name="test_invalid_author" class="Tests_XMLRPC_wp_newPost" file="C:\svn\wordpress-develop\tests\phpunit\tests\xmlrpc\wp\newPost.php" line="102" assertions="2" time="0.421846"/>
      <testcase name="test_empty_author" class="Tests_XMLRPC_wp_newPost" file="C:\svn\wordpress-develop\tests\phpunit\tests\xmlrpc\wp\newPost.php" line="111" assertions="4" time="0.575212"/>
      <testcase name="test_post_thumbnail" class="Tests_XMLRPC_wp_newPost" file="C:\svn\wordpress-develop\tests\phpunit\tests\xmlrpc\wp\newPost.php" line="124" assertions="3" time="0.793079"/>
      <testcase name="test_invalid_post_status" class="Tests_XMLRPC_wp_newPost" file="C:\svn\wordpress-develop\tests\phpunit\tests\xmlrpc\wp\newPost.php" line="151" assertions="2" time="0.588828"/>
      <testcase name="test_incapable_sticky" class="Tests_XMLRPC_wp_newPost" file="C:\svn\wordpress-develop\tests\phpunit\tests\xmlrpc\wp\newPost.php" line="160" assertions="2" time="0.488348"/>
      <testcase name="test_capable_sticky" class="Tests_XMLRPC_wp_newPost" file="C:\svn\wordpress-develop\tests\phpunit\tests\xmlrpc\wp\newPost.php" line="169" assertions="2" time="0.560708"/>
      <testcase name="test_private_sticky" class="Tests_XMLRPC_wp_newPost" file="C:\svn\wordpress-develop\tests\phpunit\tests\xmlrpc\wp\newPost.php" line="178" assertions="2" time="0.492790"/>
      <testcase name="test_post_format" class="Tests_XMLRPC_wp_newPost" file="C:\svn\wordpress-develop\tests\phpunit\tests\xmlrpc\wp\newPost.php" line="187" assertions="2" time="0.607205"/>
      <testcase name="test_invalid_post_format" class="Tests_XMLRPC_wp_newPost" file="C:\svn\wordpress-develop\tests\phpunit\tests\xmlrpc\wp\newPost.php" line="196" assertions="2" time="0.567692"/>
      <testcase name="test_invalid_taxonomy" class="Tests_XMLRPC_wp_newPost" file="C:\svn\wordpress-develop\tests\phpunit\tests\xmlrpc\wp\newPost.php" line="205" assertions="4" time="0.647560"/>
      <testcase name="test_invalid_term_id" class="Tests_XMLRPC_wp_newPost" file="C:\svn\wordpress-develop\tests\phpunit\tests\xmlrpc\wp\newPost.php" line="229" assertions="2" time="0.439745"/>
      <testcase name="test_terms" class="Tests_XMLRPC_wp_newPost" file="C:\svn\wordpress-develop\tests\phpunit\tests\xmlrpc\wp\newPost.php" line="243" assertions="7" time="1.502981"/>
      <testcase name="test_terms_names" class="Tests_XMLRPC_wp_newPost" file="C:\svn\wordpress-develop\tests\phpunit\tests\xmlrpc\wp\newPost.php" line="268" assertions="6" time="0.948335"/>
      <testcase name="test_invalid_post_date_does_not_fatal" class="Tests_XMLRPC_wp_newPost" file="C:\svn\wordpress-develop\tests\phpunit\tests\xmlrpc\wp\newPost.php" line="311" assertions="2" time="0.558878"/>
      <testcase name="test_invalid_post_date_gmt_does_not_fatal" class="Tests_XMLRPC_wp_newPost" file="C:\svn\wordpress-develop\tests\phpunit\tests\xmlrpc\wp\newPost.php" line="324" assertions="2" time="0.545640"/>
      <testcase name="test_valid_string_post_date" class="Tests_XMLRPC_wp_newPost" file="C:\svn\wordpress-develop\tests\phpunit\tests\xmlrpc\wp\newPost.php" line="337" assertions="2" time="0.525479"/>
      <testcase name="test_valid_string_post_date_gmt" class="Tests_XMLRPC_wp_newPost" file="C:\svn\wordpress-develop\tests\phpunit\tests\xmlrpc\wp\newPost.php" line="350" assertions="2" time="0.540730"/>
      <testcase name="test_valid_IXR_post_date" class="Tests_XMLRPC_wp_newPost" file="C:\svn\wordpress-develop\tests\phpunit\tests\xmlrpc\wp\newPost.php" line="363" assertions="2" time="0.525553"/>
      <testcase name="test_valid_IXR_post_date_gmt" class="Tests_XMLRPC_wp_newPost" file="C:\svn\wordpress-develop\tests\phpunit\tests\xmlrpc\wp\newPost.php" line="376" assertions="2" time="0.575643"/>
    </testsuite>
    <testsuite name="Tests_XMLRPC_wp_newTerm" file="C:\svn\wordpress-develop\tests\phpunit\tests\xmlrpc\wp\newTerm.php" tests="11" assertions="39" failures="0" errors="0" time="5.570344">
      <testcase name="test_invalid_username_password" class="Tests_XMLRPC_wp_newTerm" file="C:\svn\wordpress-develop\tests\phpunit\tests\xmlrpc\wp\newTerm.php" line="17" assertions="3" time="0.159521"/>
      <testcase name="test_empty_taxonomy" class="Tests_XMLRPC_wp_newTerm" file="C:\svn\wordpress-develop\tests\phpunit\tests\xmlrpc\wp\newTerm.php" line="23" assertions="4" time="0.723547"/>
      <testcase name="test_invalid_taxonomy" class="Tests_XMLRPC_wp_newTerm" file="C:\svn\wordpress-develop\tests\phpunit\tests\xmlrpc\wp\newTerm.php" line="32" assertions="4" time="0.827303"/>
      <testcase name="test_incapable_user" class="Tests_XMLRPC_wp_newTerm" file="C:\svn\wordpress-develop\tests\phpunit\tests\xmlrpc\wp\newTerm.php" line="41" assertions="4" time="0.465507"/>
      <testcase name="test_empty_term" class="Tests_XMLRPC_wp_newTerm" file="C:\svn\wordpress-develop\tests\phpunit\tests\xmlrpc\wp\newTerm.php" line="50" assertions="4" time="0.466005"/>
      <testcase name="test_parent_for_nonhierarchical" class="Tests_XMLRPC_wp_newTerm" file="C:\svn\wordpress-develop\tests\phpunit\tests\xmlrpc\wp\newTerm.php" line="59" assertions="4" time="0.456822"/>
      <testcase name="test_parent_invalid" class="Tests_XMLRPC_wp_newTerm" file="C:\svn\wordpress-develop\tests\phpunit\tests\xmlrpc\wp\newTerm.php" line="68" assertions="3" time="0.459840"/>
      <testcase name="test_parent_not_existing" class="Tests_XMLRPC_wp_newTerm" file="C:\svn\wordpress-develop\tests\phpunit\tests\xmlrpc\wp\newTerm.php" line="76" assertions="4" time="0.475006"/>
      <testcase name="test_add_term" class="Tests_XMLRPC_wp_newTerm" file="C:\svn\wordpress-develop\tests\phpunit\tests\xmlrpc\wp\newTerm.php" line="86" assertions="3" time="0.512999"/>
      <testcase name="test_add_term_with_parent" class="Tests_XMLRPC_wp_newTerm" file="C:\svn\wordpress-develop\tests\phpunit\tests\xmlrpc\wp\newTerm.php" line="94" assertions="3" time="0.540288"/>
      <testcase name="test_add_term_with_all" class="Tests_XMLRPC_wp_newTerm" file="C:\svn\wordpress-develop\tests\phpunit\tests\xmlrpc\wp\newTerm.php" line="102" assertions="3" time="0.483506"/>
    </testsuite>
    <testsuite name="Tests_XMLRPC_wp_restoreRevision" file="C:\svn\wordpress-develop\tests\phpunit\tests\xmlrpc\wp\restoreRevision.php" tests="4" assertions="7" failures="0" errors="0" time="2.283910">
      <testcase name="test_invalid_username_password" class="Tests_XMLRPC_wp_restoreRevision" file="C:\svn\wordpress-develop\tests\phpunit\tests\xmlrpc\wp\restoreRevision.php" line="24" assertions="2" time="0.298966"/>
      <testcase name="test_incapable_user" class="Tests_XMLRPC_wp_restoreRevision" file="C:\svn\wordpress-develop\tests\phpunit\tests\xmlrpc\wp\restoreRevision.php" line="30" assertions="2" time="0.608780"/>
      <testcase name="test_capable_user" class="Tests_XMLRPC_wp_restoreRevision" file="C:\svn\wordpress-develop\tests\phpunit\tests\xmlrpc\wp\restoreRevision.php" line="38" assertions="1" time="0.715201"/>
      <testcase name="test_revision_restored" class="Tests_XMLRPC_wp_restoreRevision" file="C:\svn\wordpress-develop\tests\phpunit\tests\xmlrpc\wp\restoreRevision.php" line="45" assertions="2" time="0.660963"/>
    </testsuite>
    <testsuite name="Tests_XMLRPC_wp_setOptions" file="C:\svn\wordpress-develop\tests\phpunit\tests\xmlrpc\wp\setOptions.php" tests="1" assertions="4" failures="0" errors="0" time="0.402356">
      <testcase name="test_set_option_no_escape_strings" class="Tests_XMLRPC_wp_setOptions" file="C:\svn\wordpress-develop\tests\phpunit\tests\xmlrpc\wp\setOptions.php" line="10" assertions="4" time="0.402356"/>
    </testsuite>
    <testsuite name="Tests_XMLRPC_wp_uploadFile" file="C:\svn\wordpress-develop\tests\phpunit\tests\xmlrpc\wp\uploadFile.php" tests="1" assertions="6" failures="0" errors="0" time="0.584522">
      <testcase name="test_valid_attachment" class="Tests_XMLRPC_wp_uploadFile" file="C:\svn\wordpress-develop\tests\phpunit\tests\xmlrpc\wp\uploadFile.php" line="8" assertions="6" time="0.584522"/>
    </testsuite>
    <testsuite name="Tests_Actions_Closures" file="C:\svn\wordpress-develop\tests\phpunit\tests\actions\closures.php" tests="1" assertions="4" failures="0" errors="0" time="0.046774">
      <testcase name="test_action_closure" class="Tests_Actions_Closures" file="C:\svn\wordpress-develop\tests\phpunit\tests\actions\closures.php" line="13" assertions="4" time="0.046774"/>
    </testsuite>
    <testsuite name="Tests_Image_Editor" file="C:\svn\wordpress-develop\tests\phpunit\tests\image\editor.php" tests="6" assertions="16" failures="0" errors="0" time="0.343133">
      <testcase name="test_get_editor_load_returns_true" class="Tests_Image_Editor" file="C:\svn\wordpress-develop\tests\phpunit\tests\image\editor.php" line="26" assertions="1" time="0.048058"/>
      <testcase name="test_get_editor_load_returns_false" class="Tests_Image_Editor" file="C:\svn\wordpress-develop\tests\phpunit\tests\image\editor.php" line="36" assertions="1" time="0.045900"/>
      <testcase name="test_set_quality" class="Tests_Image_Editor" file="C:\svn\wordpress-develop\tests\phpunit\tests\image\editor.php" line="50" assertions="5" time="0.073105"/>
      <testcase name="test_generate_filename" class="Tests_Image_Editor" file="C:\svn\wordpress-develop\tests\phpunit\tests\image\editor.php" line="76" assertions="5" time="0.079994"/>
      <testcase name="test_get_size" class="Tests_Image_Editor" file="C:\svn\wordpress-develop\tests\phpunit\tests\image\editor.php" line="108" assertions="2" time="0.048801"/>
      <testcase name="test_get_suffix" class="Tests_Image_Editor" file="C:\svn\wordpress-develop\tests\phpunit\tests\image\editor.php" line="131" assertions="2" time="0.047275"/>
    </testsuite>
    <testsuite name="Tests_Image_Editor_GD" file="C:\svn\wordpress-develop\tests\phpunit\tests\image\editor_gd.php" tests="11" assertions="38" failures="0" errors="0" time="1.584345">
      <testcase name="test_supports_mime_type" class="Tests_Image_Editor_GD" file="C:\svn\wordpress-develop\tests\phpunit\tests\image\editor_gd.php" line="37" assertions="3" time="0.057538"/>
      <testcase name="test_resize" class="Tests_Image_Editor_GD" file="C:\svn\wordpress-develop\tests\phpunit\tests\image\editor_gd.php" line="48" assertions="1" time="0.087552"/>
      <testcase name="test_single_multi_resize" class="Tests_Image_Editor_GD" file="C:\svn\wordpress-develop\tests\phpunit\tests\image\editor_gd.php" line="68" assertions="3" time="0.100479"/>
      <testcase name="test_multi_resize_does_not_create" class="Tests_Image_Editor_GD" file="C:\svn\wordpress-develop\tests\phpunit\tests\image\editor_gd.php" line="110" assertions="1" time="0.070979"/>
      <testcase name="test_multi_resize" class="Tests_Image_Editor_GD" file="C:\svn\wordpress-develop\tests\phpunit\tests\image\editor_gd.php" line="178" assertions="22" time="0.377987"/>
      <testcase name="test_resize_and_crop" class="Tests_Image_Editor_GD" file="C:\svn\wordpress-develop\tests\phpunit\tests\image\editor_gd.php" line="382" assertions="1" time="0.084719"/>
      <testcase name="test_crop" class="Tests_Image_Editor_GD" file="C:\svn\wordpress-develop\tests\phpunit\tests\image\editor_gd.php" line="402" assertions="1" time="0.219584"/>
      <testcase name="test_rotate" class="Tests_Image_Editor_GD" file="C:\svn\wordpress-develop\tests\phpunit\tests\image\editor_gd.php" line="422" assertions="1" time="0.056589"/>
      <testcase name="test_flip" class="Tests_Image_Editor_GD" file="C:\svn\wordpress-develop\tests\phpunit\tests\image\editor_gd.php" line="441" assertions="1" time="0.059676"/>
      <testcase name="test_image_preserves_alpha_on_resize" class="Tests_Image_Editor_GD" file="C:\svn\wordpress-develop\tests\phpunit\tests\image\editor_gd.php" line="462" assertions="2" time="0.399363"/>
      <testcase name="test_image_preserves_alpha" class="Tests_Image_Editor_GD" file="C:\svn\wordpress-develop\tests\phpunit\tests\image\editor_gd.php" line="485" assertions="2" time="0.069879"/>
    </testsuite>
    <testsuite name="Tests_Image_Editor_Imagick" file="C:\svn\wordpress-develop\tests\phpunit\tests\image\editor_imagick.php" tests="0" assertions="0" failures="0" errors="0" time="0.000000"/>
  </testsuite>
</testsuites>
